
  ___  ____  ____  ____  ____ ©
 /__    /   ____/   /   ____/      17.0
___/   /   /___/   /   /___/       MP—Parallel Edition

 Statistics and Data Science       Copyright 1985-2021 StataCorp LLC
                                   StataCorp
                                   4905 Lakeway Drive
                                   College Station, Texas 77845 USA
                                   800-STATA-PC        https://www.stata.com
                                   979-696-4600        stata@stata.com

Stata license: Unlimited-user 64-core network perpetual
Serial number: 18461036
  Licensed to: TEAM BTCR
               TEAM BTCR

Notes:
      1. Stata is running in batch mode.
      2. Unicode is supported; see help unicode_advice.
      3. More than 2 billion observations are allowed; see help obs_advice.
      4. Maximum number of variables is set to 5,000; see help set_maxvar.

. do check_vars.do 

. /*===========================================================================
> ===
>   CHECK_VARS: Munshi and Rosenzweig (2016)
>   "Networks and Misallocation: Insurance, Migration, and the Rural-Urban Wage
>  Gap"
>   AER 106(1), 46-98
> 
>   Purpose: Check if data has panel structure suitable for twowayfeweights
> =============================================================================
> =*/
. 
. clear all

. set more off

. 
. global datadir "C:/Users/Usuario/Documents/GitHub/twfe_survey/data/2015-2019/
> Munshi and Rosenzweig (2016)/data"

. 
. * --- Table 6 data ---
. di _n "============================================================"

============================================================

. di "  TABLE 6 DATA: table6.dta"
  TABLE 6 DATA: table6.dta

. di "============================================================"
============================================================

. use "$datadir/table6.dta", clear

. di "Observations: " _N
Observations: 19362

. desc, short

Contains data from C:/Users/Usuario/Documents/GitHub/twfe_survey/data/2015-2019
> /Munshi and Rosenzweig (2016)/data/table6.dta
 Observations:        19,362                  
    Variables:            17                  9 Sep 2015 11:01
Sorted by: 

. desc

Contains data from C:/Users/Usuario/Documents/GitHub/twfe_survey/data/2015-2019
> /Munshi and Rosenzweig (2016)/data/table6.dta
 Observations:        19,362                  
    Variables:            17                  9 Sep 2015 11:01
-------------------------------------------------------------------------------
Variable      Storage   Display    Value
    name         type    format    label      Variable label
-------------------------------------------------------------------------------
castecode       str5    %9s                   
total           int     %9.0g                 
mig1            byte    %9.0g                 
pminc           float   %9.0g                 
jpminc          float   %9.0g                 
icrisat         byte    %9.0g                 
second          byte    %9.0g                 
hlthctr         byte    %9.0g                 
bank            byte    %9.0g                 
cvsq            float   %9.0g                 
village         int     %9.0g                 
vpminc          float   %9.0g                 
vjpminc         float   %9.0g                 
towndist        byte    %9.0g                 
bus             byte    %9.0g                 
railway         byte    %9.0g                 
road            byte    %9.0g                 
-------------------------------------------------------------------------------
Sorted by: 

. 
. di _n "--- Looking for panel dimensions (group and time variables) ---"

--- Looking for panel dimensions (group and time variables) ---

. * Check if there are any year/time variables
. ds *year* *time* *period* *wave* *round* *t *yr*
variable *year* not found
r(111);

end of do-file
r(111);
