---------------------------------------------------------------------------------------------------------------------------------------------------------------
      name:  <unnamed>
       log:  /Users/ac418/Dropbox/india_power_shortages/matlab/generator_returns_to_scale1.log
  log type:  text
 opened on:  19 Feb 2015, 17:58:19

. sum lprice_per

    Variable |       Obs        Mean    Std. Dev.       Min        Max
-------------+--------------------------------------------------------
  lprice_per |       223    5.357671    .4139228   4.718499   6.709304

. reg lprice lcapacity

      Source |       SS       df       MS              Number of obs =     223
-------------+------------------------------           F(  1,   221) = 3001.77
       Model |  266.712004     1  266.712004           Prob > F      =  0.0000
    Residual |  19.6361905   221  .088851541           R-squared     =  0.9314
-------------+------------------------------           Adj R-squared =  0.9311
       Total |  286.348195   222  1.28985673           Root MSE      =  .29808

------------------------------------------------------------------------------
      lprice |      Coef.   Std. Err.      t    P>|t|     [95% Conf. Interval]
-------------+----------------------------------------------------------------
   lcapacity |   .7919834   .0144553    54.79   0.000     .7634955    .8204713
       _cons |   6.499042   .0817883    79.46   0.000     6.337857    6.660227
------------------------------------------------------------------------------

. 
. reg lprice lcapacity, cluster(brand)

Linear regression                                      Number of obs =     223
                                                       F(  1,     7) =  243.09
                                                       Prob > F      =  0.0000
                                                       R-squared     =  0.9314
                                                       Root MSE      =  .29808

                                  (Std. Err. adjusted for 8 clusters in brand)
------------------------------------------------------------------------------
             |               Robust
      lprice |      Coef.   Std. Err.      t    P>|t|     [95% Conf. Interval]
-------------+----------------------------------------------------------------
   lcapacity |   .7919834    .050796    15.59   0.000     .6718699    .9120969
       _cons |   6.499042   .2532106    25.67   0.000     5.900294     7.09779
------------------------------------------------------------------------------

. estimates store gen_costs

. matrix gen_cost_parms=e(b)

. 
. 
. // Robustness checks
. qreg lprice lcapacity
Iteration  1:  WLS sum of weighted deviations =  54.653634

Iteration  1: sum of abs. weighted deviations =  54.585981
Iteration  2: sum of abs. weighted deviations =  54.575827
Iteration  3: sum of abs. weighted deviations =  54.569613

Median regression                                    Number of obs =       223
  Raw sum of deviations 212.3087 (about 10.791379)
  Min sum of deviations 54.56961                     Pseudo R2     =    0.7430

------------------------------------------------------------------------------
      lprice |      Coef.   Std. Err.      t    P>|t|     [95% Conf. Interval]
-------------+----------------------------------------------------------------
   lcapacity |   .8034837   .0202764    39.63   0.000     .7635238    .8434436
       _cons |   6.422444   .1147243    55.98   0.000     6.196351    6.648538
------------------------------------------------------------------------------

. 
. xi: reg lprice lcapacity i.brand i.epa
i.brand           _Ibrand_1-8         (_Ibrand_1 for brand==cummins omitted)
i.epa             _Iepa_0-1           (naturally coded; _Iepa_0 omitted)

      Source |       SS       df       MS              Number of obs =     223
-------------+------------------------------           F(  9,   213) =  424.25
       Model |  271.218336     9  30.1353707           Prob > F      =  0.0000
    Residual |  15.1298588   213  .071032201           R-squared     =  0.9472
-------------+------------------------------           Adj R-squared =  0.9449
       Total |  286.348195   222  1.28985673           Root MSE      =  .26652

------------------------------------------------------------------------------
      lprice |      Coef.   Std. Err.      t    P>|t|     [95% Conf. Interval]
-------------+----------------------------------------------------------------
   lcapacity |   .7792822   .0148168    52.59   0.000     .7500759    .8084885
   _Ibrand_2 |  -.0108246   .2685398    -0.04   0.968    -.5401606    .5185115
   _Ibrand_3 |  -.0615796   .0649588    -0.95   0.344     -.189624    .0664649
   _Ibrand_4 |   .3402798   .0801769     4.24   0.000     .1822379    .4983217
   _Ibrand_5 |   .2274406   .1129054     2.01   0.045     .0048856    .4499956
   _Ibrand_6 |  -.1194239   .0457439    -2.61   0.010    -.2095927   -.0292551
   _Ibrand_7 |  -.2154013   .1075794    -2.00   0.047    -.4274579   -.0033447
   _Ibrand_8 |   .2968945    .121685     2.44   0.016     .0570333    .5367556
     _Iepa_1 |    .088803   .0522304     1.70   0.091    -.0141516    .1917576
       _cons |     6.5728    .094592    69.49   0.000     6.386344    6.759256
------------------------------------------------------------------------------

. xi: reg lprice lcapacity i.brand i.epa, cluster(brand)
i.brand           _Ibrand_1-8         (_Ibrand_1 for brand==cummins omitted)
i.epa             _Iepa_0-1           (naturally coded; _Iepa_0 omitted)

Linear regression                                      Number of obs =     223
                                                       F(  1,     7) =       .
                                                       Prob > F      =       .
                                                       R-squared     =  0.9472
                                                       Root MSE      =  .26652

                                  (Std. Err. adjusted for 8 clusters in brand)
------------------------------------------------------------------------------
             |               Robust
      lprice |      Coef.   Std. Err.      t    P>|t|     [95% Conf. Interval]
-------------+----------------------------------------------------------------
   lcapacity |   .7792822   .0634902    12.27   0.000     .6291517    .9294127
   _Ibrand_2 |  -.0108246   .0310145    -0.35   0.737    -.0841621     .062513
   _Ibrand_3 |  -.0615796   .0715928    -0.86   0.418    -.2308696    .1077105
   _Ibrand_4 |   .3402798   .0174181    19.54   0.000     .2990926     .381467
   _Ibrand_5 |   .2274406    .080571     2.82   0.026     .0369204    .4179607
   _Ibrand_6 |  -.1194239   .0481925    -2.48   0.042     -.233381   -.0054668
   _Ibrand_7 |  -.2154013   .0224861    -9.58   0.000    -.2685724   -.1622302
   _Ibrand_8 |   .2968945   .1826042     1.63   0.148    -.1348958    .7286847
     _Iepa_1 |    .088803   .0258522     3.44   0.011     .0276724    .1499337
       _cons |     6.5728   .3815722    17.23   0.000     5.670525    7.475075
------------------------------------------------------------------------------

. 
. log close
      name:  <unnamed>
       log:  /Users/ac418/Dropbox/india_power_shortages/matlab/generator_returns_to_scale1.log
  log type:  text
 closed on:  19 Feb 2015, 17:58:19
---------------------------------------------------------------------------------------------------------------------------------------------------------------
---------------------------------------------------------------------------------------------------------------------------------------------------------------
      name:  <unnamed>
       log:  /Users/ac418/Dropbox/india_power_shortages/matlab/generator_returns_to_scale1.log
  log type:  text
 opened on:  19 Feb 2015, 17:58:19

. 
. display("Now Using Rental Prices in Rupees")
Now Using Rental Prices in Rupees

. 
. 
. sum rental_lprice_per

    Variable |       Obs        Mean    Std. Dev.       Min        Max
-------------+--------------------------------------------------------
rental_lpr~r |       223    10.00366    .4139228   9.364491    11.3553

. reg rental_lprice lcapacity, cluster(brand)

Linear regression                                      Number of obs =     223
                                                       F(  1,     7) =  243.09
                                                       Prob > F      =  0.0000
                                                       R-squared     =  0.9314
                                                       Root MSE      =  .29808

                                  (Std. Err. adjusted for 8 clusters in brand)
------------------------------------------------------------------------------
             |               Robust
rental_lpr~e |      Coef.   Std. Err.      t    P>|t|     [95% Conf. Interval]
-------------+----------------------------------------------------------------
   lcapacity |   .7919832    .050796    15.59   0.000     .6718698    .9120967
       _cons |   11.14503   .2532105    44.01   0.000     10.54629    11.74378
------------------------------------------------------------------------------

. estimates store gen_costs

. matrix gen_cost_parms=e(b)

. 
. // Robustness checks
. qreg rental_lprice lcapacity
Iteration  1:  WLS sum of weighted deviations =  54.653609

Iteration  1: sum of abs. weighted deviations =  54.585957
Iteration  2: sum of abs. weighted deviations =  54.575802
Iteration  3: sum of abs. weighted deviations =  54.569588

Median regression                                    Number of obs =       223
  Raw sum of deviations 212.3087 (about 15.437371)
  Min sum of deviations 54.56959                     Pseudo R2     =    0.7430

------------------------------------------------------------------------------
rental_lpr~e |      Coef.   Std. Err.      t    P>|t|     [95% Conf. Interval]
-------------+----------------------------------------------------------------
   lcapacity |   .8034837   .0202764    39.63   0.000     .7635238    .8434436
       _cons |   11.06844   .1147243    96.48   0.000     10.84234    11.29453
------------------------------------------------------------------------------

. 
. xi: reg rental_lprice lcapacity i.brand i.epa
i.brand           _Ibrand_1-8         (_Ibrand_1 for brand==cummins omitted)
i.epa             _Iepa_0-1           (naturally coded; _Iepa_0 omitted)

      Source |       SS       df       MS              Number of obs =     223
-------------+------------------------------           F(  9,   213) =  424.25
       Model |  271.218246     9  30.1353606           Prob > F      =  0.0000
    Residual |  15.1298474   213  .071032147           R-squared     =  0.9472
-------------+------------------------------           Adj R-squared =  0.9449
       Total |  286.348093   222  1.28985627           Root MSE      =  .26652

------------------------------------------------------------------------------
rental_lpr~e |      Coef.   Std. Err.      t    P>|t|     [95% Conf. Interval]
-------------+----------------------------------------------------------------
   lcapacity |   .7792821   .0148168    52.59   0.000     .7500758    .8084884
   _Ibrand_2 |  -.0108244   .2685397    -0.04   0.968    -.5401602    .5185114
   _Ibrand_3 |  -.0615795   .0649588    -0.95   0.344    -.1896239    .0664649
   _Ibrand_4 |   .3402795   .0801769     4.24   0.000     .1822377    .4983214
   _Ibrand_5 |   .2274405   .1129053     2.01   0.045     .0048856    .4499955
   _Ibrand_6 |   -.119424   .0457439    -2.61   0.010    -.2095927   -.0292552
   _Ibrand_7 |  -.2154012   .1075794    -2.00   0.047    -.4274577   -.0033447
   _Ibrand_8 |   .2968943    .121685     2.44   0.016     .0570332    .5367554
     _Iepa_1 |   .0888031   .0522303     1.70   0.091    -.0141515    .1917576
       _cons |   11.21879   .0945919   118.60   0.000     11.03234    11.40525
------------------------------------------------------------------------------

. xi: reg rental_lprice lcapacity i.brand i.epa, cluster(brand)
i.brand           _Ibrand_1-8         (_Ibrand_1 for brand==cummins omitted)
i.epa             _Iepa_0-1           (naturally coded; _Iepa_0 omitted)

Linear regression                                      Number of obs =     223
                                                       F(  1,     7) =       .
                                                       Prob > F      =       .
                                                       R-squared     =  0.9472
                                                       Root MSE      =  .26652

                                  (Std. Err. adjusted for 8 clusters in brand)
------------------------------------------------------------------------------
             |               Robust
rental_lpr~e |      Coef.   Std. Err.      t    P>|t|     [95% Conf. Interval]
-------------+----------------------------------------------------------------
   lcapacity |   .7792821   .0634902    12.27   0.000     .6291516    .9294125
   _Ibrand_2 |  -.0108244   .0310144    -0.35   0.737    -.0841619    .0625131
   _Ibrand_3 |  -.0615795   .0715928    -0.86   0.418    -.2308696    .1077106
   _Ibrand_4 |   .3402795   .0174181    19.54   0.000     .2990924    .3814667
   _Ibrand_5 |   .2274405    .080571     2.82   0.026     .0369205    .4179606
   _Ibrand_6 |   -.119424   .0481925    -2.48   0.042    -.2333811   -.0054669
   _Ibrand_7 |  -.2154012    .022486    -9.58   0.000    -.2685722   -.1622302
   _Ibrand_8 |   .2968943   .1826041     1.63   0.148    -.1348959    .7286845
     _Iepa_1 |   .0888031   .0258521     3.44   0.011     .0276725    .1499336
       _cons |   11.21879   .3815721    29.40   0.000     10.31652    12.12107
------------------------------------------------------------------------------

. 
. log close
      name:  <unnamed>
       log:  /Users/ac418/Dropbox/india_power_shortages/matlab/generator_returns_to_scale1.log
  log type:  text
 closed on:  19 Feb 2015, 17:58:19
---------------------------------------------------------------------------------------------------------------------------------------------------------------
