---------------------------------------------------------------------------------------------------------------------------------------------------------------
      name:  <unnamed>
       log:  /Users/ac418/Dropbox/india_power_shortages/matlab/simulation_results5.log
  log type:  text
 opened on:  19 Feb 2015, 18:19:04

. estout matrix(newsize, fmt(%9.2g)), noabb varwidth(24)

----------------------------------------------------------------------------
                              newsize                                       
                                   y1           y1           y1           y1
----------------------------------------------------------------------------
year                             2005         2005         2005         2005
p_e_grid                          4.5          4.5          4.5          4.5
p_e_self                            7            7            7            7
shortage                         .072         .074         .068         .079
output_loss                       6.2          2.6          5.5          5.8
output_loss_weighted              4.5          1.3          1.4          1.6
output_loss_gen                   9.8           13          9.2           11
output_loss_nogen                 .36          .36          .44          .24
diff_tfp                          1.6          .61          1.5          1.4
diff_tfp_nogen                  .0083        .0023        .0081         .005
diff_tfp_gen                      2.6          3.3          2.6          2.8
profit_diff_shortage              6.1          2.6          5.5          5.8
profit_loss_no_gens                .3          .31          .38           .2
profit_loss_gens                  9.8           13          9.2           11
profit_percent_generator          5.1          5.2          4.8          7.8
profit_diff_short_nobody_gen          9.7          9.9          9.1           11
break_even_cost                 27606        24002        21249        46309
buy_generator                     .52          .61          .48          .64
gen_elasticity                   -.15         -.16         -.15         -.15
observations                    23795        10135        18993        14878
production                    8.7e+22      5.4e+29      4.9e+23      3.7e+29
grid_power                    3.7e+20      2.2e+32      2.2e+21      1.5e+32
diff_endo                         1.5          1.1          1.9          .71
dendo_no_gen                      2.5          2.1            3          1.3
dendo_gen                         .54          .52          .68          .38
tfp_endo                          .29           .2          .38          .13
tfp_endo_gen                      .58          .47          .68          .33
tfp_endo_no_gen                  .019         .018         .024         .014
profit_endo,                      1.5          1.1          1.9          .67
profit_endo_gen,                  .46          .44          .58          .32
profit_endo_no_gen                2.5          2.1            3          1.3
input_cost_endo                   .61          .55          .74          .44
input_cost_exo                    .37          .51          .41          .31
r_gen_cost_to_profit_exo,          4.4          .84          5.4          1.6
r_gen_cost_to_profit_endo          2.3          1.5          2.5          1.7
mat_loss                          6.2          2.6          5.5          5.8
self_gen_share                    3.1          3.1          2.9          3.4
diff_input_cost_elec             .014         .029         .021         .016
r_gen_cost_to_profit_exo_gen          7.6          8.5           10          3.2
r_gen_cost_to_profit_endo_gen          4.5          2.5          5.6          2.6
buy_generator_weighted            .51           .6          .46          .64
covariance_gen_size               .57          .74          .63          .34
----------------------------------------------------------------------------

. 
. estout matrix(new_alternative_shortage, fmt(%9.2g)), noabb varwidth(24)

--------------------------------------------------------------------------------------------------------------------------------
                         new_alternative_shortage                                                                                           
                                   y1           y1           y1           y1           y1           y1           y1           y1
--------------------------------------------------------------------------------------------------------------------------------
year                             2005         2005         2005         2005         2005         2005         2005         2005
p_e_grid                          4.5          4.5          4.5          4.5          4.5          4.5          4.5          4.5
p_e_self                            7            7            7            7            7            7            7            7
shortage                         .073          .03          .05          .07           .1           .2         .001         .036
output_loss                       5.6          2.5          4.2          5.8          8.3           16         .085            3
output_loss_weighted              1.5           .5          .83          1.2          1.6          3.2         .017           .8
output_loss_gen                    10          4.5          7.4           10           15           28          .15          5.4
output_loss_nogen                 .36          .19          .32          .45          .65          1.3        .0065          .21
diff_tfp                          1.5          .54          .92          1.3          1.9          3.9          .02          .68
diff_tfp_nogen                  .0067        .0039        .0055        .0079         .022         .033      -.00035        .0045
diff_tfp_gen                      2.6          .99          1.7          2.4          3.4          7.1         .037          1.2
profit_diff_shortage              5.6          2.5          4.2          5.8          8.2           16         .085            3
profit_loss_no_gens                .3          .17          .28          .39          .55          1.1        .0056          .18
profit_loss_gens                   10          4.5          7.4           10           15           28          .15          5.4
profit_percent_generator          5.2          3.9          6.5          9.1           13           26          .13          2.7
profit_diff_short_nobody_gen          9.8          4.4          7.3           10           14           28          .15          5.2
break_even_cost                 26895        22687        38516        54453        79428       170565          735        12793
buy_generator                     .55          .66          .85          .91          .94          .98        .0039          .46
gen_elasticity                   -.15         -.58         -.25         -.12        -.079        -.036       -.0062         -.17
observations                    33871        33871        33871        33871        33871        33871        33871        33871
production                    1.6e+29      1.8e+30      1.8e+30      1.8e+30      1.8e+30      1.8e+30      1.8e+30      1.8e+30
grid_power                    6.6e+31      7.0e+31      6.8e+31      6.7e+31      6.5e+31      5.8e+31      7.2e+31      6.9e+31
diff_endo                         1.5          1.7          1.4          1.3          1.3          1.7          .15          1.1
dendo_no_gen                      2.5          4.2          7.1           10           15           30          .15          1.7
dendo_gen                         .54          .16          .27          .38          .56          1.2         .011          .34
tfp_endo                          .28          .37          .24          .18          .16          .13         .034           .2
tfp_endo_gen                      .57          .95          1.3          1.9          2.8            6         .034          .36
tfp_endo_no_gen                  .019        .0048        .0082         .012         .016         .032       .00018         .011
profit_endo,                      1.4          1.7          1.4          1.2          1.2          1.5          .15          1.1
profit_endo_gen,                  .46          .14          .23          .32          .47            1         .012          .28
profit_endo_no_gen                2.5          4.2          7.1           10           15           30          .15          1.7
input_cost_endo                    .6          .14          .24          .34          .49            1         .005          .31
input_cost_exo                    .37          .16          .26          .37          .52            1        .0052          .19
r_gen_cost_to_profit_exo,          3.9            3            3            3          3.1          3.2            3            3
r_gen_cost_to_profit_endo          2.2          1.6          2.7          3.4          3.8          4.6       .00022          1.5
mat_loss                          5.6          2.5          4.2          5.8          8.3           16         .085            3
self_gen_share                    3.1          1.2            2          2.9          4.2            9          .04          1.5
diff_input_cost_elec             .019        .0079         .013         .019         .028         .059       .00026        .0089
r_gen_cost_to_profit_exo_gen          7.7          6.1          6.1          6.2          6.2          6.4          6.1          6.1
r_gen_cost_to_profit_endo_gen          4.2          2.6          3.3          3.7            4          4.7         .085          3.3
buy_generator_weighted            .53          .61          .83          .91          .95          .98        .0026          .45
covariance_gen_size               .63          1.2          .69          .46          .29          .15         .077          .43
--------------------------------------------------------------------------------------------------------------------------------

. 
. estout matrix(new_big_mat_year, fmt(%9.2g)), noabb varwidth(20)

{hline 280}
                     new_big_mat_year                                                                                                                          
>                                                                                                                              
                               y1           y1           y1           y1           y1           y1           y1           y1           y1           y1         
>   y1           y1           y1           y1           y1           y1           y1           y1           y1           y1
{hline 280}
year                         2005         1992         1993         1994         1995         1996         1997         1998         1999         2000         
> 2001         2002         2003         2004         2005         2006         2007         2008         2009         2010
p_e_grid                      4.5          4.5          4.5          4.5          4.5          4.5          4.5          4.5          4.5          4.5         
>  4.5          4.5          4.5          4.5          4.5          4.5          4.5          4.5          4.5          4.5
output_loss                   5.6          5.6          4.9          4.4          7.5            8          6.1          4.7          4.9          5.8         
>  5.7          6.1          4.9          4.9          5.6            7          7.2          8.2          6.8          5.8
output_loss_weighted          1.5          1.5          1.3          1.1          1.5          1.9          1.2          .84          .95          1.3         
>  1.2          1.4          1.2          1.2          1.5          1.9          1.9          2.3          2.1          1.9
output_loss_gen                10            9            8          7.4           11           14           10          8.4            9           11         
>   11           12          9.1          8.9           10           12           13           14           12          9.8
output_loss_nogen             .36          .33          .36          .36           .5          .62          .49          .38          .35          .39         
>  .35          .39          .28          .31          .36           .4          .45           .6          .57          .47
diff_tfp                      1.5          1.4          1.2          1.1          1.9          2.1          1.5          1.2          1.2          1.4         
>  1.4          1.5          1.3          1.2          1.5          1.8          2.2          2.1          1.7          1.5
diff_tfp_nogen              .0067        .0089         .013         .014         .016         .024         .029         .013         .011         .018         
>  .01         .023        .0055        .0097        .0067         .011         .016         .016         .015         .015
{hline 280}

. 
. estout matrix(new_gen_cost, fmt(%9.2g)), noabb varwidth(20)

------------------------------------------------------------------------
                     new_gen_cost                                       
                               y1           y1           y1           y1
------------------------------------------------------------------------
year                         2005         2005         2005         2005
p_e_grid                      4.5          4.5          4.5          4.5
p_e_self                        7            7            7            7
shortage                     .073         .073         .073         .073
output_loss                   5.6          5.6          5.6          5.6
output_loss_weighted          1.5          1.5          1.5          1.5
output_loss_gen                10           10           10           10
output_loss_nogen             .36          .36          .36          .36
diff_tfp                      1.5          1.5          1.5          1.5
diff_tfp_nogen              .0067        .0067        .0067        .0067
diff_tfp_gen                  2.6          2.6          2.6          2.6
profit_diff_shortage          5.6          5.6          5.6          5.6
profit_loss_no_gens            .3           .3           .3           .3
profit_loss_gens               10           10           10           10
profit_percent_generator          5.2          5.2          5.2          5.2
profit_diff_short_nobody_gen          9.8          9.8          9.8          9.8
break_even_cost             26895        26895        26895        26895
buy_generator                 .55          .55          .54           .5
gen_elasticity               -.15         -.15         -.26         -.17
observations                33871        33871        33871        33871
production                1.6e+29      1.6e+29      1.6e+29      1.6e+29
grid_power                6.6e+31      6.6e+31      6.6e+31      6.6e+31
diff_endo                     1.5            1          1.1          1.9
dendo_no_gen                  2.5          1.7          1.7          3.2
dendo_gen                     .54          .55          .56          .55
tfp_endo                      .28          .17          .19          .41
tfp_endo_gen                  .57          .37          .39          .77
tfp_endo_no_gen              .019         .019          .02         .019
profit_endo,                  1.4          .99          1.1          1.9
profit_endo_gen,              .46          .47          .47          .46
profit_endo_no_gen            2.5          1.7          1.7          3.2
input_cost_endo                .6           .6          .61          .61
input_cost_exo                .37          .37          .37          .37
r_gen_cost_to_profit_exo,          3.9          2.4          2.6          6.1
r_gen_cost_to_profit_endo          2.2          2.2          2.3          2.5
mat_loss                      5.6          5.6          5.6          5.6
self_gen_share                3.1          3.1          3.1          3.1
diff_input_cost_elec         .019         .019         .019         .019
r_gen_cost_to_profit_exo_gen          7.7          4.4          4.8           13
r_gen_cost_to_profit_endo_gen          4.2            4          4.3          5.4
buy_generator_weighted          .53          .56          .54          .47
covariance_gen_size           .63         .026          .04          .72
------------------------------------------------------------------------

.  
. *estout matrix(new_big_elasticity, fmt(%9.3g)), noabb varwidth(20)
. 
. log close
      name:  <unnamed>
       log:  /Users/ac418/Dropbox/india_power_shortages/matlab/simulation_results5.log
  log type:  text
 closed on:  19 Feb 2015, 18:19:04
---------------------------------------------------------------------------------------------------------------------------------------------------------------
