-------------------------------------------------------------------------------------------------------------------------------------------
       log:  /home/nbaumsn/segregation/data/district80/readin_80stf4f.log
  log type:  text
 opened on:  19 Jul 2007, 19:58:14

. set mem 500m

Current memory allocation
-------------------------

                    current                                 memory usage
    settable          value     description                 (1M = 1024k)
    --------------------------------------------------------------------
    set maxvar         5000     max. variables allowed           1.613M
    set memory          500M    max. data space                500.000M
    set matsize         400     max. RHS vars in models          1.254M
                                                            -----------
                                                               502.867M

. 
. 
. #delimit ;
delimiter now ;
. infix
> str5 fileid 1-5
> sumrlvl 10-11
> str1 psad 29
> str1 sdlvl 30
> statefips 34-35
> smsa 36-39
> cntyfips 40-42
> district 83-87
> str40 name 145-184
> str20 ccode 185-204
> 
> pop 253-261
> sampop 280-288
> 
> str13 cname 11620-11632 
> str2 st 11633-11634
> zipcode 11635-11639
> extra 11640-11646
> 
> using 03518-0001-Data.txt;
(25856 observations read)

. #delimit cr
delimiter now cr
. 
. ** Areas not assigned to a district
. drop if district==66666
(37 observations deleted)

. 
. keep if sumrlvl==40
(9801 observations deleted)

. 
. label variable psad "A if county part"

. label variable sdlvl "Elementary, Secondary or Unified"

. 
. save district80.dta, replace
file district80.dta saved

. 
. 
. log close
       log:  /home/nbaumsn/segregation/data/district80/readin_80stf4f.log
  log type:  text
 closed on:  19 Jul 2007, 19:58:18
-------------------------------------------------------------------------------------------------------------------------------------------
