
  ___  ____  ____  ____  ____ ©
 /__    /   ____/   /   ____/      17.0
___/   /   /___/   /   /___/       MP—Parallel Edition

 Statistics and Data Science       Copyright 1985-2021 StataCorp LLC
                                   StataCorp
                                   4905 Lakeway Drive
                                   College Station, Texas 77845 USA
                                   800-STATA-PC        https://www.stata.com
                                   979-696-4600        stata@stata.com

Stata license: Unlimited-user 64-core network perpetual
Serial number: 18461036
  Licensed to: TEAM BTCR
               TEAM BTCR

Notes:
      1. Stata is running in batch mode.
      2. Unicode is supported; see help unicode_advice.
      3. More than 2 billion observations are allowed; see help obs_advice.
      4. Maximum number of variables is set to 5,000; see help set_maxvar.

. do _install_pkgs.do 

. ssc install outreg2, replace
checking outreg2 consistency and verifying not already installed...
installing into C:\Users\Usuario\ado\plus\...
installation complete.

. ssc install mat2txt, replace
checking mat2txt consistency and verifying not already installed...
installing into C:\Users\Usuario\ado\plus\...
installation complete.

. ssc install reghdfe, replace
checking reghdfe consistency and verifying not already installed...
all files already exist and are up to date.

. ssc install ftools, replace
checking ftools consistency and verifying not already installed...
all files already exist and are up to date.

. display "ALL PACKAGES INSTALLED"
ALL PACKAGES INSTALLED

. 
end of do-file
