--------------------------------------------------------------------------------------------------------------------------------------------------------------------------------------------------------
      name:  <unnamed>
       log:  /Users/timsimcoe/research/active/SSOCommittees/analysis/tables/citeCounts.log
  log type:  text
 opened on:  19 Apr 2010, 20:17:47

. 
. ***********************
. *   Poisson Models    *
. ***********************
. qui xi: poisson ttlCites lnStb st_lnStb logEmails cpmOth ctM* i.techarea i.pubCohort*strfc `controls' `st_controls' if ((strfc|nsrfc) & rfcSample), cluster(wg)

. est store col1

. qui testparm _Itech*

. display  "techArea Effect   " %8.2f r(p)   %8.2f r(df) 
techArea Effect       0.00    5.00

. qui testparm _Ipub*

. display  "PubCohort Effect   " %8.2f r(p)   %8.2f r(df) 
PubCohort Effect       0.00   20.00

. qui testparm ctM*

. display  "PubMonth Effect    " %8.2f r(p)   %8.2f r(df) 
PubMonth Effect        0.00    4.00

. qui testparm `controls' `st_controls'

. display  "Controls Effect    " %8.2f r(p)   %8.2f r(df) 
Controls Effect        0.00    6.00

. tab strfc if e(sample)

       1/0: |
  Published |
as Proposed |
   Standard |      Freq.     Percent        Cum.
------------+-----------------------------------
          0 |        403       35.17       35.17
          1 |        743       64.83      100.00
------------+-----------------------------------
      Total |      1,146      100.00

. test lnStb + st_lnStb = 0

 ( 1)  [ttlCites]lnStb + [ttlCites]st_lnStb = 0

           chi2(  1) =    0.03
         Prob > chi2 =    0.8726

. 
. qui xi: poisson ttlCites lnDur st_lnDur logEmails cpmOth ctM* i.techarea i.pubCohort*strfc `controls' `st_controls'  if ((strfc|nsrfc) & rfcSample), cluster(wg)

. est store col2

. qui testparm _Itech*

. display  "techArea Effect   " %8.2f r(p)   %8.2f r(df) 
techArea Effect       0.00    5.00

. qui testparm _Ipub*

. display  "PubCohort Effect   " %8.2f r(p)   %8.2f r(df) 
PubCohort Effect       0.00   20.00

. qui testparm ctM*

. display  "PubMonth Effect    " %8.2f r(p)   %8.2f r(df) 
PubMonth Effect        0.00    4.00

. qui testparm `controls' `st_controls'

. display  "Controls Effect    " %8.2f r(p)   %8.2f r(df) 
Controls Effect        0.00    6.00

. tab strfc if e(sample)

       1/0: |
  Published |
as Proposed |
   Standard |      Freq.     Percent        Cum.
------------+-----------------------------------
          0 |        403       35.17       35.17
          1 |        743       64.83      100.00
------------+-----------------------------------
      Total |      1,146      100.00

. test lnDur + st_lnDur = 0 

 ( 1)  [ttlCites]lnDur + [ttlCites]st_lnDur = 0

           chi2(  1) =    6.30
         Prob > chi2 =    0.0121

. 
. qui xi: poisson ttlCites lnStb st_lnStb lnDur st_lnDur logEmails cpmOth ctM* i.techarea i.pubCohort*strfc `controls' `st_controls'  if ((strfc|nsrfc) & rfcSample), cluster(wg)

. est store col3

. qui testparm _Itech*

. display  "techArea Effect   " %8.2f r(p)   %8.2f r(df) 
techArea Effect       0.00    5.00

. qui testparm _Ipub*

. display  "PubCohort Effect   " %8.2f r(p)   %8.2f r(df) 
PubCohort Effect       0.00   20.00

. qui testparm ctM*

. display  "PubMonth Effect    " %8.2f r(p)   %8.2f r(df) 
PubMonth Effect        0.00    4.00

. qui testparm `controls' `st_controls'

. display  "Controls Effect    " %8.2f r(p)   %8.2f r(df) 
Controls Effect        0.00    6.00

. tab strfc if e(sample)

       1/0: |
  Published |
as Proposed |
   Standard |      Freq.     Percent        Cum.
------------+-----------------------------------
          0 |        403       35.17       35.17
          1 |        743       64.83      100.00
------------+-----------------------------------
      Total |      1,146      100.00

. 
. *************************
. *   WG Fixed Effects    *
. *************************
. 
. qui xi: xtpqml ttlCites st_lnStb lnStb logEmails ctM* i.pubCohort*strfc `controls' `st_controls' if ((strfc|nsrfc) & rfcSample), fe i(wg)

. est store col4

. qui testparm _Ipub*

. display  "PubCohort Effect   " %8.2f r(p)   %8.2f r(df) 
PubCohort Effect       0.00   20.00

. qui testparm ctM*

. display  "PubMonth Effect    " %8.2f r(p)   %8.2f r(df) 
PubMonth Effect        0.00    4.00

. qui testparm `controls' `st_controls'

. display  "Controls Effect    " %8.2f r(p)   %8.2f r(df) 
Controls Effect        0.00    6.00

. tab strfc if e(sample)

       1/0: |
  Published |
as Proposed |
   Standard |      Freq.     Percent        Cum.
------------+-----------------------------------
          0 |        393       34.87       34.87
          1 |        734       65.13      100.00
------------+-----------------------------------
      Total |      1,127      100.00

. test lnStb + st_lnStb = 0

 ( 1)  [ttlCites]st_lnStb + [ttlCites]lnStb = 0

           chi2(  1) =    3.83
         Prob > chi2 =    0.0504

. 
. qui xi: xtpqml ttlCites st_lnDur lnDur logEmails ctM* i.pubCohort*strfc `controls' `st_controls'  if ((strfc|nsrfc) & rfcSample), fe i(wg)

. est store col5

. qui testparm _Ipub*

. display  "PubCohort Effect   " %8.2f r(p)   %8.2f r(df) 
PubCohort Effect       0.00   20.00

. qui testparm ctM*

. display  "PubMonth Effect    " %8.2f r(p)   %8.2f r(df) 
PubMonth Effect        0.00    4.00

. qui testparm `controls' `st_controls'

. display  "Controls Effect    " %8.2f r(p)   %8.2f r(df) 
Controls Effect        0.00    6.00

. tab strfc if e(sample)

       1/0: |
  Published |
as Proposed |
   Standard |      Freq.     Percent        Cum.
------------+-----------------------------------
          0 |        393       34.87       34.87
          1 |        734       65.13      100.00
------------+-----------------------------------
      Total |      1,127      100.00

. test lnDur + st_lnDur = 0 

 ( 1)  [ttlCites]st_lnDur + [ttlCites]lnDur = 0

           chi2(  1) =    7.41
         Prob > chi2 =    0.0065

. 
. qui xi: xtpqml ttlCites st_lnStb lnStb st_lnDur lnDur logEmails ctM* i.pubCohort*strfc `controls' `st_controls'  if ((strfc|nsrfc) & rfcSample), fe i(wg)

. est store col6

. qui testparm _Ipub*

. display  "PubCohort Effect   " %8.2f r(p)   %8.2f r(df) 
PubCohort Effect       0.00   20.00

. qui testparm ctM*

. display  "PubMonth Effect    " %8.2f r(p)   %8.2f r(df) 
PubMonth Effect        0.00    4.00

. qui testparm `controls' `st_controls'

. display  "Controls Effect    " %8.2f r(p)   %8.2f r(df) 
Controls Effect        0.00    6.00

. tab strfc if e(sample)

       1/0: |
  Published |
as Proposed |
   Standard |      Freq.     Percent        Cum.
------------+-----------------------------------
          0 |        393       34.87       34.87
          1 |        734       65.13      100.00
------------+-----------------------------------
      Total |      1,127      100.00

. 
. estout  _all, cells(b(fmt(2)) se(par fmt(2) star)) stats(N r2 ll df_m N_g, fmt(0 %8.2f 0 0)) drop(_I* ctM* `controls' `st_controls' strfc) order(lnStb st_lnStb lnDur st_lnDur cpmOth logEmails) style
> (tex)

            &        col1   &        col2   &        col3   &        col4   &        col5   &        col6   \\
            &        b/se   &        b/se   &        b/se   &        b/se   &        b/se   &        b/se   \\
ttlCites    &               &               &               &               &               &               \\
lnStb       &       -0.11   &               &       -0.11   &        1.48   &               &        1.50   \\
            &      (0.44)   &               &      (0.50)   &      (0.53)** &               &      (0.54)** \\
st_lnStb    &        0.07   &               &        0.07   &       -0.88   &               &       -0.96   \\
            &      (0.45)   &               &      (0.50)   &      (0.49)   &               &      (0.51)   \\
lnDur       &               &       -0.10   &       -0.10   &               &       -0.06   &       -0.05   \\
            &               &      (0.10)   &      (0.09)   &               &      (0.11)   &      (0.11)   \\
st_lnDur    &               &        0.36   &        0.36   &               &        0.36   &        0.35   \\
            &               &      (0.12)** &      (0.12)** &               &      (0.12)** &      (0.12)** \\
cpmOth      &        0.64   &        0.64   &        0.64   &               &               &               \\
            &      (0.07)***&      (0.07)***&      (0.07)***&               &               &               \\
logEmails   &        0.35   &        0.34   &        0.34   &        0.36   &        0.35   &        0.34   \\
            &      (0.04)***&      (0.05)***&      (0.04)***&      (0.05)***&      (0.05)***&      (0.05)***\\
_cons       &        1.11   &       -0.46   &        0.03   &               &               &               \\
            &      (2.46)   &      (1.95)   &      (2.86)   &               &               &               \\
N           &        1146   &        1146   &        1146   &        1127   &        1127   &        1127   \\
r2          &               &               &               &               &               &               \\
ll          &       -8306   &       -8209   &       -8208   &       -5833   &       -5817   &       -5749   \\
df_m        &          39   &          39   &          41   &          33   &          33   &          35   \\
N_g         &               &               &               &         132   &         132   &         132   \\

. 
. log close
      name:  <unnamed>
       log:  /Users/timsimcoe/research/active/SSOCommittees/analysis/tables/citeCounts.log
  log type:  text
 closed on:  19 Apr 2010, 20:17:52
--------------------------------------------------------------------------------------------------------------------------------------------------------------------------------------------------------
