--------------------------------------------------------------------------------------------------------------------------------------------------------------------------------------------------------
      name:  <unnamed>
       log:  /Users/timsimcoe/research/active/SSOCommittees/analysis/tables/endogSwitch.log
  log type:  text
 opened on:   9 Jun 2010, 20:43:12

. *******************************************
. * Matched Sample Endogenous Switching Model
. *******************************************
. ** Get Starting Values
. qui xi: reg lnDur lnSTB lwgipr othDum `controls' i.techarea i.pubCohort if strfc, cluster(wg) 

. mat tmp1 = e(b)

. qui xi: reg lnDur lnSTB lwgipr othDum `controls' i.techarea i.pubCohort if nsrfc, cluster(wg) 

. mat tmp2 = e(b)

. qui xi: probit strfc anyKeys lKeys lnSTB lwgipr othDum `controls' i.techarea i.pubCohort if ((strfc|nsrfc) & cSample==1), cluster(wg)

. mat tmp3 = e(b)

. matrix stval = tmp1, tmp2, tmp3, 0, 0, 0, 0 

. 
. * Maximum Likelihood Estimation
. ml model lf newSwitch (lnDur = lnSTB lwgipr othDum `controls' aDum* yDum*) (lnSTB lwgipr othDum `controls' aDum* yDum*) (anyKeys lKeys lnSTB lwgipr othDum `controls' aDum* yDum*) /lns1 /lns2 /theta1
>  /theta2 if ((strfc|nsrfc) & cSample==1), cluster(wg) constraint(1 4)
note: yDum11 omitted because of collinearity
note: yDum11 omitted because of collinearity
note: yDum11 omitted because of collinearity

. ml init stval, copy

. ml maximize, difficult

initial:       log pseudolikelihood = -2102.7779
rescale:       log pseudolikelihood = -2102.7779
rescale eq:    log pseudolikelihood = -2102.7779
Iteration 0:   log pseudolikelihood = -2137.5739  (not concave)
Iteration 1:   log pseudolikelihood = -2031.7761  (not concave)
Iteration 2:   log pseudolikelihood = -2028.1451  (not concave)
Iteration 3:   log pseudolikelihood = -2027.8501  
Iteration 4:   log pseudolikelihood = -2027.6574  
Iteration 5:   log pseudolikelihood = -2027.6574  

                                                  Number of obs   =       1166
                                                  Wald chi2(8)    =      55.60
Log pseudolikelihood = -2027.6574                 Prob > chi2     =     0.0000

 ( 1)  [eq1]aDum2 - [eq2]aDum2 = 0
 ( 2)  [eq1]aDum3 - [eq2]aDum3 = 0
 ( 3)  [eq1]aDum4 - [eq2]aDum4 = 0
 ( 4)  [eq1]aDum5 - [eq2]aDum5 = 0
 ( 5)  [eq1]aDum6 - [eq2]aDum6 = 0
 ( 6)  [eq1]yDum2 - [eq2]yDum2 = 0
 ( 7)  [eq1]yDum3 - [eq2]yDum3 = 0
 ( 8)  [eq1]yDum4 - [eq2]yDum4 = 0
 ( 9)  [eq1]yDum5 - [eq2]yDum5 = 0
 (10)  [eq1]yDum6 - [eq2]yDum6 = 0
 (11)  [eq1]yDum7 - [eq2]yDum7 = 0
 (12)  [eq1]yDum8 - [eq2]yDum8 = 0
 (13)  [eq1]yDum9 - [eq2]yDum9 = 0
 (14)  [eq1]yDum10 - [eq2]yDum10 = 0
                                   (Std. Err. adjusted for 175 clusters in wg)
------------------------------------------------------------------------------
             |               Robust
       lnDur |      Coef.   Std. Err.      z    P>|z|     [95% Conf. Interval]
-------------+----------------------------------------------------------------
eq1          |
       lnSTB |   .3682349   .1385999     2.66   0.008     .0965841    .6398857
      lwgipr |     .01831   .0135809     1.35   0.178    -.0083081     .044928
      othDum |   .0911371   .0648966     1.40   0.160    -.0360578    .2183321
       lsize |   .1293428   .0321798     4.02   0.000     .0662716    .1924139
      lcmsgs |   -.107682   .0213937    -5.03   0.000    -.1496128   -.0657512
    lwgidnow |   .1616185   .0578031     2.80   0.005     .0483266    .2749105
        aut2 |   .0165623   .0649371     0.26   0.799    -.1107121    .1438367
        aut3 |  -.0846834   .0663636    -1.28   0.202    -.2147536    .0453868
       aDum2 |  -.0757672   .0873537    -0.87   0.386    -.2469773    .0954429
       aDum3 |  -.0308751   .1116688    -0.28   0.782    -.2497418    .1879917
       aDum4 |   .2929728   .1388703     2.11   0.035     .0207921    .5651535
       aDum5 |   .2123216   .1067751     1.99   0.047     .0030462    .4215969
       aDum6 |   .0337272   .0959129     0.35   0.725    -.1542586     .221713
       yDum2 |    .317784   .2054563     1.55   0.122    -.0849029     .720471
       yDum3 |   .4123956   .2208347     1.87   0.062    -.0204325    .8452237
       yDum4 |   .6882658   .2082504     3.30   0.001     .2801024    1.096429
       yDum5 |   .4358119   .1913675     2.28   0.023     .0607386    .8108853
       yDum6 |   .2922864   .1856243     1.57   0.115    -.0715306    .6561034
       yDum7 |   .6354294   .2051445     3.10   0.002     .2333536    1.037505
       yDum8 |   .6752716   .2020822     3.34   0.001     .2791979    1.071345
       yDum9 |   .8072737   .2005873     4.02   0.000     .4141299    1.200417
      yDum10 |   .7561205   .2053191     3.68   0.000     .3537025    1.158539
      yDum11 |  (omitted)
       _cons |   2.980434   .6693088     4.45   0.000     1.668613    4.292255
-------------+----------------------------------------------------------------
eq2          |
       lnSTB |  -.3893979   .1736378    -2.24   0.025    -.7297218    -.049074
      lwgipr |   .0175916   .0162252     1.08   0.278    -.0142091    .0493924
      othDum |  -.1067306   .1082587    -0.99   0.324    -.3189139    .1054526
       lsize |   .1026649    .064987     1.58   0.114    -.0247073    .2300371
      lcmsgs |  -.1125164   .0313302    -3.59   0.000    -.1739225   -.0511103
    lwgidnow |   .1441751   .0911266     1.58   0.114    -.0344298      .32278
        aut2 |   .1429341   .1181004     1.21   0.226    -.0885384    .3744065
        aut3 |   .0211934   .1243964     0.17   0.865     -.222619    .2650059
       aDum2 |  -.0757672   .0873537    -0.87   0.386    -.2469773    .0954429
       aDum3 |  -.0308751   .1116688    -0.28   0.782    -.2497418    .1879917
       aDum4 |   .2929728   .1388703     2.11   0.035     .0207921    .5651535
       aDum5 |   .2123216   .1067751     1.99   0.047     .0030462    .4215969
       aDum6 |   .0337272   .0959129     0.35   0.725    -.1542586     .221713
       yDum2 |    .317784   .2054563     1.55   0.122    -.0849029     .720471
       yDum3 |   .4123956   .2208347     1.87   0.062    -.0204325    .8452237
       yDum4 |   .6882658   .2082504     3.30   0.001     .2801024    1.096429
       yDum5 |   .4358119   .1913675     2.28   0.023     .0607386    .8108853
       yDum6 |   .2922864   .1856243     1.57   0.115    -.0715306    .6561034
       yDum7 |   .6354294   .2051445     3.10   0.002     .2333536    1.037505
       yDum8 |   .6752716   .2020822     3.34   0.001     .2791979    1.071345
       yDum9 |   .8072737   .2005873     4.02   0.000     .4141299    1.200417
      yDum10 |   .7561205   .2053191     3.68   0.000     .3537025    1.158539
      yDum11 |  (omitted)
       _cons |    6.07654   .9094137     6.68   0.000     4.294122    7.858958
-------------+----------------------------------------------------------------
eq3          |
     anyKeys |   .1934032   .1390973     1.39   0.164    -.0792224    .4660289
       lKeys |   .0818757   .0500596     1.64   0.102    -.0162393    .1799907
       lnSTB |   .2141788   .2662846     0.80   0.421    -.3077294     .736087
      lwgipr |  -.0270389   .0202479    -1.34   0.182     -.066724    .0126462
      othDum |  -.0306244   .1110922    -0.28   0.783    -.2483612    .1871123
       lsize |   .0551823   .0648105     0.85   0.395     -.071844    .1822086
      lcmsgs |   .0726119   .0426451     1.70   0.089    -.0109711    .1561948
    lwgidnow |   .1389734   .1318756     1.05   0.292     -.119498    .3974448
        aut2 |   .0638935   .1060134     0.60   0.547     -.143889    .2716761
        aut3 |  -.0780399   .1340108    -0.58   0.560    -.3406962    .1846164
       aDum2 |   .2943648   .1946866     1.51   0.131    -.0872139    .6759434
       aDum3 |    .169685   .2825604     0.60   0.548    -.3841231    .7234931
       aDum4 |  -.1263843   .2719969    -0.46   0.642    -.6594884    .4067198
       aDum5 |   .1141401   .1771683     0.64   0.519    -.2331034    .4613836
       aDum6 |   .1380033   .2030258     0.68   0.497    -.2599199    .5359265
       yDum2 |   .1207504   .3653747     0.33   0.741    -.5953708    .8368716
       yDum3 |   .6190877   .3311908     1.87   0.062    -.0300343     1.26821
       yDum4 |    .458425   .2821033     1.63   0.104    -.0944874    1.011337
       yDum5 |   .2721492   .2721108     1.00   0.317     -.261178    .8054765
       yDum6 |  -.0310575   .2740163    -0.11   0.910    -.5681196    .5060046
       yDum7 |  -.1695112   .2807357    -0.60   0.546    -.7197431    .3807206
       yDum8 |   .1536738   .2640314     0.58   0.561    -.3638182    .6711659
       yDum9 |   -.124475   .2608823    -0.48   0.633     -.635795    .3868449
      yDum10 |  -.1225408   .2790454    -0.44   0.661    -.6694598    .4243782
      yDum11 |  (omitted)
       _cons |   -2.03144   1.316209    -1.54   0.123    -4.611163    .5482823
-------------+----------------------------------------------------------------
lns1         |
       _cons |  -.3184929    .046219    -6.89   0.000    -.4090805   -.2279054
-------------+----------------------------------------------------------------
lns2         |
       _cons |   -.165436   .0538594    -3.07   0.002    -.2709985   -.0598735
-------------+----------------------------------------------------------------
theta1       |
       _cons |   .1385976   .1360477     1.02   0.308     -.128051    .4052462
-------------+----------------------------------------------------------------
theta2       |
       _cons |  -.2652777   .1905833    -1.39   0.164    -.6388141    .1082587
------------------------------------------------------------------------------

. est store switch1

. 
. * Hypothesis Tests
. test [eq1 = eq2]: lnSTB

 ( 1)  [eq1]lnSTB - [eq2]lnSTB = 0

           chi2(  1) =   11.72
         Prob > chi2 =    0.0006

. test [eq1 = eq2]: lwgipr 

 ( 1)  [eq1]lwgipr - [eq2]lwgipr = 0

           chi2(  1) =    0.00
         Prob > chi2 =    0.9723

. test [eq1 = eq2]: othDum

 ( 1)  [eq1]othDum - [eq2]othDum = 0

           chi2(  1) =    2.83
         Prob > chi2 =    0.0923

. test [eq3]: anyKeys lKeys

 ( 1)  [eq3]anyKeys = 0
 ( 2)  [eq3]lKeys = 0

           chi2(  2) =   13.16
         Prob > chi2 =    0.0014

. test [theta1]_cons [theta2]_cons

 ( 1)  [theta1]_cons = 0
 ( 2)  [theta2]_cons = 0

           chi2(  2) =    2.18
         Prob > chi2 =    0.3364

. display %8.2f tanh([theta1]_cons) %8.2f tanh([theta2]_cons)
    0.14   -0.26

. testnl (tanh([theta1]_cons) = 0) (tanh([theta2]_cons) = 0)

  (1)  tanh([theta1]_cons) = 0
  (2)  tanh([theta2]_cons) = 0

               chi2(2) =        2.35
           Prob > chi2 =        0.3084

. 
. * Regression Statistics
. qui testparm aDum*

. display  "TechArea Effects   " %8.2f r(chi2)  %8.2f r(p)   %8.2f r(df)
TechArea Effects      19.41    0.04   10.00

. qui testparm yDum*

. display  "PubCohort Effects  " %8.2f r(chi2)  %8.2f r(p)   %8.2f r(df)
PubCohort Effects     68.69    0.00   18.00

. qui testparm `controls'

. display  "ControlVar Effects " %8.2f r(chi2)  %8.2f r(p)   %8.2f r(df)
ControlVar Effects    69.97    0.00   15.00

. tab exiType if e(sample)

1=Censored; |
 2=Expired; |
3=Nonstanda |
rd;4=Standa |
         rd |      Freq.     Percent        Cum.
------------+-----------------------------------
          3 |        393       33.70       33.70
          4 |        773       66.30      100.00
------------+-----------------------------------
      Total |      1,166      100.00

. 
. 
. *******************************************
. * Full Sample Endogenous Switching Model
. *******************************************
. * Maximum Likelihood Estimation
. ml model lf newSwitch (lnDur = lnSTB lwgipr othDum `controls' aDum* yDum*) (lnSTB lwgipr othDum `controls' aDum* yDum*) (anyKeys lKeys lnSTB lwgipr othDum `controls' aDum* yDum*) /lns1 /lns2 /theta1
>  /theta2, cluster(wg)

. ml init stval, copy

. ml maximize, difficult

initial:       log pseudolikelihood = -4044.9019
rescale:       log pseudolikelihood = -4044.9019
rescale eq:    log pseudolikelihood = -4044.9019
Iteration 0:   log pseudolikelihood = -4044.9019  (not concave)
Iteration 1:   log pseudolikelihood = -4032.3757  (not concave)
Iteration 2:   log pseudolikelihood = -4010.9282  (not concave)
Iteration 3:   log pseudolikelihood = -3955.8527  
Iteration 4:   log pseudolikelihood = -3945.9257  
Iteration 5:   log pseudolikelihood = -3945.7196  
Iteration 6:   log pseudolikelihood = -3945.7092  
Iteration 7:   log pseudolikelihood = -3945.7091  

                                                  Number of obs   =       2287
                                                  Wald chi2(23)   =     193.29
Log pseudolikelihood = -3945.7091                 Prob > chi2     =     0.0000

                                   (Std. Err. adjusted for 211 clusters in wg)
------------------------------------------------------------------------------
             |               Robust
       lnDur |      Coef.   Std. Err.      z    P>|z|     [95% Conf. Interval]
-------------+----------------------------------------------------------------
eq1          |
       lnSTB |   .2680217   .1678927     1.60   0.110     -.061042    .5970853
      lwgipr |   .0135258   .0171112     0.79   0.429    -.0200116    .0470633
      othDum |   .0479984   .0563001     0.85   0.394    -.0623478    .1583447
       lsize |   .1477897   .0342493     4.32   0.000     .0806624     .214917
      lcmsgs |  -.1070386   .0276322    -3.87   0.000    -.1611967   -.0528805
    lwgidnow |   .1389651   .0780706     1.78   0.075    -.0140505    .2919806
        aut2 |   .0275803   .0677788     0.41   0.684    -.1052638    .1604244
        aut3 |   .0430072   .0700783     0.61   0.539    -.0943437    .1803582
       aDum2 |  -.0132771   .1560563    -0.09   0.932    -.3191418    .2925876
       aDum3 |    .085401   .1731911     0.49   0.622    -.2540472    .4248493
       aDum4 |   .5117021   .1851359     2.76   0.006     .1488424    .8745619
       aDum5 |   .2486248   .1733427     1.43   0.151    -.0911206    .5883702
       aDum6 |   .0551128    .157478     0.35   0.726    -.2535384     .363764
       yDum2 |   .3573162   .2908296     1.23   0.219    -.2126993    .9273316
       yDum3 |   .3928327    .275429     1.43   0.154    -.1469982    .9326636
       yDum4 |   .7329352   .2478118     2.96   0.003     .2472331    1.218637
       yDum5 |   .3939264   .2364745     1.67   0.096    -.0695551    .8574079
       yDum6 |   .0614341   .2569077     0.24   0.811    -.4420957    .5649639
       yDum7 |   .6075667   .2657576     2.29   0.022     .0866913    1.128442
       yDum8 |   .6595047   .2345727     2.81   0.005     .1997507    1.119259
       yDum9 |   .9417662   .2558911     3.68   0.000     .4402289    1.443304
      yDum10 |   .8085245   .2602521     3.11   0.002     .2984399    1.318609
      yDum11 |   .7847723   .2580049     3.04   0.002     .2790919    1.290453
       _cons |   3.198801   .8038722     3.98   0.000      1.62324    4.774361
-------------+----------------------------------------------------------------
eq2          |
       lnSTB |   -.517031   .1845015    -2.80   0.005    -.8786473   -.1554148
      lwgipr |   .0101893   .0254324     0.40   0.689    -.0396573    .0600358
      othDum |  -.1299793   .1083454    -1.20   0.230    -.3423323    .0823737
       lsize |   .0707104   .0544358     1.30   0.194    -.0359818    .1774026
      lcmsgs |  -.0596663   .0429417    -1.39   0.165    -.1438304    .0244979
    lwgidnow |  -.1049375   .1131829    -0.93   0.354    -.3267718    .1168968
        aut2 |   .1210493   .1162022     1.04   0.298    -.1067028    .3488014
        aut3 |   .2014723   .1258605     1.60   0.109    -.0452098    .4481544
       aDum2 |   .0254935   .2079541     0.12   0.902    -.3820891    .4330762
       aDum3 |  -.1819144   .2455611    -0.74   0.459    -.6632054    .2993765
       aDum4 |   .2080544   .1715819     1.21   0.225    -.1282399    .5443487
       aDum5 |  -.0509023   .2109266    -0.24   0.809    -.4643108    .3625062
       aDum6 |   .1387812   .1612261     0.86   0.389    -.1772161    .4547785
       yDum2 |   .3206768   .2868094     1.12   0.264    -.2414593     .882813
       yDum3 |    .275815   .3194012     0.86   0.388    -.3501999    .9018299
       yDum4 |   .9981219   .2453808     4.07   0.000     .5171844    1.479059
       yDum5 |   .5810424   .2693859     2.16   0.031     .0530559    1.109029
       yDum6 |   .9223258   .2868141     3.22   0.001     .3601805    1.484471
       yDum7 |   .8602177    .246344     3.49   0.000     .3773924    1.343043
       yDum8 |   .8636009   .2841865     3.04   0.002     .3066056    1.420596
       yDum9 |   .6699048   .2661047     2.52   0.012     .1483492     1.19146
      yDum10 |   .7846676   .2530908     3.10   0.002     .2886188    1.280716
      yDum11 |   1.046668   .2653592     3.94   0.000     .5265736    1.566762
       _cons |   6.952514   .8789475     7.91   0.000     5.229809     8.67522
-------------+----------------------------------------------------------------
eq3          |
     anyKeys |   .2234306   .1467512     1.52   0.128    -.0641964    .5110577
       lKeys |   .0849202   .0504481     1.68   0.092    -.0139562    .1837967
       lnSTB |   .2236089   .2538982     0.88   0.378    -.2740223    .7212401
      lwgipr |  -.0293338    .020377    -1.44   0.150     -.069272    .0106044
      othDum |   -.048067   .1052642    -0.46   0.648     -.254381    .1582469
       lsize |   -.017894   .0615342    -0.29   0.771    -.1384989    .1027108
      lcmsgs |    .095492   .0343855     2.78   0.005     .0280976    .1628864
    lwgidnow |  -.0129196   .1146205    -0.11   0.910    -.2375716    .2117324
        aut2 |   .0577889   .0925374     0.62   0.532    -.1235811     .239159
        aut3 |   .0327644   .1106145     0.30   0.767    -.1840361    .2495649
       aDum2 |   .3144138   .1853893     1.70   0.090    -.0489426    .6777703
       aDum3 |    .044388   .2568072     0.17   0.863    -.4589449     .547721
       aDum4 |  -.0827741   .2504874    -0.33   0.741    -.5737203    .4081721
       aDum5 |   .1017973   .1807408     0.56   0.573    -.2524481    .4560427
       aDum6 |   .2270387   .1995985     1.14   0.255    -.1641672    .6182446
       yDum2 |   .2042133    .371972     0.55   0.583    -.5248384    .9332651
       yDum3 |   .7087596   .3412056     2.08   0.038     .0400089     1.37751
       yDum4 |   .6631041   .2821034     2.35   0.019     .1101916    1.216017
       yDum5 |   .2819083   .2768771     1.02   0.309    -.2607608    .8245774
       yDum6 |   .0371408   .2731634     0.14   0.892    -.4982496    .5725312
       yDum7 |  -.0825909   .2693026    -0.31   0.759    -.6104144    .4452326
       yDum8 |   .2293421   .2626261     0.87   0.383    -.2853956    .7440798
       yDum9 |  -.0916029   .2582027    -0.35   0.723    -.5976709     .414465
      yDum10 |  -.0666438   .2823106    -0.24   0.813    -.6199625    .4866749
      yDum11 |  -.0669561   .2894938    -0.23   0.817    -.6343535    .5004413
       _cons |  -1.388895    1.28983    -1.08   0.282    -3.916916    1.139126
-------------+----------------------------------------------------------------
lns1         |
       _cons |  -.2029725   .0430582    -4.71   0.000    -.2873649     -.11858
-------------+----------------------------------------------------------------
lns2         |
       _cons |   .0576032   .0394034     1.46   0.144     -.019626    .1348323
-------------+----------------------------------------------------------------
theta1       |
       _cons |   .1302474    .164364     0.79   0.428    -.1919002     .452395
-------------+----------------------------------------------------------------
theta2       |
       _cons |   .0678349    .298464     0.23   0.820    -.5171439    .6528136
------------------------------------------------------------------------------

. est store switch2

. 
. * Hypothesis Tests
. test [eq1 = eq2]: lnSTB

 ( 1)  [eq1]lnSTB - [eq2]lnSTB = 0

           chi2(  1) =    9.21
         Prob > chi2 =    0.0024

. test [eq1 = eq2]: lwgipr 

 ( 1)  [eq1]lwgipr - [eq2]lwgipr = 0

           chi2(  1) =    0.01
         Prob > chi2 =    0.9187

. test [eq1 = eq2]: othDum

 ( 1)  [eq1]othDum - [eq2]othDum = 0

           chi2(  1) =    2.31
         Prob > chi2 =    0.1285

. test [eq3]: anyKeys lKeys

 ( 1)  [eq3]anyKeys = 0
 ( 2)  [eq3]lKeys = 0

           chi2(  2) =   20.67
         Prob > chi2 =    0.0000

. test [theta1]_cons [theta2]_cons

 ( 1)  [theta1]_cons = 0
 ( 2)  [theta2]_cons = 0

           chi2(  2) =    0.63
         Prob > chi2 =    0.7302

. display %8.2f tanh([theta1]_cons) %8.2f tanh([theta2]_cons)
    0.13    0.07

. testnl (tanh([theta1]_cons) = 0) (tanh([theta2]_cons) = 0)

  (1)  tanh([theta1]_cons) = 0
  (2)  tanh([theta2]_cons) = 0

               chi2(2) =        0.64
           Prob > chi2 =        0.7250

. 
. * Regression Statistics
. qui testparm aDum*

. display  "TechArea Effects   " %8.2f r(chi2)  %8.2f r(p)   %8.2f r(df)
TechArea Effects      40.94    0.00   15.00

. qui testparm yDum*

. display  "PubCohort Effects  " %8.2f r(chi2)  %8.2f r(p)   %8.2f r(df)
PubCohort Effects    124.30    0.00   30.00

. qui testparm `controls'

. display  "ControlVar Effects " %8.2f r(chi2)  %8.2f r(p)   %8.2f r(df)
ControlVar Effects    82.35    0.00   15.00

. tab exiType if e(sample)

1=Censored; |
 2=Expired; |
3=Nonstanda |
rd;4=Standa |
         rd |      Freq.     Percent        Cum.
------------+-----------------------------------
          1 |         58        2.54        2.54
          2 |        820       35.85       38.39
          3 |        474       20.73       59.12
          4 |        935       40.88      100.00
------------+-----------------------------------
      Total |      2,287      100.00

. 
. estout  _all, cells(b(fmt(2)) se(par fmt(2) star)) stats(N df_m, fmt(0 %8.2f 0 0)) drop(`controls' aDum* yDum* _cons) style(tex) starlevels(+ 0.1 * 0.05 ** 0.01 *** 0.01)

            &     switch1   &     switch2   \\
            &        b/se   &        b/se   \\
eq1         &               &               \\
lnSTB       &        0.37   &        0.27   \\
            &      (0.14)***&      (0.17)   \\
lwgipr      &        0.02   &        0.01   \\
            &      (0.01)   &      (0.02)   \\
othDum      &        0.09   &        0.05   \\
            &      (0.06)   &      (0.06)   \\
eq2         &               &               \\
lnSTB       &       -0.39   &       -0.52   \\
            &      (0.17)*  &      (0.18)***\\
lwgipr      &        0.02   &        0.01   \\
            &      (0.02)   &      (0.03)   \\
othDum      &       -0.11   &       -0.13   \\
            &      (0.11)   &      (0.11)   \\
eq3         &               &               \\
anyKeys     &        0.19   &        0.22   \\
            &      (0.14)   &      (0.15)   \\
lKeys       &        0.08   &        0.08   \\
            &      (0.05)   &      (0.05)+  \\
lnSTB       &        0.21   &        0.22   \\
            &      (0.27)   &      (0.25)   \\
lwgipr      &       -0.03   &       -0.03   \\
            &      (0.02)   &      (0.02)   \\
othDum      &       -0.03   &       -0.05   \\
            &      (0.11)   &      (0.11)   \\
N           &        1166   &        2287   \\
df_m        &        8.00   &       23.00   \\

. log close
      name:  <unnamed>
       log:  /Users/timsimcoe/research/active/SSOCommittees/analysis/tables/endogSwitch.log
  log type:  text
 closed on:   9 Jun 2010, 20:43:25
--------------------------------------------------------------------------------------------------------------------------------------------------------------------------------------------------------
