--------------------------------------------------------------------------------------------------------------------------------------------------------------------------------------------------------
      name:  <unnamed>
       log:  /Users/timsimcoe/research/active/SSOCommittees/analysis/tables/olsKeywords.log
  log type:  text
 opened on:   9 Jun 2010, 20:43:25

. ***********************************************
. * Keywords are Correlated with NS Dealys
. ***********************************************
. ** WG Covariates
. qui xi: reg lnDur lnSTB lwgipr othDum anyKeys lKeys `controls' i.techarea i.pubCohort if strfc & cSample, cluster(wg) 

. est store ols1

. test anyKeys lKeys

 ( 1)  anyKeys = 0
 ( 2)  lKeys = 0

       F(  2,   132) =    0.42
            Prob > F =    0.6561

. qui xi: reg lnDur lnSTB lwgipr othDum anyKeys lKeys `controls' i.techarea i.pubCohort if nsrfc & cSample, cluster(wg)

. est store ols2

. test anyKeys lKeys

 ( 1)  anyKeys = 0
 ( 2)  lKeys = 0

       F(  2,   128) =    2.54
            Prob > F =    0.0825

. qui xi: reg ttlDur stbafl1yr lwgipr othDum anyKeys lKeys `controls' i.techarea i.pubCohort if strfc & cSample, cluster(wg) 

. est store ols3

. test anyKeys lKeys

 ( 1)  anyKeys = 0
 ( 2)  lKeys = 0

       F(  2,   132) =    0.24
            Prob > F =    0.7872

. qui xi: reg ttlDur stbafl1yr lwgipr othDum anyKeys lKeys `controls' i.techarea i.pubCohort if nsrfc & cSample, cluster(wg)

. est store ols4

. test anyKeys lKeys

 ( 1)  anyKeys = 0
 ( 2)  lKeys = 0

       F(  2,   128) =    3.82
            Prob > F =    0.0245

. 
. estout  _all, cells(b(fmt(3)) se(par fmt(3) star)) stats(N r2 df_m N_g, fmt(0 %8.2f 0 0)) drop(`controls' _I* _cons) style(tex) starlevels(+ 0.1 * 0.05 ** 0.01 *** 0.01)

            &        ols1   &        ols2   &        ols3   &        ols4   \\
            &        b/se   &        b/se   &        b/se   &        b/se   \\
lnSTB       &       0.342   &      -0.461   &               &               \\
            &     (0.146)*  &     (0.169)***&               &               \\
lwgipr      &       0.024   &       0.003   &      12.728   &       3.951   \\
            &     (0.014)+  &     (0.017)   &     (7.309)+  &     (7.988)   \\
othDum      &       0.097   &      -0.106   &      83.929   &     -52.119   \\
            &     (0.063)   &     (0.114)   &    (33.309)*  &    (61.415)   \\
anyKeys     &      -0.020   &       0.285   &       4.324   &     182.583   \\
            &     (0.099)   &     (0.159)+  &    (63.980)   &    (83.098)*  \\
lKeys       &      -0.016   &      -0.035   &     -11.800   &     -24.185   \\
            &     (0.035)   &     (0.053)   &    (23.979)   &    (26.216)   \\
stbafl1yr   &               &               &       4.452   &      -3.981   \\
            &               &               &     (1.540)***&     (1.824)*  \\
N           &         773   &         393   &         773   &         393   \\
r2          &        0.19   &        0.16   &        0.21   &        0.13   \\
df_m        &          24   &          24   &          24   &          24   \\
N_g         &               &               &               &               \\

. est clear

. 
. 
. ***********************************************
. * Two-Step (Heckit) Estimates in Logs and Levels
. ***********************************************
. qui xi: probit strfc anyKeys lKeys lnSTB lwgipr othDum `controls' i.techarea i.pubCohort if ((strfc|nsrfc) & cSample == 1), cluster(wg)

. predict fitted, xb
(314 missing values generated)

. mfx, nose 

Marginal effects after probit
      y  = Pr(strfc) (predict)
         =  .67329224
-------------------------------------------------------------------------------
                        variable |          dy/dx                 X
---------------------------------+---------------------------------------------
                         anyKeys*|        .0588887            .676672
                           lKeys |        .0315249            1.74591
                           lnSTB |         .078536            4.26005
                          lwgipr |       -.0090336            7.47105
                          othDum*|       -.0105084            .252144
                           lsize |         .019433            10.2744
                          lcmsgs |        .0262621            6.65738
                        lwgidnow |        .0532709            1.88664
                            aut2*|         .023637            .287307
                            aut3*|       -.0308335            .252144
                    _Itecharea_3*|        .0976991            .232419
                    _Itecharea_4*|        .0680758             .14494
                    _Itecharea_5*|       -.0391318            .099485
                    _Itecharea_6*|        .0383995            .119211
                    _Itecharea_8*|        .0473658            .229846
                _IpubCohort_1994*|        .0569144            .031732
                _IpubCohort_1995*|         .187875            .053173
                _IpubCohort_1996*|        .1446778            .086621
                _IpubCohort_1997*|        .0693783            .120926
                _IpubCohort_1998*|       -.0430026            .092624
                _IpubCohort_1999*|       -.0858383            .117496
                _IpubCohort_2000*|        .0417263            .136364
                _IpubCohort_2001*|       -.0493153            .156947
                _IpubCohort_2002*|       -.0547376            .171527
-------------------------------------------------------------------------------
(*) dy/dx is for discrete change of dummy variable from 0 to 1

. g st_millsTerm = strfc*normalden(fitted)/normal(fitted) 
(314 missing values generated)

. g ns_millsTerm = nsrfc*normalden(fitted)/(1-normal(fitted)) 
(314 missing values generated)

. 
. qui xi: reg ttlDur st_stbafl1yr st_lwgipr st_orgDum st_eduDum stbafl1yr lwgipr othDum `st_controls' `controls' i.techarea i.pubCohort*i.strfc if ((strfc|nsrfc) & cSample==1 & match_samp2==1), cluste
> r(wg)

. est store col1

. qui xi: reg ttlDur st_stbafl1yr st_lwgipr st_orgDum st_eduDum stbafl1yr lwgipr othDum st_millsTerm ns_millsTerm `st_controls' `controls' i.techarea i.pubCohort*i.strfc if ((strfc|nsrfc) & cSample==1
>  & match_samp2==1), cluster(wg)

. est store col2

. test st_millsTerm ns_millsTerm

 ( 1)  st_millsTerm = 0
 ( 2)  ns_millsTerm = 0

       F(  2,   150) =    1.94
            Prob > F =    0.1475

. 
. qui xi: reg lnDur st_lnSTB st_lwgipr st_orgDum st_eduDum lnSTB lwgipr othDum `st_controls' `controls' i.techarea i.pubCohort*i.strfc if ((strfc|nsrfc) & cSample==1 & match_samp2==1), cluster(wg)

. est store col3

. qui xi: reg lnDur st_lnSTB st_lwgipr st_orgDum st_eduDum lnSTB lwgipr othDum st_millsTerm ns_millsTerm `st_controls' `controls' i.techarea i.pubCohort*i.strfc if ((strfc|nsrfc) & cSample==1 & match_
> samp2==1), cluster(wg)

. est store col4

. test st_millsTerm ns_millsTerm

 ( 1)  st_millsTerm = 0
 ( 2)  ns_millsTerm = 0

       F(  2,   150) =    0.88
            Prob > F =    0.4159

. 
. estout  _all, cells(b(fmt(3)) se(par fmt(3) star)) order(st_stbafl1yr st_lnSTB) stats(N r2 df_m N_g, fmt(0 %8.2f 0 0)) drop(`controls' _I* _cons) style(tex) starlevels(+ 0.1 * 0.05 ** 0.01 *** 0.01)

            &        col1   &        col2   &        col3   &        col4   \\
            &        b/se   &        b/se   &        b/se   &        b/se   \\
st_stbafl1yr&       8.037   &       8.951   &               &               \\
            &     (2.323)***&     (2.282)***&               &               \\
st_lnSTB    &               &               &       0.832   &       0.897   \\
            &               &               &     (0.278)***&     (0.280)***\\
st_lwgipr   &       3.443   &      -1.748   &       0.009   &       0.004   \\
            &    (10.302)   &    (10.813)   &     (0.023)   &     (0.023)   \\
st_orgDum   &     290.635   &     276.932   &       0.373   &       0.358   \\
            &    (91.907)***&    (93.014)***&     (0.135)***&     (0.139)*  \\
st_eduDum   &     173.717   &     168.203   &       0.236   &       0.233   \\
            &    (80.419)*  &    (80.764)*  &     (0.136)+  &     (0.138)+  \\
stbafl1yr   &      -2.159   &      -2.761   &               &               \\
            &     (1.722)   &     (1.805)   &               &               \\
lwgipr      &       0.870   &       4.877   &       0.001   &       0.004   \\
            &     (7.832)   &     (8.796)   &     (0.018)   &     (0.019)   \\
othDum      &    -102.072   &     -93.063   &      -0.166   &      -0.159   \\
            &    (72.034)   &    (72.134)   &     (0.121)   &     (0.124)   \\
st_lsize    &      71.297   &      95.744   &       0.087   &       0.117   \\
            &    (38.257)+  &    (41.008)*  &     (0.079)   &     (0.081)   \\
st_lcmsgs   &      -7.128   &      13.091   &       0.009   &       0.033   \\
            &    (22.818)   &    (24.092)   &     (0.047)   &     (0.049)   \\
st_lwgidnow &      57.512   &      99.516   &       0.071   &       0.120   \\
            &    (65.187)   &    (67.952)   &     (0.130)   &     (0.132)   \\
st_aut2     &     -44.354   &     -30.698   &      -0.106   &      -0.091   \\
            &    (75.266)   &    (74.115)   &     (0.128)   &     (0.131)   \\
st_aut3     &    -148.256   &    -173.241   &      -0.254   &      -0.281   \\
            &    (83.721)+  &    (81.648)*  &     (0.171)   &     (0.164)+  \\
st_millsTerm&               &     180.468   &               &       0.337   \\
            &               &   (218.178)   &               &     (0.330)   \\
ns_millsTerm&               &     239.906   &               &       0.185   \\
            &               &   (155.715)   &               &     (0.294)   \\
lnSTB       &               &               &      -0.328   &      -0.351   \\
            &               &               &     (0.217)   &     (0.222)   \\
N           &         952   &         952   &         952   &         952   \\
r2          &        0.22   &        0.22   &        0.20   &        0.21   \\
df_m        &          41   &          43   &          41   &          43   \\
N_g         &               &               &               &               \\

. est clear

. 
. 
. *********************************
. * Full Sample Constrained Exogenous Switching Model
. *********************************
. ml model lf newSwitch (lnDur = lnSTB lwgipr othDum `controls' aDum* yDum*) (lnSTB lwgipr othDum `controls' aDum* yDum*) (anyKeys lKeys lnSTB lwgipr othDum `controls' aDum* yDum*) /lns1 /lns2 /theta1
>  /theta2, cluster(wg) constraint(1 2 3 5)

. ml init stval, copy

. ml maximize, difficult

initial:       log pseudolikelihood = -4044.9019
rescale:       log pseudolikelihood = -4044.9019
rescale eq:    log pseudolikelihood = -4044.9019
Iteration 0:   log pseudolikelihood = -4094.1995  (not concave)
Iteration 1:   log pseudolikelihood = -4011.5375  
Iteration 2:   log pseudolikelihood =  -3964.593  
Iteration 3:   log pseudolikelihood =    -3963.3  
Iteration 4:   log pseudolikelihood = -3963.2976  
Iteration 5:   log pseudolikelihood = -3963.2976  

                                                  Number of obs   =       2287
                                                  Wald chi2(8)    =      45.52
Log pseudolikelihood = -3963.2976                 Prob > chi2     =     0.0000

 ( 1)  [eq1]aDum2 - [eq2]aDum2 = 0
 ( 2)  [eq1]aDum3 - [eq2]aDum3 = 0
 ( 3)  [eq1]aDum4 - [eq2]aDum4 = 0
 ( 4)  [eq1]aDum5 - [eq2]aDum5 = 0
 ( 5)  [eq1]aDum6 - [eq2]aDum6 = 0
 ( 6)  [theta1]_cons = 0
 ( 7)  [theta2]_cons = 0
 ( 8)  [eq1]yDum2 - [eq2]yDum2 = 0
 ( 9)  [eq1]yDum3 - [eq2]yDum3 = 0
 (10)  [eq1]yDum4 - [eq2]yDum4 = 0
 (11)  [eq1]yDum5 - [eq2]yDum5 = 0
 (12)  [eq1]yDum6 - [eq2]yDum6 = 0
 (13)  [eq1]yDum7 - [eq2]yDum7 = 0
 (14)  [eq1]yDum8 - [eq2]yDum8 = 0
 (15)  [eq1]yDum9 - [eq2]yDum9 = 0
 (16)  [eq1]yDum10 - [eq2]yDum10 = 0
 (17)  [eq1]yDum11 - [eq2]yDum11 = 0
                                   (Std. Err. adjusted for 211 clusters in wg)
------------------------------------------------------------------------------
             |               Robust
       lnDur |      Coef.   Std. Err.      z    P>|z|     [95% Conf. Interval]
-------------+----------------------------------------------------------------
eq1          |
       lnSTB |   .2830096   .1629205     1.74   0.082    -.0363086    .6023278
      lwgipr |   .0057959   .0155547     0.37   0.709    -.0246907    .0362826
      othDum |    .016051   .0607524     0.26   0.792    -.1030215    .1351235
       lsize |   .1544494   .0323796     4.77   0.000     .0909865    .2179123
      lcmsgs |  -.1009782   .0244203    -4.14   0.000    -.1488411   -.0531153
    lwgidnow |   .1369913    .074777     1.83   0.067    -.0095688    .2835515
        aut2 |   .0213046   .0660785     0.32   0.747    -.1082069     .150816
        aut3 |    .056245   .0645708     0.87   0.384    -.0703115    .1828015
       aDum2 |   -.061455   .1032991    -0.59   0.552    -.2639175    .1410076
       aDum3 |  -.0535563   .1277233    -0.42   0.675    -.3038894    .1967767
       aDum4 |   .3690288   .1009908     3.65   0.000     .1710904    .5669672
       aDum5 |   .1212753   .1209187     1.00   0.316     -.115721    .3582715
       aDum6 |   .0444231   .1014859     0.44   0.662    -.1544855    .2433317
       yDum2 |    .330486   .2278236     1.45   0.147    -.1160401    .7770121
       yDum3 |    .344963   .2277736     1.51   0.130     -.101465     .791391
       yDum4 |   .7556469   .2005304     3.77   0.000     .3626144    1.148679
       yDum5 |    .423531   .2017222     2.10   0.036     .0281628    .8188992
       yDum6 |   .3509307   .1807988     1.94   0.052    -.0034285      .70529
       yDum7 |   .6638374   .2068741     3.21   0.001     .2583717    1.069303
       yDum8 |   .6828662   .1967521     3.47   0.001     .2972393    1.068493
       yDum9 |   .8233734   .2042656     4.03   0.000     .4230203    1.223727
      yDum10 |   .7740093   .2076314     3.73   0.000     .3670593    1.180959
      yDum11 |   .8438115   .2079314     4.06   0.000     .4362734     1.25135
       _cons |   3.200863   .7553001     4.24   0.000     1.720502    4.681224
-------------+----------------------------------------------------------------
eq2          |
       lnSTB |  -.5353595   .1666461    -3.21   0.001    -.8619799   -.2087391
      lwgipr |   .0311997    .020254     1.54   0.123    -.0084974    .0708969
      othDum |  -.0822344   .1089675    -0.75   0.450    -.2958067    .1313379
       lsize |   .0654265   .0502521     1.30   0.193    -.0330657    .1639187
      lcmsgs |  -.0854688   .0389088    -2.20   0.028    -.1617287    -.009209
    lwgidnow |   -.091815   .1082248    -0.85   0.396    -.3039317    .1203016
        aut2 |   .1217415   .1171178     1.04   0.299    -.1078052    .3512881
        aut3 |   .1295052   .1288406     1.01   0.315    -.1230177    .3820281
       aDum2 |   -.061455   .1032991    -0.59   0.552    -.2639175    .1410076
       aDum3 |  -.0535563   .1277233    -0.42   0.675    -.3038894    .1967767
       aDum4 |   .3690288   .1009908     3.65   0.000     .1710904    .5669672
       aDum5 |   .1212753   .1209187     1.00   0.316     -.115721    .3582715
       aDum6 |   .0444231   .1014859     0.44   0.662    -.1544855    .2433317
       yDum2 |    .330486   .2278236     1.45   0.147    -.1160401    .7770121
       yDum3 |    .344963   .2277736     1.51   0.130     -.101465     .791391
       yDum4 |   .7556469   .2005304     3.77   0.000     .3626144    1.148679
       yDum5 |    .423531   .2017222     2.10   0.036     .0281628    .8188992
       yDum6 |   .3509307   .1807988     1.94   0.052    -.0034285      .70529
       yDum7 |   .6638374   .2068741     3.21   0.001     .2583717    1.069303
       yDum8 |   .6828662   .1967521     3.47   0.001     .2972393    1.068493
       yDum9 |   .8233734   .2042656     4.03   0.000     .4230203    1.223727
      yDum10 |   .7740093   .2076314     3.73   0.000     .3670593    1.180959
      yDum11 |   .8438115   .2079314     4.06   0.000     .4362734     1.25135
       _cons |   7.100844   .7989031     8.89   0.000     5.535023    8.666666
-------------+----------------------------------------------------------------
eq3          |
     anyKeys |   .2598762   .1184946     2.19   0.028      .027631    .4921214
       lKeys |   .0759021   .0408781     1.86   0.063    -.0042176    .1560217
       lnSTB |   .1943606       .243     0.80   0.424    -.2819107    .6706318
      lwgipr |  -.0259548   .0197835    -1.31   0.190    -.0647298    .0128201
      othDum |  -.0326715   .1030046    -0.32   0.751    -.2345568    .1692138
       lsize |   -.000299    .059283    -0.01   0.996    -.1164916    .1158937
      lcmsgs |    .094282   .0362094     2.60   0.009     .0233128    .1652512
    lwgidnow |  -.0164181   .1157858    -0.14   0.887    -.2433541     .210518
        aut2 |   .0582054   .0922866     0.63   0.528     -.122673    .2390837
        aut3 |   .0269445   .1105883     0.24   0.808    -.1898047    .2436937
       aDum2 |   .3594939   .1797384     2.00   0.045     .0072132    .7117747
       aDum3 |   .0823852   .2474662     0.33   0.739    -.4026395      .56741
       aDum4 |  -.0252634   .2299864    -0.11   0.913    -.4760286    .4255017
       aDum5 |   .1466729   .1664567     0.88   0.378    -.1795762    .4729221
       aDum6 |   .2384919   .1906526     1.25   0.211    -.1351803     .612164
       yDum2 |   .1801041   .3628032     0.50   0.620    -.5309772    .8911854
       yDum3 |   .6917232   .3242794     2.13   0.033     .0561472    1.327299
       yDum4 |   .6357278   .2754153     2.31   0.021     .0959238    1.175532
       yDum5 |   .2457365   .2617939     0.94   0.348    -.2673702    .7588432
       yDum6 |  -.0208731   .2598215    -0.08   0.936     -.530114    .4883677
       yDum7 |  -.1164949    .263026    -0.44   0.658    -.6320163    .3990265
       yDum8 |   .1920967   .2530819     0.76   0.448    -.3039348    .6881281
       yDum9 |  -.1242772   .2528862    -0.49   0.623     -.619925    .3713706
      yDum10 |  -.0985205   .2745422    -0.36   0.720    -.6366134    .4395723
      yDum11 |  -.1136559   .2756776    -0.41   0.680     -.653974    .4266622
       _cons |  -1.464583   1.240549    -1.18   0.238    -3.896014    .9668486
-------------+----------------------------------------------------------------
lns1         |
       _cons |  -.2083374    .038048    -5.48   0.000      -.28291   -.1337648
-------------+----------------------------------------------------------------
lns2         |
       _cons |    .084247   .0341265     2.47   0.014     .0173604    .1511337
-------------+----------------------------------------------------------------
theta1       |
       _cons |  (omitted)
-------------+----------------------------------------------------------------
theta2       |
       _cons |  (omitted)
------------------------------------------------------------------------------

. 
. * Hypothesis Tests
. test [eq3]: anyKeys lKeys

 ( 1)  [eq3]anyKeys = 0
 ( 2)  [eq3]lKeys = 0

           chi2(  2) =   22.71
         Prob > chi2 =    0.0000

. test [eq1 = eq2]: lnSTB

 ( 1)  [eq1]lnSTB - [eq2]lnSTB = 0

           chi2(  1) =   11.85
         Prob > chi2 =    0.0006

. test [eq1 = eq2]: lwgipr 

 ( 1)  [eq1]lwgipr - [eq2]lwgipr = 0

           chi2(  1) =    1.00
         Prob > chi2 =    0.3179

. test [eq1 = eq2]: othDum

 ( 1)  [eq1]othDum - [eq2]othDum = 0

           chi2(  1) =    0.69
         Prob > chi2 =    0.4065

. 
. * Regression Statistics
. qui testparm aDum*

. display  "TechArea Effects   " %8.2f r(chi2)  %8.2f r(p)   %8.2f r(df)
TechArea Effects      40.98    0.00   10.00

. qui testparm yDum*

. display  "PubCohort Effects  " %8.2f r(chi2)  %8.2f r(p)   %8.2f r(df)
PubCohort Effects     88.86    0.00   20.00

. qui testparm `controls'

. display  "ControlVar Effects " %8.2f r(chi2)  %8.2f r(p)   %8.2f r(df)
ControlVar Effects    80.31    0.00   15.00

. tab exiType if e(sample)

1=Censored; |
 2=Expired; |
3=Nonstanda |
rd;4=Standa |
         rd |      Freq.     Percent        Cum.
------------+-----------------------------------
          1 |         58        2.54        2.54
          2 |        820       35.85       38.39
          3 |        474       20.73       59.12
          4 |        935       40.88      100.00
------------+-----------------------------------
      Total |      2,287      100.00

. 
. 
. *********************************
. * Endogenous Switching Model on Common Support
. *********************************
. ml model lf newSwitch (lnDur = lnSTB lwgipr othDum `controls' aDum* yDum*) (lnSTB lwgipr othDum `controls' aDum* yDum*) (anyKeys lKeys lnSTB lwgipr othDum `controls' aDum* yDum*) /lns1 /lns2 /theta1
>  /theta2 if (match_samp2==1), cluster(wg) constraint(1 5)

. ml init stval, copy

. ml maximize, difficult

initial:       log pseudolikelihood = -3257.1271
rescale:       log pseudolikelihood = -3257.1271
rescale eq:    log pseudolikelihood = -3257.1271
Iteration 0:   log pseudolikelihood = -3299.4348  (not concave)
Iteration 1:   log pseudolikelihood = -3256.3152  (not concave)
Iteration 2:   log pseudolikelihood = -3190.4241  
Iteration 3:   log pseudolikelihood = -3182.9033  (not concave)
Iteration 4:   log pseudolikelihood = -3182.7946  
Iteration 5:   log pseudolikelihood =  -3182.658  
Iteration 6:   log pseudolikelihood = -3182.6578  

                                                  Number of obs   =       1857
                                                  Wald chi2(8)    =      44.51
Log pseudolikelihood = -3182.6578                 Prob > chi2     =     0.0000

 ( 1)  [eq1]aDum2 - [eq2]aDum2 = 0
 ( 2)  [eq1]aDum3 - [eq2]aDum3 = 0
 ( 3)  [eq1]aDum4 - [eq2]aDum4 = 0
 ( 4)  [eq1]aDum5 - [eq2]aDum5 = 0
 ( 5)  [eq1]aDum6 - [eq2]aDum6 = 0
 ( 6)  [eq1]yDum2 - [eq2]yDum2 = 0
 ( 7)  [eq1]yDum3 - [eq2]yDum3 = 0
 ( 8)  [eq1]yDum4 - [eq2]yDum4 = 0
 ( 9)  [eq1]yDum5 - [eq2]yDum5 = 0
 (10)  [eq1]yDum6 - [eq2]yDum6 = 0
 (11)  [eq1]yDum7 - [eq2]yDum7 = 0
 (12)  [eq1]yDum8 - [eq2]yDum8 = 0
 (13)  [eq1]yDum9 - [eq2]yDum9 = 0
 (14)  [eq1]yDum10 - [eq2]yDum10 = 0
 (15)  [eq1]yDum11 - [eq2]yDum11 = 0
                                   (Std. Err. adjusted for 179 clusters in wg)
------------------------------------------------------------------------------
             |               Robust
       lnDur |      Coef.   Std. Err.      z    P>|z|     [95% Conf. Interval]
-------------+----------------------------------------------------------------
eq1          |
       lnSTB |   .3255536   .2025754     1.61   0.108    -.0714869    .7225941
      lwgipr |  -.0124657   .0153895    -0.81   0.418    -.0426285    .0176971
      othDum |  -.0134855   .0647118    -0.21   0.835    -.1403183    .1133474
       lsize |    .187663   .0360623     5.20   0.000     .1169822    .2583439
      lcmsgs |  -.0791903   .0261257    -3.03   0.002    -.1303958   -.0279847
    lwgidnow |   .1520614   .0708528     2.15   0.032     .0131924    .2909304
        aut2 |   .0244931   .0660077     0.37   0.711    -.1048797    .1538658
        aut3 |   .0335945   .0746893     0.45   0.653    -.1127939    .1799829
       aDum2 |  -.0105371   .1089711    -0.10   0.923    -.2241165    .2030423
       aDum3 |  -.1038042   .1340296    -0.77   0.439    -.3664974    .1588889
       aDum4 |   .3795868    .113417     3.35   0.001     .1572935      .60188
       aDum5 |   .1260168   .1268347     0.99   0.320    -.1225746    .3746082
       aDum6 |   .0495544   .1004907     0.49   0.622    -.1474038    .2465125
       yDum2 |   .5002888   .2835265     1.76   0.078    -.0554131    1.055991
       yDum3 |   .3537914   .2631674     1.34   0.179    -.1620073    .8695901
       yDum4 |    .808568   .2291666     3.53   0.000     .3594097    1.257726
       yDum5 |   .4015057   .2127315     1.89   0.059    -.0154405    .8184519
       yDum6 |   .3497084    .212523     1.65   0.100    -.0668291    .7662459
       yDum7 |   .6696988   .2249736     2.98   0.003     .2287586    1.110639
       yDum8 |   .6103487    .211234     2.89   0.004     .1963376     1.02436
       yDum9 |   .8351918   .2249353     3.71   0.000     .3943267    1.276057
      yDum10 |   .7542636   .2193097     3.44   0.001     .3244245    1.184103
      yDum11 |   .7865761   .2244989     3.50   0.000     .3465663    1.226586
       _cons |    2.59558   .9472595     2.74   0.006     .7389852    4.452174
-------------+----------------------------------------------------------------
eq2          |
       lnSTB |  -.3987961   .2128607    -1.87   0.061    -.8159954    .0184033
      lwgipr |   .0266553    .023962     1.11   0.266    -.0203093      .07362
      othDum |  -.0277714   .1284964    -0.22   0.829    -.2796198    .2240769
       lsize |    .055858   .0578543     0.97   0.334    -.0575343    .1692503
      lcmsgs |    -.08779   .0620657    -1.41   0.157    -.2094365    .0338565
    lwgidnow |  -.0875968   .1382264    -0.63   0.526    -.3585155    .1833218
        aut2 |   .1455113    .127376     1.14   0.253    -.1041411    .3951637
        aut3 |   .1971751   .1694219     1.16   0.245    -.1348859     .529236
       aDum2 |  -.0105371   .1089711    -0.10   0.923    -.2241165    .2030423
       aDum3 |  -.1038042   .1340296    -0.77   0.439    -.3664974    .1588889
       aDum4 |   .3795868    .113417     3.35   0.001     .1572935      .60188
       aDum5 |   .1260168   .1268347     0.99   0.320    -.1225746    .3746082
       aDum6 |   .0495544   .1004907     0.49   0.622    -.1474038    .2465125
       yDum2 |   .5002888   .2835265     1.76   0.078    -.0554131    1.055991
       yDum3 |   .3537914   .2631674     1.34   0.179    -.1620073    .8695901
       yDum4 |    .808568   .2291666     3.53   0.000     .3594097    1.257726
       yDum5 |   .4015057   .2127315     1.89   0.059    -.0154405    .8184519
       yDum6 |   .3497084    .212523     1.65   0.100    -.0668291    .7662459
       yDum7 |   .6696988   .2249736     2.98   0.003     .2287586    1.110639
       yDum8 |   .6103487    .211234     2.89   0.004     .1963376     1.02436
       yDum9 |   .8351918   .2249353     3.71   0.000     .3943267    1.276057
      yDum10 |   .7542636   .2193097     3.44   0.001     .3244245    1.184103
      yDum11 |   .7865761   .2244989     3.50   0.000     .3465663    1.226586
       _cons |   6.833846   1.124778     6.08   0.000     4.629322    9.038369
-------------+----------------------------------------------------------------
eq3          |
     anyKeys |   .2694308   .1562015     1.72   0.085    -.0367186    .5755801
       lKeys |   .0696004   .0510082     1.36   0.172    -.0303737    .1695746
       lnSTB |   .0878632   .2725111     0.32   0.747    -.4462487    .6219751
      lwgipr |  -.0146287   .0226972    -0.64   0.519    -.0591144     .029857
      othDum |  -.0033917   .1290367    -0.03   0.979     -.256299    .2495157
       lsize |  -.0362749    .065884    -0.55   0.582    -.1654051    .0928554
      lcmsgs |   .0805376   .0446831     1.80   0.071    -.0070396    .1681149
    lwgidnow |  -.0661305   .1246046    -0.53   0.596     -.310351      .17809
        aut2 |   .1380852   .1046601     1.32   0.187    -.0670448    .3432151
        aut3 |   .1254869   .1212857     1.03   0.301    -.1122288    .3632026
       aDum2 |   .3998378   .1865349     2.14   0.032      .034236    .7654396
       aDum3 |   .1492202   .2926658     0.51   0.610    -.4243943    .7228346
       aDum4 |   .0012465   .2882659     0.00   0.997    -.5637442    .5662372
       aDum5 |   .1000698   .1765906     0.57   0.571    -.2460414    .4461811
       aDum6 |   .3323155   .2051448     1.62   0.105    -.0697609    .7343919
       yDum2 |   .4505005   .3460722     1.30   0.193    -.2277885    1.128789
       yDum3 |   .6601749   .3344311     1.97   0.048     .0047019    1.315648
       yDum4 |   .7369653    .294968     2.50   0.012     .1588386    1.315092
       yDum5 |   .5364407   .2839839     1.89   0.059    -.0201575    1.093039
       yDum6 |   .2129775   .3542717     0.60   0.548    -.4813823    .9073373
       yDum7 |   .0213601   .2832657     0.08   0.940    -.5338306    .5765507
       yDum8 |   .2580051   .2885167     0.89   0.371    -.3074773    .8234875
       yDum9 |   .1612292   .2777873     0.58   0.562    -.3832239    .7056823
      yDum10 |   .1532401   .2909409     0.53   0.598    -.4169936    .7234738
      yDum11 |  -.0049558   .3066275    -0.02   0.987    -.6059347    .5960231
       _cons |  -.7330115     1.2778    -0.57   0.566    -3.237454    1.771431
-------------+----------------------------------------------------------------
lns1         |
       _cons |  -.2056581   .0410427    -5.01   0.000    -.2861004   -.1252158
-------------+----------------------------------------------------------------
lns2         |
       _cons |   .0803882   .0677185     1.19   0.235    -.0523377    .2131141
-------------+----------------------------------------------------------------
theta1       |
       _cons |   .1250749   .2412381     0.52   0.604     -.347743    .5978929
-------------+----------------------------------------------------------------
theta2       |
       _cons |   .1699229   .5422459     0.31   0.754    -.8928596    1.232705
------------------------------------------------------------------------------

. 
. * Hypothesis Tests
. test [eq3]: anyKeys lKeys

 ( 1)  [eq3]anyKeys = 0
 ( 2)  [eq3]lKeys = 0

           chi2(  2) =   18.29
         Prob > chi2 =    0.0001

. test [eq1 = eq2]: lnSTB

 ( 1)  [eq1]lnSTB - [eq2]lnSTB = 0

           chi2(  1) =    5.61
         Prob > chi2 =    0.0179

. test [eq1 = eq2]: lwgipr 

 ( 1)  [eq1]lwgipr - [eq2]lwgipr = 0

           chi2(  1) =    1.97
         Prob > chi2 =    0.1602

. test [eq1 = eq2]: othDum

 ( 1)  [eq1]othDum - [eq2]othDum = 0

           chi2(  1) =    0.01
         Prob > chi2 =    0.9173

. display %8.2f tanh([theta1]_cons) %8.2f tanh([theta2]_cons)
    0.12    0.17

. testnl (tanh([theta1]_cons) = 0) (tanh([theta2]_cons) = 0)

  (1)  tanh([theta1]_cons) = 0
  (2)  tanh([theta2]_cons) = 0

               chi2(2) =        0.67
           Prob > chi2 =        0.7154

. 
. * Regression Statistics
. qui testparm aDum*

. display  "TechArea Effects   " %8.2f r(chi2)  %8.2f r(p)   %8.2f r(df)
TechArea Effects      30.18    0.00   10.00

. qui testparm yDum*

. display  "PubCohort Effects  " %8.2f r(chi2)  %8.2f r(p)   %8.2f r(df)
PubCohort Effects     78.93    0.00   20.00

. qui testparm `controls'

. display  "ControlVar Effects " %8.2f r(chi2)  %8.2f r(p)   %8.2f r(df)
ControlVar Effects    70.30    0.00   15.00

. tab exiType if e(sample)

1=Censored; |
 2=Expired; |
3=Nonstanda |
rd;4=Standa |
         rd |      Freq.     Percent        Cum.
------------+-----------------------------------
          1 |         40        2.15        2.15
          2 |        673       36.24       38.40
          3 |        355       19.12       57.51
          4 |        789       42.49      100.00
------------+-----------------------------------
      Total |      1,857      100.00

. 
. log close
      name:  <unnamed>
       log:  /Users/timsimcoe/research/active/SSOCommittees/analysis/tables/olsKeywords.log
  log type:  text
 closed on:   9 Jun 2010, 20:43:37
--------------------------------------------------------------------------------------------------------------------------------------------------------------------------------------------------------
