--------------------------------------------------------------------------------------------------------------------------------------------------------------------------------------------------------
      name:  <unnamed>
       log:  /Users/timsimcoe/research/active/SSOCommittees/analysis/tables/olsRobustSTB.log
  log type:  text
 opened on:   9 Jun 2010, 20:42:38

. ********************************************
. *      Robustness : Alternative STB Measures
. ********************************************
. ** STB Email (ID-Level)
. qui xi: reg ttlDur st_lwgipr st_othDum lwgipr othDum st_stbEmail stbEmail `st_controls' `controls' i.techarea i.pubCohort strfc if ((strfc|nsrfc)  & cSample & match_samp2), cluster(wg)

. est store col1

. qui xi: xtreg ttlDur st_lwgipr st_othDum lwgipr othDum st_stbEmail stbEmail `st_controls' `controls' i.pubCohort strfc if ((strfc|nsrfc)  & cSample & match_samp2), fe i(wg) robust

. est store col2

. estout  _all, cells(b(fmt(2)) se(par fmt(2) star)) stats(N r2 df_m N_g, fmt(0 %8.2f 0 0)) drop(`st_controls' `controls' _I*) style(tex) starlevels(+ 0.1 * 0.05 ** 0.01 *** 0.001)

            &        col1   &        col2   \\
            &        b/se   &        b/se   \\
st_lwgipr   &        2.03   &        3.88   \\
            &     (10.56)   &     (11.13)   \\
st_othDum   &      117.54   &       85.94   \\
            &     (73.08)   &     (74.13)   \\
lwgipr      &        0.72   &       13.22   \\
            &      (8.05)   &     (12.35)   \\
othDum      &      -18.96   &       -4.64   \\
            &     (66.93)   &     (76.06)   \\
st_stbEmail &        3.18   &        3.09   \\
            &      (1.41)*  &      (1.34)*  \\
stbEmail    &        1.84   &        3.48   \\
            &      (1.15)   &      (1.42)*  \\
strfc       &     -765.96   &     -742.76   \\
            &    (360.97)*  &    (419.46)+  \\
_cons       &      168.96   &      143.13   \\
            &    (285.23)   &    (363.63)   \\
N           &         952   &         952   \\
r2          &        0.21   &        0.12   \\
df_m        &          31   &          25   \\
N_g         &               &         151   \\

. est clear

. 
. 
. ** Cross-sectional Others
. qui xi: reg ttlDur st_stbusr1yr st_lwgipr stbusr1yr lwgipr othDum st_othDum `st_controls' `controls' i.techarea i.pubCohort strfc if ((strfc|nsrfc)  & cSample & match_samp2 & match_samp2), cluster(w
> g)

. est store col2                                                                                                              

. qui xi: reg ttlDur st_stbmsg1yr st_lwgipr stbmsg1yr lwgipr othDum st_othDum `st_controls' `controls' i.techarea i.pubCohort strfc if ((strfc|nsrfc)  & cSample & match_samp2), cluster(wg)

. est store col3                                                                                                              

. qui xi: reg ttlDur st_stbaflcum st_lwgipr stbaflcum lwgipr othDum st_othDum `st_controls' `controls' i.techarea i.pubCohort strfc if ((strfc|nsrfc)  & cSample & match_samp2), cluster(wg)

. est store col4                                                                                                              

. qui xi: reg ttlDur st_stbaflrpl st_lwgipr stbaflrpl lwgipr othDum st_othDum `st_controls' `controls' i.techarea i.pubCohort strfc if ((strfc|nsrfc)  & cSample & match_samp2), cluster(wg)

. est store col5                                                                                                              

. qui xi: reg ttlDur st_stbaflall st_lwgipr stbaflall lwgipr othDum st_othDum `st_controls' `controls' i.techarea i.pubCohort strfc if ((strfc|nsrfc)  & cSample & match_samp2), cluster(wg)

. est store col6

. 
. estout  _all, cells(b(fmt(2)) se(par fmt(2) star)) stats(N r2 df_m N_g, fmt(0 %8.2f 0 0)) drop(`st_controls' `controls' _I*) order(st_stbusr1yr stbusr1yr st_stbmsg1yr stbmsg1yr st_stbaflcum stbaflcu
> m st_stbaflrpl stbaflrpl st_stbaflall stbaflall) style(tex) starlevels(+ 0.1 * 0.05 ** 0.01 *** 0.001)

            &        col2   &        col3   &        col4   &        col5   &        col6   \\
            &        b/se   &        b/se   &        b/se   &        b/se   &        b/se   \\
st_stbusr1yr&        6.51   &               &               &               &               \\
            &      (1.88)***&               &               &               &               \\
stbusr1yr   &       -1.46   &               &               &               &               \\
            &      (1.47)   &               &               &               &               \\
st_stbmsg1yr&               &        4.01   &               &               &               \\
            &               &      (1.71)*  &               &               &               \\
stbmsg1yr   &               &       -1.72   &               &               &               \\
            &               &      (1.36)   &               &               &               \\
st_stbaflcum&               &               &        5.86   &               &               \\
            &               &               &      (2.02)** &               &               \\
stbaflcum   &               &               &       -1.21   &               &               \\
            &               &               &      (1.35)   &               &               \\
st_stbaflrpl&               &               &               &        7.16   &               \\
            &               &               &               &      (2.05)***&               \\
stbaflrpl   &               &               &               &       -1.92   &               \\
            &               &               &               &      (1.57)   &               \\
st_stbaflall&               &               &               &               &        6.84   \\
            &               &               &               &               &      (2.29)** \\
stbaflall   &               &               &               &               &       -1.24   \\
            &               &               &               &               &      (1.70)   \\
st_lwgipr   &       -0.29   &        0.61   &        1.25   &        1.55   &        0.75   \\
            &     (10.67)   &     (10.60)   &     (10.77)   &     (10.75)   &     (10.58)   \\
lwgipr      &        3.96   &        4.73   &        4.07   &        4.92   &        4.31   \\
            &      (8.15)   &      (8.13)   &      (8.45)   &      (8.30)   &      (7.96)   \\
othDum      &      -64.10   &      -61.90   &      -59.75   &      -61.22   &      -56.05   \\
            &     (70.72)   &     (71.63)   &     (70.16)   &     (66.30)   &     (68.45)   \\
st_othDum   &      156.65   &      132.23   &      145.75   &      151.57   &      138.72   \\
            &     (74.14)*  &     (73.50)+  &     (74.80)+  &     (72.09)*  &     (73.03)+  \\
strfc       &     -999.64   &     -849.20   &     -992.49   &     -986.24   &     -976.46   \\
            &    (382.71)** &    (379.99)*  &    (386.35)*  &    (380.57)*  &    (380.27)*  \\
_cons       &      305.85   &      324.97   &      290.64   &      334.27   &      279.45   \\
            &    (295.53)   &    (291.26)   &    (299.79)   &    (299.83)   &    (292.35)   \\
N           &         952   &         952   &         952   &         941   &         952   \\
r2          &        0.20   &        0.19   &        0.20   &        0.20   &        0.20   \\
df_m        &          31   &          31   &          31   &          31   &          31   \\
N_g         &               &               &               &               &               \\

. est clear 

. 
. ** WG Fixed Effects 
. qui xi: xtreg ttlDur st_stbusr1yr st_lwgipr stbusr1yr lwgipr othDum st_othDum `st_controls' `controls' i.pubCohort strfc if ((strfc|nsrfc)  & cSample & match_samp2), fe i(wg) robust

. est store col2                                                                                                     

. qui xi: xtreg ttlDur st_stbmsg1yr st_lwgipr stbmsg1yr lwgipr othDum st_othDum `st_controls' `controls' i.pubCohort strfc if ((strfc|nsrfc)  & cSample & match_samp2), fe i(wg) robust

. est store col3                                                                                                     

. qui xi: xtreg ttlDur st_stbaflcum st_lwgipr stbaflcum lwgipr othDum st_othDum `st_controls' `controls' i.pubCohort strfc if ((strfc|nsrfc)  & cSample & match_samp2), fe i(wg) robust

. est store col4                                                                                                     

. qui xi: xtreg ttlDur st_stbaflrpl st_lwgipr stbaflrpl lwgipr othDum st_othDum `st_controls' `controls' i.pubCohort strfc if ((strfc|nsrfc)  & cSample & match_samp2), fe i(wg) robust

. est store col5                                                                                                     

. qui xi: xtreg ttlDur st_stbaflall st_lwgipr stbaflall lwgipr othDum st_othDum `st_controls' `controls' i.pubCohort strfc if ((strfc|nsrfc)  & cSample & match_samp2), fe i(wg) robust

. est store col6

. 
. estout  _all, cells(b(fmt(2)) se(par fmt(2) star)) stats(N r2 df_m N_g, fmt(0 %8.2f 0 0)) drop(`st_controls' `controls' _I*) order(st_stbusr1yr stbusr1yr st_stbmsg1yr stbmsg1yr st_stbaflcum stbaflcu
> m st_stbaflrpl stbaflrpl st_stbaflall stbaflall) style(tex) starlevels(+ 0.1 * 0.05 ** 0.01 *** 0.001)

            &        col2   &        col3   &        col4   &        col5   &        col6   \\
            &        b/se   &        b/se   &        b/se   &        b/se   &        b/se   \\
st_stbusr1yr&        5.16   &               &               &               &               \\
            &      (1.99)*  &               &               &               &               \\
stbusr1yr   &        0.82   &               &               &               &               \\
            &      (2.56)   &               &               &               &               \\
st_stbmsg1yr&               &        2.89   &               &               &               \\
            &               &      (1.82)   &               &               &               \\
stbmsg1yr   &               &       -1.30   &               &               &               \\
            &               &      (2.21)   &               &               &               \\
st_stbaflcum&               &               &        5.27   &               &               \\
            &               &               &      (2.45)*  &               &               \\
stbaflcum   &               &               &       -1.55   &               &               \\
            &               &               &      (3.80)   &               &               \\
st_stbaflrpl&               &               &               &        5.30   &               \\
            &               &               &               &      (2.33)*  &               \\
stbaflrpl   &               &               &               &       -2.17   &               \\
            &               &               &               &      (2.96)   &               \\
st_stbaflall&               &               &               &               &        5.72   \\
            &               &               &               &               &      (2.54)*  \\
stbaflall   &               &               &               &               &        1.08   \\
            &               &               &               &               &      (2.72)   \\
st_lwgipr   &       -1.94   &        1.13   &       -0.61   &        1.65   &        0.79   \\
            &     (11.21)   &     (11.44)   &     (11.34)   &     (11.60)   &     (11.27)   \\
lwgipr      &       11.47   &       11.07   &       12.98   &       10.57   &       10.50   \\
            &     (11.91)   &     (12.28)   &     (12.06)   &     (12.72)   &     (11.93)   \\
othDum      &      -49.19   &      -37.12   &      -52.32   &      -36.56   &      -40.60   \\
            &     (82.28)   &     (81.73)   &     (83.55)   &     (78.20)   &     (81.10)   \\
st_othDum   &       95.25   &       72.48   &       91.20   &       88.50   &       83.42   \\
            &     (78.85)   &     (78.25)   &     (81.49)   &     (76.42)   &     (77.91)   \\
strfc       &     -915.91   &     -837.64   &     -940.63   &     -927.84   &     -925.71   \\
            &    (414.73)*  &    (423.94)+  &    (432.96)*  &    (426.47)*  &    (417.11)*  \\
_cons       &      218.35   &      407.91   &      375.59   &      463.96   &      237.91   \\
            &    (340.66)   &    (358.69)   &    (453.06)   &    (363.89)   &    (339.59)   \\
N           &         952   &         952   &         952   &         941   &         952   \\
r2          &        0.09   &        0.08   &        0.09   &        0.08   &        0.09   \\
df_m        &          25   &          25   &          25   &          25   &          25   \\
N_g         &         151   &         151   &         151   &         148   &         151   \\

. est clear 

. log close  
      name:  <unnamed>
       log:  /Users/timsimcoe/research/active/SSOCommittees/analysis/tables/olsRobustSTB.log
  log type:  text
 closed on:   9 Jun 2010, 20:42:41
--------------------------------------------------------------------------------------------------------------------------------------------------------------------------------------------------------
