--------------------------------------------------------------------------------------------------------------------------------------------------------------------------------------------------------
      name:  <unnamed>
       log:  /Users/timsimcoe/research/active/SSOCommittees/analysis/tables/olsRobustXTPoisson.log
  log type:  text
 opened on:   9 Jun 2010, 20:42:36

. *******************************************
. *      Robustness : Poisson Models
. *******************************************
. g lnStb = log(stbafl1yr)
(314 missing values generated)

. g st_lnStb = strfc*lnStb
(314 missing values generated)

. 
. ** Full Sample
. qui xi: poisson ttlDur st_lnStb st_lwgipr st_othDum lnStb lwgipr othDum `st_controls' `controls' i.techarea i.pubCohort strfc  if ((strfc|nsrfc) & cSample & match_samp2), cluster(wg)

. est store col1

. 
. ** Matched Sample
. qui xi: poisson ttlDur st_lnStb st_lwgipr st_othDum lnStb lwgipr othDum `st_controls' `controls' i.techarea i.pubCohort strfc  if ((strfc|nsrfc) & cSample & match_samp2 & match_samp2), cluster(wg)

. est store col2

. 
. ** Matched Sample FE's
. qui xi: xtpqml ttlDur st_lnStb st_lwgipr st_othDum lnStb lwgipr othDum `st_controls' `controls' i.pubCohort strfc if ((strfc|nsrfc) & cSample & match_samp2 & match_samp2), fe i(wg)

. est store col3

. 
. ** Standards
. qui xi: xtpqml ttlDur st_lnStb st_lwgipr st_othDum `st_controls' `controls' i.pubCohort strfc if (strfc & cSample & match_samp2), fe i(wg)

. est store col4

. 
. estout  _all, cells(b(fmt(2)) se(par fmt(2) star)) stats(N r2 df_m N_g, fmt(0 %8.2f 0 0)) drop(`st_controls' `controls' _I*) style(tex) starlevels(+ 0.1 * 0.05 ** 0.01 *** 0.001)

            &        col1   &        col2   &        col3   &        col4   \\
            &        b/se   &        b/se   &        b/se   &        b/se   \\
ttlDur      &               &               &               &               \\
st_lnStb    &        0.66   &        0.66   &        0.51   &        0.42   \\
            &      (0.19)***&      (0.19)***&      (0.22)*  &      (0.25)+  \\
st_lwgipr   &        0.00   &        0.00   &        0.00   &        0.03   \\
            &      (0.02)   &      (0.02)   &      (0.02)   &      (0.02)+  \\
st_othDum   &        0.25   &        0.25   &        0.16   &        0.09   \\
            &      (0.13)+  &      (0.13)+  &      (0.14)   &      (0.05)+  \\
lnStb       &       -0.16   &       -0.16   &        0.06   &               \\
            &      (0.16)   &      (0.16)   &      (0.25)   &               \\
lwgipr      &        0.01   &        0.01   &        0.01   &               \\
            &      (0.01)   &      (0.01)   &      (0.02)   &               \\
othDum      &       -0.11   &       -0.11   &       -0.09   &               \\
            &      (0.13)   &      (0.13)   &      (0.15)   &               \\
strfc       &       -3.41   &       -3.41   &       -2.82   &               \\
            &      (1.00)***&      (1.00)***&      (0.96)** &               \\
_cons       &        6.11   &        6.11   &               &               \\
            &      (0.87)***&      (0.87)***&               &               \\
N           &         952   &         952   &         916   &         632   \\
r2          &               &               &               &               \\
df_m        &          31   &          31   &          26   &          17   \\
N_g         &               &               &         115   &          89   \\

. est clear

. log close
      name:  <unnamed>
       log:  /Users/timsimcoe/research/active/SSOCommittees/analysis/tables/olsRobustXTPoisson.log
  log type:  text
 closed on:   9 Jun 2010, 20:42:38
--------------------------------------------------------------------------------------------------------------------------------------------------------------------------------------------------------
