--------------------------------------------------------------------------------------------------------------------------------------------------------------------------------------------------------
      name:  <unnamed>
       log:  /Users/timsimcoe/research/active/SSOCommittees/analysis/tables/olsTrends.log
  log type:  text
 opened on:   9 Jun 2010, 20:42:34

. *********************
. * Simple Time Trends 
. *********************
. xi: reg ttlDur pubCohort strfc st_pubCohort if ((strfc|nsrfc) & cSample & match_samp2), robust

Linear regression                                      Number of obs =     952
                                                       F(  3,   948) =   38.67
                                                       Prob > F      =  0.0000
                                                       R-squared     =  0.0966
                                                       Root MSE      =  437.15

------------------------------------------------------------------------------
             |               Robust
      ttlDur |      Coef.   Std. Err.      t    P>|t|     [95% Conf. Interval]
-------------+----------------------------------------------------------------
   pubCohort |   37.77353   8.708718     4.34   0.000     20.68293    54.86412
       strfc |  -27924.44   21642.13    -1.29   0.197    -70396.46    14547.58
st_pubCohort |   14.05193   10.83197     1.30   0.195    -7.205487    35.30935
       _cons |  -74952.25   17399.24    -4.31   0.000    -109097.7   -40806.77
------------------------------------------------------------------------------

. xi: reg ttlDur pubCohort strfc st_pubCohort if ((strfc|nsrfc) & cSample & match_samp2 & pubCohort>=1994), robust

Linear regression                                      Number of obs =     917
                                                       F(  3,   913) =   27.27
                                                       Prob > F      =  0.0000
                                                       R-squared     =  0.0770
                                                       Root MSE      =  441.93

------------------------------------------------------------------------------
             |               Robust
      ttlDur |      Coef.   Std. Err.      t    P>|t|     [95% Conf. Interval]
-------------+----------------------------------------------------------------
   pubCohort |    31.6967   10.75941     2.95   0.003     10.58064    52.81276
       strfc |  -35515.98    25880.3    -1.37   0.170    -86307.76     15275.8
st_pubCohort |   17.84804    12.9502     1.38   0.168    -7.567574    43.26366
       _cons |  -62799.65   21502.26    -2.92   0.004    -104999.2   -20600.06
------------------------------------------------------------------------------

. log close
      name:  <unnamed>
       log:  /Users/timsimcoe/research/active/SSOCommittees/analysis/tables/olsTrends.log
  log type:  text
 closed on:   9 Jun 2010, 20:42:35
--------------------------------------------------------------------------------------------------------------------------------------------------------------------------------------------------------
