--------------------------------------------------------------------------------------------------------------------------------------------------------------------------------------------------------
      name:  <unnamed>
       log:  /Users/timsimcoe/research/active/SSOCommittees/analysis/tables/sumtables.log
  log type:  text
 opened on:   9 Jun 2010, 20:03:52

. **************************
. *   Table 1: Cohort Outcomes
. **************************
. bysort wg pubCohort : gen wgFlag = (_n==1)

. tab pubCohort if wgFlag

 ID Version |
        1.0 |
 submission |
       year |      Freq.     Percent        Cum.
------------+-----------------------------------
       1993 |         35        4.56        4.56
       1994 |         41        5.35        9.91
       1995 |         48        6.26       16.17
       1996 |         61        7.95       24.12
       1997 |         76        9.91       34.03
       1998 |         73        9.52       43.55
       1999 |         82       10.69       54.24
       2000 |         79       10.30       64.54
       2001 |        100       13.04       77.57
       2002 |         87       11.34       88.92
       2003 |         85       11.08      100.00
------------+-----------------------------------
      Total |        767      100.00

. tab pubCohort exiType

ID Version |
       1.0 |           1=Censored; 2=Expired;
submission |          3=Nonstandard;4=Standard
      year |         1          2          3          4 |     Total
-----------+--------------------------------------------+----------
      1993 |         0         14         19         25 |        58 
      1994 |         0         24         19         43 |        86 
      1995 |         0         40         21         67 |       128 
      1996 |         0         41         39         87 |       167 
      1997 |         0        128         57        119 |       304 
      1998 |         0        113         55         78 |       246 
      1999 |         1        113         71         94 |       279 
      2000 |         3        125         55        143 |       326 
      2001 |        13        159         76        131 |       379 
      2002 |        18         98         70        139 |       325 
      2003 |        27         78         71        127 |       303 
-----------+--------------------------------------------+----------
     Total |        62        933        553      1,053 |     2,601 


. 
. tabstat ttlDur if (exiType == 4), by(pubCohort) stats(mean median) format(%9.0f)

Summary for variables: ttlDur
     by categories of: pubCohort (ID Version 1.0 submission year)

pubCohort |      mean       p50
----------+--------------------
     1993 |       490       258
     1994 |       514       416
     1995 |       738       574
     1996 |       751       714
     1997 |       673       457
     1998 |       488       418
     1999 |       814       596
     2000 |       930       754
     2001 |      1002       874
     2002 |       847       819
     2003 |       703       640
----------+--------------------
    Total |       774       640
-------------------------------

. tabstat ttlDur if (exiType == 3), by(pubCohort) stats(mean median) format(%9.0f)

Summary for variables: ttlDur
     by categories of: pubCohort (ID Version 1.0 submission year)

pubCohort |      mean       p50
----------+--------------------
     1993 |       221       161
     1994 |       484       292
     1995 |       426       373
     1996 |       535       473
     1997 |       558       524
     1998 |       652       462
     1999 |       652       520
     2000 |       757       607
     2001 |       692       619
     2002 |       592       594
     2003 |       514       408
----------+--------------------
    Total |       595       483
-------------------------------

. tabstat ttlDur if (exiType == 2), by(pubCohort) stats(mean median) format(%9.0f)

Summary for variables: ttlDur
     by categories of: pubCohort (ID Version 1.0 submission year)

pubCohort |      mean       p50
----------+--------------------
     1993 |       174       155
     1994 |       419       144
     1995 |       353       240
     1996 |       660       484
     1997 |       472       276
     1998 |       447       272
     1999 |       503       309
     2000 |       469       346
     2001 |       598       370
     2002 |       423       290
     2003 |       491       314
----------+--------------------
    Total |       487       291
-------------------------------

. 
. 
. **************************
. *   Table 2: Summary Stats
. **************************
. qui tab techarea, gen(adum)

. replace rfcCites = . if !rfcDum
(995 real changes made, 995 to missing)

. replace patCites = . if !rfcDum
(995 real changes made, 995 to missing)

. replace pubCites = . if !rfcDum
(995 real changes made, 995 to missing)

. 
. local topPanel ttlDur age logEmails strfc nsrfc rfcCites patCites pubCites logPages anyKeys lKeys

. local midPanel stbafl1yr lwgipr orgDum eduDum othDum  

. local botPanel pubCohort lmsgs lcmsgs lwgidnow lwgidttl lwgorgs lsize n_affil priorwgc comNet govDum adum1 adum2 adum3 adum4 adum5 adum6 

. 
. format %8.2f `topPanel' `midPanel' `botPanel'

. sum `topPanel' `midPanel' `botPanel', f sep(0)

    Variable |       Obs        Mean    Std. Dev.       Min        Max
-------------+--------------------------------------------------------
      ttlDur |      2601      659.75      566.97      17.00    4006.00
         age |      2601        6.33        4.39       2.00      48.00
   logEmails |      2601        2.98        1.25       0.00       6.30
       strfc |      2601        0.40        0.49       0.00       1.00
       nsrfc |      2601        0.21        0.41       0.00       1.00
    rfcCites |      1606        7.93       15.25       0.00     199.00
    patCites |      1606        2.28        9.54       0.00     195.00
    pubCites |      1606        1.65        7.17       0.00     187.00
    logPages |      1583        3.13        0.80       1.10       5.67
     anyKeys |      2601        0.68        0.47       0.00       1.00
       lKeys |      2601        1.74        1.54       0.00       6.63
   stbafl1yr |      2287       73.34       16.04      13.33      99.22
      lwgipr |      2601        7.61        2.98       0.00      11.48
      orgDum |      2601        0.07        0.26       0.00       1.00
      eduDum |      2601        0.18        0.39       0.00       1.00
      othDum |      2601        0.25        0.43       0.00       1.00
   pubCohort |      2601     1999.24        2.68    1993.00    2003.00
       lmsgs |      2287        5.86        1.71       0.00       8.73
      lcmsgs |      2287        6.86        1.83       0.69      10.01
    lwgidnow |      2601        1.89        0.71       0.69       3.30
    lwgidttl |      2601        2.55        1.07       0.69       4.84
     lwgorgs |      2601        2.19        0.84       0.69       4.96
       lsize |      2601       10.29        0.89       7.42      13.15
     n_affil |      2601        1.97        1.32       1.00       6.00
    priorwgc |      2601        0.42        0.49       0.00       1.00
      comNet |      2601        0.86        0.35       0.00       1.00
      govDum |      2601        0.05        0.21       0.00       1.00
       adum1 |      2601        0.18        0.38       0.00       1.00
       adum2 |      2601        0.23        0.42       0.00       1.00
       adum3 |      2601        0.14        0.34       0.00       1.00
       adum4 |      2601        0.12        0.32       0.00       1.00
       adum5 |      2601        0.13        0.34       0.00       1.00
       adum6 |      2601        0.20        0.40       0.00       1.00

. 
. 
. **************************
. *   Table 3: Matching
. **************************
. local testVars ttlDur age logEmails rfcCites patCites pubCites anyKeys lKeys logPages stbafl1yr lwgipr orgDum eduDum  othDum pubCohort lmsgs lcmsgs lwgidnow lwgidttl lwgorgs lsize n_affil priorwgc g
> ovDum comNet

. local XVars stbafl1yr lwgipr orgDum eduDum othDum pubCohort lmsgs lcmsgs lwgidnow lwgidttl lwgorgs lsize n_affil priorwgc govDum comNet

. 
. *** Full Sample
. display "T-tests for PS=NST"
T-tests for PS=NST

. foreach X in `testVars' {
  2.         quietly ttest `X' if (exiType>2 & cSample == 1 & stbafl1yr!=.), by(exiType) unpaired unequal
  3.         display %9.2f r(mu_2)-r(mu_1) %9.2f r(mu_1) %9.2f r(mu_2)  %9.2f r(p) "  `X'"
  4. }
   134.04   568.16   702.21     0.00  ttlDur
     1.87     5.73     7.60     0.00  age
     0.36     3.15     3.51     0.00  logEmails
     5.86     5.02    10.88     0.00  rfcCites
     1.62     1.58     3.20     0.00  patCites
     0.46     1.62     2.09     0.41  pubCites
     0.13     0.59     0.72     0.00  anyKeys
     0.51     1.41     1.92     0.00  lKeys
     0.15     2.99     3.15     0.00  logPages
     1.79    71.79    73.59     0.08  stbafl1yr
     0.12     7.39     7.51     0.53  lwgipr
    -0.00     0.08     0.08     0.94  orgDum
    -0.05     0.23     0.17     0.03  eduDum
    -0.04     0.28     0.24     0.16  othDum
    -0.14  1998.90  1998.76     0.37  pubCohort
     0.41     5.44     5.85     0.00  lmsgs
     0.56     6.29     6.84     0.00  lcmsgs
     0.15     1.79     1.94     0.00  lwgidnow
     0.29     2.36     2.66     0.00  lwgidttl
     0.09     2.13     2.22     0.07  lwgorgs
     0.10    10.21    10.31     0.09  lsize
    -0.13     2.13     2.00     0.13  n_affil
     0.04     0.42     0.46     0.19  priorwgc
    -0.00     0.06     0.06     0.85  govDum
     0.03     0.85     0.88     0.23  comNet

. tab strfc if (exiType>2 & cSample == 1 & stbafl1yr!=.)

       1/0: |
  Published |
as Proposed |
   Standard |      Freq.     Percent        Cum.
------------+-----------------------------------
       0.00 |        393       33.70       33.70
       1.00 |        773       66.30      100.00
------------+-----------------------------------
      Total |      1,166      100.00

. hotelling `XVars'  if (strfc|nsrfc) & cSample == 1, by(strfc) notable

2-group Hotelling's T-squared = 67.799314
F test statistic: ((1166-16-1)/(1166-2)(16)) x 67.799314 = 4.1828507

H0: Vectors of means are equal for the two groups
              F(16,1149) =    4.1829
       Prob > F(16,1149) =    0.0000

. 
. *** Matched Sample
. display "T-tests for PS=NST"
T-tests for PS=NST

. foreach X in `testVars' {
  2.         quietly ttest `X' if (exiType>2 & match_samp2==1 & cSample == 1), by(exiType) unpaired unequal
  3.         display %9.2f r(mu_2)-r(mu_1) %9.2f r(mu_1) %9.2f r(mu_2)  %9.2f r(p) "  `X'"
  4. }
   161.44   545.69   707.13     0.00  ttlDur
     2.18     5.50     7.68     0.00  age
     0.35     3.16     3.51     0.00  logEmails
     4.65     5.37    10.02     0.00  rfcCites
     1.27     1.80     3.06     0.05  patCites
     0.39     1.60     2.00     0.59  pubCites
     0.12     0.60     0.71     0.00  anyKeys
     0.42     1.42     1.84     0.00  lKeys
     0.14     2.98     3.12     0.01  logPages
    -0.18    73.47    73.29     0.87  stbafl1yr
     0.25     7.21     7.46     0.27  lwgipr
    -0.02     0.09     0.07     0.43  orgDum
    -0.01     0.18     0.17     0.79  eduDum
    -0.01     0.24     0.24     0.85  othDum
     0.01  1998.70  1998.71     0.98  pubCohort
     0.20     5.63     5.83     0.10  lmsgs
     0.31     6.54     6.85     0.01  lcmsgs
     0.08     1.85     1.92     0.09  lwgidnow
     0.16     2.48     2.64     0.01  lwgidttl
     0.06     2.13     2.19     0.29  lwgorgs
     0.08    10.18    10.26     0.23  lsize
     0.00     2.02     2.02     0.98  n_affil
     0.04     0.41     0.45     0.31  priorwgc
     0.01     0.06     0.06     0.68  govDum
     0.01     0.86     0.87     0.54  comNet

. tab strfc if (exiType>2 & match_samp2 & cSample == 1)

       1/0: |
  Published |
as Proposed |
   Standard |      Freq.     Percent        Cum.
------------+-----------------------------------
       0.00 |        290       30.46       30.46
       1.00 |        662       69.54      100.00
------------+-----------------------------------
      Total |        952      100.00

. hotelling `XVars'  if (strfc|nsrfc) & match_samp2==1 & cSample == 1, by(strfc) notable

2-group Hotelling's T-squared = 20.172536
F test statistic: ((952-16-1)/(952-2)(16)) x 20.172536 = 1.2408764

H0: Vectors of means are equal for the two groups
              F(16,935) =    1.2409
       Prob > F(16,935) =    0.2297

. log close
      name:  <unnamed>
       log:  /Users/timsimcoe/research/active/SSOCommittees/analysis/tables/sumtables.log
  log type:  text
 closed on:   9 Jun 2010, 20:03:53
--------------------------------------------------------------------------------------------------------------------------------------------------------------------------------------------------------
