--------------------------------------------------------------------------------------------------------------------------------------------------------------------------------------------------------
      name:  <unnamed>
       log:  /Users/timsimcoe/research/active/SSOCommittees/analysis/tables/wgRfcCounts.log
  log type:  text
 opened on:   9 Jun 2010, 20:03:53

. tab wgstrfc wgnsrfc if fwg

           |                              wgnsrfc
   wgstrfc |         0          1          2          3          4          5 |     Total
-----------+------------------------------------------------------------------+----------
         0 |        25         27          9          4          2          6 |        73 
         1 |        21         12          5          3          1          4 |        46 
         2 |         9         11          1          2          0          4 |        27 
         3 |         8          6          1          2          1          3 |        21 
         4 |         7          4          2          2          0          0 |        15 
         5 |         9         11         15          4          5         23 |        67 
-----------+------------------------------------------------------------------+----------
     Total |        79         71         33         17          9         40 |       249 


. log close
      name:  <unnamed>
       log:  /Users/timsimcoe/research/active/SSOCommittees/analysis/tables/wgRfcCounts.log
  log type:  text
 closed on:   9 Jun 2010, 20:03:53
--------------------------------------------------------------------------------------------------------------------------------------------------------------------------------------------------------
