This is pdfTeX, Version 3.141592653-2.6-1.40.28 (MiKTeX 25.12) (preloaded format=pdflatex 2026.4.16)  2 MAY 2026 01:26
entering extended mode
 restricted \write18 enabled.
 %&-line parsing enabled.
**./handley_limao_tables.tex
(handley_limao_tables.tex
LaTeX2e <2025-11-01>
L3 programming layer <2025-12-24>
(C:\Users\Usuario\AppData\Local\Programs\MiKTeX\tex/latex/base\article.cls
Document Class: article 2025/01/22 v1.4n Standard LaTeX document class
(C:\Users\Usuario\AppData\Local\Programs\MiKTeX\tex/latex/base\size12.clo
File: size12.clo 2025/01/22 v1.4n Standard LaTeX file (size option)
)
\c@part=\count275
\c@section=\count276
\c@subsection=\count277
\c@subsubsection=\count278
\c@paragraph=\count279
\c@subparagraph=\count280
\c@figure=\count281
\c@table=\count282
\abovecaptionskip=\skip49
\belowcaptionskip=\skip50
\bibindent=\dimen148
)
(C:\Users\Usuario\AppData\Local\Programs\MiKTeX\tex/latex/booktabs\booktabs.sty
Package: booktabs 2020/01/12 v1.61803398 Publication quality tables
\heavyrulewidth=\dimen149
\lightrulewidth=\dimen150
\cmidrulewidth=\dimen151
\belowrulesep=\dimen152
\belowbottomsep=\dimen153
\aboverulesep=\dimen154
\abovetopsep=\dimen155
\cmidrulesep=\dimen156
\cmidrulekern=\dimen157
\defaultaddspace=\dimen158
\@cmidla=\count283
\@cmidlb=\count284
\@aboverulesep=\dimen159
\@belowrulesep=\dimen160
\@thisruleclass=\count285
\@lastruleclass=\count286
\@thisrulewidth=\dimen161
) (C:\Users\Usuario\AppData\Local\Programs\MiKTeX\tex/latex/caption\caption.sty
Package: caption 2023/08/05 v3.6o Customizing captions (AR)
(C:\Users\Usuario\AppData\Local\Programs\MiKTeX\tex/latex/caption\caption3.sty
Package: caption3 2023/07/31 v2.4d caption3 kernel (AR)

(C:\Users\Usuario\AppData\Local\Programs\MiKTeX\tex/latex/graphics\keyval.sty
Package: keyval 2022/05/29 v1.15 key=value parser (DPC)
\KV@toks@=\toks17
)
\caption@tempdima=\dimen162
\captionmargin=\dimen163
\caption@leftmargin=\dimen164
\caption@rightmargin=\dimen165
\caption@width=\dimen166
\caption@indent=\dimen167
\caption@parindent=\dimen168
\caption@hangindent=\dimen169
Package caption Info: Standard document class detected.
)
\c@caption@flags=\count287
\c@continuedfloat=\count288
)
(C:\Users\Usuario\AppData\Local\Programs\MiKTeX\tex/latex/geometry\geometry.sty
Package: geometry 2026/03/07 v6.0 Page Geometry
(C:\Users\Usuario\AppData\Local\Programs\MiKTeX\tex/generic/iftex\ifvtex.sty
Package: ifvtex 2019/10/25 v1.7 ifvtex legacy package. Use iftex instead.

(C:\Users\Usuario\AppData\Local\Programs\MiKTeX\tex/generic/iftex\iftex.sty
Package: iftex 2024/12/12 v1.0g TeX engine tests
))
\Gm@cnth=\count289
\Gm@cntv=\count290
\c@Gm@tempcnt=\count291
\Gm@bindingoffset=\dimen170
\Gm@wd@mp=\dimen171
\Gm@odd@mp=\dimen172
\Gm@even@mp=\dimen173
\Gm@layoutwidth=\dimen174
\Gm@layoutheight=\dimen175
\Gm@layouthoffset=\dimen176
\Gm@layoutvoffset=\dimen177
\Gm@dimlist=\toks18

(C:\Users\Usuario\AppData\Local\Programs\MiKTeX\tex/latex/geometry\geometry.cfg
))
(C:\Users\Usuario\AppData\Local\Programs\MiKTeX\tex/latex/amsmath\amsmath.sty
Package: amsmath 2025/07/09 v2.17z AMS math features
\@mathmargin=\skip51

For additional information on amsmath, use the `?' option.
(C:\Users\Usuario\AppData\Local\Programs\MiKTeX\tex/latex/amsmath\amstext.sty
Package: amstext 2024/11/17 v2.01 AMS text

(C:\Users\Usuario\AppData\Local\Programs\MiKTeX\tex/latex/amsmath\amsgen.sty
File: amsgen.sty 1999/11/30 v2.0 generic functions
\@emptytoks=\toks19
\ex@=\dimen178
))
(C:\Users\Usuario\AppData\Local\Programs\MiKTeX\tex/latex/amsmath\amsbsy.sty
Package: amsbsy 1999/11/29 v1.2d Bold Symbols
\pmbraise@=\dimen179
)
(C:\Users\Usuario\AppData\Local\Programs\MiKTeX\tex/latex/amsmath\amsopn.sty
Package: amsopn 2022/04/08 v2.04 operator names
)
\inf@bad=\count292
LaTeX Info: Redefining \frac on input line 233.
\uproot@=\count293
\leftroot@=\count294
LaTeX Info: Redefining \overline on input line 398.
LaTeX Info: Redefining \colon on input line 409.
\classnum@=\count295
\DOTSCASE@=\count296
LaTeX Info: Redefining \ldots on input line 495.
LaTeX Info: Redefining \dots on input line 498.
LaTeX Info: Redefining \cdots on input line 619.
\Mathstrutbox@=\box53
\strutbox@=\box54
LaTeX Info: Redefining \big on input line 721.
LaTeX Info: Redefining \Big on input line 722.
LaTeX Info: Redefining \bigg on input line 723.
LaTeX Info: Redefining \Bigg on input line 724.
\big@size=\dimen180
LaTeX Font Info:    Redeclaring font encoding OML on input line 742.
LaTeX Font Info:    Redeclaring font encoding OMS on input line 743.
\macc@depth=\count297
LaTeX Info: Redefining \bmod on input line 904.
LaTeX Info: Redefining \pmod on input line 909.
LaTeX Info: Redefining \smash on input line 939.
LaTeX Info: Redefining \relbar on input line 969.
LaTeX Info: Redefining \Relbar on input line 970.
\c@MaxMatrixCols=\count298
\dotsspace@=\muskip17
\c@parentequation=\count299
\dspbrk@lvl=\count300
\tag@help=\toks20
\row@=\count301
\column@=\count302
\maxfields@=\count303
\andhelp@=\toks21
\eqnshift@=\dimen181
\alignsep@=\dimen182
\tagshift@=\dimen183
\tagwidth@=\dimen184
\totwidth@=\dimen185
\lineht@=\dimen186
\@envbody=\toks22
\multlinegap=\skip52
\multlinetaggap=\skip53
\mathdisplay@stack=\toks23
LaTeX Info: Redefining \[ on input line 2950.
LaTeX Info: Redefining \] on input line 2951.
)
(C:\Users\Usuario\AppData\Local\Programs\MiKTeX\tex/latex/tools\longtable.sty
Package: longtable 2025-10-13 v4.24 Multi-page Table package (DPC)
\LTleft=\skip54
\LTright=\skip55
\LTpre=\skip56
\LTpost=\skip57
\LTchunksize=\count304
\LTcapwidth=\dimen187
\LT@head=\box55
\LT@firsthead=\box56
\LT@foot=\box57
\LT@lastfoot=\box58
\LT@gbox=\box59
\LT@cols=\count305
\LT@rows=\count306
\c@LT@tables=\count307
\c@LT@chunks=\count308
\LT@p@ftn=\toks24
)
(C:\Users\Usuario\AppData\Local\Programs\MiKTeX\tex/latex/tools\verbatim.sty
Package: verbatim 2024-01-22 v1.5x LaTeX2e package for verbatim enhancements
\every@verbatim=\toks25
\verbatim@line=\toks26
\verbatim@in@stream=\read2
)
(C:\Users\Usuario\AppData\Local\Programs\MiKTeX\tex/latex/base\fontenc.sty
Package: fontenc 2025/07/18 v2.1d Standard LaTeX package
)
(C:\Users\Usuario\AppData\Local\Programs\MiKTeX\tex/latex/lm\lmodern.sty
Package: lmodern 2015/05/01 v1.6.1 Latin Modern Fonts
LaTeX Font Info:    Overwriting symbol font `operators' in version `normal'
(Font)                  OT1/cmr/m/n --> OT1/lmr/m/n on input line 22.
LaTeX Font Info:    Overwriting symbol font `letters' in version `normal'
(Font)                  OML/cmm/m/it --> OML/lmm/m/it on input line 23.
LaTeX Font Info:    Overwriting symbol font `symbols' in version `normal'
(Font)                  OMS/cmsy/m/n --> OMS/lmsy/m/n on input line 24.
LaTeX Font Info:    Overwriting symbol font `largesymbols' in version `normal'
(Font)                  OMX/cmex/m/n --> OMX/lmex/m/n on input line 25.
LaTeX Font Info:    Overwriting symbol font `operators' in version `bold'
(Font)                  OT1/cmr/bx/n --> OT1/lmr/bx/n on input line 26.
LaTeX Font Info:    Overwriting symbol font `letters' in version `bold'
(Font)                  OML/cmm/b/it --> OML/lmm/b/it on input line 27.
LaTeX Font Info:    Overwriting symbol font `symbols' in version `bold'
(Font)                  OMS/cmsy/b/n --> OMS/lmsy/b/n on input line 28.
LaTeX Font Info:    Overwriting symbol font `largesymbols' in version `bold'
(Font)                  OMX/cmex/m/n --> OMX/lmex/m/n on input line 29.
LaTeX Font Info:    Overwriting math alphabet `\mathbf' in version `normal'
(Font)                  OT1/cmr/bx/n --> OT1/lmr/bx/n on input line 31.
LaTeX Font Info:    Overwriting math alphabet `\mathsf' in version `normal'
(Font)                  OT1/cmss/m/n --> OT1/lmss/m/n on input line 32.
LaTeX Font Info:    Overwriting math alphabet `\mathit' in version `normal'
(Font)                  OT1/cmr/m/it --> OT1/lmr/m/it on input line 33.
LaTeX Font Info:    Overwriting math alphabet `\mathtt' in version `normal'
(Font)                  OT1/cmtt/m/n --> OT1/lmtt/m/n on input line 34.
LaTeX Font Info:    Overwriting math alphabet `\mathbf' in version `bold'
(Font)                  OT1/cmr/bx/n --> OT1/lmr/bx/n on input line 35.
LaTeX Font Info:    Overwriting math alphabet `\mathsf' in version `bold'
(Font)                  OT1/cmss/bx/n --> OT1/lmss/bx/n on input line 36.
LaTeX Font Info:    Overwriting math alphabet `\mathit' in version `bold'
(Font)                  OT1/cmr/bx/it --> OT1/lmr/bx/it on input line 37.
LaTeX Font Info:    Overwriting math alphabet `\mathtt' in version `bold'
(Font)                  OT1/cmtt/m/n --> OT1/lmtt/m/n on input line 38.
)
LaTeX Font Info:    Trying to load font information for T1+lmr on input line 7.


(C:\Users\Usuario\AppData\Local\Programs\MiKTeX\tex/latex/lm\t1lmr.fd
File: t1lmr.fd 2015/05/01 v1.6.1 Font defs for Latin Modern
)
(C:\Users\Usuario\AppData\Local\Programs\MiKTeX\tex/latex/l3backend\l3backend-p
dftex.def
File: l3backend-pdftex.def 2025-10-09 L3 backend support: PDF output (pdfTeX)
\l__color_backend_stack_int=\count309
) (handley_limao_tables.aux)
\openout1 = `handley_limao_tables.aux'.

LaTeX Font Info:    Checking defaults for OML/cmm/m/it on input line 7.
LaTeX Font Info:    ... okay on input line 7.
LaTeX Font Info:    Checking defaults for OMS/cmsy/m/n on input line 7.
LaTeX Font Info:    ... okay on input line 7.
LaTeX Font Info:    Checking defaults for OT1/cmr/m/n on input line 7.
LaTeX Font Info:    ... okay on input line 7.
LaTeX Font Info:    Checking defaults for T1/cmr/m/n on input line 7.
LaTeX Font Info:    ... okay on input line 7.
LaTeX Font Info:    Checking defaults for TS1/cmr/m/n on input line 7.
LaTeX Font Info:    ... okay on input line 7.
LaTeX Font Info:    Checking defaults for OMX/cmex/m/n on input line 7.
LaTeX Font Info:    ... okay on input line 7.
LaTeX Font Info:    Checking defaults for U/cmr/m/n on input line 7.
LaTeX Font Info:    ... okay on input line 7.
Package caption Info: Begin \AtBeginDocument code.
Package caption Info: longtable package is loaded.

(C:\Users\Usuario\AppData\Local\Programs\MiKTeX\tex/latex/caption\ltcaption.sty
Package: ltcaption 2021/01/08 v1.4c longtable captions (AR)
)
Package caption Info: End \AtBeginDocument code.

*geometry* driver: auto-detecting
*geometry* detected driver: pdftex
*geometry* verbose mode - [ preamble ] result:
* driver: pdftex
* paper: <default>
* layout: <same size as paper>
* layoutoffset:(h,v)=(0.0pt,0.0pt)
* modes: 
* h-part:(L,W,R)=(57.81621pt, 498.66258pt, 57.81621pt)
* v-part:(T,H,B)=(57.81621pt, 679.33757pt, 57.81621pt)
* \paperwidth=614.295pt
* \paperheight=794.96999pt
* \textwidth=498.66258pt
* \textheight=679.33757pt
* \oddsidemargin=-14.45378pt
* \evensidemargin=-14.45378pt
* \topmargin=-51.45378pt
* \headheight=12.0pt
* \headsep=25.0pt
* \topskip=12.0pt
* \footskip=30.0pt
* \marginparwidth=44.0pt
* \marginparsep=10.0pt
* \columnsep=10.0pt
* \skip\footins=10.8pt plus 4.0pt minus 2.0pt
* \hoffset=0.0pt
* \voffset=0.0pt
* \mag=1000
* \@twocolumnfalse
* \@twosidefalse
* \@mparswitchfalse
* \@reversemarginfalse
* (1in=72.27pt=25.4mm, 1cm=28.453pt)

(handley_limao_tables.toc)
\tf@toc=\write3
\openout3 = `handley_limao_tables.toc'.

 [1

{C:/Users/Usuario/AppData/Local/MiKTeX/fonts/map/pdftex/pdftex.map}{C:/Users/Us
uario/AppData/Local/Programs/MiKTeX/fonts/enc/dvips/lm/lm-ec.enc}]
LaTeX Font Info:    Trying to load font information for T1+lmtt on input line 3
0.

(C:\Users\Usuario\AppData\Local\Programs\MiKTeX\tex/latex/lm\t1lmtt.fd
File: t1lmtt.fd 2015/05/01 v1.6.1 Font defs for Latin Modern
)
File: "table1.csv"  (verbatim)

Overfull \hbox (24.47217pt too wide) in paragraph at lines 30--30
[]\T1/lmtt/m/n/10.95 "t-stat for high vs low differences for imports (-3.05), p
rices (2.45), and varieties (-3)"[] 
 []

[2

]
File: "table2.out"  (verbatim)
 [3

] [4]
File: "table3_panelA.out"  (verbatim)

Overfull \hbox (30.2209pt too wide) in paragraph at lines 53--53
[] \T1/lmtt/m/n/10.95 unconstrained unconstrained unconstrained unconstrained s
unk_hs4_coeff_stat_t unconstrained[] 
 []


Overfull \hbox (191.18544pt too wide) in paragraph at lines 53--53
[] \T1/lmtt/m/n/10.95 sunk_hs4_coeff_stat_t sunk_hs4_coeff_stat_t sunk_hs4_coef
f_stat_t sunk_hs4_coeff_stat_t tercile 1 sunk_hs4_coeff_stat_t[] 
 []

File: "table3_panelB.out"  (verbatim)

Overfull \hbox (76.21077pt too wide) in paragraph at lines 59--59
[] \T1/lmtt/m/n/10.95 unconstrained unconstrained unconstrained unconstrained s
unk_hs4_coeff_stat_t sunk_hs4_coeff_stat_t[] 
 []


Overfull \hbox (127.94937pt too wide) in paragraph at lines 59--59
[] \T1/lmtt/m/n/10.95 sunk_hs4_coeff_stat_t sunk_hs4_coeff_stat_t sunk_hs4_coef
f_stat_t sunk_hs4_coeff_stat_t tercile 1 tercile~ 1[] 
 []

[5

] [6]
File: "table4.out"  (verbatim)

Overfull \hbox (513.11452pt too wide) in paragraph at lines 70--70
[] \T1/lmtt/m/n/10.95 ldif_ln_pindex_hs6_total ldif_ln_pindex_hs6_total HS4 ldi
f_ln_pindex_hs4_total HS4 ldif_ln_pindex_hs4_total dif_ln_num_prod_ dif_ln_num_
prod_ dif_ln_num_prod_ dif_ln_num_prod_[] 
 []


Overfull \hbox (306.16011pt too wide) in paragraph at lines 70--70
[] \T1/lmtt/m/n/10.95 PRICE trim 0.025 tails PRICE trim 0.025 tails   PRICE tri
m 0.025 tails PRICE trim 0.025 tails PRICE trim 0.025 tails PRICE trim 0.025 ta
ils[] 
 []


Overfull \hbox (541.85818pt too wide) in paragraph at lines 70--70
[]\T1/lmtt/m/n/10.95 VARIABLES ldif_ln_pindex_hs6_total ldif_ln_pindex_hs6_tota
l ldif_ln_pindex_hs4_total ldif_ln_pindex_hs4_total dif_ln_num_prod_5 dif_ln_nu
m_prod_5 dif_ln_num_prod_5 dif_ln_num_prod_5[] 
 []


Overfull \hbox (1.47723pt too wide) in paragraph at lines 70--70
[]\T1/lmtt/m/n/10.95 dif_advalorem_mfn_5 5.137*** 0.560 9.839** 6.829 -5.170***
 -4.066*** -3.196*** -2.792**[] 
 []

[7

]
File: "table5.out"  (verbatim)

Overfull \hbox (30.2209pt too wide) in paragraph at lines 80--80
[] \T1/lmtt/m/n/10.95 PRICE trim 0.025 tails PRICE trim 0.025 tails PRICE trim 
0.025 tails PRICE trim 0.025 tails[] 
 []


Overfull \hbox (47.4671pt too wide) in paragraph at lines 80--80
[]\T1/lmtt/m/n/10.95 VARIABLES ldif_ln_pindex_hs6_total ldif_ln_pindex_hs6_tota
l dif_ln_num_prod_5 dif_ln_num_prod_5[] 
 []

[8

]
LaTeX Font Info:    Trying to load font information for OT1+lmr on input line 8
8.
 (C:\Users\Usuario\AppData\Local\Programs\MiKTeX\tex/latex/lm\ot1lmr.fd
File: ot1lmr.fd 2015/05/01 v1.6.1 Font defs for Latin Modern
)
LaTeX Font Info:    Trying to load font information for OML+lmm on input line 8
8.

(C:\Users\Usuario\AppData\Local\Programs\MiKTeX\tex/latex/lm\omllmm.fd
File: omllmm.fd 2015/05/01 v1.6.1 Font defs for Latin Modern
)
LaTeX Font Info:    Trying to load font information for OMS+lmsy on input line 
88.

(C:\Users\Usuario\AppData\Local\Programs\MiKTeX\tex/latex/lm\omslmsy.fd
File: omslmsy.fd 2015/05/01 v1.6.1 Font defs for Latin Modern
)
LaTeX Font Info:    Trying to load font information for OMX+lmex on input line 
88.

(C:\Users\Usuario\AppData\Local\Programs\MiKTeX\tex/latex/lm\omxlmex.fd
File: omxlmex.fd 2015/05/01 v1.6.1 Font defs for Latin Modern
)
LaTeX Font Info:    External font `lmex10' loaded for size
(Font)              <12> on input line 88.
LaTeX Font Info:    External font `lmex10' loaded for size
(Font)              <8> on input line 88.
LaTeX Font Info:    External font `lmex10' loaded for size
(Font)              <6> on input line 88.
File: "table6.out"  (verbatim)

[9

{C:/Users/Usuario/AppData/Local/Programs/MiKTeX/fonts/enc/dvips/lm/lm-mathit.en
c}]
File: "tableA1.csv"  (verbatim)

Overfull \hbox (472.87338pt too wide) in paragraph at lines 101--101
[]\T1/lmtt/m/n/10.95 section,imp_share_05,unc_pre,dif_ln_imp_5,unc_pre_p50,dif_
ln_imp_5_p50,unc_pre_sd,dif_ln_imp_5_sd,unc_pre_min,dif_ln_imp_5_min,unc_pre_ma
x,dif_ln_imp_5_max,nobs,nobs_imp 
 []


Overfull \hbox (104.95444pt too wide) in paragraph at lines 101--101
[]\T1/lmtt/m/n/10.95 Animals,.25893027,.14549288,.43220428,0,.67863894,.1842250
5,1.4225007,0,-3.151166,.49168342,3.0079594,48,[] 
 []


Overfull \hbox (173.93924pt too wide) in paragraph at lines 101--101
[]\T1/lmtt/m/n/10.95 Vegetables,.17974892,.22561006,.80677599,.19564298,.715238
57,.22173385,1.3412864,0,-2.2767277,.59707731,5.2048464,81,[] 
 []


Overfull \hbox (185.4367pt too wide) in paragraph at lines 101--101
[]\T1/lmtt/m/n/10.95 Fats & Oils,.0040051364,.24814197,.54730213,.29399729,.580
49107,.17517594,1.2073612,0,-1.2964878,.47581002,2.5358372,9,[] 
 []


Overfull \hbox (219.92911pt too wide) in paragraph at lines 101--101
[]\T1/lmtt/m/n/10.95 Prepared Foodstuffs,.43672252,.3665925,1.3890015,.36768737
,1.1136408,.15073517,1.6252773,0,-2.2092037,.65364563,7.2190609,68,[] 
 []


Overfull \hbox (104.95444pt too wide) in paragraph at lines 101--101
[]\T1/lmtt/m/n/10.95 Minerals,.30033648,.19629779,.91429132,0,.76107121,.263275
59,1.9339755,0,-3.95893,.73477203,4.6591473,50,[] 
 []


Overfull \hbox (173.93924pt too wide) in paragraph at lines 101--101
[]\T1/lmtt/m/n/10.95 Chemicals,1.7253431,.41470987,1.1734594,.43398026,1.025730
1,.19022553,1.6278025,0,-4.3524914,.87895751,6.6706486,417,[] 
 []


Overfull \hbox (283.16518pt too wide) in paragraph at lines 101--101
[]\T1/lmtt/m/n/10.95 "Plastics, Rubber & Articles",3.7837334,.5153504,1.7267351
,.52007878,1.5126462,.18336402,1.7682194,0,-3.4994392,.81426495,7.3841887,148,[
] 
 []


Overfull \hbox (277.41644pt too wide) in paragraph at lines 101--101
[]\T1/lmtt/m/n/10.95 "Hides, Leather, & Articles",2.4846342,.45648924,.88179862
,.48799998,.65625572,.21549079,1.3500364,0,-1.0466871,.77070159,5.7268991,43,[]
 
 []


Overfull \hbox (254.42151pt too wide) in paragraph at lines 101--101
[]\T1/lmtt/m/n/10.95 "Wood, Straw & Articles",.89272326,.45651802,1.9480611,.53
568304,1.3929501,.20343247,1.6595546,0,-.71888638,.80989063,6.5163012,42,[] 
 []


Overfull \hbox (254.42151pt too wide) in paragraph at lines 101--101
[]\T1/lmtt/m/n/10.95 "Pulp, Paper & Articles",1.1664677,.43761134,1.2570851,.52
408582,1.0869455,.19682701,1.6307951,0,-3.0925093,.63922608,6.5971498,78,[] 
 []


Overfull \hbox (231.42657pt too wide) in paragraph at lines 101--101
[]\T1/lmtt/m/n/10.95 Textiles & Articles,9.7300682,.64179009,1.4987869,.7047628
2,1.2402277,.17355794,1.8708857,0,-3.3343105,.85795808,8.9107494,610,[] 
 []


Overfull \hbox (311.90884pt too wide) in paragraph at lines 101--101
[]\T1/lmtt/m/n/10.95 "Footwear, Headgear, other",6.5822496,.54335952,.59754819,
.54432166,.45639038,.14570469,.75823081,.22974531,-1.5231409,.8233918,2.4957294
,53,[] 
 []


Overfull \hbox (288.91391pt too wide) in paragraph at lines 101--101
[]\T1/lmtt/m/n/10.95 "Stone, Plaster, Cement, other",1.6398208,.60459459,1.3661
611,.6355685,1.2400875,.13766477,1.6122426,0,-3.6566496,.8256523,7.9737644,123,
[] 
 []


Overfull \hbox (346.40125pt too wide) in paragraph at lines 101--101
[]\T1/lmtt/m/n/10.95 "Precious stones, Metals, Jewellery,...",.94409931,.481101
24,.94318873,.50117624,.86092281,.30645907,1.4509581,0,-2.4094954,.86397666,4.6
598616,28,[] 
 []


Overfull \hbox (237.17531pt too wide) in paragraph at lines 101--101
[]\T1/lmtt/m/n/10.95 Base Metals & Articles,5.7170753,.5086813,1.3753266,.55909
592,1.2643385,.17662336,1.8334174,0,-7.5855179,.84253597,9.973753,373,[] 
 []


Overfull \hbox (369.39618pt too wide) in paragraph at lines 101--101
[]\T1/lmtt/m/n/10.95 Machinery; Electrical Equipment; Electronics,42.706264,.55
925035,1.3302459,.59355795,1.1555901,.11329881,1.5517437,0,-4.360014,.82853222,
6.8642979,644,[] 
 []


Overfull \hbox (254.42151pt too wide) in paragraph at lines 101--101
[]\T1/lmtt/m/n/10.95 "Vehicles, Aircraft, Vessels",2.1117487,.41654128,1.544538
1,.448632,1.600811,.1766552,1.8552471,0,-4.2613106,.7037037,7.0986834,81,[] 
 []


Overfull \hbox (334.90378pt too wide) in paragraph at lines 101--101
[]\T1/lmtt/m/n/10.95 "Optical, Medical & other instruments",2.0953503,.613222,.
93971324,.61638188,.84645605,.098958045,1.6016158,0,-5.1987534,.85627902,7.7967
148,182,[] 
 []


Overfull \hbox (219.92911pt too wide) in paragraph at lines 101--101
[]\T1/lmtt/m/n/10.95 Arms and Ammunition,.032147195,.59457582,1.6209651,.672061
56,1.5438695,.2436659,1.5935605,0,-1.1521578,.75956911,4.4252481,8,[] 
 []


Overfull \hbox (300.41138pt too wide) in paragraph at lines 101--101
[]\T1/lmtt/m/n/10.95 Miscellaneous Manufactures,17.090717,.6529839,.85757846,.6
489538,.72504807,.10790579,.96789098,.24796832,-1.7496538,.8669771,4.9864817,11
8,[] 
 []


Overfull \hbox (18.72343pt too wide) in paragraph at lines 101--101
[]\T1/lmtt/m/n/10.95 Art and Antiques,.11781123,0,.76516831,0,.7342701,0,.50846
601,0,-.021612167,0,1.4698038,7,[] 
 []


Overfull \hbox (150.9443pt too wide) in paragraph at lines 101--101
[]\T1/lmtt/m/n/10.95 Total,12.551961,.51994807,1.2829558,.57058048,1.0979214,.2
0262127,1.6752075,0,-7.5855179,.87895751,9.973753,,3211[] 
 []

[10

]
File: "tableA2.out"  (verbatim)
 [11

] [12] [13]
File: "tableA3_panelA.out"  (verbatim)

Overfull \hbox (156.69304pt too wide) in paragraph at lines 117--117
[] \T1/lmtt/m/n/10.95 UNCONSTRAINED UNCONSTRAINED UNCONSTRAINED UNCONSTRAINED U
NCONSTRAINED UNCONSTRAINED Variable Sigma Variable Sigma[] 
 []


Overfull \hbox (87.70824pt too wide) in paragraph at lines 117--117
[] \T1/lmtt/m/n/10.95 sigma=3 sigma=3 sigma=2 sigma=2 sigma=4 sigma=4 sigma fro
m Broda-Weinstein sigma from Broda-Weinstein[] 
 []


Overfull \hbox (150.9443pt too wide) in paragraph at lines 117--117
[]\T1/lmtt/m/n/10.95 VARIABLES dif_ln_imp_5 dif_ln_imp_5 dif_ln_imp_5 dif_ln_im
p_5 dif_ln_imp_5 dif_ln_imp_5 dif_ln_imp_5 dif_ln_imp_5[] 
 []

File: "tableA3_panelB.out"  (verbatim)

Overfull \hbox (294.66264pt too wide) in paragraph at lines 123--123
[] \T1/lmtt/m/n/10.95 UNCONSTRAINED UNCONSTRAINED RobustREG RobustREG midpoint 
growth midpoint growth UNCONSTRAINED UNCONSTRAINED drop hs2=84-85 drop hs2=84-8
5[] 
 []


Overfull \hbox (323.40631pt too wide) in paragraph at lines 123--123
[]\T1/lmtt/m/n/10.95 VARIABLES dif_ln_imp_5 dif_ln_imp_5 dif_ln_imp_5 dif_ln_im
p_5 dif_imports0_5 dif_imports0_5 dif_ln_imp_5 dif_ln_imp_5 dif_ln_imp_5 dif_ln
_imp_5[] 
 []

[14

]
File: "tableA4.out"  (verbatim)
 [15

]
File: "tableA5.out"  (verbatim)
 [16

]
File: "tableA6.out"  (verbatim)
 [17

]
File: "tableA7.out"  (verbatim)
 [18

]
File: "tableA8.out"  (verbatim)
 [19

]
File: "tableA9.out"  (verbatim)

Overfull \hbox (127.94937pt too wide) in paragraph at lines 171--171
[]\T1/lmtt/m/n/10.95 VARIABLES ldif_ln_pindex_hs6_total ldif_ln_pindex_hs6_tota
l ldif_ln_pindex_hs6_total ldif_ln_pindex_hs6_total[] 
 []

[20

] (handley_limao_tables.aux)
 ***********
LaTeX2e <2025-11-01>
L3 programming layer <2025-12-24>
 ***********
 ) 
Here is how much of TeX's memory you used:
 3886 strings out of 467871
 66326 string characters out of 5417408
 472226 words of memory out of 5000000
 32728 multiletter control sequences out of 15000+600000
 665386 words of font info for 61 fonts, out of 8000000 for 9000
 1141 hyphenation exceptions out of 8191
 57i,5n,65p,260b,384s stack positions out of 10000i,1000n,20000p,200000b,200000s
<C:/Users/Usuario/AppData/Local/Programs/MiKTeX/fonts/type1/public/lm/lmbx12.
pfb><C:/Users/Usuario/AppData/Local/Programs/MiKTeX/fonts/type1/public/lm/lmmi1
2.pfb><C:/Users/Usuario/AppData/Local/Programs/MiKTeX/fonts/type1/public/lm/lmr
12.pfb><C:/Users/Usuario/AppData/Local/Programs/MiKTeX/fonts/type1/public/lm/lm
ri12.pfb><C:/Users/Usuario/AppData/Local/Programs/MiKTeX/fonts/type1/public/lm/
lmtt10.pfb>
Output written on handley_limao_tables.pdf (20 pages, 141119 bytes).
PDF statistics:
 94 PDF objects out of 1000 (max. 8388607)
 0 named destinations out of 1000 (max. 500000)
 1 words of extra memory for PDF output out of 10000 (max. 10000000)

