--------------------------------------------------------------------------------------------------
       log:  T:\LSE\Raffaella_Sadun\ADIB_AER\results\ADIB_Alltables_Nov2010_tableA9col1and2.log
  log type:  text
 opened on:  16 Nov 2010, 15:29:15

. clear

. set matsize 4000

Current memory allocation

                    current                                 memory usage
    settable          value     description                 (1M = 1024k)
    --------------------------------------------------------------------
    set maxvar         5000     max. variables allowed           1.733M
    set memory           10M    max. data space                 10.000M
    set matsize        4000     max. RHS vars in models        122.406M
                                                            -----------
                                                               134.139M

. set mem 500m

Current memory allocation

                    current                                 memory usage
    settable          value     description                 (1M = 1024k)
    --------------------------------------------------------------------
    set maxvar         5000     max. variables allowed           1.733M
    set memory          500M    max. data space                500.000M
    set matsize        4000     max. RHS vars in models        122.406M
                                                            -----------
                                                               624.139M

. 
. global  control "du_usa_mu du_oth_mu single D_us D_oth Hd*  i.age*manuf i.age_t*manuf manuf i.mo
> de_reg"

. u "T:\LSE\Raffaella_Sadun\ADIB_AER\data\adib_data_10", replace

. keep if IT1==1
(14008 observations deleted)

. 
. * Retail and Wholesale
. xi:areg  ln4 ln_TM ln_K_not ln_N ln_khard  int_us_mu int_oth_mu $control i.myc if (sic2==51 | si
> c2==52), rob cluster (ruref) abs(ruref)
i.age             _Iage_1-24          (naturally coded; _Iage_1 omitted)
i.age*manuf       _IageXmanu_#        (coded as above)
i.age_t           _Iage_t_0-1         (naturally coded; _Iage_t_0 omitted)
i.age_t*manuf     _IageXmanuf_#       (coded as above)
i.mode_reg        _Imode_reg_1-10     (naturally coded; _Imode_reg_1 omitted)
i.myc             _Imyc_1995221-2003743(naturally coded; _Imyc_1995221 omitted)

Linear regression, absorbing indicators                Number of obs =    3938
                                                       F( 88, 2084)  =       .
                                                       Prob > F      =
                                                       R-squared     =  0.9945
                                                       Adj R-squared =  0.9943
                                                       Root MSE      =  .09023

                               (Std. Err. adjusted for 2085 clusters in ruref)
------------------------------------------------------------------------------
             |               Robust
         ln4 |      Coef.   Std. Err.      t    P>|t|     [95% Conf. Interval]
-------------+----------------------------------------------------------------
       ln_TM |   .6380843     .03578    17.83   0.000     .5679161    .7082525
    ln_K_not |   .0574983   .0208204     2.76   0.006     .0166674    .0983292
        ln_N |   -.091619   .0269386    -3.40   0.001    -.1444484   -.0387895
    ln_khard |   .0101521   .0046076     2.20   0.028     .0011161    .0191881
   int_us_mu |   .0346853    .018119     1.91   0.056    -.0008479    .0702185
  int_oth_mu |  -.0024168   .0072147    -0.33   0.738    -.0165655     .011732
   du_usa_mu |   .0473445   .0579082     0.82   0.414    -.0662194    .1609084
   du_oth_mu |   .0395909   .0242226     1.63   0.102    -.0079121    .0870939
      single |   -.011656   .0173028    -0.67   0.501    -.0455885    .0222765
        D_us |  -.0678157   .0796048    -0.85   0.394     -.223929    .0882976
       D_oth |  -.0408761    .027343    -1.49   0.135    -.0944985    .0127463
 Hdummy_bsci |  (dropped)
 Hdummy_qice |  -.0058975   .0168473    -0.35   0.726    -.0389367    .0271418
  Hdummy_far |  -.0408919   .0288328    -1.42   0.156     -.097436    .0156522
     _Iage_2 |   -.028307   .0254621    -1.11   0.266    -.0782407    .0216268
     _Iage_3 |  -.0886783   .0279276    -3.18   0.002    -.1434472   -.0339093
     _Iage_4 |  -.1101785    .031286    -3.52   0.000    -.1715336   -.0488235
     _Iage_5 |  -.1647405   .0376831    -4.37   0.000     -.238641     -.09084
     _Iage_6 |  -.2073267   .0423191    -4.90   0.000    -.2903189   -.1243346
     _Iage_7 |  -.2278483    .046623    -4.89   0.000    -.3192809   -.1364157
     _Iage_8 |  -.2485592   .0548912    -4.53   0.000    -.3562066   -.1409119
     _Iage_9 |   -.342241   .0560595    -6.10   0.000    -.4521793   -.2323026
    _Iage_10 |  -.3501878   .0670707    -5.22   0.000    -.4817203   -.2186553
    _Iage_11 |  -.4101063    .076443    -5.36   0.000    -.5600188   -.2601938
    _Iage_12 |  -.7355277   .0800294    -9.19   0.000    -.8924735   -.5785818
    _Iage_13 |  -.7537448   .0765607    -9.85   0.000    -.9038882   -.6036014
    _Iage_14 |  -.9017249   .0768769   -11.73   0.000    -1.052488   -.7509614
    _Iage_15 |  -.4258427   .0673867    -6.32   0.000     -.557995   -.2936905
    _Iage_16 |   .1466752   .0710219     2.07   0.039     .0073939    .2859564
    _Iage_17 |  -.1324912    .069891    -1.90   0.058    -.2695547    .0045722
    _Iage_18 |    .112289   .0570726     1.97   0.049     .0003637    .2242143
    _Iage_19 |   .1967602    .055481     3.55   0.000     .0879563    .3055641
    _Iage_20 |   .1433397   .0507409     2.82   0.005     .0438316    .2428479
    _Iage_21 |   .1139756   .0570282     2.00   0.046     .0021375    .2258137
    _Iage_22 |   .0608891   .0416548     1.46   0.144    -.0208003    .1425785
    _Iage_23 |  -.0164806   .0524776    -0.31   0.754    -.1193945    .0864334
    _Iage_24 |  (dropped)
   _Iage_t_1 |  (dropped)
       manuf |  (dropped)
_IageXmanu_2 |  (dropped)
_IageXmanu_3 |  (dropped)
_IageXmanu_4 |  (dropped)
_IageXmanu_5 |  (dropped)
_IageXmanu_6 |  (dropped)
_IageXmanu_7 |  (dropped)
_IageXmanu_8 |  (dropped)
_IageXmanu_9 |  (dropped)
_IageXman~10 |  (dropped)
_IageXman~11 |  (dropped)
_IageXman~12 |  (dropped)
_IageXman~13 |  (dropped)
_IageXman~14 |  (dropped)
_IageXman~15 |  (dropped)
_IageXman~16 |  (dropped)
_IageXman~17 |  (dropped)
_IageXman~18 |  (dropped)
_IageXman~19 |  (dropped)
_IageXman~20 |  (dropped)
_IageXman~21 |  (dropped)
_IageXman~22 |  (dropped)
_IageXman~23 |  (dropped)
_IageXman~24 |  (dropped)
   _Iage_t_1 |  (dropped)
_IageXman~_1 |  (dropped)
       manuf |  (dropped)
_Imode_reg_2 |  (dropped)
_Imode_reg_3 |  (dropped)
_Imode_reg_4 |  (dropped)
_Imode_reg_5 |  (dropped)
_Imode_reg_6 |  (dropped)
_Imode_reg_7 |  (dropped)
_Imode_reg_8 |  (dropped)
_Imode_reg_9 |  (dropped)
_Imode_re~10 |  (dropped)
_Imy~1995291 |  (dropped)
_Imy~1995292 |  (dropped)
_Imy~1995293 |  (dropped)
_Imy~1995295 |  (dropped)
_Imy~1995297 |  (dropped)
_Imy~1995514 |  (dropped)
_Imy~1995515 |  (dropped)
_Imy~1995527 |  (dropped)
_Imy~1996221 |  (dropped)
_Imy~1996291 |  (dropped)
_Imy~1996292 |  (dropped)
_Imy~1996293 |  (dropped)
_Imy~1996295 |  (dropped)
_Imy~1996297 |  (dropped)
_Imy~1996333 |  (dropped)
_Imy~1997221 |  (dropped)
_Imy~1997291 |  (dropped)
_Imy~1997292 |  (dropped)
_Imy~1997293 |  (dropped)
_Imy~1997295 |  (dropped)
_Imy~1997297 |  (dropped)
_Imy~1997333 |  (dropped)
_Imy~1997353 |  (dropped)
_Imy~1997511 |   .6554993   .1647188     3.98   0.000     .3324689    .9785297
_Imy~1997512 |  -.0659521   .0329795    -2.00   0.046    -.1306283   -.0012759
_Imy~1997513 |  -.0869259   .0446747    -1.95   0.052    -.1745375    .0006858
_Imy~1997514 |   .0031194   .0458601     0.07   0.946     -.086817    .0930559
_Imy~1997515 |  -.0301158   .0401731    -0.75   0.454    -.1088994    .0486677
_Imy~1997516 |   -.192405   .0680109    -2.83   0.005    -.3257814   -.0590287
_Imy~1997517 |  -.2716514   .1102847    -2.46   0.014    -.4879311   -.0553717
_Imy~1997742 |  (dropped)
_Imy~1998221 |  (dropped)
_Imy~1998291 |  (dropped)
_Imy~1998292 |  (dropped)
_Imy~1998293 |  (dropped)
_Imy~1998295 |  (dropped)
_Imy~1998297 |  (dropped)
_Imy~1998333 |  (dropped)
_Imy~1998511 |   .7745764   .2606218     2.97   0.003     .2634702    1.285683
_Imy~1998513 |   .0100258   .0369016     0.27   0.786     -.062342    .0823936
_Imy~1998514 |  (dropped)
_Imy~1998515 |  (dropped)
_Imy~1998516 |  -.1685418   .0517943    -3.25   0.001    -.2701157   -.0669679
_Imy~1998517 |  -.2392444   .0887684    -2.70   0.007    -.4133284   -.0651604
_Imy~1999182 |  (dropped)
_Imy~1999221 |  (dropped)
_Imy~1999222 |  (dropped)
_Imy~1999223 |  (dropped)
_Imy~1999291 |  (dropped)
_Imy~1999292 |  (dropped)
_Imy~1999293 |  (dropped)
_Imy~1999294 |  (dropped)
_Imy~1999295 |  (dropped)
_Imy~1999296 |  (dropped)
_Imy~1999297 |  (dropped)
_Imy~1999311 |  (dropped)
_Imy~1999312 |  (dropped)
_Imy~1999314 |  (dropped)
_Imy~1999316 |  (dropped)
_Imy~1999332 |  (dropped)
_Imy~1999333 |  (dropped)
_Imy~1999334 |  (dropped)
_Imy~1999351 |  (dropped)
_Imy~1999353 |  (dropped)
_Imy~1999361 |  (dropped)
_Imy~1999366 |  (dropped)
_Imy~1999371 |  (dropped)
_Imy~1999511 |  (dropped)
_Imy~1999513 |  (dropped)
_Imy~1999514 |    .008834   .0435423     0.20   0.839    -.0765569    .0942249
_Imy~1999515 |   .1445704   .0478995     3.02   0.003     .0506345    .2385062
_Imy~1999516 |  -.1422363    .039358    -3.61   0.000    -.2194214   -.0650511
_Imy~1999517 |  -.1781656   .0971476    -1.83   0.067     -.368682    .0123509
_Imy~1999521 |   -.011949   .0257921    -0.46   0.643    -.0625299     .038632
_Imy~1999522 |  -.0127721   .0434872    -0.29   0.769     -.098055    .0725108
_Imy~1999523 |  -.0765349   .0161959    -4.73   0.000    -.1082968    -.044773
_Imy~1999524 |  (dropped)
_Imy~1999526 |  -.2066893   .1354755    -1.53   0.127    -.4723707    .0589922
_Imy~1999711 |  (dropped)
_Imy~1999712 |  (dropped)
_Imy~1999713 |  (dropped)
_Imy~1999714 |  (dropped)
_Imy~1999731 |  (dropped)
_Imy~1999732 |  (dropped)
_Imy~1999741 |  (dropped)
_Imy~1999742 |  (dropped)
_Imy~2000182 |  (dropped)
_Imy~2000221 |  (dropped)
_Imy~2000222 |  (dropped)
_Imy~2000291 |  (dropped)
_Imy~2000292 |  (dropped)
_Imy~2000293 |  (dropped)
_Imy~2000294 |  (dropped)
_Imy~2000295 |  (dropped)
_Imy~2000296 |  (dropped)
_Imy~2000297 |  (dropped)
_Imy~2000311 |  (dropped)
_Imy~2000312 |  (dropped)
_Imy~2000314 |  (dropped)
_Imy~2000315 |  (dropped)
_Imy~2000316 |  (dropped)
_Imy~2000332 |  (dropped)
_Imy~2000333 |  (dropped)
_Imy~2000334 |  (dropped)
_Imy~2000351 |  (dropped)
_Imy~2000353 |  (dropped)
_Imy~2000361 |  (dropped)
_Imy~2000363 |  (dropped)
_Imy~2000366 |  (dropped)
_Imy~2000371 |  (dropped)
_Imy~2000372 |  (dropped)
_Imy~2000511 |   .5570544   .2317814     2.40   0.016     .1025073    1.011602
_Imy~2000512 |  (dropped)
_Imy~2000513 |   .0142829   .0337489     0.42   0.672    -.0519022     .080468
_Imy~2000514 |   .0965232   .0332752     2.90   0.004     .0312671    .1617793
_Imy~2000515 |   .1395826   .0502847     2.78   0.006      .040969    .2381961
_Imy~2000516 |  -.0919988   .0324242    -2.84   0.005    -.1555859   -.0284117
_Imy~2000517 |  -.0596366   .1184684    -0.50   0.615    -.2919653     .172692
_Imy~2000521 |  (dropped)
_Imy~2000522 |  (dropped)
_Imy~2000523 |  (dropped)
_Imy~2000524 |  -.0064974   .0286071    -0.23   0.820    -.0625989     .049604
_Imy~2000526 |  -.1345658   .0578886    -2.32   0.020    -.2480913   -.0210404
_Imy~2000711 |  (dropped)
_Imy~2000712 |  (dropped)
_Imy~2000713 |  (dropped)
_Imy~2000714 |  (dropped)
_Imy~2000731 |  (dropped)
_Imy~2000732 |  (dropped)
_Imy~2000741 |  (dropped)
_Imy~2000742 |  (dropped)
_Imy~2000743 |  (dropped)
_Imy~2001182 |  (dropped)
_Imy~2001221 |  (dropped)
_Imy~2001222 |  (dropped)
_Imy~2001223 |  (dropped)
_Imy~2001291 |  (dropped)
_Imy~2001292 |  (dropped)
_Imy~2001293 |  (dropped)
_Imy~2001294 |  (dropped)
_Imy~2001295 |  (dropped)
_Imy~2001296 |  (dropped)
_Imy~2001297 |  (dropped)
_Imy~2001311 |  (dropped)
_Imy~2001312 |  (dropped)
_Imy~2001314 |  (dropped)
_Imy~2001315 |  (dropped)
_Imy~2001316 |  (dropped)
_Imy~2001332 |  (dropped)
_Imy~2001333 |  (dropped)
_Imy~2001334 |  (dropped)
_Imy~2001351 |  (dropped)
_Imy~2001353 |  (dropped)
_Imy~2001361 |  (dropped)
_Imy~2001362 |  (dropped)
_Imy~2001363 |  (dropped)
_Imy~2001364 |  (dropped)
_Imy~2001365 |  (dropped)
_Imy~2001366 |  (dropped)
_Imy~2001371 |  (dropped)
_Imy~2001372 |  (dropped)
_Imy~2001511 |   .7945384   .1412741     5.62   0.000     .5174853    1.071591
_Imy~2001512 |   .0736888   .0330676     2.23   0.026     .0088398    .1385379
_Imy~2001513 |   .0218283    .043629     0.50   0.617    -.0637326    .1073892
_Imy~2001514 |   .1498609   .0470615     3.18   0.001     .0575685    .2421532
_Imy~2001515 |    .156545   .0485772     3.22   0.001     .0612801      .25181
_Imy~2001516 |  -.0479969   .0137486    -3.49   0.000    -.0749593   -.0210346
_Imy~2001517 |   -.120282   .0281174    -4.28   0.000    -.1754231   -.0651409
_Imy~2001518 |  (dropped)
_Imy~2001519 |  (dropped)
_Imy~2001521 |    .026672   .0247986     1.08   0.282    -.0219606    .0753046
_Imy~2001522 |   .1335994   .0688462     1.94   0.052    -.0014151    .2686139
_Imy~2001523 |   .0183956   .0239934     0.77   0.443    -.0286579    .0654492
_Imy~2001524 |   .0620088   .0292706     2.12   0.034     .0046062    .1194115
_Imy~2001525 |  (dropped)
_Imy~2001526 |  -.0920212   .0326633    -2.82   0.005    -.1560774   -.0279651
_Imy~2001527 |  -.1248707   .0456804    -2.73   0.006    -.2144547   -.0352867
_Imy~2001660 |  (dropped)
_Imy~2001671 |  (dropped)
_Imy~2001672 |  (dropped)
_Imy~2001711 |  (dropped)
_Imy~2001712 |  (dropped)
_Imy~2001713 |  (dropped)
_Imy~2001714 |  (dropped)
_Imy~2001731 |  (dropped)
_Imy~2001732 |  (dropped)
_Imy~2001741 |  (dropped)
_Imy~2001742 |  (dropped)
_Imy~2001743 |  (dropped)
_Imy~2002182 |  (dropped)
_Imy~2002221 |   .0528486   .0382227     1.38   0.167      -.02211    .1278072
_Imy~2002222 |  (dropped)
_Imy~2002223 |  (dropped)
_Imy~2002291 |  (dropped)
_Imy~2002292 |  (dropped)
_Imy~2002293 |  (dropped)
_Imy~2002294 |  (dropped)
_Imy~2002295 |  (dropped)
_Imy~2002296 |  (dropped)
_Imy~2002297 |  (dropped)
_Imy~2002311 |  (dropped)
_Imy~2002312 |  (dropped)
_Imy~2002314 |  (dropped)
_Imy~2002315 |  (dropped)
_Imy~2002316 |  (dropped)
_Imy~2002332 |  (dropped)
_Imy~2002333 |  (dropped)
_Imy~2002334 |  (dropped)
_Imy~2002351 |  (dropped)
_Imy~2002353 |  (dropped)
_Imy~2002361 |  (dropped)
_Imy~2002362 |  (dropped)
_Imy~2002363 |  (dropped)
_Imy~2002364 |  (dropped)
_Imy~2002365 |  (dropped)
_Imy~2002366 |  (dropped)
_Imy~2002371 |  (dropped)
_Imy~2002372 |  (dropped)
_Imy~2002511 |   .8325689   .1481353     5.62   0.000     .5420602    1.123077
_Imy~2002512 |   .1481244   .0386435     3.83   0.000     .0723406    .2239083
_Imy~2002513 |   .0903889   .0470709     1.92   0.055     -.001922    .1826998
_Imy~2002514 |   .1969204   .0488003     4.04   0.000      .101218    .2926227
_Imy~2002515 |   .2143743   .0528659     4.06   0.000     .1106988    .3180498
_Imy~2002516 |  (dropped)
_Imy~2002517 |  -.0149546   .0320122    -0.47   0.640    -.0777338    .0478247
_Imy~2002518 |   .0567361   .0362583     1.56   0.118    -.0143702    .1278424
_Imy~2002519 |   .0780448   .0744845     1.05   0.295     -.068027    .2241166
_Imy~2002521 |   .0842745   .0291222     2.89   0.004     .0271627    .1413862
_Imy~2002522 |   .2255856   .0714742     3.16   0.002     .0854174    .3657538
_Imy~2002523 |   .1047837   .0279609     3.75   0.000     .0499495     .159618
_Imy~2002524 |   .1277244   .0343162     3.72   0.000     .0604269    .1950219
_Imy~2002525 |   .0660015   .0189954     3.47   0.001     .0287496    .1032533
_Imy~2002526 |   .0068121    .033296     0.20   0.838    -.0584849     .072109
_Imy~2002527 |  (dropped)
_Imy~2002711 |  (dropped)
_Imy~2002712 |  (dropped)
_Imy~2002713 |  -.1649084   .0109688   -15.03   0.000    -.1864193   -.1433974
_Imy~2002714 |  (dropped)
_Imy~2002731 |  (dropped)
_Imy~2002732 |  (dropped)
_Imy~2002741 |  (dropped)
_Imy~2002742 |  (dropped)
_Imy~2002743 |  (dropped)
_Imy~2003182 |  (dropped)
_Imy~2003221 |    .061948   .0419184     1.48   0.140    -.0202584    .1441544
_Imy~2003222 |  (dropped)
_Imy~2003223 |  (dropped)
_Imy~2003291 |  (dropped)
_Imy~2003292 |  (dropped)
_Imy~2003293 |  (dropped)
_Imy~2003294 |  (dropped)
_Imy~2003295 |  (dropped)
_Imy~2003296 |  (dropped)
_Imy~2003297 |  (dropped)
_Imy~2003311 |  (dropped)
_Imy~2003312 |  (dropped)
_Imy~2003314 |  (dropped)
_Imy~2003315 |  (dropped)
_Imy~2003316 |  (dropped)
_Imy~2003332 |  (dropped)
_Imy~2003333 |  (dropped)
_Imy~2003334 |  (dropped)
_Imy~2003351 |  (dropped)
_Imy~2003353 |  (dropped)
_Imy~2003361 |  (dropped)
_Imy~2003362 |  (dropped)
_Imy~2003365 |  (dropped)
_Imy~2003366 |  (dropped)
_Imy~2003371 |  (dropped)
_Imy~2003372 |  (dropped)
_Imy~2003511 |   .8889565   .1480411     6.00   0.000     .5986326     1.17928
_Imy~2003512 |   .2096468   .0451177     4.65   0.000     .1211664    .2981272
_Imy~2003513 |   .1254549   .0510492     2.46   0.014     .0253422    .2255675
_Imy~2003514 |    .253002   .0519425     4.87   0.000     .1511374    .3548666
_Imy~2003515 |   .2683089    .054832     4.89   0.000     .1607777    .3758401
_Imy~2003516 |   .0392877   .0150053     2.62   0.009     .0098607    .0687146
_Imy~2003517 |  (dropped)
_Imy~2003518 |   .0566355   .0333234     1.70   0.089     -.008715    .1219861
_Imy~2003519 |   .0477336   .0613101     0.78   0.436    -.0725019     .167969
_Imy~2003521 |    .114155   .0342213     3.34   0.001     .0470435    .1812666
_Imy~2003522 |   .2680989   .0734178     3.65   0.000     .1241191    .4120788
_Imy~2003523 |   .1934361   .0332337     5.82   0.000     .1282614    .2586108
_Imy~2003524 |   .1639475   .0396591     4.13   0.000     .0861719    .2417231
_Imy~2003525 |   .1993661   .0291916     6.83   0.000     .1421184    .2566137
_Imy~2003526 |  (dropped)
_Imy~2003527 |  (dropped)
_Imy~2003711 |  (dropped)
_Imy~2003712 |  (dropped)
_Imy~2003713 |  (dropped)
_Imy~2003714 |  (dropped)
_Imy~2003731 |  (dropped)
_Imy~2003741 |  (dropped)
_Imy~2003742 |  (dropped)
_Imy~2003743 |  (dropped)
       _cons |   2.379957   .2894784     8.22   0.000      1.81226    2.947654
-------------+----------------------------------------------------------------
       ruref |   absorbed                                    (2085 categories)

. test int_us_mu=int_oth_mu

 ( 1)  int_us_mu - int_oth_mu = 0

       F(  1,  2084) =    3.88
            Prob > F =    0.0491

. 
. * All other sectors
. xi:areg  ln4 ln_TM ln_K_not ln_N ln_khard  int_us_mu int_oth_mu $control i.myc if (sic2!=51 & si
> c2!=52), rob cluster (ruref) abs(ruref)
i.age             _Iage_1-24          (naturally coded; _Iage_1 omitted)
i.age*manuf       _IageXmanu_#        (coded as above)
i.age_t           _Iage_t_0-1         (naturally coded; _Iage_t_0 omitted)
i.age_t*manuf     _IageXmanuf_#       (coded as above)
i.mode_reg        _Imode_reg_1-10     (naturally coded; _Imode_reg_1 omitted)
i.myc             _Imyc_1995221-2003743(naturally coded; _Imyc_1995221 omitted)

Linear regression, absorbing indicators                Number of obs =    3846
                                                       F( 165, 2038) =       .
                                                       Prob > F      =
                                                       R-squared     =  0.9822
                                                       Adj R-squared =  0.9811
                                                       Root MSE      =  .12289

                               (Std. Err. adjusted for 2039 clusters in ruref)
------------------------------------------------------------------------------
             |               Robust
         ln4 |      Coef.   Std. Err.      t    P>|t|     [95% Conf. Interval]
-------------+----------------------------------------------------------------
       ln_TM |   .3831789   .0308008    12.44   0.000     .3227747    .4435832
    ln_K_not |   .2212907   .0599649     3.69   0.000     .1036918    .3388896
        ln_N |   -.074133   .0642368    -1.15   0.249    -.2001097    .0518436
    ln_khard |   .0149011   .0085784     1.74   0.083    -.0019223    .0317245
   int_us_mu |   .0412895   .0208075     1.98   0.047     .0004834    .0820956
  int_oth_mu |   .0007236    .009873     0.07   0.942    -.0186386    .0200859
   du_usa_mu |   .0025945   .0320121     0.08   0.935    -.0601853    .0653743
   du_oth_mu |  -.0066194   .0190639    -0.35   0.728    -.0440062    .0307674
      single |  -.0297645   .0207882    -1.43   0.152    -.0705328    .0110039
        D_us |  -.0610538   .0377247    -1.62   0.106    -.1350367    .0129292
       D_oth |   .0200851   .0278508     0.72   0.471    -.0345339    .0747041
 Hdummy_bsci |  (dropped)
 Hdummy_qice |  -.0087454   .0246891    -0.35   0.723    -.0571639     .039673
  Hdummy_far |   .0249198   .0511603     0.49   0.626    -.0754122    .1252518
     _Iage_2 |   .0733174   .1227228     0.60   0.550    -.1673578    .3139927
     _Iage_3 |   .0803353   .2330515     0.34   0.730    -.3767088    .5373793
     _Iage_4 |   .1902638   .3454712     0.55   0.582    -.4872496    .8677773
     _Iage_5 |   .2810409   .4589678     0.61   0.540    -.6190541    1.181136
     _Iage_6 |   .3176361   .5707439     0.56   0.578    -.8016661    1.436938
     _Iage_7 |   .3637035   .6842433     0.53   0.595    -.9781857    1.705593
     _Iage_8 |   .2974281   .7938555     0.37   0.708    -1.259425    1.854281
     _Iage_9 |   .4492232   .9053201     0.50   0.620    -1.326226    2.224672
    _Iage_10 |   .6401938   1.015725     0.63   0.529    -1.351774    2.632162
    _Iage_11 |   .6229993   1.144699     0.54   0.586    -1.621904    2.867902
    _Iage_12 |   .0781295   .0539949     1.45   0.148    -.0277615    .1840205
    _Iage_13 |  -.1533862   .1359969    -1.13   0.260    -.4200936    .1133212
    _Iage_14 |   .1340548   .0549946     2.44   0.015     .0262033    .2419063
    _Iage_15 |   .8491231   .4884189     1.74   0.082    -.1087292    1.806975
    _Iage_16 |   .1529039   .0449858     3.40   0.001     .0646809    .2411269
    _Iage_17 |   .6566047   .3933294     1.67   0.095    -.1147648    1.427974
    _Iage_18 |   .0786598    .040087     1.96   0.050      .000044    .1572756
    _Iage_19 |  (dropped)
    _Iage_20 |  -.0158131   .0330209    -0.48   0.632    -.0805713     .048945
    _Iage_21 |   .5402869   .5963756     0.91   0.365    -.6292823    1.709856
    _Iage_22 |   .0235928   .0164836     1.43   0.153    -.0087337    .0559193
    _Iage_23 |  (dropped)
    _Iage_24 |  (dropped)
   _Iage_t_1 |  (dropped)
       manuf |   .7854251   .4768106     1.65   0.100    -.1496617    1.720512
_IageXmanu_2 |  -.0025532   .1276956    -0.02   0.984    -.2529807    .2478743
_IageXmanu_3 |  -.0732413    .235863    -0.31   0.756    -.5357989    .3893163
_IageXmanu_4 |  -.1556243   .3531174    -0.44   0.659    -.8481331    .5368844
_IageXmanu_5 |  -.2228168   .4609069    -0.48   0.629    -1.126715    .6810809
_IageXmanu_6 |  -.2677553    .570314    -0.47   0.639    -1.386214    .8507038
_IageXmanu_7 |  -.3075464   .6842325    -0.45   0.653    -1.649414    1.034322
_IageXmanu_8 |  -.2645472   .7931541    -0.33   0.739    -1.820024     1.29093
_IageXmanu_9 |   -.411625   .9046022    -0.46   0.649    -2.185666    1.362416
_IageXman~10 |   -.593853   1.014929    -0.59   0.559     -2.58426    1.396554
_IageXman~11 |  -.5763747    1.14461    -0.50   0.615    -2.821103    1.668353
_IageXman~12 |  (dropped)
_IageXman~13 |   .2723967   .1298809     2.10   0.036     .0176835    .5271099
_IageXman~14 |  (dropped)
_IageXman~15 |  -.6858743   .4871386    -1.41   0.159    -1.641216    .2694671
_IageXman~16 |  (dropped)
_IageXman~17 |  -.5137928   .3942665    -1.30   0.193       -1.287    .2594145
_IageXman~18 |  (dropped)
_IageXman~19 |   .0128632   .0367364     0.35   0.726    -.0591816    .0849079
_IageXman~20 |  (dropped)
_IageXman~21 |  -.5451397   .5966899    -0.91   0.361    -1.715325    .6250461
_IageXman~22 |  (dropped)
_IageXman~23 |   .0019488   .0131984     0.15   0.883     -.023935    .0278326
_IageXman~24 |  (dropped)
   _Iage_t_1 |  (dropped)
_IageXman~_1 |  -.3919916   .4318747    -0.91   0.364    -1.238954    .4549704
       manuf |  (dropped)
_Imode_reg_2 |  (dropped)
_Imode_reg_3 |  (dropped)
_Imode_reg_4 |  (dropped)
_Imode_reg_5 |  (dropped)
_Imode_reg_6 |  (dropped)
_Imode_reg_7 |  (dropped)
_Imode_reg_8 |  (dropped)
_Imode_reg_9 |  (dropped)
_Imode_re~10 |  (dropped)
_Imy~1995291 |  -.2327729   .0739297    -3.15   0.002    -.3777586   -.0877872
_Imy~1995292 |  -.1243927   .1020603    -1.22   0.223    -.3245462    .0757607
_Imy~1995293 |  -.1443038   .0512659    -2.81   0.005    -.2448429   -.0437646
_Imy~1995295 |  -.0732017   .0762155    -0.96   0.337    -.2226701    .0762667
_Imy~1995297 |  -.2555578   .0409453    -6.24   0.000    -.3358567   -.1752589
_Imy~1995514 |  -1.722072   .1730256    -9.95   0.000    -2.061398   -1.382747
_Imy~1995515 |  (dropped)
_Imy~1995527 |  (dropped)
_Imy~1996221 |   .0324355   .0266596     1.22   0.224    -.0198475    .0847184
_Imy~1996291 |  -.3231005   .1395896    -2.31   0.021    -.5968537   -.0493474
_Imy~1996292 |  -.0665787   .1144334    -0.58   0.561    -.2909974      .15784
_Imy~1996293 |  -.0467187   .0831608    -0.56   0.574    -.2098078    .1163704
_Imy~1996295 |  -.1761241   .0384981    -4.57   0.000    -.2516237   -.1006244
_Imy~1996297 |  -.1769284   .0324566    -5.45   0.000    -.2405799   -.1132769
_Imy~1996333 |   .4335125   .1081007     4.01   0.000     .2215132    .6455119
_Imy~1997221 |   .2829474   .0394273     7.18   0.000     .2056253    .3602694
_Imy~1997291 |  -.2159346   .0817028    -2.64   0.008    -.3761643   -.0557049
_Imy~1997292 |  -.0195197   .0986678    -0.20   0.843      -.21302    .1739807
_Imy~1997293 |   .0517129   .0891135     0.58   0.562    -.1230501    .2264759
_Imy~1997295 |   .0300444    .041323     0.73   0.467    -.0509953     .111084
_Imy~1997297 |   -.037581   .0241583    -1.56   0.120    -.0849585    .0097965
_Imy~1997333 |   .2600403   .1056619     2.46   0.014     .0528237    .4672569
_Imy~1997353 |  (dropped)
_Imy~1997511 |  (dropped)
_Imy~1997512 |  (dropped)
_Imy~1997513 |  (dropped)
_Imy~1997514 |  -1.858303   .1833245   -10.14   0.000    -2.217826    -1.49878
_Imy~1997515 |  (dropped)
_Imy~1997516 |  (dropped)
_Imy~1997517 |  (dropped)
_Imy~1997742 |   .0808926   .2334381     0.35   0.729    -.3769095    .5386947
_Imy~1998221 |   .4808357   .0408683    11.77   0.000     .4006876    .5609837
_Imy~1998291 |  (dropped)
_Imy~1998292 |   .0469118   .1153403     0.41   0.684    -.1792853    .2731089
_Imy~1998293 |   .1423908   .0501414     2.84   0.005     .0440572    .2407245
_Imy~1998295 |  (dropped)
_Imy~1998297 |  (dropped)
_Imy~1998333 |   .0468275   .0953921     0.49   0.624    -.1402487    .2339036
_Imy~1998511 |  (dropped)
_Imy~1998513 |  (dropped)
_Imy~1998514 |  (dropped)
_Imy~1998515 |  (dropped)
_Imy~1998516 |  (dropped)
_Imy~1998517 |  (dropped)
_Imy~1999182 |  (dropped)
_Imy~1999221 |   .5443111   .0574989     9.47   0.000     .4315483    .6570738
_Imy~1999222 |  (dropped)
_Imy~1999223 |  (dropped)
_Imy~1999291 |  -.1056504   .0547999    -1.93   0.054      -.21312    .0018193
_Imy~1999292 |   .0317166   .0971648     0.33   0.744    -.1588361    .2222693
_Imy~1999293 |   .1158118    .039589     2.93   0.003     .0381728    .1934509
_Imy~1999294 |  -.0605149   .0880719    -0.69   0.492    -.2332352    .1122053
_Imy~1999295 |  -.1866534   .0623321    -2.99   0.003    -.3088948   -.0644121
_Imy~1999296 |  (dropped)
_Imy~1999297 |  -.0182075   .0705135    -0.26   0.796    -.1564935    .1200785
_Imy~1999311 |  (dropped)
_Imy~1999312 |   .0653777   .1085703     0.60   0.547    -.1475427     .278298
_Imy~1999314 |  (dropped)
_Imy~1999316 |  -.0913615   .0898447    -1.02   0.309    -.2675585    .0848355
_Imy~1999332 |   .0008932   .0461996     0.02   0.985    -.0897101    .0914965
_Imy~1999333 |  -.0087573   .1192555    -0.07   0.941    -.2426328    .2251181
_Imy~1999334 |  (dropped)
_Imy~1999351 |   .1069006   .1429656     0.75   0.455    -.1734732    .3872745
_Imy~1999353 |   1.145441   .1245139     9.20   0.000     .9012532    1.389629
_Imy~1999361 |  -.0517874   .0428522    -1.21   0.227     -.135826    .0322513
_Imy~1999366 |  (dropped)
_Imy~1999371 |  -.1329542   .0788883    -1.69   0.092    -.2876643    .0217559
_Imy~1999511 |  (dropped)
_Imy~1999513 |  (dropped)
_Imy~1999514 |  (dropped)
_Imy~1999515 |  (dropped)
_Imy~1999516 |  (dropped)
_Imy~1999517 |  (dropped)
_Imy~1999521 |  (dropped)
_Imy~1999522 |  (dropped)
_Imy~1999523 |  (dropped)
_Imy~1999524 |  (dropped)
_Imy~1999526 |  (dropped)
_Imy~1999711 |  (dropped)
_Imy~1999712 |  (dropped)
_Imy~1999713 |  (dropped)
_Imy~1999714 |  (dropped)
_Imy~1999731 |  (dropped)
_Imy~1999732 |  -.8633926   .2454923    -3.52   0.000    -1.344835   -.3819506
_Imy~1999741 |  (dropped)
_Imy~1999742 |  (dropped)
_Imy~2000182 |  -.0235039   .0336608    -0.70   0.485     -.089517    .0425092
_Imy~2000221 |   .6361445   .0668841     9.51   0.000     .5049761    .7673128
_Imy~2000222 |   .3236038   .2261273     1.43   0.153    -.1198609    .7670685
_Imy~2000291 |  -.1416915   .0752696    -1.88   0.060    -.2893048    .0059219
_Imy~2000292 |   .0439672    .083309     0.53   0.598    -.1194125    .2073469
_Imy~2000293 |  (dropped)
_Imy~2000294 |  (dropped)
_Imy~2000295 |  -.0540969   .0506442    -1.07   0.286    -.1534168    .0452229
_Imy~2000296 |  (dropped)
_Imy~2000297 |  -.0706128   .0552892    -1.28   0.202     -.179042    .0378163
_Imy~2000311 |  (dropped)
_Imy~2000312 |  (dropped)
_Imy~2000314 |  -.0965561   .0557201    -1.73   0.083    -.2058304    .0127182
_Imy~2000315 |  (dropped)
_Imy~2000316 |  -.0952123   .0790144    -1.20   0.228    -.2501697    .0597452
_Imy~2000332 |  (dropped)
_Imy~2000333 |   .0469111   .1163083     0.40   0.687    -.1811844    .2750066
_Imy~2000334 |  (dropped)
_Imy~2000351 |  (dropped)
_Imy~2000353 |   1.076238   .1311878     8.20   0.000      .818962    1.333514
_Imy~2000361 |  (dropped)
_Imy~2000363 |  (dropped)
_Imy~2000366 |  -.0241506   .0348218    -0.69   0.488    -.0924406    .0441393
_Imy~2000371 |   .0459736   .0770914     0.60   0.551    -.1052125    .1971597
_Imy~2000372 |  (dropped)
_Imy~2000511 |  (dropped)
_Imy~2000512 |  (dropped)
_Imy~2000513 |  (dropped)
_Imy~2000514 |   .0881265   .0553071     1.59   0.111    -.0203378    .1965907
_Imy~2000515 |  (dropped)
_Imy~2000516 |  (dropped)
_Imy~2000517 |  (dropped)
_Imy~2000521 |  (dropped)
_Imy~2000522 |  (dropped)
_Imy~2000523 |  (dropped)
_Imy~2000524 |  (dropped)
_Imy~2000526 |  (dropped)
_Imy~2000711 |  -.1598265   .1296513    -1.23   0.218    -.4140894    .0944364
_Imy~2000712 |   .0500526   .1741857     0.29   0.774    -.2915481    .3916532
_Imy~2000713 |  -.0289606   .1259314    -0.23   0.818    -.2759283    .2180071
_Imy~2000714 |  -.1546458   .1293762    -1.20   0.232    -.4083691    .0990776
_Imy~2000731 |  -.0483424   .1561652    -0.31   0.757    -.3546025    .2579176
_Imy~2000732 |  (dropped)
_Imy~2000741 |  -.1747929   .1613857    -1.08   0.279    -.4912911    .1417053
_Imy~2000742 |   -.023054   .1391869    -0.17   0.868    -.2960174    .2499095
_Imy~2000743 |  -.3648896   .1352401    -2.70   0.007    -.6301129   -.0996663
_Imy~2001182 |   .0551844   .0493144     1.12   0.263    -.0415275    .1518963
_Imy~2001221 |   .6420696   .0681903     9.42   0.000     .5083396    .7757996
_Imy~2001222 |   .3715491   .2190659     1.70   0.090    -.0580673    .8011655
_Imy~2001223 |  -.1627762   .0946817    -1.72   0.086    -.3484592    .0229067
_Imy~2001291 |  -.0958713   .0889379    -1.08   0.281      -.27029    .0785474
_Imy~2001292 |  (dropped)
_Imy~2001293 |   .1102116   .0785036     1.40   0.160     -.043744    .2641672
_Imy~2001294 |  -.0328283     .13813    -0.24   0.812     -.303719    .2380624
_Imy~2001295 |   .1304452     .07531     1.73   0.083    -.0172474    .2781378
_Imy~2001296 |   .0197915    .086684     0.23   0.819    -.1502069    .1897899
_Imy~2001297 |  -.1083026     .06313    -1.72   0.086    -.2321087    .0155035
_Imy~2001311 |   .0976047   .0760357     1.28   0.199     -.051511    .2467204
_Imy~2001312 |   .0972113   .0554756     1.75   0.080    -.0115834    .2060061
_Imy~2001314 |   .3065351   .0677776     4.52   0.000     .1736146    .4394557
_Imy~2001315 |  (dropped)
_Imy~2001316 |  -.0651529   .0284455    -2.29   0.022    -.1209383   -.0093676
_Imy~2001332 |  -.1076801   .0606641    -1.78   0.076    -.2266502      .01129
_Imy~2001333 |  (dropped)
_Imy~2001334 |  -.5103749   .0361061   -14.14   0.000    -.5811836   -.4395662
_Imy~2001351 |  -.0102464   .0654821    -0.16   0.876    -.1386652    .1181724
_Imy~2001353 |   .9934441   .1356186     7.33   0.000     .7274786     1.25941
_Imy~2001361 |   .0248876   .0373055     0.67   0.505    -.0482733    .0980486
_Imy~2001362 |     .06472   .0934291     0.69   0.489    -.1185065    .2479464
_Imy~2001363 |  -.0483094   .0216503    -2.23   0.026    -.0907684   -.0058505
_Imy~2001364 |   .0361547    .089068     0.41   0.685    -.1385191    .2108285
_Imy~2001365 |  -.2191036   .0477323    -4.59   0.000    -.3127127   -.1254945
_Imy~2001366 |  -.1118528   .0810207    -1.38   0.168    -.2707449    .0470392
_Imy~2001371 |  -.0575027   .0862085    -0.67   0.505    -.2265687    .1115634
_Imy~2001372 |   .3133886   .0314118     9.98   0.000     .2517861    .3749912
_Imy~2001511 |  (dropped)
_Imy~2001512 |  (dropped)
_Imy~2001513 |  (dropped)
_Imy~2001514 |  (dropped)
_Imy~2001515 |  (dropped)
_Imy~2001516 |   .0474472   .2313812     0.21   0.838    -.4063211    .5012154
_Imy~2001517 |  (dropped)
_Imy~2001518 |  (dropped)
_Imy~2001519 |  (dropped)
_Imy~2001521 |  (dropped)
_Imy~2001522 |  (dropped)
_Imy~2001523 |  (dropped)
_Imy~2001524 |  (dropped)
_Imy~2001525 |  (dropped)
_Imy~2001526 |  (dropped)
_Imy~2001527 |  (dropped)
_Imy~2001660 |  (dropped)
_Imy~2001671 |  (dropped)
_Imy~2001672 |  (dropped)
_Imy~2001711 |  -.2633148   .2357616    -1.12   0.264    -.7256736    .1990439
_Imy~2001712 |  -.1671999   .2002999    -0.83   0.404    -.5600138    .2256139
_Imy~2001713 |   -.075671   .2364889    -0.32   0.749    -.5394561    .3881142
_Imy~2001714 |  -.2149406     .23892    -0.90   0.368    -.6834936    .2536123
_Imy~2001731 |  -.0717262   .2395845    -0.30   0.765    -.5415822    .3981299
_Imy~2001732 |  (dropped)
_Imy~2001741 |  -.1948743   .2745746    -0.71   0.478    -.7333504    .3436017
_Imy~2001742 |  -.2718107   .2545164    -1.07   0.286    -.7709502    .2273287
_Imy~2001743 |  (dropped)
_Imy~2002182 |   .1499157   .0573641     2.61   0.009     .0374174    .2624141
_Imy~2002221 |   .6705308   .0702814     9.54   0.000        .5327    .8083616
_Imy~2002222 |   .3731267   .2180566     1.71   0.087    -.0545104    .8007638
_Imy~2002223 |  -.1696043   .0923103    -1.84   0.066    -.3506367     .011428
_Imy~2002291 |  -.0804476    .087743    -0.92   0.359    -.2525229    .0916278
_Imy~2002292 |   .0445252   .0204848     2.17   0.030     .0043518    .0846985
_Imy~2002293 |   .1995656   .0823025     2.42   0.015     .0381599    .3609713
_Imy~2002294 |  -.1251556   .1332377    -0.94   0.348     -.386452    .1361408
_Imy~2002295 |   .1179332    .073681     1.60   0.110    -.0265647    .2624312
_Imy~2002296 |   .0936564   .1098616     0.85   0.394    -.1217964    .3091091
_Imy~2002297 |  -.0526809   .0669774    -0.79   0.432    -.1840321    .0786704
_Imy~2002311 |  -.0080346    .032978    -0.24   0.808    -.0727087    .0566395
_Imy~2002312 |   .0877954   .0580522     1.51   0.131    -.0260525    .2016433
_Imy~2002314 |   .2353674   .0802671     2.93   0.003     .0779533    .3927814
_Imy~2002315 |   .0238107   .0504628     0.47   0.637    -.0751534    .1227748
_Imy~2002316 |  -.0944758   .0312022    -3.03   0.002    -.1556672   -.0332843
_Imy~2002332 |  -.0859036   .0578637    -1.48   0.138    -.1993818    .0275745
_Imy~2002333 |   .0875581   .0652341     1.34   0.180    -.0403742    .2154905
_Imy~2002334 |   -.429604   .0650142    -6.61   0.000    -.5571053   -.3021028
_Imy~2002351 |  -.0191105   .0580312    -0.33   0.742    -.1329172    .0946961
_Imy~2002353 |   .9676311   .1313958     7.36   0.000     .7099471    1.225315
_Imy~2002361 |   .0423337   .0382672     1.11   0.269    -.0327132    .1173805
_Imy~2002362 |  (dropped)
_Imy~2002363 |   .0106801   .0224111     0.48   0.634     -.033271    .0546312
_Imy~2002364 |  (dropped)
_Imy~2002365 |  -.0755606   .0451709    -1.67   0.095    -.1641466    .0130254
_Imy~2002366 |  -.1545691   .0671661    -2.30   0.021    -.2862905   -.0228478
_Imy~2002371 |  -.0153177   .0579369    -0.26   0.792    -.1289394     .098304
_Imy~2002372 |  (dropped)
_Imy~2002511 |   .1034655   .0378978     2.73   0.006      .029143    .1777879
_Imy~2002512 |  (dropped)
_Imy~2002513 |  (dropped)
_Imy~2002514 |  (dropped)
_Imy~2002515 |  -.0151992   .0231633    -0.66   0.512    -.0606254    .0302269
_Imy~2002516 |  -.0007101   .1350074    -0.01   0.996    -.2654769    .2640568
_Imy~2002517 |  (dropped)
_Imy~2002518 |  (dropped)
_Imy~2002519 |  (dropped)
_Imy~2002521 |  (dropped)
_Imy~2002522 |  (dropped)
_Imy~2002523 |  (dropped)
_Imy~2002524 |  (dropped)
_Imy~2002525 |  (dropped)
_Imy~2002526 |  (dropped)
_Imy~2002527 |  (dropped)
_Imy~2002711 |  -.3426972   .3468967    -0.99   0.323    -1.023006    .3376118
_Imy~2002712 |  -.2383531   .3350915    -0.71   0.477    -.8955106    .4188044
_Imy~2002713 |  -.1362395   .3477764    -0.39   0.695    -.8182738    .5457948
_Imy~2002714 |  -.0890342   .3447397    -0.26   0.796    -.7651131    .5870447
_Imy~2002731 |  -.1064102    .347972    -0.31   0.760     -.788828    .5760076
_Imy~2002732 |  -.9554931   .1361323    -7.02   0.000    -1.222466   -.6885201
_Imy~2002741 |  -.2201992   .3723684    -0.59   0.554    -.9504616    .5100632
_Imy~2002742 |  -.2910877   .3571317    -0.82   0.415    -.9914688    .4092935
_Imy~2002743 |  -.0282856   .1220094    -0.23   0.817    -.2675617    .2109905
_Imy~2003182 |    .250373   .0731768     3.42   0.001     .1068638    .3938822
_Imy~2003221 |   .7217276   .0723333     9.98   0.000     .5798726    .8635826
_Imy~2003222 |   .3936497   .2173526     1.81   0.070    -.0326068    .8199062
_Imy~2003223 |  (dropped)
_Imy~2003291 |  -.0570115   .0909207    -0.63   0.531    -.2353186    .1212957
_Imy~2003292 |   .0849246   .0259608     3.27   0.001      .034012    .1358371
_Imy~2003293 |     .29563   .0749585     3.94   0.000     .1486268    .4426333
_Imy~2003294 |  -.0734606   .1340351    -0.55   0.584    -.3363208    .1893995
_Imy~2003295 |   .1068687   .0700109     1.53   0.127    -.0304317     .244169
_Imy~2003296 |  (dropped)
_Imy~2003297 |   .0067249   .0712846     0.09   0.925    -.1330733    .1465231
_Imy~2003311 |  (dropped)
_Imy~2003312 |   .1499835   .0586271     2.56   0.011     .0350082    .2649589
_Imy~2003314 |   .3446925   .0874295     3.94   0.000     .1732321     .516153
_Imy~2003315 |   .0307864   .0487385     0.63   0.528     -.064796    .1263688
_Imy~2003316 |  (dropped)
_Imy~2003332 |  -.0380706   .0676572    -0.56   0.574    -.1707551    .0946139
_Imy~2003333 |   .1276929    .090358     1.41   0.158    -.0495106    .3048965
_Imy~2003334 |  -.3155544   .1266918    -2.49   0.013    -.5640134   -.0670953
_Imy~2003351 |   .0069594   .0764921     0.09   0.928    -.1430514    .1569702
_Imy~2003353 |   1.006835   .1344205     7.49   0.000     .7432186     1.27045
_Imy~2003361 |    .040821   .0406843     1.00   0.316    -.0389661    .1206081
_Imy~2003362 |   .1506636   .0555439     2.71   0.007     .0417349    .2595922
_Imy~2003365 |  (dropped)
_Imy~2003366 |  -.1998523   .0708762    -2.82   0.005    -.3388498   -.0608549
_Imy~2003371 |  (dropped)
_Imy~2003372 |   .5561465   .0784817     7.09   0.000     .4022337    .7100593
_Imy~2003511 |  (dropped)
_Imy~2003512 |  (dropped)
_Imy~2003513 |  (dropped)
_Imy~2003514 |  (dropped)
_Imy~2003515 |  (dropped)
_Imy~2003516 |  (dropped)
_Imy~2003517 |  (dropped)
_Imy~2003518 |  (dropped)
_Imy~2003519 |  (dropped)
_Imy~2003521 |  (dropped)
_Imy~2003522 |  (dropped)
_Imy~2003523 |  (dropped)
_Imy~2003524 |  (dropped)
_Imy~2003525 |  (dropped)
_Imy~2003526 |  (dropped)
_Imy~2003527 |  (dropped)
_Imy~2003711 |  -.4028199   .4602948    -0.88   0.382    -1.305517    .4998774
_Imy~2003712 |  -.2635782   .4295509    -0.61   0.540    -1.105983    .5788265
_Imy~2003713 |  -.2284184   .4602724    -0.50   0.620    -1.131072     .674235
_Imy~2003714 |  -.2365225   .4568621    -0.52   0.605    -1.132488    .6594428
_Imy~2003731 |  -.1694458   .4634664    -0.37   0.715    -1.078363    .7394714
_Imy~2003741 |  -.2184315   .4775118    -0.46   0.647    -1.154894    .7180307
_Imy~2003742 |  -.2659045   .4725146    -0.56   0.574    -1.192567    .6607575
_Imy~2003743 |   .1395352   .2476858     0.56   0.573    -.3462086    .6252789
       _cons |    2.05212   .6430983     3.19   0.001     .7909216    3.313319
-------------+----------------------------------------------------------------
       ruref |   absorbed                                    (2039 categories)

. test int_us_mu=int_oth_mu

 ( 1)  int_us_mu - int_oth_mu = 0

       F(  1,  2038) =    3.65
            Prob > F =    0.0563

. 
. log close
       log:  T:\LSE\Raffaella_Sadun\ADIB_AER\results\ADIB_Alltables_Nov2010_tableA9col1and2.log
  log type:  text
 closed on:  16 Nov 2010, 15:29:43
--------------------------------------------------------------------------------------------------
