-------------------------------------------------------------------------------------------------------
       log:  T:\LSE\Raffaella_Sadun\ADIB_AER\oplog_oct2010.log
  log type:  text
 opened on:  12 Oct 2010, 07:47:28

. 
. 
. foreach var of varlist g-l{
  2. u "op_reg_march2010", clear
  3. keep if `var'==1
  4. 
. egen i=group(ruref)
  5. *ge i=ruref
. ge t=year
  6. 
. sort i t
  7. tsset i  t
  8. qui by i: g t0=t[1]
  9. qui by i: g t1=t[_N]
 10. 
. sort t
 11. 
. table t, c(n i)
 12. tab t,ge(D)
 13. mac def DT " D2 D3 D4 "
 14. 
. *************************
. * construct variables 
. 
. xi i.t
 15. sort i t
 16. 
. g logk=A_ln_K_not
 17. g logy=A_ln4
 18. g time=t-1989
 19. g time2=time^2
 20. g time3=time^3
 21. g time4=time^4
 22. 
. ge logl=A_ln_N 
 23. g llogl=L.logl
 24. g l2logl=L2.logl
 25. global if=" "
 26.         
. *       STAGE 1:
. global s1y=     "A_ln4 "                /*      dependent variable stage 1      (value added)   */
 27. global s1x      =       "A_ln_N A_ln_TM   A_ln_go_agg " /*      variables of interest for stage 1 
> (other than series terms)*/
 28. global s1x3     =       "  $DT  "             /*        control variables for stage 1 (other than 
> series terms)*/
 29. /*check lag on k - kt or kt-1?*/
. global s1var=  "A_ln_K_not A_ln_I_non_ict  A_ln_khard A_ln_I_ict  "     /*      varlist for series ex
> pansion for stage 1*/
 30. global s1o=     4       /*      order of series expansion for stage 1*/
 31. 
. *       STAGE 2:
. global s2y=     "x"                     /*      dependent variable for stage 2 probit regressions*/
 32. 
. global s2x=     "       time "                  /*      independen variables other than series terms 
> (e.g. time dummies)*/
 33. global s2var= "logk logi time " /*      valist for series expansion for stage 2*/
 34. global s2o=     3                       /*      order of series expansion for stage 2*/
 35. global opselect = 0             /*=0 if no selection*/
 36. 
. *       STAGE 3:
. global  s3x=    " A_ln_K_not A_ln_khard  "              /*      independent variable for stage 3 */
 37. global  s3z=    " A_age A_age_t A_du_usa_mu A_du_oth_mu $DT"  /*        independent variable for s
> tage 3 */
 38. *global s3z=    "   A_age A_age_t  A_Dgroup  $DT"  /*   independent variable for stage 3 */
. 
. *global s3z=    "  time "        /*     independent variable for stage 3 */
. global  s3var=" "               /*      independent variable for stage 3 */
 39. global  s3var=" "               /*      independent variable for stage 3 */
 40. global  s3o=    4                /*     order of series expansion for phi and phat inside the NLLS
>  of stage 3*/
 41. global  s3grid="0(.05)1"
 42. global  s3delta="1e-4 1e-7"
 43. 
. *       OUTPUT:
. global  opsb="b"                                /*      name of matrix to save coefficients*/
 44. global omega="omega"                    /*      variable to save productivity estimates*/
 45. 
. ***************************************
. * do Olley-Pakes --- 3 stage procedure
. 
. qui do "ops-h1.do"
 46. 
. ops
 47. 
. so i t
 48. qui by i:ge domega=omega-omega[_n-1]
 49. 
. 
. * HERE LOOP FOR REPLICATIONS
. foreach g in  200  {
 50. display "SECTOR IS `var', `g' REPLICATIONS"
 51. set seed 1234
 52. bs "ops" _b,cluster(i) reps(`g') dots
 53. }
 54. ta year, ge(yy)
 55. areg A_ln4 A_ln_TM A_ln_K_not A_ln_N A_ln_khard A_ln_go_agg  A_du_usa_mu A_du_oth_mu yy* if e(samp
> le),abs(ruref) cluster (ruref)
 56. 
. }
(5714 observations deleted)
       panel variable:  i (unbalanced)
        time variable:  t, 1989 to 1993, but with gaps

----------------------
        t |       N(i)
----------+-----------
     1989 |         22
     1990 |         17
     1991 |        238
     1992 |        177
     1993 |        161
----------------------

          t |      Freq.     Percent        Cum.
------------+-----------------------------------
       1989 |         22        3.58        3.58
       1990 |         17        2.76        6.34
       1991 |        238       38.70       45.04
       1992 |        177       28.78       73.82
       1993 |        161       26.18      100.00
------------+-----------------------------------
      Total |        615      100.00
i.t               _It_1989-1993       (naturally coded; _It_1989 omitted)
(394 missing values generated)
(505 missing values generated)



______________________________________________________________________________

Olley-Pakes stage 1: OLS to get coefficients for variable factors 



Dependent variable:                A_ln4  
Independent variables:             A_ln_N A_ln_TM   A_ln_go_agg  
Polynomial expansion in:           A_ln_K_not A_ln_I_non_ict  A_ln_khard A_ln_I_ict   
Order of polynomial expansion:     4 
______________________________________________________________________________

      Source |       SS       df       MS              Number of obs =     615
-------------+------------------------------           F( 75,   539) =  195.01
       Model |  907.585239    75  12.1011365           Prob > F      =  0.0000
    Residual |  33.4471921   539   .06205416           R-squared     =  0.9645
-------------+------------------------------           Adj R-squared =  0.9595
       Total |  941.032431   614  1.53262611           Root MSE      =  .24911

------------------------------------------------------------------------------
       A_ln4 |      Coef.   Std. Err.      t    P>|t|     [95% Conf. Interval]
-------------+----------------------------------------------------------------
      A_ln_N |   .1919802   .0199518     9.62   0.000     .1527874    .2311731
     A_ln_TM |   .5825198   .0186317    31.27   0.000     .5459202    .6191193
 A_ln_go_agg |    .047899    .014024     3.42   0.001     .0203505    .0754475
          D2 |    -.00614   .0657988    -0.09   0.926    -.1353935    .1231135
          D3 |  -.0479116   .0282458    -1.70   0.090    -.1033969    .0075738
          D4 |  -.0259499   .0277508    -0.94   0.350    -.0804629    .0285631
    __000009 |   .1223145   .0387028     3.16   0.002     .0462876    .1983413
    __00000A |   .0419491   .0258242     1.62   0.105    -.0087794    .0926776
    __00000B |  -.0236852   .0153291    -1.55   0.123    -.0537973    .0064268
    __00000C |   .0000321   .0054985     0.01   0.995    -.0107691    .0108333
    __00000D |   .0465934   .0256877     1.81   0.070     -.003867    .0970537
    __00000E |   .0012514   .0139879     0.09   0.929    -.0262261    .0287289
    __00000F |   .0046106   .0057937     0.80   0.427    -.0067704    .0159915
    __00000G |   .0020388   .0017936     1.14   0.256    -.0014845     .005562
    __00000H |   .0070178   .0313507     0.22   0.823    -.0545668    .0686023
    __00000I |  -.0093044    .019488    -0.48   0.633    -.0475861    .0289773
    __00000J |  -.0083543   .0062737    -1.33   0.184    -.0206782    .0039697
    __00000K |   .0334949   .0305916     1.09   0.274    -.0265984    .0935883
    __00000L |   .0091305   .0116284     0.79   0.433    -.0137121    .0319731
    __00000M |  -.0089507   .0132923    -0.67   0.501    -.0350618    .0171603
    __00000N |   .0275542   .0474335     0.58   0.562     -.065623    .1207313
    __00000O |   .0174983   .0544589     0.32   0.748    -.0894794     .124476
    __00000P |   .0362958   .0212988     1.70   0.089     -.005543    .0781346
    __00000Q |  -.0048251   .0121423    -0.40   0.691    -.0286771    .0190269
    __00000R |  -.0419061   .0598578    -0.70   0.484    -.1594893    .0756771
    __00000S |   .0250023   .0500883     0.50   0.618    -.0733899    .1233946
    __00000T |  -.0258399   .0325109    -0.79   0.427    -.0897036    .0380238
    __00000U |   .0321067    .041345     0.78   0.438    -.0491104    .1133238
    __00000V |  -.0311304   .0306686    -1.02   0.311    -.0913751    .0291143
    __00000W |  -.0053362   .0196897    -0.27   0.786    -.0440141    .0333417
    __00000X |  -.0003253    .045184    -0.01   0.994    -.0890837    .0884331
    __00000Y |  -.0903214   .0415558    -2.17   0.030    -.1719526   -.0086902
    __00000Z |   .0192274   .0247721     0.78   0.438    -.0294342    .0678891
    __000010 |   .0157836   .0259495     0.61   0.543     -.035191    .0667581
    __000011 |  -.0274844   .0203912    -1.35   0.178    -.0675405    .0125716
    __000012 |   .0035858   .0089043     0.40   0.687    -.0139055    .0210771
    __000013 |  -.0551683   .0528781    -1.04   0.297    -.1590407    .0487041
    __000014 |    .093534   .0371341     2.52   0.012     .0205887    .1664794
    __000015 |   .0045498   .0212294     0.21   0.830    -.0371527    .0462524
    __000016 |  -.0086092   .0297367    -0.29   0.772    -.0670233    .0498048
    __000017 |   .0266703   .0492822     0.54   0.589    -.0701385     .123479
    __000018 |   .0488711     .04884     1.00   0.317     -.047069    .1448112
    __000019 |   .0127205   .0405335     0.31   0.754    -.0669026    .0923436
    __00001A |   .0018407   .0131947     0.14   0.889    -.0240787      .02776
    __00001B |  -.0007236   .0582307    -0.01   0.990    -.1151106    .1136633
    __00001C |  -.0069804   .0568084    -0.12   0.902    -.1185735    .1046126
    __00001D |  -.0073025   .0262014    -0.28   0.781    -.0587719     .044167
    __00001E |  -.0272313   .0420454    -0.65   0.517    -.1098243    .0553617
    __00001F |  -.0495888   .0309358    -1.60   0.110    -.1103584    .0111807
    __00001G |   .0114647   .0188013     0.61   0.542    -.0254681    .0483974
    __00001H |  -.0210985   .0441889    -0.48   0.633    -.1079022    .0657051
    __00001I |  -.0689151   .0524751    -1.31   0.190     -.171996    .0341657
    __00001J |  -.0325715   .0230661    -1.41   0.158     -.077882     .012739
    __00001K |  -.0176123   .0270182    -0.65   0.515    -.0706862    .0354616
    __00001L |  -.0260142   .0202273    -1.29   0.199    -.0657481    .0137198
    __00001M |  -.0031097   .0087168    -0.36   0.721    -.0202328    .0140134
    __00001N |   .0374802   .0568697     0.66   0.510    -.0742332    .1491936
    __00001O |   .0818318   .0426836     1.92   0.056    -.0020148    .1656783
    __00001P |   .0079234   .0231569     0.34   0.732    -.0375655    .0534123
    __00001Q |    .005052   .0311395     0.16   0.871    -.0561177    .0662217
    __00001R |  -.0335144   .0949657    -0.35   0.724    -.2200626    .1530339
    __00001S |   .0118721   .0896205     0.13   0.895    -.1641762    .1879204
    __00001T |      -.001   .0437042    -0.02   0.982    -.0868515    .0848515
    __00001U |  -.0569494    .070323    -0.81   0.418      -.19509    .0811912
    __00001V |  -.0315731   .0548907    -0.58   0.565    -.1393991    .0762529
    __00001W |   .0322153   .0368481     0.87   0.382    -.0401681    .1045987
    __00001X |  -.0171255   .0983213    -0.17   0.862    -.2102654    .1760144
    __00001Y |   .0024552   .0805188     0.03   0.976    -.1557139    .1606244
    __00001Z |   .0353217   .0845333     0.42   0.676    -.1307335    .2013769
    __000020 |   .0790443    .053356     1.48   0.139    -.0257669    .1838555
    __000021 |   .1566402    .087707     1.79   0.075    -.0156493    .3289297
    __000022 |   .1078701   .0638919     1.69   0.092    -.0176376    .2333778
    __000023 |  -.0874759   .0650546    -1.34   0.179    -.2152675    .0403157
    __000024 |   .0475338   .0351859     1.35   0.177    -.0215846    .1166521
    __000025 |  -.1849326   .0736268    -2.51   0.012    -.3295632   -.0403019
       _cons |  -.0085105   .0281844    -0.30   0.763    -.0638752    .0468543
------------------------------------------------------------------------------
______________________________________________________________________________

No selection stage 
______________________________________________________________________________




______________________________________________________________________________

Olley-Pakes stage 3: NLLS to get coefficients of quasi-fixed factors



Indep. linear variables (obs. state):        A_ln_K_not A_ln_khard   
Additional linear variables:                 A_age A_age_t A_du_usa_mu A_du_oth_mu  D2 D3 D4  
Polynomial expansion in:                     L.omega  
Order of polynomial expansion:               4 
Grid search over:                            0(.05)1 
Sequence of deltas for NLLS-routine:         1e-4 1e-7 
______________________________________________________________________________

Grid search supports only one independent variable in stage 3 so far !!!

Initial values for NLLS:

    c1  c2
r1   0   0

Step 1:  Delta=  1e-4 

(obs = 221)

Iteration 0:   residual SS =  9.538347
Iteration 1:   residual SS =  9.438216
Iteration 2:   residual SS =  9.023408
Iteration 3:   residual SS =  8.893894
Iteration 4:   residual SS =   8.85424
Iteration 5:   residual SS =  8.854221
Iteration 6:   residual SS =   8.85422
Iteration 7:   residual SS =   8.85422
Iteration 8:   residual SS =   8.85422
Iteration 9:   residual SS =   8.85422
Iteration 10:  residual SS =   8.85422

      Source |       SS       df       MS            Number of obs =       221
-------------+------------------------------         F(  2,   219) =    245.32
       Model |  19.8363438     2  9.91817192         Prob > F      =    0.0000
    Residual |   8.8542199   219  .040430228         R-squared     =    0.6914
-------------+------------------------------         Adj R-squared =    0.6886
       Total |  28.6905637   221  .129821555         Root MSE      =  .2010727
                                                     Res. dev.     = -83.84551
(stage3)
------------------------------------------------------------------------------
    __000029 |      Coef.   Std. Err.      t    P>|t|     [95% Conf. Interval]
-------------+----------------------------------------------------------------
s3_A_ln_K_~t |   .0673533   .0174957     3.85   0.000     .0328719    .1018348
s3_A_ln_kh~d |   .0774262   .0179936     4.30   0.000     .0419633     .112889
------------------------------------------------------------------------------
 (SEs, P values, CIs, and correlations are asymptotic approximations)

Step 2:  Delta=  1e-7 

(obs = 221)

Iteration 0:   residual SS =   8.85422

      Source |       SS       df       MS            Number of obs =       221
-------------+------------------------------         F(  2,   219) =    245.32
       Model |  19.8363439     2  9.91817193         Prob > F      =    0.0000
    Residual |  8.85421988   219  .040430228         R-squared     =    0.6914
-------------+------------------------------         Adj R-squared =    0.6886
       Total |  28.6905637   221  .129821555         Root MSE      =  .2010727
                                                     Res. dev.     = -83.84551
(stage3)
------------------------------------------------------------------------------
    __000029 |      Coef.   Std. Err.      t    P>|t|     [95% Conf. Interval]
-------------+----------------------------------------------------------------
s3_A_ln_K_~t |   .0673532   .0146901     4.58   0.000     .0384012    .0963052
s3_A_ln_kh~d |    .077426   .0144947     5.34   0.000      .048859     .105993
------------------------------------------------------------------------------
 (SEs, P values, CIs, and correlations are asymptotic approximations)

Coefficients of other variables and series terms:
------------------------------------------------------------------------------
    __00002O |      Coef.   Std. Err.      t    P>|t|     [95% Conf. Interval]
-------------+----------------------------------------------------------------
       A_age |  -.0007994   .0030814    -0.26   0.796     -.006874    .0052752
     A_age_t |  -.0386381   .0447349    -0.86   0.389    -.1268276    .0495514
 A_du_usa_mu |    .024893   .1223936     0.20   0.839    -.2163913    .2661773
 A_du_oth_mu |  -.0617627   .1033946    -0.60   0.551    -.2655926    .1420672
          D2 |    .083034   .1220025     0.68   0.497    -.1574792    .3235472
          D3 |  -.0042218   .0779065    -0.05   0.957    -.1578051    .1493616
          D4 |   .0234615   .0293702     0.80   0.425    -.0344384    .0813614
       _s3v1 |    1.07926   .1932388     5.59   0.000     .6983129    1.460207
       _s3v2 |   2.274839   1.018971     2.23   0.027     .2660606    4.283618
       _s3v3 |   -12.3979   4.759162    -2.61   0.010    -21.78001   -3.015787
       _s3v4 |   12.05283   5.201736     2.32   0.021     1.798238    22.30743
       _cons |  -.0916458   .1102766    -0.83   0.407    -.3090427    .1257512
------------------------------------------------------------------------------
 Note: SE's and df's and goodness of fit statistics are wrong !


______________________________________________________________________________

OLLEY-PAKES-Algorithm to estimate production functions - series version:

Parameters specified:
  Observations included 

Stage 1: OLS with series expansion
  Dependent variable:                      A_ln4  
  Indep. linear variables of interest:     A_ln_N A_ln_TM   A_ln_go_agg  
  Polynomial series expansion in (phi):    A_ln_K_not A_ln_I_non_ict  A_ln_khard A_ln_I_ict   
  Order of expansion:                      4 
  Other linear var's in phi:               D2 D3 D4    

No selection stage 

Stage 3: NLLS
  Ind. linear var's (quasi-fixed inputs):  A_ln_K_not A_ln_khard   
  Additional linear variables:             A_age A_age_t A_du_usa_mu A_du_oth_mu  D2 D3 D4  
  Polynomial series expansion in:          L.omega  
     where:                                omega=phi-(A_ln_K_not A_ln_khard  )*alpha') 
  Order of expansion:                      4 
  Grid search over:                        0(.05)1 
  Sequence of deltas for NLLS-routine:     1e-4 1e-7 

Parameter estimates: 

         A_ln_N      A_ln_TM  A_ln_go_agg   A_ln_K_not   A_ln_khard        A_age      A_age_t
y1    .19198025    .58251975    .04789899     .0673532      .077426   -.00079941   -.03863812

    A_du_usa_mu  A_du_oth_mu           D2           D3           D4
y1    .02489302   -.06176267      .083034   -.00422179    .02346154

Residual SS in stage 3:                   8.8542199
Number of observations in stage 3:         221
Productivity estimates saved in            omega
______________________________________________________________________________


SECTOR IS g, 200 REPLICATIONS

command:      ops
statistics:   b_A_ln_N   = _b[A_ln_N]
              b_A_ln_TM  = _b[A_ln_TM]
              b_A_ln_g~g = _b[A_ln_go_agg]
              b_A_ln_K~t = _b[A_ln_K_not]
              b_A_ln_k~d = _b[A_ln_khard]
              b_A_age    = _b[A_age]
              b_A_age_t  = _b[A_age_t]
              b_A_du_u~u = _b[A_du_usa_mu]
              b_A_du_o~u = _b[A_du_oth_mu]
              b_D2       = _b[D2]
              b_D3       = _b[D3]
              b_D4       = _b[D4]
.......................................................................................................
> .................................................................................................


Bootstrap statistics                              Number of obs    =       615
                                                  N of clusters    =       359
                                                  Replications     =       200

------------------------------------------------------------------------------
Variable     |  Reps  Observed      Bias  Std. Err. [95% Conf. Interval]
-------------+----------------------------------------------------------------
    b_A_ln_N |   200  .1919802 -.0121225   .031889   .1290966   .2548639   (N)
             |                                       .1153348   .2526186   (P)
             |                                       .1415599   .2799129  (BC)
   b_A_ln_TM |   200  .5825198 -.0005406   .031844   .5197249   .6453147   (N)
             |                                       .5236586   .6439785   (P)
             |                                       .5244758   .6439785  (BC)
b_A_ln_go_~g |   200   .047899  .0000792  .0217077   .0050924   .0907056   (N)
             |                                       .0119884   .0857995   (P)
             |                                       .0140178   .0920872  (BC)
b_A_ln_K_not |   200  .0673532 -.0035475  .0639909  -.0588341   .1935405   (N)
             |                                      -.0477774   .2183004   (P)
             |                                       -.018802   .2258208  (BC)
b_A_ln_khard |   200   .077426  .0003357  .0408863     -.0032    .158052   (N)
             |                                       .0088153   .1492609   (P)
             |                                       .0129579   .1498235  (BC)
     b_A_age |   200 -.0007994  .0002092  .0028816  -.0064817   .0048829   (N)
             |                                      -.0062367   .0044526   (P)
             |                                      -.0066653   .0040236  (BC)
   b_A_age_t |   200 -.0386381  .0090205  .0486227    -.13452   .0572438   (N)
             |                                      -.1235001   .0697703   (P)
             |                                      -.1379146   .0600067  (BC)
b_A_du_usa~u |   200   .024893  .0546753  .1566513  -.2840165   .3338025   (N)
             |                                      -.2070349   .4006465   (P)
             |                                      -.2722222   .3143393  (BC)
b_A_du_oth~u |   200 -.0617627  .0189753  .1316162  -.3213041   .1977788   (N)
             |                                      -.3281935   .1978665   (P)
             |                                      -.3416505   .1730617  (BC)
        b_D2 |   200   .083034  .0084538  .0767626  -.0683384   .2344064   (N)
             |                                      -.0477027    .242061   (P)
             |                                      -.0742932   .2319602  (BC)
        b_D3 |   200 -.0042218  .0129717  .0940711   -.189726   .1812824   (N)
             |                                      -.1705729   .2133566   (P)
             |                                      -.1780662   .1972473  (BC)
        b_D4 |   200  .0234615  .0002681  .0330944  -.0417991   .0887222   (N)
             |                                      -.0385982   .0874547   (P)
             |                                      -.0426385   .0829221  (BC)
------------------------------------------------------------------------------
Note:  N   = normal
       P   = percentile
       BC  = bias-corrected

       Year |      Freq.     Percent        Cum.
------------+-----------------------------------
       1989 |         22        3.58        3.58
       1990 |         17        2.76        6.34
       1991 |        238       38.70       45.04
       1992 |        177       28.78       73.82
       1993 |        161       26.18      100.00
------------+-----------------------------------
      Total |        615      100.00

Linear regression, absorbing indicators                Number of obs =     615
                                                       F( 11,   358) =  150.88
                                                       Prob > F      =  0.0000
                                                       R-squared     =  0.9944
                                                       Adj R-squared =  0.9943
                                                       Root MSE      =  .14615

                                (Std. Err. adjusted for 359 clusters in ruref)
------------------------------------------------------------------------------
             |               Robust
       A_ln4 |      Coef.   Std. Err.      t    P>|t|     [95% Conf. Interval]
-------------+----------------------------------------------------------------
     A_ln_TM |   .5668811   .0730482     7.76   0.000     .4232236    .7105385
  A_ln_K_not |   .1255822   .0941162     1.33   0.183    -.0595079    .3106723
      A_ln_N |   .2160037   .0961759     2.25   0.025      .026863    .4051443
  A_ln_khard |   .0568937   .0259431     2.19   0.029     .0058736    .1079138
 A_ln_go_agg |   .0381987   .0227448     1.68   0.094    -.0065316     .082929
 A_du_usa_mu |    .039709   .1992148     0.20   0.842    -.3520693    .4314874
 A_du_oth_mu |  -.0911252    .132919    -0.69   0.493    -.3525254     .170275
         yy1 |  (dropped)
         yy2 |  -.0355232   .1344675    -0.26   0.792    -.2999687    .2289223
         yy3 |  -.0231252   .1126382    -0.21   0.837    -.2446408    .1983904
         yy4 |   -.018863    .113381    -0.17   0.868    -.2418395    .2041136
         yy5 |  -.0126835   .1105857    -0.11   0.909    -.2301628    .2047957
       _cons |  -.0214204   .1874846    -0.11   0.909      -.39013    .3472893
-------------+----------------------------------------------------------------
       ruref |   absorbed                                     (359 categories)
(4307 observations deleted)
       panel variable:  i (unbalanced)
        time variable:  t, 1989 to 1993, but with gaps

----------------------
        t |       N(i)
----------+-----------
     1989 |         77
     1990 |         99
     1991 |        767
     1992 |        599
     1993 |        480
----------------------

          t |      Freq.     Percent        Cum.
------------+-----------------------------------
       1989 |         77        3.81        3.81
       1990 |         99        4.90        8.70
       1991 |        767       37.93       46.64
       1992 |        599       29.62       76.26
       1993 |        480       23.74      100.00
------------+-----------------------------------
      Total |      2,022      100.00
i.t               _It_1989-1993       (naturally coded; _It_1989 omitted)
(1227 missing values generated)
(1647 missing values generated)



______________________________________________________________________________

Olley-Pakes stage 1: OLS to get coefficients for variable factors 



Dependent variable:                A_ln4  
Independent variables:             A_ln_N A_ln_TM   A_ln_go_agg  
Polynomial expansion in:           A_ln_K_not A_ln_I_non_ict  A_ln_khard A_ln_I_ict   
Order of polynomial expansion:     4 
______________________________________________________________________________

      Source |       SS       df       MS              Number of obs =    2022
-------------+------------------------------           F( 75,  1946) =  703.30
       Model |   3059.6292    75   40.795056           Prob > F      =  0.0000
    Residual |  112.878438  1946  .058005364           R-squared     =  0.9644
-------------+------------------------------           Adj R-squared =  0.9630
       Total |  3172.50764  2021  1.56977122           Root MSE      =  .24084

------------------------------------------------------------------------------
       A_ln4 |      Coef.   Std. Err.      t    P>|t|     [95% Conf. Interval]
-------------+----------------------------------------------------------------
      A_ln_N |    .206903   .0106112    19.50   0.000     .1860924    .2277136
     A_ln_TM |   .6481924   .0102675    63.13   0.000      .628056    .6683288
 A_ln_go_agg |   .0281612   .0071869     3.92   0.000     .0140664    .0422559
          D2 |   .0141848   .0268277     0.53   0.597    -.0384293    .0667989
          D3 |   .0039249   .0145006     0.27   0.787    -.0245134    .0323632
          D4 |   .0025329    .014455     0.18   0.861     -.025816    .0308818
    __000009 |   .0550927   .0180717     3.05   0.002     .0196508    .0905345
    __00000A |   .0097989    .010866     0.90   0.367    -.0115114    .0311091
    __00000B |  -.0118325   .0063585    -1.86   0.063    -.0243026    .0006376
    __00000C |   .0003062   .0022194     0.14   0.890    -.0040465    .0046589
    __00000D |   .0264723    .012951     2.04   0.041     .0010729    .0518716
    __00000E |  -.0014476   .0077489    -0.19   0.852    -.0166447    .0137495
    __00000F |  -.0018392   .0033588    -0.55   0.584    -.0084264     .004748
    __00000G |  -.0000101   .0008065    -0.01   0.990    -.0015917    .0015715
    __00000H |    .001319   .0141188     0.09   0.926    -.0263707    .0290086
    __00000I |  -.0013433   .0095865    -0.14   0.889    -.0201441    .0174575
    __00000J |  -.0032395   .0023594    -1.37   0.170    -.0078668    .0013877
    __00000K |   .0187786   .0118299     1.59   0.113    -.0044219    .0419792
    __00000L |   .0034778   .0035422     0.98   0.326    -.0034692    .0104247
    __00000M |   .0000489   .0042631     0.01   0.991    -.0083119    .0084096
    __00000N |   .0466915   .0260131     1.79   0.073    -.0043249     .097708
    __00000O |  -.0164359   .0228392    -0.72   0.472    -.0612278    .0283559
    __00000P |   .0178458   .0152022     1.17   0.241    -.0119684    .0476601
    __00000Q |  -.0048672    .005378    -0.91   0.366    -.0154145    .0056802
    __00000R |   .0247114    .029128     0.85   0.396    -.0324141    .0818369
    __00000S |   .0120061   .0265703     0.45   0.651    -.0401031    .0641152
    __00000T |  -.0041097   .0126604    -0.32   0.746     -.028939    .0207197
    __00000U |    .009579   .0217159     0.44   0.659    -.0330099    .0521678
    __00000V |   .0142878   .0164606     0.87   0.386    -.0179944    .0465701
    __00000W |  -.0162247   .0102054    -1.59   0.112    -.0362394      .00379
    __00000X |  -.0352868   .0231378    -1.53   0.127    -.0806644    .0100907
    __00000Y |   .0007255   .0177933     0.04   0.967    -.0341705    .0356214
    __00000Z |   .0024171   .0072776     0.33   0.740    -.0118556    .0166899
    __000010 |   .0098612   .0114071     0.86   0.387    -.0125102    .0322327
    __000011 |  -.0043342   .0072215    -0.60   0.548    -.0184968    .0098285
    __000012 |   .0062418   .0044897     1.39   0.165    -.0025635     .015047
    __000013 |  -.0319081   .0272643    -1.17   0.242    -.0853785    .0215623
    __000014 |  -.0037457   .0166728    -0.22   0.822    -.0364442    .0289527
    __000015 |  -.0047846   .0108923    -0.44   0.661    -.0261464    .0165773
    __000016 |   .0088619   .0156316     0.57   0.571    -.0217945    .0395183
    __000017 |  -.0063662   .0251012    -0.25   0.800    -.0555943    .0428619
    __000018 |  -.0477081   .0197812    -2.41   0.016    -.0865027   -.0089135
    __000019 |  -.0209559   .0140791    -1.49   0.137    -.0485676    .0066559
    __00001A |  -.0013411   .0035938    -0.37   0.709    -.0083892    .0057071
    __00001B |  -.0416745   .0291962    -1.43   0.154    -.0989336    .0155845
    __00001C |   .0064153   .0214759     0.30   0.765    -.0357028    .0485335
    __00001D |    .008423   .0081549     1.03   0.302    -.0075703    .0244163
    __00001E |   -.001932   .0202803    -0.10   0.924    -.0417053    .0378413
    __00001F |   .0124381   .0120107     1.04   0.301    -.0111171    .0359932
    __00001G |   .0136777   .0101813     1.34   0.179    -.0062896    .0336451
    __00001H |   .0356037   .0219091     1.63   0.104     -.007364    .0785714
    __00001I |  -.0035841   .0158528    -0.23   0.821    -.0346744    .0275062
    __00001J |  -.0065565   .0066722    -0.98   0.326    -.0196419    .0065289
    __00001K |  -.0024483   .0105955    -0.23   0.817     -.023228    .0183313
    __00001L |   .0075545   .0076701     0.98   0.325     -.007488     .022597
    __00001M |  -.0060476   .0041699    -1.45   0.147    -.0142256    .0021303
    __00001N |   .0051718   .0246842     0.21   0.834    -.0432383     .053582
    __00001O |  -.0186152   .0144527    -1.29   0.198    -.0469595    .0097292
    __00001P |   .0076496   .0090164     0.85   0.396    -.0100332    .0253325
    __00001Q |  -.0067834   .0130551    -0.52   0.603    -.0323869      .01882
    __00001R |   .0742184   .0371646     2.00   0.046     .0013318    .1471049
    __00001S |   .0710488   .0381033     1.86   0.062    -.0036788    .1457765
    __00001T |   .0090853   .0120938     0.75   0.453    -.0146328    .0328034
    __00001U |  -.0720696   .0387748    -1.86   0.063    -.1481141    .0039749
    __00001V |  -.0179105   .0186008    -0.96   0.336    -.0543902    .0185691
    __00001W |   .0130165   .0151596     0.86   0.391    -.0167143    .0427474
    __00001X |  -.0105419   .0438492    -0.24   0.810    -.0965383    .0754545
    __00001Y |  -.0223991   .0231067    -0.97   0.332    -.0677157    .0229174
    __00001Z |   .0220535   .0272669     0.81   0.419    -.0314219    .0755288
    __000020 |  -.0251754   .0269605    -0.93   0.351    -.0780498    .0276991
    __000021 |   .0068644   .0301741     0.23   0.820    -.0523126    .0660414
    __000022 |    .014648   .0161177     0.91   0.364    -.0169618    .0462577
    __000023 |  -.0075147   .0171238    -0.44   0.661    -.0410976    .0260682
    __000024 |  -.0027717   .0119981    -0.23   0.817    -.0263021    .0207587
    __000025 |   .0123049   .0267669     0.46   0.646    -.0401899    .0647996
       _cons |   .0047383   .0148627     0.32   0.750    -.0244101    .0338867
------------------------------------------------------------------------------
______________________________________________________________________________

No selection stage 
______________________________________________________________________________




______________________________________________________________________________

Olley-Pakes stage 3: NLLS to get coefficients of quasi-fixed factors



Indep. linear variables (obs. state):        A_ln_K_not A_ln_khard   
Additional linear variables:                 A_age A_age_t A_du_usa_mu A_du_oth_mu  D2 D3 D4  
Polynomial expansion in:                     L.omega  
Order of polynomial expansion:               4 
Grid search over:                            0(.05)1 
Sequence of deltas for NLLS-routine:         1e-4 1e-7 
______________________________________________________________________________

Grid search supports only one independent variable in stage 3 so far !!!

Initial values for NLLS:

    c1  c2
r1   0   0

Step 1:  Delta=  1e-4 

(obs = 795)

Iteration 0:   residual SS =  38.91204
Iteration 1:   residual SS =  37.16849
Iteration 2:   residual SS =  35.46722
Iteration 3:   residual SS =  34.80967
Iteration 4:   residual SS =  34.70241
Iteration 5:   residual SS =  34.69705
Iteration 6:   residual SS =  34.69682
Iteration 7:   residual SS =  34.69681
Iteration 8:   residual SS =  34.69681
Iteration 9:   residual SS =  34.69681

      Source |       SS       df       MS            Number of obs =       795
-------------+------------------------------         F(  2,   793) =    500.82
       Model |  43.8251823     2  21.9125912         Prob > F      =    0.0000
    Residual |   34.696807   793  .043753855         R-squared     =    0.5581
-------------+------------------------------         Adj R-squared =    0.5570
       Total |  78.5219894   795  .098769798         Root MSE      =  .2091742
                                                     Res. dev.     = -233.5848
(stage3)
------------------------------------------------------------------------------
    __000029 |      Coef.   Std. Err.      t    P>|t|     [95% Conf. Interval]
-------------+----------------------------------------------------------------
s3_A_ln_K_~t |   .1000028   .0077326    12.93   0.000     .0848241    .1151816
s3_A_ln_kh~d |   .0350849   .0058592     5.99   0.000     .0235836    .0465863
------------------------------------------------------------------------------
 (SEs, P values, CIs, and correlations are asymptotic approximations)

Step 2:  Delta=  1e-7 

(obs = 795)

Iteration 0:   residual SS =  34.69681

      Source |       SS       df       MS            Number of obs =       795
-------------+------------------------------         F(  2,   793) =    500.82
       Model |  43.8251823     2  21.9125912         Prob > F      =    0.0000
    Residual |   34.696807   793  .043753855         R-squared     =    0.5581
-------------+------------------------------         Adj R-squared =    0.5570
       Total |  78.5219894   795  .098769798         Root MSE      =  .2091742
                                                     Res. dev.     = -233.5848
(stage3)
------------------------------------------------------------------------------
    __000029 |      Coef.   Std. Err.      t    P>|t|     [95% Conf. Interval]
-------------+----------------------------------------------------------------
s3_A_ln_K_~t |   .1000028   .0072021    13.89   0.000     .0858654    .1141402
s3_A_ln_kh~d |   .0350849   .0051628     6.80   0.000     .0249505    .0452193
------------------------------------------------------------------------------
 (SEs, P values, CIs, and correlations are asymptotic approximations)

Coefficients of other variables and series terms:
------------------------------------------------------------------------------
    __00002O |      Coef.   Std. Err.      t    P>|t|     [95% Conf. Interval]
-------------+----------------------------------------------------------------
       A_age |   .0026012   .0017673     1.47   0.141     -.000868    .0060704
     A_age_t |   .0143763   .0214675     0.67   0.503    -.0277644    .0565171
 A_du_usa_mu |   .0719778   .0819743     0.88   0.380    -.0889376    .2328932
 A_du_oth_mu |  -.0381668   .0524281    -0.73   0.467     -.141083    .0647494
          D2 |   .0071406     .03505     0.20   0.839    -.0616626    .0759437
          D3 |  -.0080018   .0285621    -0.28   0.779    -.0640692    .0480655
          D4 |   .0126303   .0165116     0.76   0.445    -.0197819    .0450425
       _s3v1 |   .1151313   .2149691     0.54   0.592    -.3068527    .5371153
       _s3v2 |   5.451864   1.497559     3.64   0.000     2.512158     8.39157
       _s3v3 |   39.85854   7.686806     5.19   0.000     24.76935    54.94772
       _s3v4 |  -101.8964   18.48573    -5.51   0.000    -138.1838   -65.60892
       _cons |    .008345   .0383865     0.22   0.828    -.0670076    .0836977
------------------------------------------------------------------------------
 Note: SE's and df's and goodness of fit statistics are wrong !


______________________________________________________________________________

OLLEY-PAKES-Algorithm to estimate production functions - series version:

Parameters specified:
  Observations included 

Stage 1: OLS with series expansion
  Dependent variable:                      A_ln4  
  Indep. linear variables of interest:     A_ln_N A_ln_TM   A_ln_go_agg  
  Polynomial series expansion in (phi):    A_ln_K_not A_ln_I_non_ict  A_ln_khard A_ln_I_ict   
  Order of expansion:                      4 
  Other linear var's in phi:               D2 D3 D4    

No selection stage 

Stage 3: NLLS
  Ind. linear var's (quasi-fixed inputs):  A_ln_K_not A_ln_khard   
  Additional linear variables:             A_age A_age_t A_du_usa_mu A_du_oth_mu  D2 D3 D4  
  Polynomial series expansion in:          L.omega  
     where:                                omega=phi-(A_ln_K_not A_ln_khard  )*alpha') 
  Order of expansion:                      4 
  Grid search over:                        0(.05)1 
  Sequence of deltas for NLLS-routine:     1e-4 1e-7 

Parameter estimates: 

         A_ln_N      A_ln_TM  A_ln_go_agg   A_ln_K_not   A_ln_khard        A_age      A_age_t
y1    .20690301    .64819241    .02816116    .10000281    .03508495     .0026012    .01437633

    A_du_usa_mu  A_du_oth_mu           D2           D3           D4
y1    .07197777    -.0381668    .00714056   -.00800183    .01263031

Residual SS in stage 3:                   34.696807
Number of observations in stage 3:         795
Productivity estimates saved in            omega
______________________________________________________________________________


SECTOR IS h, 200 REPLICATIONS

command:      ops
statistics:   b_A_ln_N   = _b[A_ln_N]
              b_A_ln_TM  = _b[A_ln_TM]
              b_A_ln_g~g = _b[A_ln_go_agg]
              b_A_ln_K~t = _b[A_ln_K_not]
              b_A_ln_k~d = _b[A_ln_khard]
              b_A_age    = _b[A_age]
              b_A_age_t  = _b[A_age_t]
              b_A_du_u~u = _b[A_du_usa_mu]
              b_A_du_o~u = _b[A_du_oth_mu]
              b_D2       = _b[D2]
              b_D3       = _b[D3]
              b_D4       = _b[D4]
.......................................................................................................
> .................................................................................................


Bootstrap statistics                              Number of obs    =      2022
                                                  N of clusters    =      1153
                                                  Replications     =       200

------------------------------------------------------------------------------
Variable     |  Reps  Observed      Bias  Std. Err. [95% Conf. Interval]
-------------+----------------------------------------------------------------
    b_A_ln_N |   200   .206903 -.0028264   .013988   .1793193   .2344867   (N)
             |                                       .1754833   .2293204   (P)
             |                                       .1792064    .234149  (BC)
   b_A_ln_TM |   200  .6481924  .0016033  .0188447   .6110315   .6853533   (N)
             |                                       .6121905   .6873659   (P)
             |                                       .6003814   .6820011  (BC)
b_A_ln_go_~g |   200  .0281612 -.0006532  .0106392    .007181   .0491413   (N)
             |                                       .0069151   .0478883   (P)
             |                                       .0073852   .0482512  (BC)
b_A_ln_K_not |   200  .1000028   .021189   .028182   .0444291   .1555765   (N)
             |                                       .0690516    .177708   (P)
             |                                       .0481123   .1267999  (BC)
b_A_ln_khard |   200  .0350849 -.0070061  .0169694    .001622   .0685479   (N)
             |                                      -.0045334   .0665467   (P)
             |                                       .0100824   .0784273  (BC)
     b_A_age |   200  .0026012 -.0001884  .0021724  -.0016828   .0068852   (N)
             |                                      -.0015901   .0063901   (P)
             |                                      -.0011426   .0064169  (BC)
   b_A_age_t |   200  .0143763 -.0063179   .022793  -.0305704   .0593231   (N)
             |                                       -.033231   .0506009   (P)
             |                                      -.0245317   .0693811  (BC)
b_A_du_usa~u |   200  .0719778 -.0033879  .0823712  -.0904546   .2344101   (N)
             |                                      -.1062875   .2251445   (P)
             |                                      -.1124722   .2208834  (BC)
b_A_du_oth~u |   200 -.0381668 -.0155086  .0739124  -.1839189   .1075853   (N)
             |                                      -.1938838   .1221717   (P)
             |                                      -.1365041   .1876249  (BC)
        b_D2 |   200  .0071406 -.0018321  .0253916  -.0429306   .0572117   (N)
             |                                      -.0460777   .0538125   (P)
             |                                       -.044228   .0565832  (BC)
        b_D3 |   200 -.0080018 -.0186286   .038239  -.0834076   .0674039   (N)
             |                                      -.1111596   .0385747   (P)
             |                                      -.0743231   .0435667  (BC)
        b_D4 |   200  .0126303 -.0018972  .0138293  -.0146405   .0399011   (N)
             |                                      -.0164241   .0396445   (P)
             |                                       -.011498   .0435289  (BC)
------------------------------------------------------------------------------
Note:  N   = normal
       P   = percentile
       BC  = bias-corrected

       Year |      Freq.     Percent        Cum.
------------+-----------------------------------
       1989 |         77        3.81        3.81
       1990 |         99        4.90        8.70
       1991 |        767       37.93       46.64
       1992 |        599       29.62       76.26
       1993 |        480       23.74      100.00
------------+-----------------------------------
      Total |      2,022      100.00

Linear regression, absorbing indicators                Number of obs =    2022
                                                       F( 11,  1152) = 1162.90
                                                       Prob > F      =  0.0000
                                                       R-squared     =  0.9972
                                                       Adj R-squared =  0.9972
                                                       Root MSE      =  .10236

                               (Std. Err. adjusted for 1153 clusters in ruref)
------------------------------------------------------------------------------
             |               Robust
       A_ln4 |      Coef.   Std. Err.      t    P>|t|     [95% Conf. Interval]
-------------+----------------------------------------------------------------
     A_ln_TM |   .5108061   .0446575    11.44   0.000      .423187    .5984252
  A_ln_K_not |    .189388   .0385869     4.91   0.000     .1136794    .2650965
      A_ln_N |    .247344   .0389571     6.35   0.000     .1709092    .3237787
  A_ln_khard |   .0184516    .007202     2.56   0.011      .004321    .0325822
 A_ln_go_agg |   .0161332   .0110526     1.46   0.145    -.0055523    .0378186
 A_du_usa_mu |  -.0289417   .0799463    -0.36   0.717    -.1857983     .127915
 A_du_oth_mu |  -.0716954   .0666632    -1.08   0.282    -.2024904    .0590995
         yy1 |  -.0062209   .0280249    -0.22   0.824    -.0612064    .0487646
         yy2 |  -.0149775   .0254571    -0.59   0.556     -.064925    .0349701
         yy3 |  (dropped)
         yy4 |  -.0015295   .0062389    -0.25   0.806    -.0137705    .0107115
         yy5 |  -.0069772   .0092641    -0.75   0.452    -.0251536    .0111993
       _cons |   .0708825   .0342418     2.07   0.039     .0036993    .1380658
-------------+----------------------------------------------------------------
       ruref |   absorbed                                    (1153 categories)
(2637 observations deleted)
       panel variable:  i (unbalanced)
        time variable:  t, 1989 to 1993, but with gaps

----------------------
        t |       N(i)
----------+-----------
     1989 |        121
     1990 |        136
     1991 |      1,450
     1992 |      1,143
     1993 |        842
----------------------

          t |      Freq.     Percent        Cum.
------------+-----------------------------------
       1989 |        121        3.28        3.28
       1990 |        136        3.68        6.96
       1991 |      1,450       39.27       46.24
       1992 |      1,143       30.96       77.19
       1993 |        842       22.81      100.00
------------+-----------------------------------
      Total |      3,692      100.00
i.t               _It_1989-1993       (naturally coded; _It_1989 omitted)
(2430 missing values generated)
(3134 missing values generated)



______________________________________________________________________________

Olley-Pakes stage 1: OLS to get coefficients for variable factors 



Dependent variable:                A_ln4  
Independent variables:             A_ln_N A_ln_TM   A_ln_go_agg  
Polynomial expansion in:           A_ln_K_not A_ln_I_non_ict  A_ln_khard A_ln_I_ict   
Order of polynomial expansion:     4 
______________________________________________________________________________

      Source |       SS       df       MS              Number of obs =    3692
-------------+------------------------------           F( 75,  3616) = 1352.07
       Model |  5143.45091    75  68.5793454           Prob > F      =  0.0000
    Residual |  183.410464  3616   .05072192           R-squared     =  0.9656
-------------+------------------------------           Adj R-squared =  0.9649
       Total |  5326.86137  3691  1.44320276           Root MSE      =  .22522

------------------------------------------------------------------------------
       A_ln4 |      Coef.   Std. Err.      t    P>|t|     [95% Conf. Interval]
-------------+----------------------------------------------------------------
      A_ln_N |    .214188   .0077568    27.61   0.000     .1989798    .2293961
     A_ln_TM |   .6283353   .0073268    85.76   0.000     .6139701    .6427004
 A_ln_go_agg |   .0090565    .004439     2.04   0.041     .0003534    .0177597
          D2 |   -.004206   .0208888    -0.20   0.840     -.045161    .0367489
          D3 |  -.0031431   .0101318    -0.31   0.756    -.0230077    .0167215
          D4 |  -.0037112   .0099965    -0.37   0.710    -.0233106    .0158882
    __000009 |   .1157849   .0121493     9.53   0.000     .0919648     .139605
    __00000A |  -.0105216   .0070129    -1.50   0.134    -.0242711     .003228
    __00000B |  -.0089593   .0027684    -3.24   0.001     -.014387   -.0035315
    __00000C |  -.0013168   .0006086    -2.16   0.031    -.0025099   -.0001236
    __00000D |   .0118855   .0083698     1.42   0.156    -.0045245    .0282956
    __00000E |  -.0087452   .0046799    -1.87   0.062    -.0179206    .0004302
    __00000F |  -.0023832    .002048    -1.16   0.245    -.0063985    .0016321
    __00000G |  -.0000238   .0004236    -0.06   0.955    -.0008543    .0008066
    __00000H |    .025506   .0098291     2.59   0.009     .0062348    .0447771
    __00000I |   .0068288   .0056354     1.21   0.226    -.0042201    .0178776
    __00000J |   .0027577   .0015618     1.77   0.078    -.0003044    .0058197
    __00000K |   .0032226   .0059708     0.54   0.589    -.0084839    .0149291
    __00000L |  -.0011809   .0024377    -0.48   0.628    -.0059604    .0035985
    __00000M |  -.0003353    .001678    -0.20   0.842    -.0036251    .0029546
    __00000N |   .0306348   .0157401     1.95   0.052    -.0002256    .0614952
    __00000O |   .0219217    .014174     1.55   0.122    -.0058681    .0497115
    __00000P |   -.005394   .0045331    -1.19   0.234    -.0142817    .0034937
    __00000Q |  -.0025582   .0020012    -1.28   0.201    -.0064817    .0013654
    __00000R |  -.0043981   .0192451    -0.23   0.819    -.0421304    .0333343
    __00000S |   .0111932   .0147896     0.76   0.449    -.0178036    .0401899
    __00000T |   .0059374   .0064025     0.93   0.354    -.0066155    .0184904
    __00000U |   .0129659   .0117326     1.11   0.269    -.0100373     .035969
    __00000V |   .0058251   .0091815     0.63   0.526    -.0121764    .0238267
    __00000W |   .0033419    .003983     0.84   0.401    -.0044672     .011151
    __00000X |  -.0035996   .0142069    -0.25   0.800     -.031454    .0242548
    __00000Y |  -.0057182    .009471    -0.60   0.546    -.0242873    .0128508
    __00000Z |  -7.95e-07   .0037034    -0.00   1.000    -.0072619    .0072603
    __000010 |   .0081082   .0074303     1.09   0.275    -.0064598    .0226762
    __000011 |   .0049711   .0037671     1.32   0.187    -.0024147     .012357
    __000012 |  -.0013554   .0022575    -0.60   0.548    -.0057815    .0030707
    __000013 |  -.0148994     .01558    -0.96   0.339    -.0454459     .015647
    __000014 |  -.0210242   .0104112    -2.02   0.044    -.0414367   -.0006117
    __000015 |  -.0021295   .0069929    -0.30   0.761    -.0158399    .0115809
    __000016 |   .0043347   .0080487     0.54   0.590    -.0114458    .0201151
    __000017 |    -.00442   .0153645    -0.29   0.774     -.034544     .025704
    __000018 |   .0107988   .0129685     0.83   0.405    -.0146275    .0362252
    __000019 |   .0052244   .0069146     0.76   0.450    -.0083325    .0187813
    __00001A |   .0000997   .0020172     0.05   0.961    -.0038552    .0040546
    __00001B |  -.0093361   .0188368    -0.50   0.620    -.0462679    .0275956
    __00001C |   .0234809   .0142587     1.65   0.100    -.0044749    .0514367
    __00001D |   .0078377   .0056592     1.38   0.166    -.0032578    .0189332
    __00001E |   .0006325   .0115156     0.05   0.956    -.0219453    .0232102
    __00001F |   .0093452   .0085199     1.10   0.273     -.007359    .0260495
    __00001G |  -.0002126   .0036507    -0.06   0.954    -.0073703    .0069451
    __00001H |   .0090214   .0138514     0.65   0.515     -.018136    .0361788
    __00001I |  -.0133915   .0094259    -1.42   0.155    -.0318721    .0050892
    __00001J |  -.0055368   .0031157    -1.78   0.076    -.0116455    .0005719
    __00001K |  -.0033063   .0071359    -0.46   0.643    -.0172971    .0106844
    __00001L |   .0001198   .0028475     0.04   0.966     -.005463    .0057026
    __00001M |   .0001206   .0021704     0.06   0.956    -.0041348     .004376
    __00001N |  -.0015764   .0150946    -0.10   0.917    -.0311711    .0280183
    __00001O |  -.0086956   .0083919    -1.04   0.300     -.025149    .0077578
    __00001P |  -.0020505   .0069349    -0.30   0.767    -.0156472    .0115462
    __00001Q |  -.0035098   .0073311    -0.48   0.632    -.0178833    .0108638
    __00001R |  -.0233942   .0238083    -0.98   0.326    -.0700733    .0232848
    __00001S |  -.0136834   .0136066    -1.01   0.315    -.0403608    .0129939
    __00001T |   .0013683   .0049426     0.28   0.782    -.0083222    .0110588
    __00001U |   .0141805   .0104211     1.36   0.174    -.0062514    .0346124
    __00001V |  -.0047834   .0056544    -0.85   0.398    -.0158695    .0063028
    __00001W |   .0051274   .0047482     1.08   0.280    -.0041821    .0144369
    __00001X |  -.0397631   .0262078    -1.52   0.129    -.0911466    .0116204
    __00001Y |  -.0108451   .0130433    -0.83   0.406    -.0364181    .0147278
    __00001Z |  -.0028973   .0134644    -0.22   0.830    -.0292959    .0235014
    __000020 |  -.0147284   .0157968    -0.93   0.351    -.0456999     .016243
    __000021 |   .0218496   .0163546     1.34   0.182    -.0102156    .0539147
    __000022 |   .0066144   .0069087     0.96   0.338    -.0069308    .0201597
    __000023 |  -.0009114   .0070473    -0.13   0.897    -.0147284    .0129056
    __000024 |  -.0028455    .005855    -0.49   0.627     -.014325     .008634
    __000025 |   .0290771   .0166537     1.75   0.081    -.0035744    .0617286
       _cons |  -.0194018   .0098669    -1.97   0.049     -.038747   -.0000565
------------------------------------------------------------------------------
______________________________________________________________________________

No selection stage 
______________________________________________________________________________




______________________________________________________________________________

Olley-Pakes stage 3: NLLS to get coefficients of quasi-fixed factors



Indep. linear variables (obs. state):        A_ln_K_not A_ln_khard   
Additional linear variables:                 A_age A_age_t A_du_usa_mu A_du_oth_mu  D2 D3 D4  
Polynomial expansion in:                     L.omega  
Order of polynomial expansion:               4 
Grid search over:                            0(.05)1 
Sequence of deltas for NLLS-routine:         1e-4 1e-7 
______________________________________________________________________________

Grid search supports only one independent variable in stage 3 so far !!!

Initial values for NLLS:

    c1  c2
r1   0   0

Step 1:  Delta=  1e-4 

(obs = 1262)

Iteration 0:   residual SS =  52.60767
Iteration 1:   residual SS =  49.19282
Iteration 2:   residual SS =  47.00248
Iteration 3:   residual SS =  46.99701
Iteration 4:   residual SS =  46.99671
Iteration 5:   residual SS =  46.99669
Iteration 6:   residual SS =  46.99669
Iteration 7:   residual SS =  46.99669
Iteration 8:   residual SS =  46.99669
Iteration 9:   residual SS =  46.99669
Iteration 10:  residual SS =  46.99669
Iteration 11:  residual SS =  46.99669

      Source |       SS       df       MS            Number of obs =      1262
-------------+------------------------------         F(  2,  1260) =    659.98
       Model |  49.2329388     2  24.6164694         Prob > F      =    0.0000
    Residual |  46.9966881  1260  .037298959         R-squared     =    0.5116
-------------+------------------------------         Adj R-squared =    0.5108
       Total |  96.2296269  1262  .076251685         Root MSE      =  .1931294
                                                     Res. dev.     = -571.0535
(stage3)
------------------------------------------------------------------------------
    __000029 |      Coef.   Std. Err.      t    P>|t|     [95% Conf. Interval]
-------------+----------------------------------------------------------------
s3_A_ln_K_~t |   .1114231   .0153455     7.26   0.000     .0813175    .1415287
s3_A_ln_kh~d |   .0470774   .0078102     6.03   0.000      .031755    .0623998
------------------------------------------------------------------------------
 (SEs, P values, CIs, and correlations are asymptotic approximations)

Step 2:  Delta=  1e-7 

(obs = 1262)

Iteration 0:   residual SS =  46.99669

      Source |       SS       df       MS            Number of obs =      1262
-------------+------------------------------         F(  2,  1260) =    659.98
       Model |  49.2329388     2  24.6164694         Prob > F      =    0.0000
    Residual |  46.9966881  1260  .037298959         R-squared     =    0.5116
-------------+------------------------------         Adj R-squared =    0.5108
       Total |  96.2296269  1262  .076251685         Root MSE      =  .1931294
                                                     Res. dev.     = -571.0535
(stage3)
------------------------------------------------------------------------------
    __000029 |      Coef.   Std. Err.      t    P>|t|     [95% Conf. Interval]
-------------+----------------------------------------------------------------
s3_A_ln_K_~t |   .1114231   .0139288     8.00   0.000     .0840969    .1387493
s3_A_ln_kh~d |   .0470774   .0071039     6.63   0.000     .0331407    .0610142
------------------------------------------------------------------------------
 (SEs, P values, CIs, and correlations are asymptotic approximations)

Coefficients of other variables and series terms:
------------------------------------------------------------------------------
    __00002O |      Coef.   Std. Err.      t    P>|t|     [95% Conf. Interval]
-------------+----------------------------------------------------------------
       A_age |  -.0011305   .0016801    -0.67   0.501    -.0044267    .0021657
     A_age_t |   .0279745   .0166205     1.68   0.093    -.0046327    .0605818
 A_du_usa_mu |  -.0400371   .0756587    -0.53   0.597    -.1884691    .1083948
 A_du_oth_mu |   .1675656   .0476134     3.52   0.000     .0741546    .2609766
          D2 |  -.0134543   .0302928    -0.44   0.657    -.0728846    .0459761
          D3 |  -.0698408   .0231439    -3.02   0.003    -.1152459   -.0244357
          D4 |   .0076601   .0116333     0.66   0.510    -.0151629    .0304831
       _s3v1 |   .9264043   .1518407     6.10   0.000     .6285136    1.224295
       _s3v2 |  -.8817814   1.463406    -0.60   0.547    -3.752784    1.989221
       _s3v3 |   .5901386   3.025985     0.20   0.845    -5.346431    6.526708
       _s3v4 |   5.613773   10.92883     0.51   0.608     -15.8271    27.05465
       _cons |   .0379852   .0147597     2.57   0.010     .0090286    .0669418
------------------------------------------------------------------------------
 Note: SE's and df's and goodness of fit statistics are wrong !


______________________________________________________________________________

OLLEY-PAKES-Algorithm to estimate production functions - series version:

Parameters specified:
  Observations included 

Stage 1: OLS with series expansion
  Dependent variable:                      A_ln4  
  Indep. linear variables of interest:     A_ln_N A_ln_TM   A_ln_go_agg  
  Polynomial series expansion in (phi):    A_ln_K_not A_ln_I_non_ict  A_ln_khard A_ln_I_ict   
  Order of expansion:                      4 
  Other linear var's in phi:               D2 D3 D4    

No selection stage 

Stage 3: NLLS
  Ind. linear var's (quasi-fixed inputs):  A_ln_K_not A_ln_khard   
  Additional linear variables:             A_age A_age_t A_du_usa_mu A_du_oth_mu  D2 D3 D4  
  Polynomial series expansion in:          L.omega  
     where:                                omega=phi-(A_ln_K_not A_ln_khard  )*alpha') 
  Order of expansion:                      4 
  Grid search over:                        0(.05)1 
  Sequence of deltas for NLLS-routine:     1e-4 1e-7 

Parameter estimates: 

         A_ln_N      A_ln_TM  A_ln_go_agg   A_ln_K_not   A_ln_khard        A_age      A_age_t
y1    .21418796    .62833526    .00905654    .11142312    .04707742   -.00113052    .02797453

    A_du_usa_mu  A_du_oth_mu           D2           D3           D4
y1   -.04003714    .16756564   -.01345427   -.06984081    .00766012

Residual SS in stage 3:                   46.996688
Number of observations in stage 3:         1262
Productivity estimates saved in            omega
______________________________________________________________________________


SECTOR IS l, 200 REPLICATIONS

command:      ops
statistics:   b_A_ln_N   = _b[A_ln_N]
              b_A_ln_TM  = _b[A_ln_TM]
              b_A_ln_g~g = _b[A_ln_go_agg]
              b_A_ln_K~t = _b[A_ln_K_not]
              b_A_ln_k~d = _b[A_ln_khard]
              b_A_age    = _b[A_age]
              b_A_age_t  = _b[A_age_t]
              b_A_du_u~u = _b[A_du_usa_mu]
              b_A_du_o~u = _b[A_du_oth_mu]
              b_D2       = _b[D2]
              b_D3       = _b[D3]
              b_D4       = _b[D4]
.......................................................................................................
> .................................................................................................


Bootstrap statistics                              Number of obs    =      3692
                                                  N of clusters    =      2286
                                                  Replications     =       200

------------------------------------------------------------------------------
Variable     |  Reps  Observed      Bias  Std. Err. [95% Conf. Interval]
-------------+----------------------------------------------------------------
    b_A_ln_N |   200   .214188 -.0011133  .0172598   .1801525   .2482235   (N)
             |                                       .1816908   .2498851   (P)
             |                                        .185592    .251508  (BC)
   b_A_ln_TM |   200  .6283352  .0001767  .0269379   .5752149   .6814556   (N)
             |                                       .5633337   .6782746   (P)
             |                                       .5574992   .6702808  (BC)
b_A_ln_go_~g |   200  .0090565  -.001049  .0058564   -.002492   .0206051   (N)
             |                                      -.0024998    .020631   (P)
             |                                       .0000945   .0232281  (BC)
b_A_ln_K_not |   200  .1114231  .0039454  .0268146   .0585459   .1643004   (N)
             |                                       .0641499   .1651841   (P)
             |                                       .0584156   .1633621  (BC)
b_A_ln_khard |   200  .0470774 -.0038848  .0119172   .0235771   .0705777   (N)
             |                                       .0213602   .0677822   (P)
             |                                       .0284481   .0798838  (BC)
     b_A_age |   200 -.0011305  .0000539  .0016821  -.0044475   .0021864   (N)
             |                                      -.0040974   .0026833   (P)
             |                                       -.004474   .0022086  (BC)
   b_A_age_t |   200  .0279745 -.0021401  .0201005  -.0116628   .0676119   (N)
             |                                       -.012058   .0668416   (P)
             |                                       -.006243   .0690866  (BC)
b_A_du_usa~u |   200 -.0400371 -.0122147  .1464674  -.3288646   .2487903   (N)
             |                                      -.3260272   .2088357   (P)
             |                                      -.3313607   .2087412  (BC)
b_A_du_oth~u |   200  .1675656  .0035645  .0687889    .031917   .3032143   (N)
             |                                       .0385257      .3165   (P)
             |                                       .0466414   .3282036  (BC)
        b_D2 |   200 -.0134543 -.0037142  .0358371  -.0841234   .0572149   (N)
             |                                       -.091613   .0454582   (P)
             |                                        -.08957   .0519092  (BC)
        b_D3 |   200 -.0698408  .0017145  .0359833  -.1407983   .0011167   (N)
             |                                      -.1425841   .0079099   (P)
             |                                      -.1461579  -.0006147  (BC)
        b_D4 |   200  .0076601   .000144  .0102372  -.0125272   .0278474   (N)
             |                                      -.0119986   .0299676   (P)
             |                                      -.0120273    .029366  (BC)
------------------------------------------------------------------------------
Note:  N   = normal
       P   = percentile
       BC  = bias-corrected

       Year |      Freq.     Percent        Cum.
------------+-----------------------------------
       1989 |        121        3.28        3.28
       1990 |        136        3.68        6.96
       1991 |      1,450       39.27       46.24
       1992 |      1,143       30.96       77.19
       1993 |        842       22.81      100.00
------------+-----------------------------------
      Total |      3,692      100.00

Linear regression, absorbing indicators                Number of obs =    3692
                                                       F( 11,  2285) = 1398.72
                                                       Prob > F      =  0.0000
                                                       R-squared     =  0.9971
                                                       Adj R-squared =  0.9971
                                                       Root MSE      =  .10444

                               (Std. Err. adjusted for 2286 clusters in ruref)
------------------------------------------------------------------------------
             |               Robust
       A_ln4 |      Coef.   Std. Err.      t    P>|t|     [95% Conf. Interval]
-------------+----------------------------------------------------------------
     A_ln_TM |   .5096102   .0387633    13.15   0.000     .4335953    .5856252
  A_ln_K_not |   .2007061   .0341612     5.88   0.000      .133716    .2676963
      A_ln_N |   .2756757   .0514807     5.35   0.000     .1747218    .3766295
  A_ln_khard |   .0167951   .0062453     2.69   0.007     .0045481    .0290421
 A_ln_go_agg |  -.0048125   .0067922    -0.71   0.479    -.0181321    .0085071
 A_du_usa_mu |  -.0107033   .0953926    -0.11   0.911    -.1977684    .1763618
 A_du_oth_mu |   .0355034   .0539847     0.66   0.511    -.0703607    .1413674
         yy1 |  (dropped)
         yy2 |   .0347156   .0217629     1.60   0.111    -.0079615    .0773927
         yy3 |   .0066679   .0259291     0.26   0.797     -.044179    .0575149
         yy4 |   .0130801   .0244171     0.54   0.592    -.0348019    .0609622
         yy5 |   .0049542   .0235076     0.21   0.833    -.0411442    .0510526
       _cons |  -.0096422    .028658    -0.34   0.737    -.0658406    .0465561
-------------+----------------------------------------------------------------
       ruref |   absorbed                                    (2286 categories)

. cap log c
