-------------------------------------------------------------------------------
      name:  <unnamed>
       log:  C:/Users/Usuario/Documents/GitHub/twfe_survey/replications/2015-20
> 19/Kaur (2019)/check_vars.log
  log type:  text
 opened on:  29 Apr 2026, 23:56:57

. 
. global datadir "C:/Users/Usuario/Documents/GitHub/twfe_survey/data/2015-2019/
> Kaur (2019)/data/4.Replication-files"

. 
. * ─── DATASET 1: World Bank (11 MB) ─────────────────────────────────────────
> ─
. di _n "============================================================"

============================================================

. di "  DATASET: data_wb_replication.dta"
  DATASET: data_wb_replication.dta

. di "============================================================"
============================================================

. use "$datadir/data_wb_replication.dta", clear

. 
. di "Observations: " _N
Observations: 7680

. describe, short

Contains data from C:/Users/Usuario/Documents/GitHub/twfe_survey/data/2015-2019
> /Kaur (2019)/data/4.Replication-files/data_wb_replication.dta
 Observations:         7,680                  
    Variables:           395                  1 Jun 2019 15:18
Sorted by: dist  year

. 
. * Key variables for Table 1
. di _n "--- lwage (outcome) ---"

--- lwage (outcome) ---

. sum lwage, detail

                       log(daily wage)
-------------------------------------------------------------
      Percentiles      Smallest
 1%    -.4307829      -1.203973
 5%            0      -1.203973
10%     .1751787      -1.171183       Obs               7,680
25%     .5596158       -1.07881       Sum of wgt.       7,680

50%     1.137833                      Mean           1.207882
                        Largest       Std. dev.      .8170624
75%     1.829376       3.527757
90%     2.332565          3.554       Variance        .667591
95%     2.565564       3.568067       Skewness       .2022172
99%     3.044523       3.716519       Kurtosis       2.319534

. 
. di _n "--- amons80 (treatment: above monsoon 80th pctile) ---"

--- amons80 (treatment: above monsoon 80th pctile) ---

. sum amons80, detail

      amonsP = 1{rain in monsoon arrival month is above
                    Pth pctile this year}
-------------------------------------------------------------
      Percentiles      Smallest
 1%            0              0
 5%            0              0
10%            0              0       Obs               7,680
25%            0              0       Sum of wgt.       7,680

50%            0                      Mean           .2255208
                        Largest       Std. dev.      .4179521
75%            0              1
90%            1              1       Variance       .1746839
95%            1              1       Skewness       1.313534
99%            1              1       Kurtosis        2.72537

. 
. di _n "--- bmons20 (other treatment: below monsoon 20th pctile) ---"

--- bmons20 (other treatment: below monsoon 20th pctile) ---

. sum bmons20, detail

      bmonsP = 1{rain in monsoon arrival month is below
                    Pth pctile this year}
-------------------------------------------------------------
      Percentiles      Smallest
 1%            0              0
 5%            0              0
10%            0              0       Obs               7,680
25%            0              0       Sum of wgt.       7,680

50%            0                      Mean           .1486979
                        Largest       Std. dev.      .3558136
75%            0              1
90%            1              1       Variance       .1266033
95%            1              1       Skewness        1.97477
99%            1              1       Kurtosis       4.899715

. 
. di _n "--- dist (unit FE) ---"

--- dist (unit FE) ---

. qui tab dist

. di "Number of districts: " r(r)
Number of districts: 240

. 
. di _n "--- year (time FE) ---"

--- year (time FE) ---

. tab year

       YEAR |      Freq.     Percent        Cum.
------------+-----------------------------------
       1956 |        240        3.13        3.13
       1957 |        240        3.13        6.25
       1958 |        240        3.13        9.38
       1959 |        240        3.13       12.50
       1960 |        240        3.13       15.63
       1961 |        240        3.13       18.75
       1962 |        240        3.13       21.88
       1963 |        240        3.13       25.00
       1964 |        240        3.13       28.13
       1965 |        240        3.13       31.25
       1966 |        240        3.13       34.38
       1967 |        240        3.13       37.50
       1968 |        240        3.13       40.63
       1969 |        240        3.13       43.75
       1970 |        240        3.13       46.88
       1971 |        240        3.13       50.00
       1972 |        240        3.13       53.13
       1973 |        240        3.13       56.25
       1974 |        240        3.13       59.38
       1975 |        240        3.13       62.50
       1976 |        240        3.13       65.63
       1977 |        240        3.13       68.75
       1978 |        240        3.13       71.88
       1979 |        240        3.13       75.00
       1980 |        240        3.13       78.13
       1981 |        240        3.13       81.25
       1982 |        240        3.13       84.38
       1983 |        240        3.13       87.50
       1984 |        240        3.13       90.63
       1985 |        240        3.13       93.75
       1986 |        240        3.13       96.88
       1987 |        240        3.13      100.00
------------+-----------------------------------
      Total |      7,680      100.00

. 
. di _n "--- regionyr (cluster variable) ---"

--- regionyr (cluster variable) ---

. qui tab regionyr

. di "Number of region-year clusters: " r(r)
Number of region-year clusters: 1664

. 
. * Check missingness for regression sample
. di _n "--- Missing values check ---"

--- Missing values check ---

. count if missing(lwage)
  0

. count if missing(amons80)
  0

. count if missing(bmons20)
  0

. count if missing(dist)
  0

. count if missing(year)
  0

. count if missing(regionyr)
  0

. 
. * Quick Table 1 Col 1 replication
. di _n "--- Quick replication: Table 1, Col 1 ---"

--- Quick replication: Table 1, Col 1 ---

. reg lwage i.dist i.year amons80 bmons20, cluster(regionyr)

Linear regression                               Number of obs     =      7,680
                                                F(271, 1663)      =          .
                                                Prob > F          =          .
                                                R-squared         =     0.9470
                                                Root MSE          =     .19155

                           (Std. err. adjusted for 1,664 clusters in regionyr)
------------------------------------------------------------------------------
             |               Robust
       lwage | Coefficient  std. err.      t    P>|t|     [95% conf. interval]
-------------+----------------------------------------------------------------
        dist |
          2  |   .2314475   .0368625     6.28   0.000     .1591457    .3037492
          3  |   .1443094   .0220594     6.54   0.000     .1010422    .1875765
          4  |   .0177233   .0210065     0.84   0.399    -.0234787    .0589252
          5  |   .0633095   .0210784     3.00   0.003     .0219665    .1046525
          6  |  -.0807401   .0266847    -3.03   0.003    -.1330792    -.028401
          7  |   .0959613   .0264902     3.62   0.000     .0440037    .1479189
          8  |   .1702336   .0251924     6.76   0.000     .1208215    .2196457
          9  |   .1620455   .0302554     5.36   0.000     .1027029    .2213882
         10  |  -.0581471   .0420008    -1.38   0.166    -.1405271    .0242329
         11  |   .3224245   .0263855    12.22   0.000     .2706722    .3741768
         12  |   .3545803    .026488    13.39   0.000     .3026269    .4065337
         13  |   .3189895   .0273079    11.68   0.000      .265428     .372551
         14  |   .1938666   .0480466     4.03   0.000     .0996284    .2881048
         15  |   .2307659   .0408408     5.65   0.000     .1506612    .3108707
         16  |   .0936777   .0347965     2.69   0.007     .0254282    .1619272
         17  |   .1715192   .0264446     6.49   0.000      .119651    .2233873
         18  |   .2703964    .031984     8.45   0.000     .2076632    .3331297
         19  |   -.041624   .0429143    -0.97   0.332    -.1257959    .0425478
         20  |   .1870944   .0286824     6.52   0.000     .1308371    .2433517
         21  |   .0420735   .0346439     1.21   0.225    -.0258768    .1100239
         22  |   .0505511   .0307151     1.65   0.100    -.0096932    .1107955
         23  |    .160001    .040339     3.97   0.000     .0808805    .2391216
         24  |   .1156524   .0533808     2.17   0.030     .0109518     .220353
         25  |    .199057   .0367062     5.42   0.000     .1270617    .2710523
         26  |   .4359977   .0380677    11.45   0.000      .361332    .5106633
         27  |   .2183752   .0273661     7.98   0.000     .1646995    .2720509
         28  |   .2709666   .0378205     7.16   0.000     .1967858    .3451474
         29  |   .1494535   .0330277     4.53   0.000     .0846733    .2142337
         30  |   .3359379   .0453508     7.41   0.000     .2469873    .4248886
         31  |   .2418857   .0341359     7.09   0.000     .1749319    .3088395
         32  |   .1161823   .0493944     2.35   0.019     .0193004    .2130641
         33  |   .4452067   .0430844    10.33   0.000     .3607014     .529712
         34  |  -.0447478   .0487515    -0.92   0.359    -.1403687    .0508731
         35  |   -.005412   .0287567    -0.19   0.851    -.0618151    .0509912
         36  |   .1236237   .0288397     4.29   0.000     .0670578    .1801895
         39  |   .2708728   .0292873     9.25   0.000      .213429    .3283167
         40  |  -.2140157   .0298414    -7.17   0.000    -.2725463    -.155485
         44  |  -.0423258     .05891    -0.72   0.473    -.1578713    .0732198
         45  |   .3638074   .0293478    12.40   0.000     .3062448    .4213699
         46  |    .969851   .0300462    32.28   0.000     .9109186    1.028783
         49  |  -.2497369   .0400588    -6.23   0.000    -.3283079   -.1711659
         50  |  -.0465362   .0311333    -1.49   0.135    -.1076007    .0145284
         51  |  -.0165104    .030395    -0.54   0.587    -.0761269     .043106
         52  |   -.016926   .0303976    -0.56   0.578    -.0765475    .0426955
         53  |   -.016926   .0305023    -0.55   0.579     -.076753     .042901
         54  |   .0871474    .031132     2.80   0.005     .0260855    .1482094
         55  |   .7876182       .041    19.21   0.000     .7072011    .8680352
         56  |    .724008   .0383536    18.88   0.000     .6487816    .7992345
         57  |   .9852146   .0385501    25.56   0.000     .9096027    1.060826
         58  |   1.058219   .0361148    29.30   0.000      .987384    1.129055
         60  |    .824054   .0341427    24.14   0.000     .7570868    .8910212
         61  |   .0656682   .0421033     1.56   0.119     -.016913    .1482493
         62  |   .3003204   .0671474     4.47   0.000     .1686179    .4320228
         64  |   .0623782   .0415198     1.50   0.133    -.0190585    .1438148
         65  |   .2694174   .0383192     7.03   0.000     .1942585    .3445764
         66  |    .291014   .0575943     5.05   0.000      .178049    .4039791
         67  |   .1177894   .0377346     3.12   0.002      .043777    .1918017
         68  |   .3115778   .0476229     6.54   0.000     .2181706     .404985
         69  |   .1640578   .0314095     5.22   0.000     .1024515     .225664
         70  |   .0631367   .0414053     1.52   0.127    -.0180754    .1443488
         71  |   .3088687   .0691743     4.47   0.000     .1731908    .4445466
         72  |  -.0334481   .0329727    -1.01   0.311    -.0981204    .0312242
         73  |   .3895642   .0533761     7.30   0.000     .2848728    .4942555
         74  |   .3393314   .0578495     5.87   0.000     .2258659    .4527968
         75  |   .0580153   .0397437     1.46   0.145    -.0199376    .1359682
         76  |   .3046559   .0534252     5.70   0.000     .1998683    .4094436
         77  |   .2020098   .0347763     5.81   0.000     .1337999    .2702198
         78  |   .2292891   .0608793     3.77   0.000     .1098809    .3486973
         79  |  -.0317007   .0353351    -0.90   0.370    -.1010067    .0376054
         80  |   .4017266   .0332477    12.08   0.000     .3365149    .4669383
         81  |   .4257809   .0317442    13.41   0.000     .3635182    .4880437
         82  |   .2753879   .0405241     6.80   0.000     .1959044    .3548715
         83  |   .2799676   .0360866     7.76   0.000     .2091877    .3507475
         84  |    .129685   .0436369     2.97   0.003     .0440958    .2152741
         85  |  -.0204753   .0471354    -0.43   0.664    -.1129263    .0719757
         86  |  -.0301626   .0372992    -0.81   0.419    -.1033208    .0429957
         87  |   .1027069   .0345413     2.97   0.003     .0349578     .170456
         89  |   .0232532   .0286481     0.81   0.417    -.0329368    .0794433
         90  |  -.0491864   .0244509    -2.01   0.044    -.0971443   -.0012285
         91  |   .0383788   .0670034     0.57   0.567    -.0930412    .1697987
         92  |  -.0741025   .0359378    -2.06   0.039    -.1445905   -.0036144
         93  |   -.093751   .0296938    -3.16   0.002    -.1519922   -.0355099
         94  |   -.095652    .031272    -3.06   0.002    -.1569886   -.0343154
         95  |  -.2417806   .0383449    -6.31   0.000    -.3169901   -.1665712
         97  |   .0284213    .032871     0.86   0.387    -.0360516    .0928942
         99  |   .0368049   .0355806     1.03   0.301    -.0329825    .1065923
        100  |   .1387869   .0410005     3.39   0.001     .0583688     .219205
        101  |  -.0543721   .0273305    -1.99   0.047    -.1079779   -.0007664
        102  |  -.1023013   .0342277    -2.99   0.003    -.1694351   -.0351675
        103  |  -.1143326    .028272    -4.04   0.000    -.1697851   -.0588801
        104  |  -.1783598   .0427551    -4.17   0.000    -.2622193   -.0945003
        105  |   -.101308   .0445853    -2.27   0.023    -.1887573   -.0138588
        106  |  -.0955653   .0301307    -3.17   0.002    -.1546634   -.0364672
        108  |  -.0324946   .0315396    -1.03   0.303    -.0943561    .0293669
        109  |   .0198746   .0338733     0.59   0.557    -.0465643    .0863135
        110  |  -.1314739   .0461964    -2.85   0.004    -.2220832   -.0408647
        111  |  -.2680377   .0424281    -6.32   0.000    -.3512558   -.1848195
        112  |  -.0577233   .0366211    -1.58   0.115    -.1295516    .0141051
        113  |  -.0314029   .0445068    -0.71   0.481    -.1186981    .0558923
        114  |  -.0637903   .0520683    -1.23   0.221    -.1659167    .0383361
        115  |   .0273604   .0408821     0.67   0.503    -.0528254    .1075462
        116  |   .0058278   .0358386     0.16   0.871    -.0644657    .0761213
        117  |  -.0753667   .0349457    -2.16   0.031     -.143909   -.0068245
        118  |   -.186195   .0577001    -3.23   0.001    -.2993675   -.0730225
        119  |  -.0213501   .0409947    -0.52   0.603    -.1017568    .0590566
        120  |  -.0852267   .0418434    -2.04   0.042    -.1672979   -.0031554
        121  |  -.0512212   .0347727    -1.47   0.141    -.1194241    .0169816
        122  |  -.0112692   .0466089    -0.24   0.809    -.1026875     .080149
        123  |   .1423455   .0336289     4.23   0.000     .0763861    .2083049
        124  |   .1431767   .0337656     4.24   0.000     .0769492    .2094041
        126  |   .0759727   .0337441     2.25   0.024     .0097874     .142158
        127  |   .0551084   .0334846     1.65   0.100    -.0105679    .1207847
        128  |   .3535705    .033511    10.55   0.000     .2878423    .4192987
        129  |   .4536428   .0337438    13.44   0.000      .387458    .5198276
        130  |   .0323026   .0330138     0.98   0.328    -.0324504    .0970557
        131  |   .1431767   .0337091     4.25   0.000     .0770599    .2092934
        132  |   .1431767   .0338377     4.23   0.000     .0768078    .2095456
        133  |   .1431767   .0336185     4.26   0.000     .0772376    .2091157
        134  |   .1431767     .03335     4.29   0.000     .0777643     .208589
        135  |   .1431767    .033536     4.27   0.000     .0773994    .2089539
        136  |  -.2244731   .0338444    -6.63   0.000    -.2908552    -.158091
        137  |   .3905309   .0335956    11.62   0.000     .3246367    .4564251
        138  |   .1431767   .0334005     4.29   0.000     .0776652    .2086881
        139  |   .1430381   .0332768     4.30   0.000     .0777692     .208307
        140  |   .1431767   .0335642     4.27   0.000     .0773442    .2090091
        141  |   .1431767   .0337832     4.24   0.000     .0769146    .2094387
        142  |   .1431767   .0337951     4.24   0.000     .0768912    .2094621
        143  |   .1431767   .0334848     4.28   0.000     .0774998    .2088535
        144  |   .1431767   .0336332     4.26   0.000     .0772088    .2091445
        145  |   .1431767   .0336645     4.25   0.000     .0771473     .209206
        146  |   .1009548   .0334997     3.01   0.003     .0352487    .1666608
        147  |  -.1504684   .0358166    -4.20   0.000    -.2207188    -.080218
        148  |   .0368149   .0275877     1.33   0.182    -.0172953    .0909251
        149  |  -.3443349   .0729413    -4.72   0.000    -.4874013   -.2012684
        150  |   .1365543   .0271251     5.03   0.000     .0833514    .1897572
        151  |   .0134342   .0395916     0.34   0.734    -.0642204    .0910889
        152  |   .2566802   .0418625     6.13   0.000     .1745715    .3387889
        153  |  -.0974054   .0284534    -3.42   0.001    -.1532136   -.0415972
        154  |  -.0757075   .0344302    -2.20   0.028    -.1432386   -.0081764
        155  |  -.1814869   .0307283    -5.91   0.000    -.2417571   -.1212167
        156  |  -.1048903   .0398127    -2.63   0.009    -.1829785    -.026802
        157  |  -.1065401   .0250466    -4.25   0.000    -.1556662   -.0574139
        158  |   .1711039   .0310577     5.51   0.000     .1101876    .2320202
        159  |    .011451   .0277484     0.41   0.680    -.0429745    .0658765
        160  |  -.0160143   .0323749    -0.49   0.621    -.0795143    .0474856
        161  |   .6403662   .0303406    21.11   0.000     .5808565    .6998759
        162  |    .709657   .0329818    21.52   0.000     .6449668    .7743473
        163  |   .7621129   .0486975    15.65   0.000      .666598    .8576277
        164  |     .93458   .0301837    30.96   0.000      .875378    .9937821
        165  |    .798309    .029197    27.34   0.000     .7410421    .8555758
        166  |   .8952983   .0448412    19.97   0.000     .8073472    .9832495
        167  |   .9040394   .0299705    30.16   0.000     .8452556    .9628232
        168  |   1.059389   .0377101    28.09   0.000     .9854243    1.133353
        169  |     .93607   .0409174    22.88   0.000     .8558149    1.016325
        170  |   .7519115   .0298993    25.15   0.000     .6932671    .8105558
        171  |    .560061   .0331587    16.89   0.000     .4950238    .6250981
        186  |  -.0329256   .0282757    -1.16   0.244    -.0883852    .0225341
        187  |   .4861134   .0277072    17.54   0.000     .4317688     .540458
        189  |  -.0846765   .0280865    -3.01   0.003    -.1397651   -.0295879
        191  |   1.270426   .0279698    45.42   0.000     1.215566    1.325286
        192  |   1.075185   .0274225    39.21   0.000     1.021399    1.128972
        193  |  -.1291312   .0342095    -3.77   0.000    -.1962294    -.062033
        194  |  -.1057837   .0277135    -3.82   0.000    -.1601408   -.0514266
        195  |  -.1552534    .028372    -5.47   0.000     -.210902   -.0996048
        196  |  -.1639974   .0284175    -5.77   0.000    -.2197351   -.1082596
        197  |  -.0037684   .0600783    -0.06   0.950    -.1216054    .1140687
        198  |   .1231479    .035837     3.44   0.001     .0528574    .1934383
        199  |   .2754514   .0353581     7.79   0.000     .2061005    .3448024
        200  |   .1179216   .0348868     3.38   0.001     .0494949    .1863483
        201  |   .1946126   .0564808     3.45   0.001     .0838317    .3053935
        202  |  -.0986809   .0480133    -2.06   0.040    -.1928538   -.0045081
        203  |    .078582   .0423712     1.85   0.064    -.0045245    .1616884
        204  |   .1416409   .0414073     3.42   0.001      .060425    .2228567
        205  |  -.0150456   .0387036    -0.39   0.698    -.0909585    .0608672
        206  |      .0917   .0334857     2.74   0.006     .0260213    .1573786
        207  |  -.0017708   .0388277    -0.05   0.964    -.0779272    .0743855
        208  |   .3973733   .0421007     9.44   0.000     .3147973    .4799492
        209  |   .4406363   .0330831    13.32   0.000     .3757473    .5055252
        210  |   .4406363   .0331851    13.28   0.000     .3755473    .5057252
        211  |   .6545514   .0320192    20.44   0.000     .5917493    .7173535
        212  |   .6545514   .0320241    20.44   0.000     .5917397    .7173631
        213  |   .4406363   .0331528    13.29   0.000     .3756107    .5056618
        214  |   .4406363   .0334455    13.17   0.000     .3750365    .5062361
        215  |   .4406363   .0330292    13.34   0.000     .3758531    .5054195
        216  |   .6545514   .0321711    20.35   0.000     .5914513    .7176515
        217  |   .2887404   .0293587     9.83   0.000     .2311564    .3463243
        218  |   .2887404   .0294978     9.79   0.000     .2308837    .3465971
        219  |   .2887404   .0295389     9.77   0.000     .2308029    .3466778
        220  |   .2887404   .0293485     9.84   0.000     .2311764    .3463043
        221  |   .5045391   .0402642    12.53   0.000     .4255653    .5835129
        222  |   .5045391   .0401889    12.55   0.000     .4257129    .5833653
        224  |   .5045391   .0405121    12.45   0.000     .4250789    .5839992
        225  |   .5045391   .0402691    12.53   0.000     .4255555    .5835226
        226  |   .5045391   .0407423    12.38   0.000     .4246275    .5844506
        227  |   .4406363   .0332515    13.25   0.000     .3754171    .5058554
        228  |   .2887404   .0295203     9.78   0.000     .2308396    .3466412
        229  |   .5045391   .0406267    12.42   0.000     .4248542    .5842239
        230  |   .0312167   .0308036     1.01   0.311    -.0292012    .0916346
        231  |   .0312167   .0308813     1.01   0.312    -.0293536     .091787
        232  |    .164442   .0323843     5.08   0.000     .1009237    .2279603
        233  |   .0312167   .0310063     1.01   0.314    -.0295988    .0920322
        234  |   .0312167   .0309875     1.01   0.314    -.0295619    .0919952
        235  |   .0312167   .0310759     1.00   0.315    -.0297354    .0921688
        236  |   .0312167   .0309732     1.01   0.314    -.0295338    .0919672
        237  |  -.1131053   .0437862    -2.58   0.010    -.1989871   -.0272234
        238  |   .1427811      .0296     4.82   0.000     .0847239    .2008384
        239  |   .1427811   .0293206     4.87   0.000      .085272    .2002903
        240  |  -.1911295   .0472063    -4.05   0.000    -.2837195   -.0985394
        241  |  -.1911295   .0471515    -4.05   0.000    -.2836121   -.0986469
        242  |   .0312167   .0309562     1.01   0.313    -.0295005    .0919338
        243  |  -.1131053   .0436017    -2.59   0.010    -.1986253   -.0275853
        244  |  -.1131053   .0436017    -2.59   0.010    -.1986253   -.0275853
        245  |  -.1131053   .0436405    -2.59   0.010    -.1987013   -.0275092
        246  |  -.0224268    .075284    -0.30   0.766    -.1700883    .1252347
        247  |  -.1911295   .0474433    -4.03   0.000    -.2841845   -.0980745
        248  |  -.1911295   .0473093    -4.04   0.000    -.2839216   -.0983374
        249  |  -.0330172   .0844339    -0.39   0.696    -.1986252    .1325908
        250  |  -.0330172   .0846599    -0.39   0.697    -.1990685    .1330341
        251  |  -.2190312   .0409878    -5.34   0.000    -.2994243    -.138638
        252  |  -.1911295   .0473714    -4.03   0.000    -.2840433   -.0982157
        253  |  -.0330172   .0844945    -0.39   0.696    -.1987439    .1327095
        254  |  -.0330172    .084723    -0.39   0.697    -.1991921    .1331577
        255  |  -.0330172   .0848338    -0.39   0.697    -.1994095    .1333751
        256  |  -.0224268   .0752904    -0.30   0.766    -.1701007    .1252472
        257  |   .4089466   .0477943     8.56   0.000     .3152033    .5026898
        258  |   .4618888   .0416946    11.08   0.000     .3801094    .5436682
        259  |   .4937881   .0395913    12.47   0.000     .4161341    .5714421
        260  |   .2750223   .0400163     6.87   0.000     .1965346      .35351
        261  |   .2012936   .0439029     4.58   0.000     .1151828    .2874045
        262  |   .4147651   .0308724    13.43   0.000     .3542123     .475318
        263  |   .3218725   .0393805     8.17   0.000     .2446319    .3991132
        264  |    .419654   .0296944    14.13   0.000     .3614118    .4778963
        265  |   .5885386    .029906    19.68   0.000     .5298813    .6471959
        266  |   .4722727   .0307644    15.35   0.000     .4119317    .5326137
        267  |   .4356308   .0274631    15.86   0.000     .3817649    .4894966
        268  |   .4359116   .0356649    12.22   0.000     .3659588    .5058644
        269  |   .1616672   .0338191     4.78   0.000     .0953346    .2279998
        270  |   .5260986   .0324282    16.22   0.000     .4624941    .5897031
        271  |   .2896185   .0421608     6.87   0.000     .2069246    .3723124
             |
        year |
       1957  |   .0324759   .0350313     0.93   0.354    -.0362341     .101186
       1958  |   .0315201   .0350246     0.90   0.368    -.0371769    .1002171
       1959  |   .0434484   .0358153     1.21   0.225    -.0267995    .1136963
       1960  |   .0552169   .0360259     1.53   0.126    -.0154439    .1258778
       1961  |    .120821    .047897     2.52   0.012     .0268763    .2147657
       1962  |   .1787563   .0347828     5.14   0.000     .1105337     .246979
       1963  |   .1778666   .0430785     4.13   0.000     .0933727    .2623604
       1964  |   .2910994   .0393709     7.39   0.000     .2138776    .3683211
       1965  |   .4363195   .0449421     9.71   0.000     .3481705    .5244685
       1966  |   .5340771   .0343793    15.53   0.000     .4666459    .6015083
       1967  |   .6339165   .0299878    21.14   0.000     .5750986    .6927344
       1968  |   .7166531   .0282798    25.34   0.000     .6611854    .7721209
       1969  |     .72937    .029624    24.62   0.000     .6712658    .7874741
       1970  |   .7672716   .0281699    27.24   0.000     .7120193    .8225238
       1971  |   .8158875   .0286686    28.46   0.000     .7596571    .8721179
       1972  |    .877571   .0298183    29.43   0.000     .8190856    .9360564
       1973  |    .992099   .0323868    30.63   0.000     .9285759    1.055622
       1974  |   1.143941   .0333415    34.31   0.000     1.078545    1.209336
       1975  |   1.264095   .0337706    37.43   0.000     1.197858    1.330332
       1976  |   1.337209   .0312551    42.78   0.000     1.275906    1.398513
       1977  |   1.397366   .0337209    41.44   0.000     1.331226    1.463506
       1978  |   1.435954   .0306566    46.84   0.000     1.375824    1.496083
       1979  |   1.508308   .0282777    53.34   0.000     1.452845    1.563772
       1980  |   1.555102   .0300973    51.67   0.000     1.496069    1.614134
       1981  |   1.707757   .0289682    58.95   0.000     1.650939    1.764575
       1982  |   1.829245   .0321914    56.82   0.000     1.766105    1.892385
       1983  |   1.968777   .0398461    49.41   0.000     1.890623     2.04693
       1984  |   2.069061   .0411387    50.29   0.000     1.988372     2.14975
       1985  |   2.177409     .03901    55.82   0.000     2.100896    2.253923
       1986  |   2.267449   .0396016    57.26   0.000     2.189775    2.345123
       1987  |   2.389159   .0379516    62.95   0.000     2.314721    2.463597
             |
     amons80 |   .0212698   .0086423     2.46   0.014     .0043189    .0382207
     bmons20 |  -.0044327    .010352    -0.43   0.669    -.0247372    .0158717
       _cons |   .0389456   .0317807     1.23   0.221    -.0233889      .10128
------------------------------------------------------------------------------

. di "  beta(amons80) = " _b[amons80]
  beta(amons80) = .02126981

. di "  se(amons80)   = " _se[amons80]
  se(amons80)   = .00864228

. di "  beta(bmons20) = " _b[bmons20]
  beta(bmons20) = -.00443274

. di "  se(bmons20)   = " _se[bmons20]
  se(bmons20)   = .01035205

. di "  N             = " e(N)
  N             = 7680

. 
. di _n "============================================================"

============================================================

. di "  CHECK COMPLETE"
  CHECK COMPLETE

. di "============================================================"
============================================================

. 
. log close
      name:  <unnamed>
       log:  C:/Users/Usuario/Documents/GitHub/twfe_survey/replications/2015-20
> 19/Kaur (2019)/check_vars.log
  log type:  text
 closed on:  29 Apr 2026, 23:56:59
-------------------------------------------------------------------------------
