-----------------------------------------------------------------------------------------------------------------
      name:  <unnamed>
       log:  C:/Users/Usuario/Documents/GitHub/papers_economic/Forman et al. (2012)/run_twowayfe.log
  log type:  text
 opened on:  20 Apr 2026, 10:25:20

. 
. * Install packages if needed
. cap which twowayfeweights

. if _rc ssc install twowayfeweights, replace

. 
. * Helper program: significance stars
. cap program drop _stars

. program define _stars, rclass
  1.     args b se
  2.     local s ""
  3.     if `se' > 0 & `se' < . {
  4.         local t = abs(`b'/`se')
  5.         if `t' > 2.576      local s "***"
  6.         else if `t' > 1.960 local s "**"
  7.         else if `t' > 1.645 local s "*"
  8.     }
  9.     return local s "`s'"
 10. end

. 
. 
. /*==============================================================================
>   STEP 1: DATA PREPARATION
>   Load cross-sectional county growth data (differences 1995-2000).
> ==============================================================================*/
. 
. use "$datadir/countygrowth.dta", clear

. 
. * Define control variable globals (following original tables.do)
. global controls "lnpop pctblk1990 pctunivp1990 pctHSp1990 pctbelowPL1990 medhhinc1990 carnegie1_enr frac_in_eng
> _prog npatent1980s frprof pct65p1990 netmig95"

. global change "change_totalpop change_pctblk change_pctunivp change_pctHSp change_pct65 change_netmig"

. 
. di _n "=== DATA SUMMARY ==="

=== DATA SUMMARY ===

. di "Observations: " _N
Observations: 3137

. desc, short

Contains data from C:/Users/Usuario/Documents/GitHub/papers_economic/Forman et al. (2012)/data_and_programs/count
> ygrowth.dta
 Observations:         3,137                  
    Variables:            78                  23 Dec 2010 15:43
Sorted by: 

. di ""


. di "--- Outcome: wagediff (log wage difference 2000-1995) ---"
--- Outcome: wagediff (log wage difference 2000-1995) ---

. summ wagediff

    Variable |        Obs        Mean    Std. dev.       Min        Max
-------------+---------------------------------------------------------
    wagediff |      3,135    .1871129    .0903313  -1.752229   1.116762

. di ""


. di "--- Treatment: surv_deeppost00 (fraction firms with advanced Internet) ---"
--- Treatment: surv_deeppost00 (fraction firms with advanced Internet) ---

. summ surv_deeppost00, detail

                       surv_deeppost00
-------------------------------------------------------------
      Percentiles      Smallest
 1%            0              0
 5%            0              0
10%            0              0       Obs               2,744
25%            0              0       Sum of wgt.       2,744

50%     .0510988                      Mean           .0889594
                        Largest       Std. dev.      .1331851
75%     .1348204              1
90%     .2156656              1       Variance       .0177383
95%     .3054763              1       Skewness       3.138557
99%      .696746              1       Kurtosis       17.68739

. di ""


. di "--- Counties with zero Internet adoption ---"
--- Counties with zero Internet adoption ---

. count if surv_deeppost00 == 0
  1,266

. di "  N with surv_deeppost00 = 0: " r(N) " (stable groups)"
  N with surv_deeppost00 = 0: 1266 (stable groups)

. count if surv_deeppost00 == .
  393

. di "  N with surv_deeppost00 = .: " r(N) " (missing)"
  N with surv_deeppost00 = .: 393 (missing)

. di ""


. di "--- Control variables ---"
--- Control variables ---

. summ $controls $change

    Variable |        Obs        Mean    Std. dev.       Min        Max
-------------+---------------------------------------------------------
       lnpop |      3,133    10.13724    1.362377   5.869297   15.99741
  pctblk1990 |      3,133    .0859135    .1434077          0   .8623599
pctunivp1990 |      3,133     .135626    .0659502   .0369234    .536558
  pctHSp1990 |      3,133    .6980041    .1038917    .316821   .9620341
pctbelo~1990 |      3,133    .1666633     .079341   .0218017   .6311771
-------------+---------------------------------------------------------
medhhinc1990 |      3,133    23.98513    6.611217      8.595     59.284
carnegie1_~r |      3,135    .0073315    .0650162          0   2.615438
frac_in_en~g |      3,135    .0009166    .0055113          0   .1124744
npatent1980s |      3,135    .1367949    .6516501          0     20.417
      frprof |      3,135     .352158    .0658086   .1601852   .6743993
-------------+---------------------------------------------------------
  pct65p1990 |      3,133    .1485615    .0441805   .0086516   .3408993
    netmig95 |      3,135    .2517496    3.625649   -138.933     72.891
change_tot~p |      3,133    .0961921    .1334301  -.5506092   1.068313
change_pct~k |      3,133    .0014116    .0175287  -.0993582   .2724413
change_pc~vp |      3,133   -.0265676    .0209848  -.1461147   .0748242
-------------+---------------------------------------------------------
change_pc~Sp |      3,133   -.1874276    .0522072  -.3237122  -.0293158
change_pct65 |      3,133     -.00112    .0145117  -.0918587   .0851139
change_net~g |      3,135   -.1436606     3.28659    -54.679    141.387

. 
. 
. /*==============================================================================
>   STEP 2: TABLE 2 -- MAIN EFFECTS: OLS
>   Dep var: wagediff = ln(weekwage_2000) - ln(weekwage_1995)
> 
>   Col 1: surv_deeppost00, no controls
>   Col 2: surv_deeppost00 + home Internet + missing + controls + changes
>   Col 3: + shallow Internet + PCs per employee
> ==============================================================================*/
. 
. di _n "=============================================="

==============================================

. di    "TABLE 2: MAIN EFFECTS -- OLS"
TABLE 2: MAIN EFFECTS -- OLS

. di    "=============================================="
==============================================

. 
. * --- Column 1: No controls ---
. di _n "--- Column 1: No controls ---"

--- Column 1: No controls ---

. regress wagediff surv_deeppost00, robust

Linear regression                               Number of obs     =      2,744
                                                F(1, 2742)        =       7.97
                                                Prob > F          =     0.0048
                                                R-squared         =     0.0038
                                                Root MSE          =     .08052

---------------------------------------------------------------------------------
                |               Robust
       wagediff | Coefficient  std. err.      t    P>|t|     [95% conf. interval]
----------------+----------------------------------------------------------------
surv_deeppost00 |   .0372192   .0131858     2.82   0.005     .0113642    .0630743
          _cons |   .1848458   .0017356   106.50   0.000     .1814426     .188249
---------------------------------------------------------------------------------

. local b_1  = _b[surv_deeppost00]

. local se_1 = _se[surv_deeppost00]

. local r2_1 = e(r2)

. local nn_1 = e(N)

. di "  beta = " %7.4f `b_1' " (" %5.4f `se_1' "), R2 = " %5.3f `r2_1' ", N = " `nn_1'
  beta =  0.0372 (0.0132), R2 = 0.004, N = 2744

. 
. * --- Column 2: Full controls ---
. di _n "--- Column 2: Full controls ---"

--- Column 2: Full controls ---

. regress wagediff surv_deeppost00 indivhomeinternet00_cty missing $controls $change, robust

Linear regression                               Number of obs     =      2,743
                                                F(21, 2721)       =      14.62
                                                Prob > F          =     0.0000
                                                R-squared         =     0.1306
                                                Root MSE          =     .07548

-----------------------------------------------------------------------------------------
                        |               Robust
               wagediff | Coefficient  std. err.      t    P>|t|     [95% conf. interval]
------------------------+----------------------------------------------------------------
        surv_deeppost00 |   .0278399   .0126398     2.20   0.028     .0030553    .0526246
indivhomeinternet00_cty |   .0822748   .0378555     2.17   0.030     .0080464    .1565031
                missing |   .0280682   .0170051     1.65   0.099     -.005276    .0614124
                  lnpop |  -.0065422   .0018821    -3.48   0.001    -.0102327   -.0028517
             pctblk1990 |   .0133063   .0118118     1.13   0.260    -.0098548    .0364673
           pctunivp1990 |    .572033   .0789012     7.25   0.000     .4173207    .7267453
             pctHSp1990 |  -.1555065   .0520436    -2.99   0.003    -.2575554   -.0534576
         pctbelowPL1990 |  -.1615275    .046444    -3.48   0.001    -.2525965   -.0704584
           medhhinc1990 |   -.000558   .0006181    -0.90   0.367    -.0017699     .000654
          carnegie1_enr |   .0319719   .0474517     0.67   0.501    -.0610732    .1250169
       frac_in_eng_prog |  -.2201671   .3629799    -0.61   0.544    -.9319112     .491577
           npatent1980s |   .0164506   .0042973     3.83   0.000     .0080243    .0248768
                 frprof |   -.010241    .053537    -0.19   0.848    -.1152182    .0947362
             pct65p1990 |   .0443062   .0512846     0.86   0.388    -.0562544    .1448669
               netmig95 |   .0032963   .0032014     1.03   0.303     -.002981    .0095737
        change_totalpop |   .0526667   .0151875     3.47   0.001     .0228865    .0824469
          change_pctblk |   .0264813   .0756051     0.35   0.726     -.121768    .1747305
        change_pctunivp |    .821895   .1603947     5.12   0.000     .5073874    1.136403
          change_pctHSp |  -.0223661   .0947318    -0.24   0.813    -.2081196    .1633874
           change_pct65 |  -.5628001   .1192249    -4.72   0.000    -.7965806   -.3290196
          change_netmig |   .0019928   .0037367     0.53   0.594    -.0053342    .0093198
                  _cons |   .2995026   .0458432     6.53   0.000     .2096117    .3893936
-----------------------------------------------------------------------------------------

. local b_2  = _b[surv_deeppost00]

. local se_2 = _se[surv_deeppost00]

. local r2_2 = e(r2)

. local nn_2 = e(N)

. di "  beta = " %7.4f `b_2' " (" %5.4f `se_2' "), R2 = " %5.3f `r2_2' ", N = " `nn_2'
  beta =  0.0278 (0.0126), R2 = 0.131, N = 2743

. 
. * --- Column 3: + other IT measures ---
. di _n "--- Column 3: + other IT ---"

--- Column 3: + other IT ---

. cap noisily regress wagediff surv_deeppost00 surv_pcperemp00 surv_shalpost00 ///
>     indivhomeinternet00_cty missing $controls $change, robust

Linear regression                               Number of obs     =      2,743
                                                F(23, 2719)       =      13.42
                                                Prob > F          =     0.0000
                                                R-squared         =     0.1315
                                                Root MSE          =     .07547

-----------------------------------------------------------------------------------------
                        |               Robust
               wagediff | Coefficient  std. err.      t    P>|t|     [95% conf. interval]
------------------------+----------------------------------------------------------------
        surv_deeppost00 |   .0246616   .0135208     1.82   0.068    -.0018505    .0511737
        surv_pcperemp00 |   .0152203   .0108372     1.40   0.160    -.0060298    .0364703
        surv_shalpost00 |   .0007328   .0078026     0.09   0.925    -.0145668    .0160325
indivhomeinternet00_cty |   .0822158   .0378807     2.17   0.030     .0079379    .1564938
                missing |   .0281626   .0169909     1.66   0.098    -.0051538    .0614791
                  lnpop |  -.0068054   .0019003    -3.58   0.000    -.0105315   -.0030792
             pctblk1990 |   .0123505   .0118612     1.04   0.298    -.0109073    .0356084
           pctunivp1990 |   .5590101   .0807229     6.93   0.000     .4007257    .7172946
             pctHSp1990 |  -.1588511   .0522206    -3.04   0.002    -.2612471   -.0564552
         pctbelowPL1990 |  -.1598207   .0463488    -3.45   0.001    -.2507031   -.0689382
           medhhinc1990 |  -.0005557   .0006171    -0.90   0.368    -.0017657    .0006543
          carnegie1_enr |   .0338375   .0479915     0.71   0.481     -.060266    .1279409
       frac_in_eng_prog |  -.2357478   .3647108    -0.65   0.518    -.9508861    .4793906
           npatent1980s |   .0159796   .0042903     3.72   0.000      .007567    .0243922
                 frprof |  -.0089253    .054336    -0.16   0.870    -.1154694    .0976188
             pct65p1990 |   .0470007   .0512924     0.92   0.360    -.0535754    .1475768
               netmig95 |   .0034356   .0031938     1.08   0.282    -.0028269    .0096981
        change_totalpop |   .0538636   .0153229     3.52   0.000     .0238178    .0839094
          change_pctblk |    .025075   .0758579     0.33   0.741      -.12367    .1738201
        change_pctunivp |   .8161213   .1613179     5.06   0.000     .4998032    1.132439
          change_pctHSp |  -.0259223   .0947487    -0.27   0.784    -.2117091    .1598644
           change_pct65 |  -.5620548   .1190116    -4.72   0.000    -.7954171   -.3286925
          change_netmig |   .0021813    .003726     0.59   0.558    -.0051248    .0094875
                  _cons |   .3006315   .0459811     6.54   0.000     .2104701    .3907928
-----------------------------------------------------------------------------------------

. if !_rc {
.     local b_3  = _b[surv_deeppost00]
.     local se_3 = _se[surv_deeppost00]
.     local r2_3 = e(r2)
.     local nn_3 = e(N)
.     di "  beta = " %7.4f `b_3' " (" %5.4f `se_3' "), R2 = " %5.3f `r2_3' ", N = " `nn_3'
  beta =  0.0247 (0.0135), R2 = 0.131, N = 2743
. }

. else {
.     local b_3  = .
.     local se_3 = .
.     local r2_3 = .
.     local nn_3 = .
.     di "  Column 3 skipped (variable not found)"
. }

. 
. 
. /*==============================================================================
>   STEP 3: TWOWAYFEWEIGHTS DECOMPOSITION
> 
>   fdTR: The cross-sectional FD regression is equivalent to a 2-period
>   panel with first differences. Create panel for twowayfeweights:
> 
>   Period 1 (1995): D_level = 0, DeltaY = ., DeltaD = .
>   Period 2 (2000): D_level = surv_deeppost00, DeltaY = wagediff,
>                    DeltaD = surv_deeppost00
> 
>   twowayfeweights DY G T DD D_level, type(fdTR) [controls(...)]
> 
>   With continuous D going from 0 to surv_deeppost00 (heterogeneous adoption),
>   the FE/FD estimator assigns negative weights to counties with below-average
>   Internet adoption intensity (Proposition S1 in dCDH web appendix).
> ==============================================================================*/
. 
. di _n "=============================================="

==============================================

. di    "TWOWAYFEWEIGHTS DECOMPOSITION"
TWOWAYFEWEIGHTS DECOMPOSITION

. di    "=============================================="
==============================================

. 
. * --- Create 2-period panel for fdTR ---
. gen county_id = _n

. 
. * Save base data
. tempfile base

. save `base'
file C:\Users\Usuario\AppData\Local\Temp\ST_2ba4_000001.tmp saved as .dta format

. 
. * Period 1 (1995): all missing FDs, D_level = 0
. keep county_id

. gen period = 1995

. gen DY = .
(3,137 missing values generated)

. gen DD = .
(3,137 missing values generated)

. gen D_level = 0

. tempfile p1

. save `p1'
file C:\Users\Usuario\AppData\Local\Temp\ST_2ba4_000002.tmp saved as .dta format

. 
. * Period 2 (2000): FDs from data, D_level = surv_deeppost00
. use `base', clear

. keep county_id wagediff surv_deeppost00 $controls $change ///
>     indivhomeinternet00_cty missing

. gen period = 2000

. gen DY = wagediff
(2 missing values generated)

. gen DD = surv_deeppost00
(393 missing values generated)

. gen D_level = surv_deeppost00
(393 missing values generated)

. append using `p1'

. sort county_id period

. 
. di _n "=== PANEL FOR TWOWAYFEWEIGHTS (fdTR) ==="

=== PANEL FOR TWOWAYFEWEIGHTS (fdTR) ===

. di "Observations: " _N
Observations: 6274

. qui tab county_id

. di "Counties: " r(r)
Counties: 3137

. di "Periods: 2 (1995, 2000)"
Periods: 2 (1995, 2000)

. di ""


. di "First differences (DY, DD): non-missing at 2000 only"
First differences (DY, DD): non-missing at 2000 only

. count if DY != .
  3,135

. di "  FD observations: " r(N)
  FD observations: 3135

. di "Treatment levels (D_level): non-missing at all periods"
Treatment levels (D_level): non-missing at all periods

. count if D_level != .
  5,881

. di "  Level observations: " r(N)
  Level observations: 5881

. di ""


. summ DY DD D_level

    Variable |        Obs        Mean    Std. dev.       Min        Max
-------------+---------------------------------------------------------
          DY |      3,135    .1871129    .0903313  -1.752229   1.116762
          DD |      2,744    .0889594    .1331851          0          1
     D_level |      5,881    .0415073    .1012165          0          1

. 
. * --- A1: fdTR without controls ---
. di _n "=============================================="

==============================================

. di    "A1: fdTR -- surv_deeppost00 (no controls)"
A1: fdTR -- surv_deeppost00 (no controls)

. di    "=============================================="
==============================================

. di "  Syntax: twowayfeweights DY county_id period DD D_level, type(fdTR)"
  Syntax: twowayfeweights DY county_id period DD D_level, type(fdTR)

. di ""


. cap noisily twowayfeweights DY county_id period DD D_level, ///
>     type(fdTR) summary_measures

Under the common trends assumption,
the TWFE coefficient beta, equal to 0.0372, estimates a weighted sum of 1478 ATTs. 
1078 ATTs receive a positive weight, and 400 receive a negative weight.
------------------------------------------------
Treat. var: DD          # ATTs      Σ weights  
------------------------------------------------
Positive weights        1078        1.0105      
Negative weights        400         -0.0105     
------------------------------------------------
Total                   1478        1.0000      
------------------------------------------------

Summary Measures:
TWFE coefficient (β_fd) =    0.0372
min σ(Δ) compatible with β_fd and Δ_TR = 0:    0.0300
min σ(Δ) compatible with treatment effect of opposite sign than β_fd in all (g,t) cells:    0.8623
Reference: Corollary 1, de Chaisemartin, C and D'Haultfoeuille, X (2020a)


The development of this package was funded by the European Union (ERC, REALLYCREDIBLE,GA N°101043899).

. 
. * --- A2: fdTR with controls ---
. di _n "=============================================="

==============================================

. di    "A2: fdTR -- with controls"
A2: fdTR -- with controls

. di    "=============================================="
==============================================

. di "  Adding: indivhomeinternet00_cty missing + baseline controls"
  Adding: indivhomeinternet00_cty missing + baseline controls

. di ""


. cap noisily twowayfeweights DY county_id period DD D_level, ///
>     type(fdTR) ///
>     controls(indivhomeinternet00_cty missing $controls $change) ///
>     summary_measures

Under the common trends assumption,
the TWFE coefficient beta, equal to 0.0278, estimates a weighted sum of 1478 ATTs. 
963 ATTs receive a positive weight, and 515 receive a negative weight.
------------------------------------------------
Treat. var: DD          # ATTs      Σ weights  
------------------------------------------------
Positive weights        963         1.0196      
Negative weights        515         -0.0196     
------------------------------------------------
Total                   1478        1.0000      
------------------------------------------------

Summary Measures:
TWFE coefficient (β_fd) =    0.0278
min σ(Δ) compatible with β_fd and Δ_TR = 0:    0.0213
min σ(Δ) compatible with treatment effect of opposite sign than β_fd in all (g,t) cells:    0.4215
Reference: Corollary 1, de Chaisemartin, C and D'Haultfoeuille, X (2020a)


The development of this package was funded by the European Union (ERC, REALLYCREDIBLE,GA N°101043899).

. 
. * Reload base data for LaTeX export
. use `base', clear

. 
. 
. /*==============================================================================
>   STEP 4: LATEX TABLES
> ==============================================================================*/
. 
. di _n "=============================================="

==============================================

. di    "LaTeX TABLE EXPORT"
LaTeX TABLE EXPORT

. di    "=============================================="
==============================================

. 
. * ===== TABLE 2 =====
. cap file close texfile

. file open texfile using "$outdir/table2.tex", write replace

. 
. file write texfile "\begin{table}[htbp]" _n

. file write texfile "\centering" _n

. file write texfile "\caption{Table 2---Internet and Wage Growth (OLS)}" _n

. file write texfile "\label{tab:table2}" _n

. file write texfile "\begin{tabular}{lccc}" _n

. file write texfile "\toprule" _n

. file write texfile " & (1) & (2) & (3) \\\\" _n

. file write texfile "\midrule" _n

. file write texfile "\multicolumn{4}{l}{\textit{Dep.\ var.: \$\Delta\$ln(weekly wage), 1995--2000}} \\\\" _n

. file write texfile "\addlinespace" _n

. 
. * Coefficients
. forvalues k = 1/3 {
  2.     if `b_`k'' < . {
  3.         local bfmt_`k' : di %7.4f `b_`k''
  4.         local bfmt_`k' = strtrim("`bfmt_`k''")
  5.         _stars `b_`k'' `se_`k''
  6.         local s_`k' "`r(s)'"
  7.         local sfmt_`k' : di %7.4f `se_`k''
  8.         local sfmt_`k' = strtrim("`sfmt_`k''")
  9.     }
 10.     else {
 11.         local bfmt_`k' "--"
 12.         local s_`k' ""
 13.         local sfmt_`k' "--"
 14.     }
 15. }

. 
. file write texfile "Advanced Internet adoption"

. file write texfile " & `bfmt_1'`s_1' & `bfmt_2'`s_2' & `bfmt_3'`s_3' \\\\" _n

. file write texfile " & (`sfmt_1') & (`sfmt_2') & (`sfmt_3') \\\\" _n

. file write texfile "\addlinespace" _n

. 
. file write texfile "Home Internet & & Y & Y \\\\" _n

. file write texfile "Baseline controls & & Y & Y \\\\" _n

. file write texfile "Change controls & & Y & Y \\\\" _n

. file write texfile "Other IT measures & & & Y \\\\" _n

. file write texfile "\addlinespace" _n

. 
. * R-squared
. forvalues k = 1/3 {
  2.     if `r2_`k'' < . {
  3.         local rfmt_`k' : di %5.3f `r2_`k''
  4.         local rfmt_`k' = strtrim("`rfmt_`k''")
  5.     }
  6.     else {
  7.         local rfmt_`k' "--"
  8.     }
  9. }

. file write texfile "\$R^2\$ & `rfmt_1' & `rfmt_2' & `rfmt_3' \\\\" _n

. 
. * N
. forvalues k = 1/3 {
  2.     if `nn_`k'' > 0 & `nn_`k'' < . {
  3.         local nfmt_`k' : di %6.0fc `nn_`k''
  4.         local nfmt_`k' = strtrim("`nfmt_`k''")
  5.     }
  6.     else {
  7.         local nfmt_`k' "--"
  8.     }
  9. }

. file write texfile "Observations & `nfmt_1' & `nfmt_2' & `nfmt_3' \\\\" _n

. 
. file write texfile "\bottomrule" _n

. file write texfile "\multicolumn{4}{p{0.85\linewidth}}{\footnotesize" _n

. file write texfile " \textit{Notes:} OLS regressions. Dependent variable is the change in" _n

. file write texfile " log average weekly wages from 1995 to 2000. Treatment is the fraction" _n

. file write texfile " of establishments using advanced Internet in 2000." _n

. file write texfile " Heteroskedasticity-robust standard errors in parentheses." _n

. file write texfile " *** Significant at 1\%, ** 5\%, * 10\%.}" _n

. file write texfile "\end{tabular}" _n

. file write texfile "\end{table}" _n

. 
. file close texfile

. di "  -> table2.tex created"
  -> table2.tex created

. 
. * ===== TWOWAYFEWEIGHTS SUMMARY =====
. cap file close texfile

. file open texfile using "$outdir/table_twowayfeweights.tex", write replace

. 
. file write texfile "\begin{table}[htbp]" _n

. file write texfile "\centering" _n

. file write texfile "\caption{Two-Way Fixed Effects Decomposition (de Chaisemartin \& D'Haultf\oe uille, 2020)}"
>  _n

. file write texfile "\label{tab:twowayfe}" _n

. file write texfile "\begin{tabular}{lc}" _n

. file write texfile "\toprule" _n

. file write texfile "\multicolumn{2}{l}{\textit{Specification: Table 2 (fdTR)}} \\\\" _n

. file write texfile "\midrule" _n

. file write texfile "Regression type & First differences (fdTR) \\\\" _n

. file write texfile "Dependent variable & \$\Delta\$ln(weekly wage) \\\\" _n

. file write texfile "Treatment variable & Advanced Internet adoption \\\\" _n

. file write texfile "Group (G) & County \\\\" _n

. file write texfile "Time (T) & Year (1995, 2000) \\\\" _n

. file write texfile "Design & Fuzzy (Internet use varies within county) \\\\" _n

. file write texfile "\addlinespace" _n

. file write texfile "\multicolumn{2}{l}{\textit{See log file for detailed weight distribution}} \\\\" _n

. file write texfile "\bottomrule" _n

. file write texfile "\end{tabular}" _n

. file write texfile "\end{table}" _n

. 
. file close texfile

. di "  -> table_twowayfeweights.tex created"
  -> table_twowayfeweights.tex created

. 
. * ===== MASTER DOCUMENT =====
. cap file close texfile

. file open texfile using "$outdir/forman_tables.tex", write replace

. 
. file write texfile "\documentclass[12pt]{article}" _n

. file write texfile "\usepackage{booktabs,caption,geometry,amsmath}" _n

. file write texfile "\geometry{margin=1in}" _n

. file write texfile "\captionsetup{labelsep=endash, font=normalsize, justification=centering}" _n

. file write texfile "\begin{document}" _n _n

. file write texfile "\begin{center}" _n

. file write texfile "{\Large\bfseries Forman, Goldfarb \& Greenstein (2012)}\\\\" _n

. file write texfile "{\large The Internet and Local Wages: A Puzzle}\\\\" _n

. file write texfile "\vspace{0.5em}" _n

. file write texfile "{\normalsize \textit{American Economic Review}, 102(1), 556--575}" _n

. file write texfile "\end{center}" _n _n

. file write texfile "\vspace{1em}" _n _n

. file write texfile "\input{table2}" _n _n

. file write texfile "\input{table_twowayfeweights}" _n _n

. file write texfile "\end{document}" _n

. 
. file close texfile

. di "  -> forman_tables.tex created"
  -> forman_tables.tex created

. 
. 
. di _n "=============================================="

==============================================

. di    "ALL DONE - Forman et al. (2012)"
ALL DONE - Forman et al. (2012)

. di    "=============================================="
==============================================

. di "Output files:"
Output files:

. di "  1. $outdir/table2.tex"
  1. C:/Users/Usuario/Documents/GitHub/papers_economic/Forman et al. (2012)/table2.tex

. di "  2. $outdir/table_twowayfeweights.tex"
  2. C:/Users/Usuario/Documents/GitHub/papers_economic/Forman et al. (2012)/table_twowayfeweights.tex

. di "  3. $outdir/forman_tables.tex (compilable master)"
  3. C:/Users/Usuario/Documents/GitHub/papers_economic/Forman et al. (2012)/forman_tables.tex (compilable master)

. di "  4. $outdir/run_twowayfe.log"
  4. C:/Users/Usuario/Documents/GitHub/papers_economic/Forman et al. (2012)/run_twowayfe.log

. di "=============================================="
==============================================

. 
. log close _all
      name:  <unnamed>
       log:  C:/Users/Usuario/Documents/GitHub/papers_economic/Forman et al. (2012)/run_twowayfe.log
  log type:  text
 closed on:  20 Apr 2026, 10:25:21
-----------------------------------------------------------------------------------------------------------------
