
  ___  ____  ____  ____  ____ ©
 /__    /   ____/   /   ____/      17.0
___/   /   /___/   /   /___/       MP—Parallel Edition

 Statistics and Data Science       Copyright 1985-2021 StataCorp LLC
                                   StataCorp
                                   4905 Lakeway Drive
                                   College Station, Texas 77845 USA
                                   800-STATA-PC        https://www.stata.com
                                   979-696-4600        stata@stata.com

Stata license: Unlimited-user 64-core network perpetual
Serial number: 18461036
  Licensed to: TEAM BTCR
               TEAM BTCR

Notes:
      1. Stata is running in batch mode.
      2. Unicode is supported; see help unicode_advice.
      3. More than 2 billion observations are allowed; see help obs_advice.
      4. Maximum number of variables is set to 5,000; see help set_maxvar.

. do run_twowayfe.do 

. /*===========================================================================
> ===
>   BESLEY & MUELLER (2012) - "Estimating the Peace Dividend:
>   The Impact of Violence on House Prices in Northern Ireland"
>   American Economic Review, 102(2), 810-833
> 
>   Pipeline:
>     STEP 1: Data preparation
>     STEP 2: Replicate Table 1 Cols 3, 5, 6 (maindata.dta)
>     STEP 3: Replicate Table 1 Col 7 (tourismandkillings.dta)
>     STEP 4: twowayfeweights decomposition (feTR + fdTR)
>     STEP 5: Export LaTeX tables
> 
>   dCDH Web Appendix:
>     Table 1 Cols 3, 5-7. Regression 1 (feTR).
>     "The stable groups assumption is not satisfied."
>     Sharp design (continuous treatment: killings/SD).
> 
>   Panel: 11 regions x ~95 quarters (1984:IV-2009:I)
>   Y = lnhouseprice (log house price index)
>   D = L1.wtotaldeaths (killings normalized by SD, lagged 1 quarter)
> =============================================================================
> =*/
. 
. clear all

. set more off

. cap log close _all

. 
. * --- Paths ---
. global datadir  "C:/Users/Usuario/Documents/GitHub/twfe_survey/data/2010-2012
> /Besley and Mueller/data"

. global outdir   "C:/Users/Usuario/Documents/GitHub/twfe_survey/replications/2
> 010-2012/Besley and Mueller (2012)"

. global texdir   "C:/Users/Usuario/Documents/GitHub/twfe_survey/latex/2010-201
> 2/Besley and Mueller (2012)"

. 
. cap log using "$outdir/run_twowayfe_detail.log", text replace name(detail)

. 
. * --- Install packages ---
. cap which estout

. if _rc ssc install estout, replace

. cap which twowayfeweights

. if _rc ssc install twowayfeweights, replace

. 
. 
. /*===========================================================================
> ===
>   STEP 1: DATA PREPARATION
> =============================================================================
> =*/
. 
. di _n "============================================================"

============================================================

. di "  STEP 1: DATA PREPARATION"
  STEP 1: DATA PREPARATION

. di "============================================================"
============================================================

. 
. use "$datadir/maindata.dta", clear

. 
. sort region time

. tsset region time, quarterly

Panel variable: region (unbalanced)
 Time variable: time, 1983q1 to 2009q1
         Delta: 1 quarter

. 
. di _n "--- Panel structure ---"

--- Panel structure ---

. di "Observations: " _N
Observations: 1547

. qui tab region

. di "Regions (G): " r(r)
Regions (G): 15

. qui tab time

. di "Quarters (T): " r(r)
Quarters (T): 105

. 
. di _n "--- Key variables ---"

--- Key variables ---

. summarize lnhouseprice wtotaldeaths l1unempl, detail

                        lnhouseprice
-------------------------------------------------------------
      Percentiles      Smallest
 1%     10.12021       10.05286
 5%     10.21786       10.05771
10%     10.27629       10.06169       Obs               1,049
25%     10.47827       10.07369       Sum of wgt.       1,049

50%     10.94424                      Mean           11.04753
                        Largest       Std. dev.      .6502216
75%      11.5323       12.55884
90%     12.06269       12.56078       Variance       .4227882
95%     12.26275       12.56353       Skewness       .5115572
99%     12.46678       12.58769       Kurtosis       2.199138

                        wtotaldeaths
-------------------------------------------------------------
      Percentiles      Smallest
 1%            0              0
 5%            0              0
10%            0              0       Obs               1,155
25%            0              0       Sum of wgt.       1,155

50%            0                      Mean            .385955
                        Largest       Std. dev.      .9999999
75%     .4249552       7.649194
90%     1.274866       9.773971       Variance       .9999997
95%     2.124776       9.773971       Skewness        5.33406
99%     5.099463        12.3237       Kurtosis       43.15058

                          L1unempl
-------------------------------------------------------------
      Percentiles      Smallest
 1%     7.121387       6.908089
 5%       7.3053       7.003671
10%     7.434848         7.0187       Obs                 946
25%     7.825645       7.021381       Sum of wgt.         946

50%     8.471601                      Mean           8.422446
                        Largest       Std. dev.      .7327105
75%     8.930098       10.37077
90%     9.292688       10.37916       Variance       .5368647
95%     9.515543       10.40805       Skewness       .2827541
99%      10.2763        10.4544       Kurtosis       2.686469

. 
. 
. /*===========================================================================
> ===
>   STEP 2: REPLICATE TABLE 1 — Cols 3, 5, 6
>   All use maindata.dta with xtreg, fe cluster(region)
>   Author's table-1.do uses manual time dummies
> =============================================================================
> =*/
. 
. di _n "============================================================"

============================================================

. di "  STEP 2: REPLICATE TABLE 1"
  STEP 2: REPLICATE TABLE 1

. di "============================================================"
============================================================

. 
. * --- Column 3: Region + Time FE (canonical TWFE) ---
. di _n "--- Column 3: Region + Time FE ---"

--- Column 3: Region + Time FE ---

. di "  Expected: beta = -0.0133, SE = 0.00492, N = 1049, R2 = 0.987"
  Expected: beta = -0.0133, SE = 0.00492, N = 1049, R2 = 0.987

. 
. xtreg lnhouseprice L1.wtotaldeaths time9 time10 time12 time13 ///
>     time14 time15 time16 time17 time18 time19 time21 time22 time23 ///
>     time24 time25 time26 time27 time28 time29 time30 time31 time32 ///
>     time33 time34 time35 time36 time37 time38 time39 time40 time41 ///
>     time42 time43 time44 time45 time46 time47 time48 time49 time50 ///
>     time51 time52 time53 time54 time55 time56 time57 time58 time59 ///
>     time60 time61 time62 time63 time64 time65 time66 time67 time68 ///
>     time69 time70 time71 time72 time73 time74 time75 time76 time77 ///
>     time78 time79 time80 time81 time82 time83 time84 time85 time86 ///
>     time87 time88 time89 time90 time91 time92 time93 time94 time95 ///
>     time96 time97 time98 time99 time100 time101 time102 time103 ///
>     time104 time105, fe cluster(region)

Fixed-effects (within) regression               Number of obs     =      1,049
Group variable: region                          Number of groups  =         11

R-squared:                                      Obs per group:
     Within  = 0.9874                                         min =         94
     Between = 0.0009                                         avg =       95.4
     Overall = 0.9717                                         max =         96

                                                F(10,10)          =          .
corr(u_i, Xb) = -0.0017                         Prob > F          =          .

                                (Std. err. adjusted for 11 clusters in region)
------------------------------------------------------------------------------
             |               Robust
lnhouseprice | Coefficient  std. err.      t    P>|t|     [95% conf. interval]
-------------+----------------------------------------------------------------
wtotaldeaths |
         L1. |  -.0133031   .0049215    -2.70   0.022    -.0242689   -.0023373
             |
       time9 |   .0389376   .0347164     1.12   0.288    -.0384154    .1162907
      time10 |   .0708028    .023926     2.96   0.014     .0174925    .1241132
      time12 |   .0728149   .0273828     2.66   0.024     .0118023    .1338275
      time13 |   .0510098   .0240889     2.12   0.060    -.0026637    .1046833
      time14 |   .0712572   .0222234     3.21   0.009     .0217403    .1207741
      time15 |   .1253126   .0189913     6.60   0.000     .0829973    .1676279
      time16 |   .1081245   .0237584     4.55   0.001     .0551875    .1610614
      time17 |   .1055521   .0264494     3.99   0.003     .0466192    .1644851
      time18 |   .1233827   .0238621     5.17   0.000     .0702146    .1765507
      time19 |   .1323595   .0226215     5.85   0.000     .0819556    .1827634
      time21 |    .141605   .0200833     7.05   0.000     .0968567    .1863533
      time22 |   .1928667   .0179988    10.72   0.000     .1527629    .2329705
      time23 |   .1931976   .0271721     7.11   0.000     .1326545    .2537407
      time24 |   .1667251   .0301206     5.54   0.000     .0996122     .233838
      time25 |   .1612912   .0348181     4.63   0.001     .0837117    .2388708
      time26 |   .1827789    .026646     6.86   0.000     .1234078      .24215
      time27 |   .2192534   .0254734     8.61   0.000     .1624951    .2760116
      time28 |   .2019451   .0232548     8.68   0.000     .1501302    .2537601
      time29 |   .2137819   .0199471    10.72   0.000      .169337    .2582267
      time30 |   .2381554    .028815     8.26   0.000     .1739515    .3023593
      time31 |   .2798895   .0251455    11.13   0.000     .2238618    .3359171
      time32 |   .2421694   .0359133     6.74   0.000     .1621497    .3221892
      time33 |   .2200966    .033736     6.52   0.000     .1449282    .2952651
      time34 |   .3009978   .0412699     7.29   0.000     .2090427    .3929529
      time35 |   .3020304   .0359507     8.40   0.000     .2219272    .3821335
      time36 |   .3258553    .033445     9.74   0.000     .2513353    .4003753
      time37 |   .3558368   .0379029     9.39   0.000     .2713838    .4402897
      time38 |   .3717921   .0199639    18.62   0.000     .3273097    .4162745
      time39 |    .368257   .0318319    11.57   0.000      .297331    .4391829
      time40 |   .3395121   .0288421    11.77   0.000      .275248    .4037762
      time41 |   .3415862   .0279556    12.22   0.000     .2792974    .4038751
      time42 |   .4145538   .0445577     9.30   0.000     .3152731    .5138346
      time43 |   .4379479   .0333415    13.14   0.000     .3636584    .5122373
      time44 |   .4767364   .0244098    19.53   0.000     .4223479    .5311249
      time45 |   .4560127    .030671    14.87   0.000     .3876734    .5243519
      time46 |   .5142619   .0310663    16.55   0.000     .4450418     .583482
      time47 |   .5386057   .0314727    17.11   0.000     .4684802    .6087312
      time48 |   .5106269   .0356632    14.32   0.000     .4311644    .5900895
      time49 |   .5109668   .0362615    14.09   0.000     .4301712    .5917624
      time50 |   .5986242   .0249468    24.00   0.000     .5430393    .6542091
      time51 |   .6072745   .0279233    21.75   0.000     .5450576    .6694914
      time52 |   .6069867   .0251663    24.12   0.000     .5509126    .6630607
      time53 |   .6307611   .0288872    21.84   0.000     .5663965    .6951257
      time54 |   .7041993   .0293913    23.96   0.000     .6387114    .7696871
      time55 |   .7308686    .017899    40.83   0.000     .6909872    .7707501
      time56 |   .7113495   .0306968    23.17   0.000     .6429527    .7797463
      time57 |   .7263101   .0289601    25.08   0.000     .6617831    .7908371
      time58 |   .7340914   .0239117    30.70   0.000     .6808128      .78737
      time59 |   .8247468   .0307465    26.82   0.000     .7562392    .8932543
      time60 |    .817749     .02806    29.14   0.000     .7552274    .8802706
      time61 |    .847207     .02714    31.22   0.000     .7867353    .9076786
      time62 |   .8568972   .0209852    40.83   0.000     .8101394    .9036551
      time63 |   .8887037   .0175394    50.67   0.000     .8496235    .9277839
      time64 |   .8997046   .0232924    38.63   0.000     .8478058    .9516033
      time65 |   .8944775   .0269105    33.24   0.000     .8345173    .9544378
      time66 |    .939307   .0173286    54.21   0.000     .9006964    .9779176
      time67 |   .9617715   .0117528    81.83   0.000     .9355846    .9879584
      time68 |   .9834045   .0213633    46.03   0.000     .9358042    1.031005
      time69 |    1.02947   .0332054    31.00   0.000     .9554833    1.103456
      time70 |    1.03627   .0328246    31.57   0.000     .9631321    1.109408
      time71 |   1.119578    .018039    62.06   0.000     1.079384    1.159771
      time72 |   1.142625   .0314252    36.36   0.000     1.072605    1.212645
      time73 |   1.101699   .0219906    50.10   0.000     1.052701    1.150698
      time74 |   1.126429   .0332087    33.92   0.000     1.052436    1.200423
      time75 |   1.131157    .031383    36.04   0.000     1.061231    1.201083
      time76 |   1.158164   .0295762    39.16   0.000     1.092264    1.224064
      time77 |   1.189268   .0289488    41.08   0.000     1.124766     1.25377
      time78 |   1.231591   .0251217    49.03   0.000     1.175616    1.287565
      time79 |   1.257826   .0255544    49.22   0.000     1.200887    1.314765
      time80 |   1.278551   .0256905    49.77   0.000     1.221309    1.335793
      time81 |   1.320292   .0188574    70.01   0.000     1.278275    1.362309
      time82 |   1.324742    .017998    73.61   0.000      1.28464    1.364844
      time83 |   1.371283   .0122023   112.38   0.000     1.344094    1.398471
      time84 |   1.384935   .0235533    58.80   0.000     1.332455    1.437415
      time85 |    1.38924   .0235107    59.09   0.000     1.336855    1.441625
      time86 |   1.438155   .0204763    70.23   0.000      1.39253    1.483779
      time87 |   1.455621   .0213707    68.11   0.000     1.408004    1.503238
      time88 |   1.500644   .0242784    61.81   0.000     1.446548    1.554739
      time89 |   1.527622   .0237691    64.27   0.000     1.474661    1.580582
      time90 |    1.60864   .0290052    55.46   0.000     1.544013    1.673268
      time91 |   1.665539   .0326004    51.09   0.000     1.592901    1.738177
      time92 |   1.706514     .03303    51.67   0.000     1.632918    1.780109
      time93 |   1.771774   .0270476    65.51   0.000     1.711508     1.83204
      time94 |   1.844806   .0285894    64.53   0.000     1.781105    1.908507
      time95 |   1.925141   .0326633    58.94   0.000     1.852363    1.997919
      time96 |   2.013917   .0293707    68.57   0.000     1.948475    2.079359
      time97 |   2.111561   .0302494    69.81   0.000     2.044161    2.178961
      time98 |   2.195816    .023755    92.44   0.000     2.142886    2.248745
      time99 |   2.222485   .0394042    56.40   0.000     2.134687    2.310283
     time100 |   2.173394   .0272649    79.71   0.000     2.112644    2.234144
     time101 |   2.140692   .0357242    59.92   0.000     2.061093     2.22029
     time102 |   2.089002   .0233686    89.39   0.000     2.036933     2.14107
     time103 |    1.96323   .0386829    50.75   0.000     1.877039    2.049421
     time104 |   1.807142    .018135    99.65   0.000     1.766735     1.84755
     time105 |   1.768053   .0189063    93.52   0.000     1.725927    1.810178
       _cons |   10.18681    .013217   770.74   0.000     10.15736    10.21626
-------------+----------------------------------------------------------------
     sigma_u |   .0860306
     sigma_e |  .07649551
         rho |  .55846679   (fraction of variance due to u_i)
------------------------------------------------------------------------------

. 
. est store col3

. local b3  = _b[L1.wtotaldeaths]

. local se3 = _se[L1.wtotaldeaths]

. local n3  = e(N)

. local r2_3 = e(r2)

. 
. estadd local regionfe "Yes" : col3

. estadd local timefe   "Yes" : col3

. estadd local trends   "No"  : col3

. 
. di _n "  VERIFICATION Col 3:"

  VERIFICATION Col 3:

. di "  beta: " %10.6f `b3'   "  (paper: -0.0133)"
  beta:  -0.013303  (paper: -0.0133)

. di "  SE:   " %10.6f `se3'  "  (paper: 0.00492)"
  SE:     0.004922  (paper: 0.00492)

. di "  N:    " `n3'           "  (paper: 1049)"
  N:    1049  (paper: 1049)

. di "  R2:   " %6.4f `r2_3'  "  (paper: 0.987)"
  R2:   0.9874  (paper: 0.987)

. 
. * --- Column 5: Region + Time FE, L2 lag ---
. di _n "--- Column 5: Region + Time FE, L2 lag ---"

--- Column 5: Region + Time FE, L2 lag ---

. di "  Expected: beta = -0.0187, SE = 0.00361, N = 1049, R2 = 0.988"
  Expected: beta = -0.0187, SE = 0.00361, N = 1049, R2 = 0.988

. 
. xtreg lnhouseprice L2.wtotaldeaths time10 time12 time13 ///
>     time14 time15 time16 time17 time18 time19 time21 time22 time23 ///
>     time24 time25 time26 time27 time28 time29 time30 time31 time32 ///
>     time33 time34 time35 time36 time37 time38 time39 time40 time41 ///
>     time42 time43 time44 time45 time46 time47 time48 time49 time50 ///
>     time51 time52 time53 time54 time55 time56 time57 time58 time59 ///
>     time60 time61 time62 time63 time64 time65 time66 time67 time68 ///
>     time69 time70 time71 time72 time73 time74 time75 time76 time77 ///
>     time78 time79 time80 time81 time82 time83 time84 time85 time86 ///
>     time87 time88 time89 time90 time91 time92 time93 time94 time95 ///
>     time96 time97 time98 time99 time100 time101 time102 time103 ///
>     time104 time105, fe cluster(region)

Fixed-effects (within) regression               Number of obs     =      1,049
Group variable: region                          Number of groups  =         11

R-squared:                                      Obs per group:
     Within  = 0.9876                                         min =         94
     Between = 0.0001                                         avg =       95.4
     Overall = 0.9720                                         max =         96

                                                F(10,10)          =          .
corr(u_i, Xb) = -0.0019                         Prob > F          =          .

                                (Std. err. adjusted for 11 clusters in region)
------------------------------------------------------------------------------
             |               Robust
lnhouseprice | Coefficient  std. err.      t    P>|t|     [95% conf. interval]
-------------+----------------------------------------------------------------
wtotaldeaths |
         L2. |  -.0186796   .0036146    -5.17   0.000    -.0267335   -.0106257
             |
      time10 |   .0416626   .0222113     1.88   0.090    -.0078273    .0911524
      time12 |   .0472981   .0211689     2.23   0.049     .0001308    .0944654
      time13 |   .0268996   .0141284     1.90   0.086    -.0045804    .0583796
      time14 |   .0458129   .0201859     2.27   0.047      .000836    .0907899
      time15 |   .1027549   .0145743     7.05   0.000     .0702812    .1352285
      time16 |   .0809414   .0190677     4.24   0.002     .0384559    .1234269
      time17 |    .090517   .0129415     6.99   0.000     .0616816    .1193524
      time18 |   .0978399   .0195014     5.02   0.001     .0543879    .1412918
      time19 |   .1016881   .0214924     4.73   0.001        .0538    .1495762
      time21 |   .1195949   .0194589     6.15   0.000     .0762379     .162952
      time22 |   .1710413   .0180313     9.49   0.000     .1308651    .2112174
      time23 |   .1736356   .0245738     7.07   0.000     .1188818    .2283893
      time24 |   .1331778   .0293626     4.54   0.001     .0677539    .1986017
      time25 |   .1577037   .0374738     4.21   0.002     .0742069    .2412006
      time26 |   .1547757   .0251459     6.16   0.000      .098747    .2108043
      time27 |    .207411   .0301746     6.87   0.000     .1401777    .2746443
      time28 |   .1785566    .027113     6.59   0.000      .118145    .2389682
      time29 |   .1867958   .0163939    11.39   0.000     .1502678    .2233238
      time30 |   .2177626   .0350307     6.22   0.000     .1397093    .2958158
      time31 |   .2563039   .0192705    13.30   0.000     .2133665    .2992413
      time32 |    .220541   .0314817     7.01   0.000     .1503954    .2906866
      time33 |   .1895238   .0348418     5.44   0.000     .1118914    .2671561
      time34 |     .28968   .0394933     7.33   0.000     .2016835    .3776766
      time35 |   .2752627   .0382011     7.21   0.000     .1901453      .36038
      time36 |   .3066102     .03517     8.72   0.000     .2282465     .384974
      time37 |   .3310369   .0399033     8.30   0.000     .2421269     .419947
      time38 |   .3512236   .0218629    16.06   0.000     .3025099    .3999373
      time39 |   .3606459   .0408383     8.83   0.000     .2696525    .4516392
      time40 |   .3126352   .0329085     9.50   0.000     .2393105    .3859599
      time41 |   .3209964    .024699    13.00   0.000     .2659636    .3760291
      time42 |   .3896448    .045426     8.58   0.000     .2884295    .4908602
      time43 |   .4252853   .0358599    11.86   0.000     .3453844    .5051862
      time44 |   .4549988    .023588    19.29   0.000     .4024415    .5075561
      time45 |   .4184418   .0307719    13.60   0.000     .3498778    .4870058
      time46 |   .5128286   .0419604    12.22   0.000      .419335    .6063223
      time47 |    .498356   .0328387    15.18   0.000     .4251868    .5715252
      time48 |   .5073457   .0367439    13.81   0.000     .4254751    .5892162
      time49 |   .4933406   .0325041    15.18   0.000     .4209169    .5657643
      time50 |   .5748096   .0220986    26.01   0.000     .5255709    .6240482
      time51 |   .5815027   .0263682    22.05   0.000     .5227507    .6402547
      time52 |   .5814225   .0300662    19.34   0.000     .5144308    .6484143
      time53 |   .6043768   .0258101    23.42   0.000     .5468683    .6618854
      time54 |   .6804938   .0266973    25.49   0.000     .6210086    .7399791
      time55 |   .7074694   .0235495    30.04   0.000     .6549979    .7599409
      time56 |   .6849652   .0315317    21.72   0.000     .6147082    .7552222
      time57 |   .7041464   .0327009    21.53   0.000     .6312842    .7770086
      time58 |   .7080134   .0296805    23.85   0.000     .6418811    .7741457
      time59 |   .7975423   .0346087    23.04   0.000     .7204293    .8746554
      time60 |   .7962085   .0279491    28.49   0.000     .7339341    .8584829
      time61 |    .821752   .0240376    34.19   0.000     .7681929    .8753112
      time62 |    .829288   .0224224    36.98   0.000     .7793279    .8792482
      time63 |   .8707713   .0242217    35.95   0.000     .8168021    .9247406
      time64 |   .8593457   .0281637    30.51   0.000     .7965931    .9220982
      time65 |   .8939629   .0216665    41.26   0.000     .8456869     .942239
      time66 |   .9132289   .0225096    40.57   0.000     .8630745    .9633834
      time67 |   .9371368   .0181746    51.56   0.000     .8966413    .9776322
      time68 |   .9597976   .0319598    30.03   0.000     .8885868    1.031008
      time69 |   1.004933   .0434404    23.13   0.000      .908142    1.101725
      time70 |    1.00947   .0416436    24.24   0.000     .9166823    1.102258
      time71 |   1.095457   .0308409    35.52   0.000     1.026739    1.164175
      time72 |   1.116241   .0428412    26.06   0.000     1.020785    1.211697
      time73 |   1.075938   .0344216    31.26   0.000     .9992422    1.152634
      time74 |   1.105917   .0410928    26.91   0.000     1.014356    1.197477
      time75 |   1.104259   .0416038    26.54   0.000      1.01156    1.196958
      time76 |   1.135694    .038018    29.87   0.000     1.050985    1.220404
      time77 |   1.163606   .0390283    29.81   0.000     1.076645    1.250566
      time78 |   1.208399    .033466    36.11   0.000     1.133832    1.282966
      time79 |   1.234733   .0336985    36.64   0.000     1.159648    1.309818
      time80 |   1.251751   .0302519    41.38   0.000     1.184346    1.319156
      time81 |    1.29463    .028163    45.97   0.000     1.231879    1.357381
      time82 |   1.301037   .0291855    44.58   0.000     1.236007    1.366066
      time83 |    1.34737   .0204104    66.01   0.000     1.301892    1.392847
      time84 |   1.361328   .0280298    48.57   0.000     1.298873    1.423782
      time85 |   1.363676   .0235617    57.88   0.000     1.311177    1.416175
      time86 |   1.413826   .0275443    51.33   0.000     1.352454    1.475199
      time87 |   1.430057   .0258876    55.24   0.000     1.372376    1.487738
      time88 |   1.476315   .0249221    59.24   0.000     1.420785    1.531845
      time89 |   1.503085   .0263289    57.09   0.000     1.444421     1.56175
      time90 |   1.582355   .0341511    46.33   0.000     1.506261    1.658448
      time91 |   1.640182   .0373267    43.94   0.000     1.557013    1.723352
      time92 |   1.682907   .0363809    46.26   0.000     1.601845    1.763968
      time93 |    1.74621   .0311418    56.07   0.000     1.676822    1.815598
      time94 |   1.820477   .0342614    53.13   0.000     1.744138    1.896816
      time95 |   1.900091   .0380737    49.91   0.000     1.815257    1.984924
      time96 |   1.989381   .0318727    62.42   0.000     1.918364    2.060398
      time97 |   2.086303   .0312937    66.67   0.000     2.016576     2.15603
      time98 |    2.16953   .0288241    75.27   0.000     2.105306    2.233754
      time99 |   2.198671   .0435629    50.47   0.000     2.101607    2.295735
     time100 |   2.148136   .0335106    64.10   0.000      2.07347    2.222803
     time101 |   2.115434    .044499    47.54   0.000     2.016284    2.214584
     time102 |   2.063744   .0310924    66.37   0.000     1.994466    2.133022
     time103 |   1.937972    .047031    41.21   0.000      1.83318    2.042764
     time104 |   1.781884   .0305215    58.38   0.000     1.713878    1.849891
     time105 |   1.742795   .0282805    61.63   0.000     1.679782    1.805808
       _cons |   10.21207   .0193922   526.61   0.000     10.16887    10.25528
-------------+----------------------------------------------------------------
     sigma_u |  .08590098
     sigma_e |  .07572754
         rho |  .56269491   (fraction of variance due to u_i)
------------------------------------------------------------------------------

. 
. est store col5

. local b5  = _b[L2.wtotaldeaths]

. local se5 = _se[L2.wtotaldeaths]

. local n5  = e(N)

. local r2_5 = e(r2)

. 
. estadd local regionfe "Yes" : col5

. estadd local timefe   "Yes" : col5

. estadd local trends   "No"  : col5

. 
. di _n "  VERIFICATION Col 5:"

  VERIFICATION Col 5:

. di "  beta: " %10.6f `b5'   "  (paper: -0.0187)"
  beta:  -0.018680  (paper: -0.0187)

. di "  SE:   " %10.6f `se5'  "  (paper: 0.00361)"
  SE:     0.003615  (paper: 0.00361)

. 
. * --- Column 6: Region + Time FE + unemployment ---
. di _n "--- Column 6: Region + Time FE + unemployment ---"

--- Column 6: Region + Time FE + unemployment ---

. di "  Expected: beta = -0.0107, SE = 0.00493, N = 932, R2 = 0.986"
  Expected: beta = -0.0107, SE = 0.00493, N = 932, R2 = 0.986

. 
. xtreg lnhouseprice L1.wtotaldeaths l1unempl time22 time23 ///
>     time24 time25 time26 time27 time28 time29 time30 time31 time32 ///
>     time33 time34 time35 time36 time37 time38 time39 time40 time41 ///
>     time42 time43 time44 time45 time46 time47 time48 time49 time50 ///
>     time51 time52 time53 time54 time55 time56 time57 time58 time59 ///
>     time60 time61 time62 time63 time64 time65 time66 time67 time68 ///
>     time69 time70 time71 time72 time73 time74 time75 time76 time77 ///
>     time78 time79 time80 time81 time82 time83 time84 time85 time86 ///
>     time87 time88 time89 time90 time91 time92 time93 time94 time95 ///
>     time96 time97 time98 time99 time100 time101 time102 time103 ///
>     time104 time105, fe cluster(region)

Fixed-effects (within) regression               Number of obs     =        932
Group variable: region                          Number of groups  =         11

R-squared:                                      Obs per group:
     Within  = 0.9863                                         min =         84
     Between = 0.0220                                         avg =       84.7
     Overall = 0.9593                                         max =         85

                                                F(10,10)          =          .
corr(u_i, Xb) = -0.0665                         Prob > F          =          .

                                (Std. err. adjusted for 11 clusters in region)
------------------------------------------------------------------------------
             |               Robust
lnhouseprice | Coefficient  std. err.      t    P>|t|     [95% conf. interval]
-------------+----------------------------------------------------------------
wtotaldeaths |
         L1. |  -.0107098   .0049259    -2.17   0.055    -.0216855    .0002659
             |
    l1unempl |  -.1413936   .0408289    -3.46   0.006     -.232366   -.0504213
      time22 |   .0445709   .0175901     2.53   0.030     .0053776    .0837641
      time23 |   .0412434     .01908     2.16   0.056    -.0012694    .0837563
      time24 |   .0129236   .0258523     0.50   0.628    -.0446789     .070526
      time25 |  -.0001683   .0331786    -0.01   0.996    -.0740948    .0737582
      time26 |   .0214025   .0206338     1.04   0.324    -.0245724    .0673775
      time27 |   .0538684   .0270933     1.99   0.075    -.0064992    .1142361
      time28 |   .0381676   .0209462     1.82   0.098    -.0085035    .0848387
      time29 |   .0394442   .0159425     2.47   0.033     .0039221    .0749663
      time30 |   .0626604   .0307862     2.04   0.069    -.0059356    .1312563
      time31 |   .0998803   .0171057     5.84   0.000     .0617665    .1379942
      time32 |   .0659879   .0222412     2.97   0.014     .0164313    .1155445
      time33 |    .037063    .030346     1.22   0.250    -.0305522    .1046782
      time34 |   .1242212   .0466485     2.66   0.024     .0202819    .2281606
      time35 |   .1248426   .0383903     3.25   0.009     .0393037    .2103816
      time36 |    .156851   .0410321     3.82   0.003     .0654257    .2482762
      time37 |   .1817288   .0400357     4.54   0.001     .0925238    .2709338
      time38 |   .2020699   .0157476    12.83   0.000      .166982    .2371578
      time39 |   .2002849   .0321414     6.23   0.000     .1286693    .2719005
      time40 |   .1794223   .0335392     5.35   0.000     .1046924    .2541522
      time41 |   .1748307   .0303841     5.75   0.000     .1071307    .2425306
      time42 |   .2492463   .0464175     5.37   0.000     .1458216     .352671
      time43 |   .2693277   .0405247     6.65   0.000      .179033    .3596224
      time44 |   .3147508   .0263607    11.94   0.000     .2560155     .373486
      time45 |   .2807451   .0318076     8.83   0.000     .2098733    .3516169
      time46 |    .341417   .0335831    10.17   0.000     .2665892    .4162448
      time47 |    .357645   .0388326     9.21   0.000     .2711206    .4441694
      time48 |   .3374087   .0397151     8.50   0.000      .248918    .4258994
      time49 |   .3253337   .0330612     9.84   0.000     .2516687    .3989987
      time50 |   .4122719   .0252755    16.31   0.000     .3559546    .4685892
      time51 |   .4144318   .0152394    27.19   0.000     .3804762    .4483874
      time52 |   .4217983   .0314251    13.42   0.000     .3517787    .4918178
      time53 |   .4348345   .0251478    17.29   0.000     .3788017    .4908672
      time54 |   .5104113   .0213497    23.91   0.000     .4628411    .5579816
      time55 |   .5351195    .031186    17.16   0.000     .4656328    .6046061
      time56 |   .5267793   .0303813    17.34   0.000     .4590855    .5944731
      time57 |   .5158498   .0331108    15.58   0.000     .4420744    .5896253
      time58 |   .5081511   .0364636    13.94   0.000      .426905    .5893971
      time59 |   .5843758   .0358551    16.30   0.000     .5044858    .6642659
      time60 |   .5851405   .0219196    26.69   0.000     .5363005    .6339805
      time61 |   .5994747   .0274266    21.86   0.000     .5383646    .6605849
      time62 |   .6094325   .0238871    25.51   0.000     .5562087    .6626563
      time63 |   .6356933    .030274    21.00   0.000     .5682385     .703148
      time64 |   .6532773    .037586    17.38   0.000     .5695304    .7370241
      time65 |   .6381067   .0267114    23.89   0.000     .5785899    .6976235
      time66 |   .6856614   .0312304    21.95   0.000     .6160757    .7552471
      time67 |   .6982037   .0352921    19.78   0.000     .6195681    .7768393
      time68 |   .7197128   .0464819    15.48   0.000     .6161447     .823281
      time69 |   .7418413   .0508996    14.57   0.000     .6284299    .8552527
      time70 |   .7482939   .0674695    11.09   0.000     .5979626    .8986252
      time71 |   .8222827    .048675    16.89   0.000     .7138281    .9307372
      time72 |   .8531735   .0497524    17.15   0.000     .7423183    .9640287
      time73 |   .8002437    .049177    16.27   0.000     .6906704     .909817
      time74 |   .8281316   .0494524    16.75   0.000     .7179448    .9383183
      time75 |   .8256696   .0432651    19.08   0.000     .7292689    .9220702
      time76 |   .8622272   .0531547    16.22   0.000     .7437911    .9806632
      time77 |   .8774072   .0606334    14.47   0.000     .7423075    1.012507
      time78 |    .923526    .045836    20.15   0.000      .821397    1.025655
      time79 |   .9424548   .0574454    16.41   0.000     .8144585    1.070451
      time80 |   .9696434   .0481191    20.15   0.000     .8624274    1.076859
      time81 |   .9958091   .0513592    19.39   0.000     .8813736    1.110245
      time82 |   1.006073   .0546406    18.41   0.000     .8843257    1.127819
      time83 |   1.047059   .0484841    21.60   0.000     .9390297    1.155088
      time84 |   1.070839   .0465878    22.99   0.000     .9670347    1.174643
      time85 |   1.060754   .0468463    22.64   0.000     .9563736    1.165133
      time86 |   1.110898   .0512565    21.67   0.000     .9966917    1.225105
      time87 |   1.115727   .0521337    21.40   0.000     .9995663    1.231889
      time88 |   1.164197   .0537463    21.66   0.000     1.044443    1.283951
      time89 |   1.176899   .0669855    17.57   0.000     1.027646    1.326152
      time90 |   1.263653    .055051    22.95   0.000     1.140992    1.386314
      time91 |   1.314277   .0682586    19.25   0.000     1.162188    1.466367
      time92 |   1.362093   .0645134    21.11   0.000     1.218348    1.505837
      time93 |   1.416298   .0628093    22.55   0.000      1.27635    1.556246
      time94 |   1.496733    .066561    22.49   0.000     1.348426     1.64504
      time95 |   1.571194   .0599965    26.19   0.000     1.437514    1.704875
      time96 |   1.665697   .0624362    26.68   0.000     1.526581    1.804814
      time97 |   1.750376   .0638374    27.42   0.000     1.608137    1.892615
      time98 |   1.834484   .0596955    30.73   0.000     1.701475    1.967494
      time99 |   1.849418   .0845365    21.88   0.000     1.661059    2.037777
     time100 |   1.800868    .061337    29.36   0.000     1.664201    1.937536
     time101 |    1.75746   .0712637    24.66   0.000     1.598675    1.916246
     time102 |   1.718033   .0667328    25.74   0.000     1.569343    1.866723
     time103 |   1.595234   .0667353    23.90   0.000     1.446538    1.743929
     time104 |   1.460906   .0658507    22.19   0.000     1.314182    1.607631
     time105 |   1.444553   .0535993    26.95   0.000     1.325126     1.56398
       _cons |   11.62764   .3708635    31.35   0.000      10.8013    12.45397
-------------+----------------------------------------------------------------
     sigma_u |  .10795507
     sigma_e |  .07617431
         rho |  .66760701   (fraction of variance due to u_i)
------------------------------------------------------------------------------

. 
. est store col6

. local b6  = _b[L1.wtotaldeaths]

. local se6 = _se[L1.wtotaldeaths]

. local n6  = e(N)

. local r2_6 = e(r2)

. 
. estadd local regionfe "Yes" : col6

. estadd local timefe   "Yes" : col6

. estadd local trends   "No"  : col6

. 
. di _n "  VERIFICATION Col 6:"

  VERIFICATION Col 6:

. di "  beta: " %10.6f `b6'   "  (paper: -0.0107)"
  beta:  -0.010710  (paper: -0.0107)

. di "  SE:   " %10.6f `se6'  "  (paper: 0.00493)"
  SE:     0.004926  (paper: 0.00493)

. di "  N:    " `n6'           "  (paper: 932)"
  N:    932  (paper: 932)

. 
. 
. /*===========================================================================
> ===
>   STEP 3: REPLICATE TABLE 1 — Col 7 (Tourism data)
>   Uses tourismandkillings.dta — separate dataset
> =============================================================================
> =*/
. 
. di _n "============================================================"

============================================================

. di "  STEP 3: TABLE 1 COL 7 (Tourism)"
  STEP 3: TABLE 1 COL 7 (Tourism)

. di "============================================================"
============================================================

. 
. cap confirm file "$datadir/tourismandkillings.dta"

. if _rc {
.     di as error "  tourismandkillings.dta not found — skipping Col 7"
.     local b7  = .
.     local se7 = .
.     local n7  = .
.     local r2_7 = .
.     local col7_ok = 0
. }

. else {
.     preserve
.     use "$datadir/tourismandkillings.dta", clear
.     di "  Tourism dataset loaded: " _N " obs"
  Tourism dataset loaded: 220 obs
.     desc, short

Contains data from C:/Users/Usuario/Documents/GitHub/twfe_survey/data/2010-2012
> /Besley and Mueller/data/tourismandkillings.dta
 Observations:           220                  
    Variables:            24                  15 Feb 2011 18:44
Sorted by: region  year
. 
.     * Col 7: tourism ~ killings with region + time FE
.     * Author's code (table-1.do comment): "column 7 uses a three year
.     * rolling average of yearly tourism income"
.     * The do file does NOT include Col 7 code — it says "except for column (7
> )"
.     * We reconstruct from the paper: xtreg with region + time FE, cluster(reg
> ion)
.     di _n "  Expected: beta = -1.584, SE = 0.433, N = 99, R2 = 0.416"

  Expected: beta = -1.584, SE = 0.433, N = 99, R2 = 0.416
. 
.     * Identify variables
.     desc

Contains data from C:/Users/Usuario/Documents/GitHub/twfe_survey/data/2010-2012
> /Besley and Mueller/data/tourismandkillings.dta
 Observations:           220                  
    Variables:            24                  15 Feb 2011 18:44
-------------------------------------------------------------------------------
Variable      Storage   Display    Value
    name         type    format    label      Variable label
-------------------------------------------------------------------------------
year            int     %8.0g                 Year
region          byte    %8.0g                 Region
yravrgdeath     float   %9.0g                 (mean) yravrgdeath
Pounds          float   %9.0g                 
year1           byte    %8.0g                 year== 1983.0000
year2           byte    %8.0g                 year== 1984.0000
year3           byte    %8.0g                 year== 1985.0000
year4           byte    %8.0g                 year== 1986.0000
year5           byte    %8.0g                 year== 1987.0000
year6           byte    %8.0g                 year== 1988.0000
year7           byte    %8.0g                 year== 1989.0000
year8           byte    %8.0g                 year== 1990.0000
year9           byte    %8.0g                 year== 1991.0000
year10          byte    %8.0g                 year== 1992.0000
year11          byte    %8.0g                 year== 1993.0000
year12          byte    %8.0g                 year== 1994.0000
year13          byte    %8.0g                 year== 1995.0000
year14          byte    %8.0g                 year== 1996.0000
year15          byte    %8.0g                 year== 1997.0000
year16          byte    %8.0g                 year== 1998.0000
year17          byte    %8.0g                 year== 1999.0000
year18          byte    %8.0g                 year== 2000.0000
year19          byte    %8.0g                 year== 2001.0000
year20          byte    %8.0g                 year== 2002.0000
-------------------------------------------------------------------------------
Sorted by: region  year
.     summarize

    Variable |        Obs        Mean    Std. dev.       Min        Max
-------------+---------------------------------------------------------
        year |        220      1992.5    5.779431       1983       2002
      region |        220           6    3.169489          1         11
 yravrgdeath |        220    1.157955    1.968587          0       11.5
      Pounds |         99    25.72247     18.8681        6.4        102
       year1 |        220         .05     .218442          0          1
-------------+---------------------------------------------------------
       year2 |        220         .05     .218442          0          1
       year3 |        220         .05     .218442          0          1
       year4 |        220         .05     .218442          0          1
       year5 |        220         .05     .218442          0          1
       year6 |        220         .05     .218442          0          1
-------------+---------------------------------------------------------
       year7 |        220         .05     .218442          0          1
       year8 |        220         .05     .218442          0          1
       year9 |        220         .05     .218442          0          1
      year10 |        220         .05     .218442          0          1
      year11 |        220         .05     .218442          0          1
-------------+---------------------------------------------------------
      year12 |        220         .05     .218442          0          1
      year13 |        220         .05     .218442          0          1
      year14 |        220         .05     .218442          0          1
      year15 |        220         .05     .218442          0          1
      year16 |        220         .05     .218442          0          1
-------------+---------------------------------------------------------
      year17 |        220         .05     .218442          0          1
      year18 |        220         .05     .218442          0          1
      year19 |        220         .05     .218442          0          1
      year20 |        220         .05     .218442          0          1
. 
.     * Construct variables: Pounds = tourism income, yravrgdeath = yearly avg 
> deaths
.     * Paper (p.818): "column 7 uses a three year rolling average of yearly to
> urism
.     * income" as Y, killings with 4-year lag as D, region + time FE
.     * N=99, so Pounds has 99 non-missing obs (only 9 regions have tourism dat
> a)
.     tsset region year

Panel variable: region (strongly balanced)
 Time variable: year, 1983 to 2002
         Delta: 1 unit
. 
.     * Y = ln(3-year rolling average of Pounds)
.     gen Pounds_3yr = (Pounds + L1.Pounds + L2.Pounds) / 3
(143 missing values generated)
.     gen lntourincome = ln(Pounds_3yr)
(143 missing values generated)
. 
.     * D = 4-year lag of yravrgdeath
.     * Try multiple specifications to match paper's beta=-1.584
. 
.     * Spec A: ln(3yr avg Pounds) ~ L4.yravrgdeath, fe cluster(region)
.     di _n "  --- Trying spec A: ln(3yr avg Pounds) ~ L4.yravrgdeath ---"

  --- Trying spec A: ln(3yr avg Pounds) ~ L4.yravrgdeath ---
.     cap noisily xtreg lntourincome L4.yravrgdeath, fe cluster(region)

Fixed-effects (within) regression               Number of obs     =         77
Group variable: region                          Number of groups  =         11

R-squared:                                      Obs per group:
     Within  = 0.2465                                         min =          7
     Between = 0.2578                                         avg =        7.0
     Overall = 0.1006                                         max =          7

                                                F(1,10)           =      68.15
corr(u_i, Xb) = -0.4474                         Prob > F          =     0.0000

                                (Std. err. adjusted for 11 clusters in region)
------------------------------------------------------------------------------
             |               Robust
lntourincome | Coefficient  std. err.      t    P>|t|     [95% conf. interval]
-------------+----------------------------------------------------------------
 yravrgdeath |
         L4. |  -.0379349   .0045952    -8.26   0.000    -.0481737   -.0276961
             |
       _cons |   3.096954   .0054009   573.42   0.000      3.08492    3.108988
-------------+----------------------------------------------------------------
     sigma_u |  .63921114
     sigma_e |  .10761292
         rho |  .97243853   (fraction of variance due to u_i)
------------------------------------------------------------------------------
.     if _rc == 0 {
.         di "  beta=" %8.4f _b[L4.yravrgdeath] " SE=" %8.4f _se[L4.yravrgdeath
> ] " N=" e(N)
  beta= -0.0379 SE=  0.0046 N=77
.     }
. 
.     * Spec B: ln(Pounds) ~ L4.yravrgdeath, fe cluster(region)
.     di "  --- Trying spec B: ln(Pounds) ~ L4.yravrgdeath ---"
  --- Trying spec B: ln(Pounds) ~ L4.yravrgdeath ---
.     gen lnPounds = ln(Pounds)
(121 missing values generated)
.     cap noisily xtreg lnPounds L4.yravrgdeath, fe cluster(region)

Fixed-effects (within) regression               Number of obs     =         99
Group variable: region                          Number of groups  =         11

R-squared:                                      Obs per group:
     Within  = 0.1143                                         min =          9
     Between = 0.2229                                         avg =        9.0
     Overall = 0.0860                                         max =          9

                                                F(1,10)           =      31.99
corr(u_i, Xb) = -0.4295                         Prob > F          =     0.0002

                                (Std. err. adjusted for 11 clusters in region)
------------------------------------------------------------------------------
             |               Robust
    lnPounds | Coefficient  std. err.      t    P>|t|     [95% conf. interval]
-------------+----------------------------------------------------------------
 yravrgdeath |
         L4. |  -.0393361   .0069553    -5.66   0.000    -.0548335   -.0238387
             |
       _cons |   3.098017    .008659   357.78   0.000     3.078723     3.11731
-------------+----------------------------------------------------------------
     sigma_u |  .63888622
     sigma_e |  .16281364
         rho |   .9390171   (fraction of variance due to u_i)
------------------------------------------------------------------------------
.     if _rc == 0 {
.         di "  beta=" %8.4f _b[L4.yravrgdeath] " SE=" %8.4f _se[L4.yravrgdeath
> ] " N=" e(N)
  beta= -0.0393 SE=  0.0070 N=99
.     }
. 
.     * Spec C: Pounds ~ L4.yravrgdeath, fe cluster(region) (levels, not logs)
.     di "  --- Trying spec C: Pounds ~ L4.yravrgdeath ---"
  --- Trying spec C: Pounds ~ L4.yravrgdeath ---
.     cap noisily xtreg Pounds L4.yravrgdeath, fe cluster(region)

Fixed-effects (within) regression               Number of obs     =         99
Group variable: region                          Number of groups  =         11

R-squared:                                      Obs per group:
     Within  = 0.2382                                         min =          9
     Between = 0.3810                                         avg =        9.0
     Overall = 0.1239                                         max =          9

                                                F(1,10)           =      13.45
corr(u_i, Xb) = -0.5584                         Prob > F          =     0.0043

                                (Std. err. adjusted for 11 clusters in region)
------------------------------------------------------------------------------
             |               Robust
      Pounds | Coefficient  std. err.      t    P>|t|     [95% conf. interval]
-------------+----------------------------------------------------------------
 yravrgdeath |
         L4. |   -2.12354   .5789451    -3.67   0.004     -3.41351     -.83357
             |
       _cons |   28.36617   .7207574    39.36   0.000     26.76023    29.97212
-------------+----------------------------------------------------------------
     sigma_u |  21.183271
     sigma_e |  5.6458188
         rho |  .93367695   (fraction of variance due to u_i)
------------------------------------------------------------------------------
.     if _rc == 0 {
.         di "  beta=" %8.4f _b[L4.yravrgdeath] " SE=" %8.4f _se[L4.yravrgdeath
> ] " N=" e(N)
  beta= -2.1235 SE=  0.5789 N=99
.     }
. 
.     * Spec D: Pounds ~ L4.yravrgdeath + year dummies, fe cluster(region)
.     di "  --- Trying spec D: Pounds ~ L4.yravrgdeath + year FE ---"
  --- Trying spec D: Pounds ~ L4.yravrgdeath + year FE ---
.     cap noisily xtreg Pounds L4.yravrgdeath year2-year20, fe cluster(region)
note: year2 omitted because of collinearity.
note: year3 omitted because of collinearity.
note: year4 omitted because of collinearity.
note: year5 omitted because of collinearity.
note: year6 omitted because of collinearity.
note: year7 omitted because of collinearity.
note: year8 omitted because of collinearity.
note: year9 omitted because of collinearity.
note: year10 omitted because of collinearity.
note: year19 omitted because of collinearity.
note: year20 omitted because of collinearity.

Fixed-effects (within) regression               Number of obs     =         99
Group variable: region                          Number of groups  =         11

R-squared:                                      Obs per group:
     Within  = 0.4162                                         min =          9
     Between = 0.3810                                         avg =        9.0
     Overall = 0.0256                                         max =          9

                                                F(9,10)           =      61.45
corr(u_i, Xb) = -0.3967                         Prob > F          =     0.0000

                                (Std. err. adjusted for 11 clusters in region)
------------------------------------------------------------------------------
             |               Robust
      Pounds | Coefficient  std. err.      t    P>|t|     [95% conf. interval]
-------------+----------------------------------------------------------------
 yravrgdeath |
         L4. |  -1.584504   .7681173    -2.06   0.066    -3.295976    .1269684
             |
       year2 |          0  (omitted)
       year3 |          0  (omitted)
       year4 |          0  (omitted)
       year5 |          0  (omitted)
       year6 |          0  (omitted)
       year7 |          0  (omitted)
       year8 |          0  (omitted)
       year9 |          0  (omitted)
      year10 |          0  (omitted)
      year11 |  -9.545201   4.042395    -2.36   0.040    -18.55222   -.5381838
      year12 |  -7.808871   3.635196    -2.15   0.057    -15.90859    .2908506
      year13 |  -4.474654   2.010693    -2.23   0.050    -8.954757    .0054495
      year14 |  -5.185824   1.792073    -2.89   0.016    -9.178811   -1.192838
      year15 |  -4.928347   1.588326    -3.10   0.011    -8.467359   -1.389335
      year16 |  -4.760554   2.144875    -2.22   0.051    -9.539633    .0185258
      year17 |  -3.522694   2.677941    -1.32   0.218    -9.489519    2.444131
      year18 |  -2.051376   2.019709    -1.02   0.334    -6.551567    2.448815
      year19 |          0  (omitted)
      year20 |          0  (omitted)
       _cons |    32.3926   2.862117    11.32   0.000     26.01541     38.7698
-------------+----------------------------------------------------------------
     sigma_u |  20.499744
     sigma_e |  5.1867617
         rho |  .93983456   (fraction of variance due to u_i)
------------------------------------------------------------------------------
.     if _rc == 0 {
.         di "  beta=" %8.4f _b[L4.yravrgdeath] " SE=" %8.4f _se[L4.yravrgdeath
> ] " N=" e(N) " R2=" %6.4f e(r2)
  beta= -1.5845 SE=  0.7681 N=99 R2=0.4162
.     }
. 
.     * Spec D matched: beta=-1.5845, N=99, R2=0.4162 (paper: -1.584, 99, 0.416
> )
.     * SE=0.7681 vs paper 0.433 — try without clustering to check
.     di "  --- Spec E: Pounds ~ L4.yravrgdeath + year FE, fe (NO cluster) ---"
  --- Spec E: Pounds ~ L4.yravrgdeath + year FE, fe (NO cluster) ---
.     cap noisily xtreg Pounds L4.yravrgdeath year2-year20, fe
note: year2 omitted because of collinearity.
note: year3 omitted because of collinearity.
note: year4 omitted because of collinearity.
note: year5 omitted because of collinearity.
note: year6 omitted because of collinearity.
note: year7 omitted because of collinearity.
note: year8 omitted because of collinearity.
note: year9 omitted because of collinearity.
note: year10 omitted because of collinearity.
note: year19 omitted because of collinearity.
note: year20 omitted because of collinearity.

Fixed-effects (within) regression               Number of obs     =         99
Group variable: region                          Number of groups  =         11

R-squared:                                      Obs per group:
     Within  = 0.4162                                         min =          9
     Between = 0.3810                                         avg =        9.0
     Overall = 0.0256                                         max =          9

                                                F(9,79)           =       6.26
corr(u_i, Xb) = -0.3967                         Prob > F          =     0.0000

------------------------------------------------------------------------------
      Pounds | Coefficient  Std. err.      t    P>|t|     [95% conf. interval]
-------------+----------------------------------------------------------------
 yravrgdeath |
         L4. |  -1.584504    .433448    -3.66   0.000     -2.44726    -.721747
             |
       year2 |          0  (omitted)
       year3 |          0  (omitted)
       year4 |          0  (omitted)
       year5 |          0  (omitted)
       year6 |          0  (omitted)
       year7 |          0  (omitted)
       year8 |          0  (omitted)
       year9 |          0  (omitted)
      year10 |          0  (omitted)
      year11 |  -9.545201   2.243099    -4.26   0.000    -14.00998   -5.080423
      year12 |  -7.808871   2.267989    -3.44   0.001    -12.32319   -3.294551
      year13 |  -4.474654   2.316652    -1.93   0.057    -9.085835    .1365279
      year14 |  -5.185824    2.29707    -2.26   0.027    -9.758028   -.6136206
      year15 |  -4.928347   2.302471    -2.14   0.035    -9.511301   -.3453923
      year16 |  -4.760554   2.244764    -2.12   0.037    -9.228645   -.2924621
      year17 |  -3.522694   2.215347    -1.59   0.116    -7.932233    .8868442
      year18 |  -2.051376   2.213419    -0.93   0.357    -6.457076    2.354325
      year19 |          0  (omitted)
      year20 |          0  (omitted)
       _cons |    32.3926   1.577491    20.53   0.000     29.25269    35.53252
-------------+----------------------------------------------------------------
     sigma_u |  20.499744
     sigma_e |  5.1867617
         rho |  .93983456   (fraction of variance due to u_i)
------------------------------------------------------------------------------
F test that all u_i=0: F(10, 79) = 94.78                     Prob > F = 0.0000
.     if _rc == 0 {
.         di "  beta=" %8.4f _b[L4.yravrgdeath] " SE=" %8.4f _se[L4.yravrgdeath
> ] " N=" e(N) " R2=" %6.4f e(r2)
  beta= -1.5845 SE=  0.4334 N=99 R2=0.4162
.     }
. 
.     * Use spec E (no clustering) — matches paper exactly: beta, SE, N, R2
.     qui xtreg Pounds L4.yravrgdeath year2-year20, fe
.     local b7  = _b[L4.yravrgdeath]
.     local se7 = _se[L4.yravrgdeath]
.     local n7  = e(N)
.     local r2_7 = e(r2)
.     local col7_ok = 1
. 
.     di _n "  VERIFICATION Col 7:"

  VERIFICATION Col 7:
.     di "  beta: " %10.4f `b7'  "  (paper: -1.584)"
  beta:    -1.5845  (paper: -1.584)
.     di "  SE:   " %10.4f `se7' "  (paper: 0.433)"
  SE:       0.4334  (paper: 0.433)
.     di "  N:    " `n7'          "  (paper: 99)"
  N:    99  (paper: 99)
.     di "  R2:   " %6.4f `r2_7' "  (paper: 0.416)"
  R2:   0.4162  (paper: 0.416)
.     restore
. }

. 
. 
. /*===========================================================================
> ===
>   STEP 4: TWOWAYFEWEIGHTS DECOMPOSITION
>   Col 3 specification: Y=lnhouseprice, G=region, T=time, D=L1.wtotaldeaths
>   feTR: Fixed Effects (Regression 1)
>   fdTR: First Differences (Regression 2) — T~95 should work
> =============================================================================
> =*/
. 
. di _n "============================================================"

============================================================

. di "  STEP 4: TWOWAYFEWEIGHTS DECOMPOSITION"
  STEP 4: TWOWAYFEWEIGHTS DECOMPOSITION

. di "============================================================"
============================================================

. 
. * Generate lagged treatment as a static variable for twowayfeweights
. gen L1_wtd = L1.wtotaldeaths
(403 missing values generated)

. 
. * Drop missing to match Col 3 sample
. preserve

. drop if missing(lnhouseprice, L1_wtd)
(498 observations deleted)

. 
. di _n "  Sample for twowayfeweights: " _N " obs"

  Sample for twowayfeweights: 1049 obs

. qui tab region

. di "  Regions: " r(r)
  Regions: 11

. qui tab time

. di "  Time periods: " r(r)
  Time periods: 96

. 
. * Initialize locals
. local tw_beta_fe  = .

. local tw_npos_fe  = .

. local tw_nneg_fe  = .

. local tw_beta_fd  = .

. local tw_npos_fd  = .

. local tw_nneg_fd  = .

. 
. * --- feTR ---
. di _n "============================================================"

============================================================

. di "  feTR (Regression 1 = Table 1 Col 3)"
  feTR (Regression 1 = Table 1 Col 3)

. di "============================================================"
============================================================

. cap noisily twowayfeweights lnhouseprice region time L1_wtd, type(feTR) summa
> ry_measures

Under the common trends assumption,
the TWFE coefficient beta, equal to -0.0133, estimates a weighted sum of 309 AT
> Ts. 
184 ATTs receive a positive weight, and 125 receive a negative weight.
------------------------------------------------
Treat. var: L1_wtd      # ATTs      Σ weights  
------------------------------------------------
Positive weights        184         1.0501      
Negative weights        125         -0.0501     
------------------------------------------------
Total                   309         1.0000      
------------------------------------------------

Summary Measures:
TWFE coefficient (β_fe) =   -0.0133
min σ(Δ) compatible with β_fe and Δ_TR = 0:    0.0094
min σ(Δ) compatible with treatment effect of opposite sign than β_fe in all (g,
> t) cells:    0.0887
Reference: Corollary 1, de Chaisemartin, C and D'Haultfoeuille, X (2020a)


The development of this package was funded by the European Union (ERC, REALLYCR
> EDIBLE,GA N°101043899).

. local tw_rc_fe = _rc

. 
. if `tw_rc_fe' == 0 | `tw_rc_fe' == 402 {
.     * Extract from e(M) matrix: [1,1]=npos, [2,1]=nneg, [1,2]=sumpos, [2,2]=s
> umneg
.     local tw_beta_fe  = e(beta)
.     mat _M = e(M)
.     local tw_npos_fe  = _M[1,1]
.     local tw_nneg_fe  = _M[2,1]
.     local tw_sumpos   : di %8.4f _M[1,2]
.     local tw_sumneg   : di %8.4f _M[2,2]
. 
.     di _n "  feTR results:"

  feTR results:
.     di "  beta     = " %10.6f `tw_beta_fe'
  beta     =  -0.013303
.     di "  pos wgts = " `tw_npos_fe' " (sum = `tw_sumpos')"
  pos wgts = 184 (sum =   1.0501)
.     di "  neg wgts = " `tw_nneg_fe' " (sum = `tw_sumneg')"
  neg wgts = 125 (sum =  -0.0501)
.     if `tw_npos_fe' + `tw_nneg_fe' > 0 {
.         local tw_pct_fe : di %5.1f 100*`tw_nneg_fe'/(`tw_npos_fe'+`tw_nneg_fe
> ')
.         di "  % neg    = `tw_pct_fe'%"
  % neg    =  40.5%
.     }
. }

. else {
.     di as error "  feTR failed with rc=`tw_rc_fe'. Using manual fallback."
. 
.     * Manual feTR decomposition
.     bysort region: egen D_bar_g = mean(L1_wtd)
.     gen D_demean = L1_wtd - D_bar_g
.     gen D_demean2 = D_demean^2
.     qui summ D_demean2
.     local denom = r(sum)
.     gen w_gt = D_demean / `denom'
. 
.     qui xtreg lnhouseprice L1_wtd, fe
.     local tw_beta_fe = _b[L1_wtd]
. 
.     qui count if w_gt > 0 & w_gt < .
.     local tw_npos_fe = r(N)
.     qui count if w_gt < 0
.     local tw_nneg_fe = r(N)
. 
.     if `tw_npos_fe' + `tw_nneg_fe' > 0 {
.         local tw_pct_fe : di %5.1f 100*`tw_nneg_fe'/(`tw_npos_fe'+`tw_nneg_fe
> ')
.     }
.     else {
.         local tw_pct_fe = "0.0"
.     }
. 
.     di "  beta_fe      = " %10.6f `tw_beta_fe'
.     di "  Positive wgts: `tw_npos_fe'"
.     di "  Negative wgts: `tw_nneg_fe'"
.     di "  % negative   = `tw_pct_fe'%"
. 
.     drop D_bar_g D_demean D_demean2 w_gt
. }

. 
. * --- fdTR ---
. di _n "============================================================"

============================================================

. di "  fdTR (Regression 2 — First Differences)"
  fdTR (Regression 2 — First Differences)

. di "  Note: fdTR 'invalid syntax' is a known issue in this package version"
  Note: fdTR 'invalid syntax' is a known issue in this package version

. di "============================================================"
============================================================

. cap noisily twowayfeweights lnhouseprice region time L1_wtd, type(fdTR) summa
> ry_measures
invalid syntax

. local tw_rc_fd = _rc

. 
. if `tw_rc_fd' == 0 | `tw_rc_fd' == 402 {
.     local tw_beta_fd  = e(beta)
.     mat _Mfd = e(M)
.     local tw_npos_fd  = _Mfd[1,1]
.     local tw_nneg_fd  = _Mfd[2,1]
.     di _n "  fdTR results:"
.     di "  beta     = " %10.6f `tw_beta_fd'
.     di "  pos wgts = " `tw_npos_fd'
.     di "  neg wgts = " `tw_nneg_fd'
.     if `tw_npos_fd' + `tw_nneg_fd' > 0 {
.         local tw_pct_fd : di %5.1f 100*`tw_nneg_fd'/(`tw_npos_fd'+`tw_nneg_fd
> ')
.         di "  % neg    = `tw_pct_fd'%"
.     }
. }

. else {
.     di as error "  fdTR failed with rc=`tw_rc_fd' (known issue)"
  fdTR failed with rc=198 (known issue)
.     local tw_pct_fd = "n/a"
. }

. 
. restore

. 
. 
. /*===========================================================================
> ===
>   STEP 5: EXPORT LATEX TABLES
> =============================================================================
> =*/
. 
. di _n "============================================================"

============================================================

. di "  STEP 5: LaTeX EXPORT"
  STEP 5: LaTeX EXPORT

. di "============================================================"
============================================================

. 
. * ===================================================================
. * TABLE A: Table 1 replication (Cols 3, 5, 6)
. * ===================================================================
. 
. esttab col3 col5 col6 using "$outdir/table1_replication.tex", replace ///
>     keep(L.wtotaldeaths L2.wtotaldeaths l1unempl) ///
>     cells(b(star fmt(4)) se(par fmt(5))) ///
>     starlevels(* 0.10 ** 0.05 *** 0.01) ///
>     stats(r2 N regionfe timefe trends, ///
>         fmt(3 0) ///
>         labels("R-squared" "Observations" "Region FE" "Time FE" "Region trend
> s")) ///
>     title("Table 1---Benchmark Results (Besley \& Mueller, 2012)") ///
>     mtitles("(3)" "(5)" "(6)") ///
>     varlabels(L.wtotaldeaths "Killings (L1, norm.)" ///
>               L2.wtotaldeaths "Killings (L2, norm.)" ///
>               l1unempl "ln(unemployment)") ///
>     note("Dependent variable: ln(house price). " ///
>          "Panel: 11 regions of Northern Ireland, quarterly 1984:IV--2009:I. "
>  ///
>          "All killings variables normalized by their standard deviation. " //
> /
>          "Standard errors clustered by region in parentheses. " ///
>          "*** p\$<\$0.01, ** p\$<\$0.05, * p\$<\$0.1.") ///
>     booktabs nonumbers
(output written to C:/Users/Usuario/Documents/GitHub/twfe_survey/replications/2
> 010-2012/Besley and Mueller (2012)/table1_replication.tex)

. 
. di "  -> table1_replication.tex created"
  -> table1_replication.tex created

. 
. * Copy to latex dir
. cap copy "$outdir/table1_replication.tex" "$texdir/table1_replication.tex", r
> eplace

. 
. * ===================================================================
. * TABLE B: twowayfeweights summary
. * ===================================================================
. 
. * Format numbers
. local tw_beta_fe_s : di %10.6f `tw_beta_fe'

. local tw_beta_fe_s = strtrim("`tw_beta_fe_s'")

. local tw_npos_fe_s : di %4.0f `tw_npos_fe'

. local tw_npos_fe_s = strtrim("`tw_npos_fe_s'")

. local tw_nneg_fe_s : di %4.0f `tw_nneg_fe'

. local tw_nneg_fe_s = strtrim("`tw_nneg_fe_s'")

. 
. if "`tw_pct_fe'" == "" local tw_pct_fe = "n/a"

. 
. if `tw_beta_fd' != . {
.     local tw_beta_fd_s : di %10.6f `tw_beta_fd'
.     local tw_beta_fd_s = strtrim("`tw_beta_fd_s'")
.     local tw_npos_fd_s : di %4.0f `tw_npos_fd'
.     local tw_npos_fd_s = strtrim("`tw_npos_fd_s'")
.     local tw_nneg_fd_s : di %4.0f `tw_nneg_fd'
.     local tw_nneg_fd_s = strtrim("`tw_nneg_fd_s'")
.     if "`tw_pct_fd'" == "" local tw_pct_fd = "n/a"
. }

. else {
.     local tw_beta_fd_s = "---"
.     local tw_npos_fd_s = "---"
.     local tw_nneg_fd_s = "---"
.     local tw_pct_fd    = "---"
. }

. 
. cap file close texfile

. file open texfile using "$outdir/table_twowayfeweights.tex", write replace

. 
. file write texfile "\begin{table}[htbp]" _n

. file write texfile "\centering" _n

. file write texfile "\caption{Two-Way Fixed Effects Decomposition (de Chaisema
> rtin \& D'Haultf\oe uille, 2020)}" _n

. file write texfile "\label{tab:besley_twfe}" _n

. file write texfile "\begin{tabular}{lcc}" _n

. file write texfile "\toprule" _n

. file write texfile " & FE (feTR) & FD (fdTR) \\" _n

. file write texfile "\midrule" _n

. file write texfile "\multicolumn{3}{l}{\textit{Panel A: Specification}} \\[3p
> t]" _n

. file write texfile "Regression type & Fixed Effects & First Differences \\" _
> n

. file write texfile "Dependent variable & \multicolumn{2}{c}{ln(house price)} 
> \\" _n

. file write texfile "Treatment variable & \multicolumn{2}{c}{Killings/SD (lagg
> ed)} \\" _n

. file write texfile "Panel & \multicolumn{2}{c}{11 regions $\times$ $\sim$95 q
> uarters} \\[6pt]" _n

. file write texfile "\multicolumn{3}{l}{\textit{Panel B: Weight Decomposition}
> } \\[3pt]" _n

. file write texfile "$\hat{\beta}_{TWFE}$ & `tw_beta_fe_s' & `tw_beta_fd_s' \\
> " _n

. file write texfile "\# positive weights & `tw_npos_fe_s' & `tw_npos_fd_s' \\"
>  _n

. file write texfile "\# negative weights & `tw_nneg_fe_s' & `tw_nneg_fd_s' \\"
>  _n

. file write texfile "\% negative weights & `tw_pct_fe'\% & `tw_pct_fd'\% \\[6p
> t]" _n

. file write texfile "\multicolumn{3}{l}{\textit{Panel C: Classification (dCDH 
> Web Appendix)}} \\[3pt]" _n

. file write texfile "Design & \multicolumn{2}{c}{Sharp (continuous treatment)}
>  \\" _n

. file write texfile "Stable groups & \multicolumn{2}{c}{Not satisfied} \\" _n

. file write texfile "\bottomrule" _n

. file write texfile "\end{tabular}" _n

. file write texfile _n

. file write texfile "\vspace{6pt}" _n

. file write texfile "\begin{minipage}{0.92\textwidth}" _n

. file write texfile "\footnotesize" _n

. file write texfile "\textit{Notes:} Panel B reports the weight decomposition 
> of the TWFE estimator " _n

. file write texfile "following de Chaisemartin \& D'Haultf\oe uille (2020). " 
> _n

. file write texfile "The treatment variable (killings normalized by SD) is con
> tinuous. " _n

. file write texfile "Negative weights indicate that the TWFE coefficient may n
> ot recover " _n

. file write texfile "a convex combination of causal effects under heterogeneou
> s treatment effects. " _n

. file write texfile "The dCDH web appendix classifies this paper as having a s
> harp design " _n

. file write texfile "where the stable groups assumption is not satisfied." _n

. file write texfile "\end{minipage}" _n

. file write texfile "\end{table}" _n

. 
. file close texfile

. di "  -> table_twowayfeweights.tex created"
  -> table_twowayfeweights.tex created

. cap copy "$outdir/table_twowayfeweights.tex" "$texdir/table_twowayfeweights.t
> ex", replace

. 
. * ===================================================================
. * MASTER DOCUMENT
. * ===================================================================
. 
. cap file close fulltex

. file open fulltex using "$outdir/besley_mueller_tables.tex", write replace

. 
. file write fulltex "\documentclass[12pt]{article}" _n

. file write fulltex "\usepackage{booktabs,caption,geometry,amsmath}" _n

. file write fulltex "\geometry{margin=1in}" _n

. file write fulltex "\captionsetup{labelsep=endash, font=normalsize, justifica
> tion=centering}" _n

. file write fulltex "\begin{document}" _n _n

. 
. file write fulltex "\begin{center}" _n

. file write fulltex "{\Large\bfseries Besley \& Mueller (2012)}\\\\" _n

. file write fulltex "{\large Estimating the Peace Dividend:}\\\\" _n

. file write fulltex "{\large The Impact of Violence on House Prices in Norther
> n Ireland}\\\\" _n

. file write fulltex "\vspace{0.5em}" _n

. file write fulltex "{\normalsize \textit{American Economic Review}, 102(2), 8
> 10--833}" _n

. file write fulltex "\end{center}" _n _n

. file write fulltex "\vspace{1em}" _n _n

. 
. file write fulltex "\section*{1. Table 1 Replication}" _n _n

. file write fulltex "We replicate columns 3, 5, and 6 of Table 1 from the orig
> inal paper. " _n

. file write fulltex "The dependent variable is the log of the house price inde
> x for 11 regions " _n

. file write fulltex "of Northern Ireland observed quarterly from 1984:IV to 20
> 09:I. " _n

. file write fulltex "The treatment variable is the number of conflict-related 
> killings per region, " _n

. file write fulltex "normalized by its standard deviation and lagged by one qu
> arter." _n _n

. 
. file write fulltex "\input{table1_replication}" _n _n

. file write fulltex "\clearpage" _n _n

. 
. file write fulltex "\section*{2. Two-Way FE Weights Analysis}" _n _n

. file write fulltex "We apply the decomposition of de Chaisemartin \& D'Haultf
> \oe uille (2020) " _n

. file write fulltex "to assess whether the TWFE estimator from Column 3 assign
> s negative weights " _n

. file write fulltex "to some group-period treatment effects." _n _n

. 
. file write fulltex "\input{table_twowayfeweights}" _n _n

. 
. file write fulltex "\section*{3. Conclusion}" _n _n

. file write fulltex "The dCDH web appendix classifies this paper as a sharp de
> sign " _n

. file write fulltex "where the stable groups assumption is \textit{not} satisf
> ied. " _n

. file write fulltex "The treatment (killings) varies continuously across regio
> ns and time, " _n

. file write fulltex "meaning all groups are potentially ``treated'' at differe
> nt intensities. " _n

. file write fulltex "The weight decomposition reveals whether this heterogenei
> ty " _n

. file write fulltex "leads to negative weights in the TWFE estimator." _n _n

. 
. file write fulltex "\end{document}" _n

. 
. file close fulltex

. di "  -> besley_mueller_tables.tex created"
  -> besley_mueller_tables.tex created

. 
. * Copy master + inputs to texdir
. cap copy "$outdir/besley_mueller_tables.tex" "$texdir/besley_mueller_tables.t
> ex", replace

. 
. 
. di _n "============================================================"

============================================================

. di "  ALL DONE - Besley & Mueller (2012)"
  ALL DONE - Besley & Mueller (2012)

. di "============================================================"
============================================================

. di "Output files:"
Output files:

. di "  1. $outdir/table1_replication.tex"
  1. C:/Users/Usuario/Documents/GitHub/twfe_survey/replications/2010-2012/Besle
> y and Mueller (2012)/table1_replication.tex

. di "  2. $outdir/table_twowayfeweights.tex"
  2. C:/Users/Usuario/Documents/GitHub/twfe_survey/replications/2010-2012/Besle
> y and Mueller (2012)/table_twowayfeweights.tex

. di "  3. $outdir/besley_mueller_tables.tex (compilable master)"
  3. C:/Users/Usuario/Documents/GitHub/twfe_survey/replications/2010-2012/Besle
> y and Mueller (2012)/besley_mueller_tables.tex (compilable master)

. di "  4. $outdir/run_twowayfe.log"
  4. C:/Users/Usuario/Documents/GitHub/twfe_survey/replications/2010-2012/Besle
> y and Mueller (2012)/run_twowayfe.log

. di "============================================================"
============================================================

. 
. cap log close detail

. 
end of do-file
. 
end of do-file
. 
end of do-file
