
. ***Source: Nick Bloom, November 2010, nbloom@stanford.edu
. *This file investigates the sampling bias in the CEP management survey.
. *It tests if multinationals responded differently to the telephone management survey request than oth
> er firms. 
. *Sample is all eligible (i.e. alive manufacturing) firms with 100 to 5000 employees that were approac
> hed for an interview in the European countries analyzed in the Bloom, Sadun and Van Reenen (2010) pap
> er
. *The variables "allinterview" is equal to unity if the firm was interviewed, and zero otherwise. Thos
> e interviewed firms with suitable accounting data were used in Column (1) of Table 6.
. *Note the variables aa1, aa2 etc are analyst interview dummies
. 
. u sampling_final_TableA5,replace

. lab var allinterview "Firm completed management interview"

. lab var labp "Labor productivity = log(sales/employee)"

. lab var lemp "Log(employment)"

. lab var du_usa_mu "US multinational"

. lab var du_oth_mu "Non-US multinational"

. 
. set more off

. 
. *Column (1)
. cap estimates drop *

. eststo: areg allinterview du_usa_mu du_oth_mu            cc* aa*,ab(sic) rob
note: cc5 omitted because of collinearity
note: aa42 omitted because of collinearity

Linear regression, absorbing indicators                Number of obs =    4809
                                                       F( 49,  4654) =   42.10
                                                       Prob > F      =  0.0000
                                                       R-squared     =  0.1289
                                                       Adj R-squared =  0.1001
                                                       Root MSE      =  .47414

------------------------------------------------------------------------------
             |               Robust
allinterview |      Coef.   Std. Err.      t    P>|t|     [95% Conf. Interval]
-------------+----------------------------------------------------------------
   du_usa_mu |   .0342098   .0255241     1.34   0.180    -.0158294    .0842491
   du_oth_mu |   .0243108   .0188761     1.29   0.198    -.0126952    .0613169
         cc1 |   .0161134   .1010069     0.16   0.873     -.181908    .2141347
         cc2 |  -.1209233   .0976798    -1.24   0.216     -.312422    .0705754
         cc3 |  -.0638959   .1060532    -0.60   0.547    -.2718104    .1440186
         cc4 |  -.2065645    .101423    -2.04   0.042    -.4054017   -.0077274
         cc5 |  (omitted)
         cc6 |  -.0772878   .1034484    -0.75   0.455    -.2800958    .1255201
         cc7 |  -.2709172   .0892386    -3.04   0.002    -.4458671   -.0959673
         aa1 |  -.6574981   .0735663    -8.94   0.000    -.8017229   -.5132732
         aa2 |   -.054089   .0866415    -0.62   0.532    -.2239474    .1157693
         aa3 |  -.7987862   .0943916    -8.46   0.000    -.9838386   -.6137339
         aa4 |  -.5601254   .0933366    -6.00   0.000    -.7431094   -.3771413
         aa5 |  -.6756129   .0736092    -9.18   0.000    -.8199218   -.5313041
         aa6 |   -.473479   .0799328    -5.92   0.000    -.6301852   -.3167727
         aa7 |  -.5501119   .1138241    -4.83   0.000    -.7732611   -.3269626
         aa8 |  -.6338767   .0859318    -7.38   0.000    -.8023438   -.4654096
         aa9 |  -.5698461   .0776516    -7.34   0.000      -.72208   -.4176121
        aa10 |  -.6379134   .0787828    -8.10   0.000     -.792365   -.4834617
        aa11 |  -.7786458    .085341    -9.12   0.000    -.9459546   -.6113369
        aa12 |  -.5758259   .0689423    -8.35   0.000    -.7109855   -.4406663
        aa13 |  -.6256043   .0751092    -8.33   0.000     -.772854   -.4783547
        aa14 |  -.4685628   .0845497    -5.54   0.000    -.6343202   -.3028053
        aa15 |  -.5969441   .0829109    -7.20   0.000    -.7594888   -.4343995
        aa16 |  -.8876669   .0843531   -10.52   0.000    -1.053039   -.7222947
        aa17 |  -.5751354   .0738806    -7.78   0.000    -.7199764   -.4302944
        aa18 |  -.6194666   .0767892    -8.07   0.000    -.7700098   -.4689234
        aa19 |  -.0708162   .0665181    -1.06   0.287    -.2012233    .0595908
        aa20 |  -.5325651   .0743581    -7.16   0.000    -.6783421   -.3867881
        aa21 |  -.6226157   .0761259    -8.18   0.000    -.7718585   -.4733729
        aa22 |  -.3823317   .0833449    -4.59   0.000    -.5457271   -.2189363
        aa23 |  -.6594413   .0680308    -9.69   0.000    -.7928138   -.5260687
        aa24 |  -.6430059   .0836619    -7.69   0.000    -.8070227    -.478989
        aa25 |  -.9358774   .0781112   -11.98   0.000    -1.089012   -.7827425
        aa26 |  -.6100421    .075369    -8.09   0.000    -.7578011   -.4622831
        aa27 |  -.6995279   .0713745    -9.80   0.000    -.8394557   -.5596001
        aa28 |   .0039185   .0623255     0.06   0.950     -.118269     .126106
        aa29 |  -.1071257   .0906089    -1.18   0.237    -.2847621    .0705107
        aa30 |  -.5767069   .0947497    -6.09   0.000    -.7624613   -.3909526
        aa31 |  -.4570737   .0684541    -6.68   0.000    -.5912761   -.3228712
        aa32 |  -.6793497   .0754313    -9.01   0.000    -.8272308   -.5314687
        aa33 |  -.1485656   .0735534    -2.02   0.043    -.2927652    -.004366
        aa34 |  -.6304369    .093594    -6.74   0.000    -.8139254   -.4469484
        aa35 |  -.5409421   .0676609    -7.99   0.000    -.6735897   -.4082946
        aa36 |   .0245459   .0688801     0.36   0.722    -.1104917    .1595835
        aa37 |  -.0943223   .0748891    -1.26   0.208    -.2411405    .0524959
        aa38 |   -.573784   .0713441    -8.04   0.000    -.7136523   -.4339156
        aa39 |  -.6340331   .1042409    -6.08   0.000    -.8383947   -.4296714
        aa40 |  -.7462538   .0733314   -10.18   0.000     -.890018   -.6024895
        aa41 |  -.6781645   .0796266    -8.52   0.000    -.8342703   -.5220587
        aa42 |  (omitted)
       _cons |   1.240185   .1053101    11.78   0.000     1.033727    1.446642
-------------+----------------------------------------------------------------
         sic |   absorbed                                     (106 categories)
(est1 stored)

. test du_usa_mu du_oth_mu

 ( 1)  du_usa_mu = 0
 ( 2)  du_oth_mu = 0

       F(  2,  4654) =    1.49
            Prob > F =    0.2257

. 
. *Column (2)
. eststo: areg allinterview                      lemp      cc* aa*,ab(sic) rob
note: cc5 omitted because of collinearity
note: aa42 omitted because of collinearity

Linear regression, absorbing indicators                Number of obs =    4809
                                                       F( 48,  4655) =   42.40
                                                       Prob > F      =  0.0000
                                                       R-squared     =  0.1313
                                                       Adj R-squared =  0.1027
                                                       Root MSE      =  .47345

------------------------------------------------------------------------------
             |               Robust
allinterview |      Coef.   Std. Err.      t    P>|t|     [95% Conf. Interval]
-------------+----------------------------------------------------------------
        lemp |   .0353576    .008901     3.97   0.000     .0179075    .0528078
         cc1 |   .0190843   .1014096     0.19   0.851    -.1797266    .2178952
         cc2 |  -.1264737   .0980241    -1.29   0.197    -.3186473    .0656998
         cc3 |  -.0587568   .1065067    -0.55   0.581    -.2675604    .1500468
         cc4 |  -.2066693   .1014392    -2.04   0.042    -.4055381   -.0078004
         cc5 |  (omitted)
         cc6 |  -.0736266   .1034551    -0.71   0.477    -.2764476    .1291944
         cc7 |  -.2723997    .089636    -3.04   0.002    -.4481288   -.0966706
         aa1 |   -.669907   .0722315    -9.27   0.000     -.811515    -.528299
         aa2 |  -.0584384    .083245    -0.70   0.483     -.221638    .1047613
         aa3 |  -.8124775   .0935335    -8.69   0.000    -.9958475   -.6291075
         aa4 |  -.5709801   .0925955    -6.17   0.000    -.7525112   -.3894491
         aa5 |  -.6849383   .0726771    -9.42   0.000    -.8274199   -.5424567
         aa6 |  -.4896096     .07851    -6.24   0.000    -.6435263   -.3356929
         aa7 |  -.5654023   .1136456    -4.98   0.000    -.7882014   -.3426031
         aa8 |  -.6439046   .0850581    -7.57   0.000    -.8106587   -.4771504
         aa9 |  -.5806944    .076637    -7.58   0.000    -.7309392   -.4304496
        aa10 |  -.6477647   .0781383    -8.29   0.000    -.8009527   -.4945767
        aa11 |  -.7833717    .084805    -9.24   0.000    -.9496296   -.6171138
        aa12 |  -.5866135   .0674337    -8.70   0.000    -.7188155   -.4544116
        aa13 |  -.6388801   .0743246    -8.60   0.000    -.7845916   -.4931686
        aa14 |  -.4868914   .0847522    -5.74   0.000    -.6530459   -.3207368
        aa15 |   -.606565   .0818225    -7.41   0.000    -.7669759   -.4461541
        aa16 |  -.8876413   .0841199   -10.55   0.000    -1.052556   -.7227265
        aa17 |  -.5869334   .0733444    -8.00   0.000    -.7307232   -.4431437
        aa18 |  -.6272287    .076604    -8.19   0.000    -.7774089   -.4770485
        aa19 |  -.1101745   .0642894    -1.71   0.087    -.2362121    .0158631
        aa20 |  -.5499874   .0727931    -7.56   0.000    -.6926964   -.4072785
        aa21 |   -.633308   .0749675    -8.45   0.000    -.7802798   -.4863363
        aa22 |  -.4005931   .0825223    -4.85   0.000    -.5623758   -.2388104
        aa23 |  -.6702791   .0673774    -9.95   0.000    -.8023707   -.5381874
        aa24 |  -.6496592   .0824537    -7.88   0.000    -.8113076   -.4880109
        aa25 |   -.950996   .0777821   -12.23   0.000    -1.103486   -.7985061
        aa26 |   -.639143   .0750977    -8.51   0.000    -.7863701   -.4919159
        aa27 |  -.7108746   .0706451   -10.06   0.000    -.8493724   -.5723768
        aa28 |  -.0075932   .0605993    -0.13   0.900    -.1263967    .1112102
        aa29 |  -.1406242   .0932338    -1.51   0.132    -.3234066    .0421583
        aa30 |  -.5874817   .0945768    -6.21   0.000    -.7728971   -.4020663
        aa31 |  -.4709625   .0673034    -7.00   0.000     -.602909    -.339016
        aa32 |  -.6928958   .0740821    -9.35   0.000    -.8381318   -.5476599
        aa33 |   -.163619   .0731162    -2.24   0.025    -.3069614   -.0202766
        aa34 |  -.6422468   .0923304    -6.96   0.000    -.8232582   -.4612355
        aa35 |   -.554246   .0663551    -8.35   0.000    -.6843335   -.4241585
        aa36 |   .0043029   .0664221     0.06   0.948    -.1259159    .1345217
        aa37 |   -.117032   .0742913    -1.58   0.115    -.2626781    .0286141
        aa38 |  -.5878247   .0702639    -8.37   0.000    -.7255752   -.4500741
        aa39 |  -.6409984   .1051183    -6.10   0.000    -.8470802   -.4349167
        aa40 |  -.7550595   .0724909   -10.42   0.000    -.8971761   -.6129429
        aa41 |  -.6910223   .0784828    -8.80   0.000    -.8448859   -.5371588
        aa42 |  (omitted)
       _cons |   1.062786   .1158431     9.17   0.000     .8356783    1.289893
-------------+----------------------------------------------------------------
         sic |   absorbed                                     (106 categories)
(est2 stored)

. 
. *Column (3)
. eststo: areg allinterview du_usa_mu du_oth_mu  lemp      cc* aa*,ab(sic) rob
note: cc5 omitted because of collinearity
note: aa42 omitted because of collinearity

Linear regression, absorbing indicators                Number of obs =    4809
                                                       F( 50,  4653) =   40.37
                                                       Prob > F      =  0.0000
                                                       R-squared     =  0.1317
                                                       Adj R-squared =  0.1027
                                                       Root MSE      =  .47345

------------------------------------------------------------------------------
             |               Robust
allinterview |      Coef.   Std. Err.      t    P>|t|     [95% Conf. Interval]
-------------+----------------------------------------------------------------
   du_usa_mu |   .0273951   .0256597     1.07   0.286      -.02291    .0777002
   du_oth_mu |   .0213979   .0189157     1.13   0.258    -.0156858    .0584816
        lemp |   .0344157   .0089281     3.85   0.000     .0169123    .0519191
         cc1 |   .0133164   .1014819     0.13   0.896    -.1856362     .212269
         cc2 |  -.1293004    .098019    -1.32   0.187    -.3214641    .0628632
         cc3 |  -.0596232    .106497    -0.56   0.576    -.2684078    .1491614
         cc4 |  -.2109073   .1015082    -2.08   0.038    -.4099115   -.0119031
         cc5 |  (omitted)
         cc6 |  -.0784414   .1035438    -0.76   0.449    -.2814364    .1245537
         cc7 |  -.2775963   .0896801    -3.10   0.002    -.4534118   -.1017809
         aa1 |  -.6587398   .0761189    -8.65   0.000    -.8079689   -.5095107
         aa2 |  -.0493502   .0890384    -0.55   0.579    -.2239075    .1252072
         aa3 |  -.7996407   .0970669    -8.24   0.000    -.9899378   -.6093435
         aa4 |  -.5605637   .0956596    -5.86   0.000     -.748102   -.3730255
         aa5 |  -.6741778   .0767277    -8.79   0.000    -.8246004   -.5237552
         aa6 |   -.476355   .0825035    -5.77   0.000     -.638101    -.314609
         aa7 |  -.5554321   .1161459    -4.78   0.000    -.7831332   -.3277311
         aa8 |   -.634647   .0886095    -7.16   0.000    -.8083636   -.4609303
         aa9 |  -.5714286   .0803622    -7.11   0.000    -.7289765   -.4138807
        aa10 |  -.6392433   .0817569    -7.82   0.000    -.7995256   -.4789609
        aa11 |  -.7740664    .088165    -8.78   0.000    -.9469116   -.6012212
        aa12 |  -.5762442   .0720099    -8.00   0.000    -.7174177   -.4350707
        aa13 |  -.6288179   .0783291    -8.03   0.000      -.78238   -.4752558
        aa14 |  -.4767222   .0879044    -5.42   0.000    -.6490564    -.304388
        aa15 |  -.5950435   .0852875    -6.98   0.000    -.7622474   -.4278397
        aa16 |  -.8753482    .087661    -9.99   0.000    -1.047205    -.703491
        aa17 |  -.5768357   .0770803    -7.48   0.000    -.7279496   -.4257218
        aa18 |  -.6197035   .0801876    -7.73   0.000    -.7769093   -.4624978
        aa19 |  -.0936015   .0695984    -1.34   0.179    -.2300473    .0428442
        aa20 |  -.5369571   .0769459    -6.98   0.000    -.6878076   -.3861066
        aa21 |  -.6226019    .078853    -7.90   0.000    -.7771912   -.4680126
        aa22 |  -.3893101   .0861547    -4.52   0.000    -.5582141   -.2204062
        aa23 |  -.6603796   .0714538    -9.24   0.000    -.8004629   -.5202964
        aa24 |  -.6400776   .0858864    -7.45   0.000    -.8084557   -.4716994
        aa25 |  -.9383202    .081686   -11.49   0.000    -1.098463   -.7781769
        aa26 |  -.6278065   .0789587    -7.95   0.000    -.7826029     -.47301
        aa27 |  -.7013789   .0748275    -9.37   0.000    -.8480761   -.5546816
        aa28 |  -.0002407   .0664905    -0.00   0.997    -.1305936    .1301122
        aa29 |  -.1316603   .0952755    -1.38   0.167    -.3184454    .0551249
        aa30 |   -.578732   .0975555    -5.93   0.000     -.769987    -.387477
        aa31 |   -.459575   .0717612    -6.40   0.000    -.6002609    -.318889
        aa32 |  -.6828453   .0780196    -8.75   0.000    -.8358007   -.5298899
        aa33 |   -.153491   .0768541    -2.00   0.046    -.3041615   -.0028206
        aa34 |  -.6349438   .0956531    -6.64   0.000    -.8224692   -.4474183
        aa35 |  -.5436316   .0709169    -7.67   0.000    -.6826623    -.404601
        aa36 |   .0152288   .0714378     0.21   0.831     -.124823    .1552807
        aa37 |  -.1016965   .0785394    -1.29   0.195    -.2556709    .0522779
        aa38 |  -.5780284   .0744114    -7.77   0.000    -.7239101   -.4321467
        aa39 |  -.6297476   .1076898    -5.85   0.000    -.8408707   -.4186245
        aa40 |  -.7439987    .076436    -9.73   0.000    -.8938495   -.5941478
        aa41 |  -.6787232   .0823884    -8.24   0.000    -.8402434   -.5172029
        aa42 |  (omitted)
       _cons |   1.055447   .1180829     8.94   0.000     .8239481    1.286945
-------------+----------------------------------------------------------------
         sic |   absorbed                                     (106 categories)
(est3 stored)

. test du_usa_mu du_oth_mu

 ( 1)  du_usa_mu = 0
 ( 2)  du_oth_mu = 0

       F(  2,  4653) =    1.04
            Prob > F =    0.3526

. 
. *Column (4)
. eststo: areg allinterview du_usa_mu du_oth_mu  lemp labp cc* aa*,ab(sic) rob
note: cc5 omitted because of collinearity
note: aa42 omitted because of collinearity

Linear regression, absorbing indicators                Number of obs =    4809
                                                       F( 51,  4652) =   39.26
                                                       Prob > F      =  0.0000
                                                       R-squared     =  0.1318
                                                       Adj R-squared =  0.1027
                                                       Root MSE      =  .47346

------------------------------------------------------------------------------
             |               Robust
allinterview |      Coef.   Std. Err.      t    P>|t|     [95% Conf. Interval]
-------------+----------------------------------------------------------------
   du_usa_mu |   .0246517   .0259263     0.95   0.342    -.0261762    .0754796
   du_oth_mu |   .0186208   .0191597     0.97   0.331    -.0189413     .056183
        lemp |   .0338051   .0089732     3.77   0.000     .0162134    .0513969
        labp |   .0105332    .012046     0.87   0.382    -.0130826    .0341491
         cc1 |   .0080215   .1016612     0.08   0.937    -.1912827    .2073256
         cc2 |  -.1345504   .0982028    -1.37   0.171    -.3270745    .0579737
         cc3 |  -.0685595   .1069143    -0.64   0.521    -.2781621    .1410432
         cc4 |  -.2028662   .1019757    -1.99   0.047    -.4027869   -.0029455
         cc5 |  (omitted)
         cc6 |  -.0853807   .1038622    -0.82   0.411    -.2889998    .1182384
         cc7 |  -.2805666   .0897542    -3.13   0.002    -.4565273   -.1046058
         aa1 |  -.6522734   .0774969    -8.42   0.000    -.8042041   -.5003427
         aa2 |  -.0498617   .0911327    -0.55   0.584    -.2285251    .1288017
         aa3 |  -.7930779   .0981884    -8.08   0.000    -.9855736   -.6005821
         aa4 |  -.5523404   .0969626    -5.70   0.000     -.742433   -.3622479
         aa5 |  -.6669385    .078183    -8.53   0.000    -.8202141   -.5136628
         aa6 |  -.4695008   .0837686    -5.60   0.000    -.6337269   -.3052747
         aa7 |  -.5482644   .1171559    -4.68   0.000    -.7779456   -.3185832
         aa8 |  -.6257044   .0899975    -6.95   0.000    -.8021421   -.4492666
         aa9 |    -.56354   .0818294    -6.89   0.000    -.7239645   -.4031155
        aa10 |  -.6306932   .0832867    -7.57   0.000    -.7939745   -.4674119
        aa11 |  -.7688523   .0893091    -8.61   0.000    -.9439406   -.5937641
        aa12 |  -.5687348    .073626    -7.72   0.000    -.7130767   -.4243928
        aa13 |  -.6219048   .0797386    -7.80   0.000    -.7782303   -.4655793
        aa14 |   -.470892   .0890528    -5.29   0.000    -.6454777   -.2963064
        aa15 |  -.5868623   .0867042    -6.77   0.000    -.7568435    -.416881
        aa16 |  -.8694263   .0890162    -9.77   0.000     -1.04394   -.6949124
        aa17 |  -.5696087    .078547    -7.25   0.000    -.7235981   -.4156193
        aa18 |  -.6119825   .0816453    -7.50   0.000    -.7720461   -.4519189
        aa19 |  -.0850965   .0714976    -1.19   0.234    -.2252657    .0550726
        aa20 |  -.5299104   .0783741    -6.76   0.000    -.6835607   -.3762601
        aa21 |  -.6163064   .0801741    -7.69   0.000    -.7734858   -.4591271
        aa22 |  -.3813057    .087421    -4.36   0.000    -.5526923   -.2099192
        aa23 |   -.653103   .0730342    -8.94   0.000    -.7962847   -.5099213
        aa24 |  -.6343306   .0871309    -7.28   0.000    -.8051484   -.4635129
        aa25 |  -.9289049   .0831988   -11.16   0.000    -1.092014   -.7657959
        aa26 |  -.6194445   .0805494    -7.69   0.000    -.7773595   -.4615295
        aa27 |  -.6938779   .0763569    -9.09   0.000    -.8435736   -.5441822
        aa28 |   .0030005   .0679933     0.04   0.965    -.1302985    .1362996
        aa29 |   -.123686   .0947711    -1.31   0.192    -.3094823    .0621103
        aa30 |  -.5725595   .0985918    -5.81   0.000    -.7658463   -.3792728
        aa31 |  -.4524069   .0733545    -6.17   0.000    -.5962165   -.3085973
        aa32 |  -.6760586   .0793846    -8.52   0.000    -.8316899   -.5204272
        aa33 |  -.1477774   .0781446    -1.89   0.059    -.3009779    .0054231
        aa34 |  -.6288036   .0967738    -6.50   0.000    -.8185261   -.4390811
        aa35 |  -.5363448   .0725174    -7.40   0.000    -.6785132   -.3941764
        aa36 |   .0202322   .0727769     0.28   0.781    -.1224451    .1629095
        aa37 |  -.0944534   .0796972    -1.19   0.236    -.2506978     .061791
        aa38 |  -.5715101   .0758347    -7.54   0.000    -.7201822   -.4228381
        aa39 |  -.6232275    .108523    -5.74   0.000     -.835984    -.410471
        aa40 |  -.7370733   .0778936    -9.46   0.000    -.8897816   -.5843649
        aa41 |  -.6711183   .0838503    -8.00   0.000    -.8355046   -.5067321
        aa42 |  (omitted)
       _cons |   1.000342   .1339748     7.47   0.000     .7376883    1.262997
-------------+----------------------------------------------------------------
         sic |   absorbed                                     (106 categories)
(est4 stored)

. test du_usa_mu du_oth_mu

 ( 1)  du_usa_mu = 0
 ( 2)  du_oth_mu = 0

       F(  2,  4652) =    0.78
            Prob > F =    0.4567

. esttab  using TableA5.csv, replace stats(N, fmt(%9.0f %9.0g)) cells(b(star fmt(4)) se(par fmt(3))) st
> arlevels( * 0.10 ** 0.05 *** 0.01) keep(du_usa_mu du_oth_mu lemp labp) nogap
(output written to TableA5.csv)

. log close
      name:  <unnamed>
       log:  J:\raffaella\tablea5.log
  log type:  text
 closed on:  16 Dec 2010, 10:51:34
-------------------------------------------------------------------------------------------------------
